---------------------------------------------------------------
[ 2018-07-14T04:55:57+08:00 ] 172.24.189.12 106.11.155.165 GET /index/index/index.html
[ info ] 39.104.67.26/index/index/index.html [运行时间：0.046875s][吞吐率：21.33req/s] [内存消耗：2,105.27kb] [文件加载：41]
[ info ] [ LANG ] C:\thinkphp\thinkphp\lang\zh-cn.php
[ info ] [ ROUTE ] array (
  'type' => 'module',
  'module' => 
  array (
    0 => 'index',
    1 => 'index',
    2 => 'index',
  ),
)
[ info ] [ HEADER ] array (
  'accept-language' => 'zh-cn,en-us,zh-tw,en-gb,en;',
  'host' => '39.104.67.26',
  'accept-encoding' => 'gzip',
  'accept' => '*/*',
  'connection' => 'Keep-Alive',
  'user-agent' => 'YisouSpider',
)
[ info ] [ PARAM ] array (
)
[ info ] [ RUN ] app\index\controller\Index->index[ C:\thinkphp\application\index\controller\Index.php ]
[ info ] [ SESSION ] INIT array (
  'id' => '',
  'var_session_id' => '',
  'prefix' => 'think',
  'type' => '',
  'auto_start' => true,
)
[ info ] [ DB ] INIT mysql
[ info ] [ VIEW ] C:\thinkphp/application/index\view\index\index.html [ array (
  0 => 'event',
) ]
[ info ] [ LOG ] INIT File
[ sql ] [ DB ] CONNECT:[ UseTime:0.000000s ] mysql:dbname=tp5;host=127.0.0.1;charset=utf8
[ sql ] [ SQL ] SHOW COLUMNS FROM `qs_event` [ RunTime:0.015625s ]
[ sql ] [ SQL ] SELECT * FROM `qs_event` ORDER BY id asc [ RunTime:0.000000s ]
---------------------------------------------------------------
[ 2018-07-14T12:37:30+08:00 ] 172.24.189.12 123.150.182.210 GET /
[ info ] 39.104.67.26:8901/ [运行时间：0.046876s][吞吐率：21.33req/s] [内存消耗：2,107.03kb] [文件加载：41]
[ info ] [ LANG ] C:\thinkphp\thinkphp\lang\zh-cn.php
[ info ] [ ROUTE ] array (
  'type' => 'module',
  'module' => 
  array (
    0 => '',
    1 => NULL,
    2 => NULL,
  ),
)
[ info ] [ HEADER ] array (
  'upgrade-insecure-requests' => '1',
  'accept' => 'text/html,application/xhtml+xml,application/xml;q=0.9,image/webp,*/*;q=0.8',
  'accept-encoding' => 'gzip, deflate',
  'accept-language' => 'zh-CN,en-US;q=0.8',
  'x-ucbrowser-ua' => 'dv(MI 6);pr(UCBrowser/12.0.5.985);ov(Android 8.0.0);ss(360*640);pi(1080*1920);bt(YZ);pm(1);bv(1);nm(0);im(0);sr(0);nt(1);',
  'user-agent' => 'Mozilla/5.0 (Linux; U; Android 8.0.0; zh-CN; MI 6 Build/OPR1.170623.027) AppleWebKit/537.36 (KHTML, like Gecko) Version/4.0 Chrome/57.0.2987.108 UCBrowser/12.0.5.985 Mobile Safari/537.36',
  'clientip' => '61.148.244.224',
  'x-forwarded-for' => '61.148.244.224',
  'host' => '39.104.67.26:8901',
  'cache-control' => 'max-age=259200',
  'connection' => 'keep-alive',
)
[ info ] [ PARAM ] array (
)
[ info ] [ RUN ] app\index\controller\Index->index[ C:\thinkphp\application\index\controller\Index.php ]
[ info ] [ SESSION ] INIT array (
  'id' => '',
  'var_session_id' => '',
  'prefix' => 'think',
  'type' => '',
  'auto_start' => true,
)
[ info ] [ DB ] INIT mysql
[ info ] [ VIEW ] C:\thinkphp/application/index\view\index\index.html [ array (
  0 => 'event',
) ]
[ info ] [ LOG ] INIT File
[ sql ] [ DB ] CONNECT:[ UseTime:0.000000s ] mysql:dbname=tp5;host=127.0.0.1;charset=utf8
[ sql ] [ SQL ] SHOW COLUMNS FROM `qs_event` [ RunTime:0.000000s ]
[ sql ] [ SQL ] SELECT * FROM `qs_event` ORDER BY id asc [ RunTime:0.000000s ]
---------------------------------------------------------------
[ 2018-07-14T14:39:25+08:00 ] 172.24.189.12 106.11.156.163 GET /download/index/index/index/index
[ info ] 39.104.67.26/download/index/index/index/index [运行时间：0.031251s][吞吐率：32.00req/s] [内存消耗：1,357.64kb] [文件加载：34]
[ info ] [ LANG ] C:\thinkphp\thinkphp\lang\zh-cn.php
[ info ] [ ROUTE ] array (
  'type' => 'module',
  'module' => 
  array (
    0 => 'download',
    1 => 'index',
    2 => 'index',
  ),
)
[ info ] [ HEADER ] array (
  'accept-language' => 'zh-cn,en-us,zh-tw,en-gb,en;',
  'host' => '39.104.67.26',
  'accept-encoding' => 'gzip',
  'accept' => '*/*',
  'connection' => 'Keep-Alive',
  'user-agent' => 'YisouSpider',
)
[ info ] [ PARAM ] array (
  'index' => 'index',
)
[ info ] [ RUN ] app\download\controller\Index->index[ C:\thinkphp\application\download\controller\Index.php ]
[ info ] [ SESSION ] INIT array (
  'id' => '',
  'var_session_id' => '',
  'prefix' => 'think',
  'type' => '',
  'auto_start' => true,
)
[ info ] [ VIEW ] C:\thinkphp/application/download\view\index\index.html [ array (
) ]
[ info ] [ LOG ] INIT File
---------------------------------------------------------------
[ 2018-07-14T17:39:27+08:00 ] 172.24.189.12 106.11.154.161 GET /newdata/index/bd.html
[ info ] 39.104.67.26/newdata/index/bd.html [运行时间：0.031250s][吞吐率：32.00req/s] [内存消耗：1,377.38kb] [文件加载：36]
[ info ] [ LANG ] C:\thinkphp\thinkphp\lang\zh-cn.php
[ info ] [ ROUTE ] array (
  'type' => 'module',
  'module' => 
  array (
    0 => 'newdata',
    1 => 'index',
    2 => 'bd',
  ),
)
[ info ] [ HEADER ] array (
  'accept-language' => 'zh-cn,en-us,zh-tw,en-gb,en;',
  'host' => '39.104.67.26',
  'accept-encoding' => 'gzip',
  'accept' => '*/*',
  'connection' => 'Keep-Alive',
  'user-agent' => 'YisouSpider',
)
[ info ] [ PARAM ] array (
)
[ info ] [ SESSION ] INIT array (
  'id' => '',
  'var_session_id' => '',
  'prefix' => 'think',
  'type' => '',
  'auto_start' => true,
)
[ info ] [ LOG ] INIT File
---------------------------------------------------------------
[ 2018-07-14T17:39:28+08:00 ] 172.24.189.12 106.11.154.161 GET /newdata/user/login.html
[ info ] 39.104.67.26/newdata/user/login.html [运行时间：0.031250s][吞吐率：32.00req/s] [内存消耗：1,331.05kb] [文件加载：34]
[ info ] [ LANG ] C:\thinkphp\thinkphp\lang\zh-cn.php
[ info ] [ ROUTE ] array (
  'type' => 'module',
  'module' => 
  array (
    0 => 'newdata',
    1 => 'user',
    2 => 'login',
  ),
)
[ info ] [ HEADER ] array (
  'host' => '39.104.67.26',
  'user-agent' => 'YisouSpider',
  'connection' => 'Keep-Alive',
)
[ info ] [ PARAM ] array (
)
[ info ] [ RUN ] app\newdata\controller\User->login[ C:\thinkphp\application\newdata\controller\User.php ]
[ info ] [ LOG ] INIT File
---------------------------------------------------------------
[ 2018-07-14T17:39:28+08:00 ] 172.24.189.12 106.11.154.161 GET /newdata/user/index.html
[ info ] 39.104.67.26/newdata/user/index.html [运行时间：0.031250s][吞吐率：32.00req/s] [内存消耗：1,302.36kb] [文件加载：33]
[ info ] [ LANG ] C:\thinkphp\thinkphp\lang\zh-cn.php
[ info ] [ ROUTE ] array (
  'type' => 'module',
  'module' => 
  array (
    0 => 'newdata',
    1 => 'user',
    2 => 'index',
  ),
)
[ info ] [ HEADER ] array (
  'host' => '39.104.67.26',
  'user-agent' => 'YisouSpider',
  'connection' => 'Keep-Alive',
)
[ info ] [ PARAM ] array (
)
[ info ] [ RUN ] app\newdata\controller\User->index[ C:\thinkphp\application\newdata\controller\User.php ]
[ info ] [ VIEW ] C:\thinkphp/application/newdata\view\user\login.html [ array (
) ]
[ info ] [ SESSION ] INIT array (
  'id' => '',
  'var_session_id' => '',
  'prefix' => 'think',
  'type' => '',
  'auto_start' => true,
)
[ info ] [ LOG ] INIT File
