---------------------------------------------------------------
[ 2018-07-24T09:16:27+08:00 ] 172.24.189.12 106.11.157.169 GET /newdata/index/sensor.html
[ info ] 39.104.67.26/newdata/index/sensor.html [运行时间：0.046876s][吞吐率：21.33req/s] [内存消耗：1,377.44kb] [文件加载：36]
[ info ] [ LANG ] C:\thinkphp\thinkphp\lang\zh-cn.php
[ info ] [ ROUTE ] array (
  'type' => 'module',
  'module' => 
  array (
    0 => 'newdata',
    1 => 'index',
    2 => 'sensor',
  ),
)
[ info ] [ HEADER ] array (
  'accept-language' => 'zh-cn,en-us,zh-tw,en-gb,en;',
  'host' => '39.104.67.26',
  'accept-encoding' => 'gzip',
  'accept' => '*/*',
  'connection' => 'Keep-Alive',
  'user-agent' => 'YisouSpider',
)
[ info ] [ PARAM ] array (
)
[ info ] [ SESSION ] INIT array (
  'id' => '',
  'var_session_id' => '',
  'prefix' => 'think',
  'type' => '',
  'auto_start' => true,
)
[ info ] [ LOG ] INIT File
---------------------------------------------------------------
[ 2018-07-24T09:16:27+08:00 ] 172.24.189.12 106.11.157.169 GET /newdata/user/login.html
[ info ] 39.104.67.26/newdata/user/login.html [运行时间：0.015625s][吞吐率：64.00req/s] [内存消耗：1,331.05kb] [文件加载：34]
[ info ] [ LANG ] C:\thinkphp\thinkphp\lang\zh-cn.php
[ info ] [ ROUTE ] array (
  'type' => 'module',
  'module' => 
  array (
    0 => 'newdata',
    1 => 'user',
    2 => 'login',
  ),
)
[ info ] [ HEADER ] array (
  'host' => '39.104.67.26',
  'user-agent' => 'YisouSpider',
  'connection' => 'Keep-Alive',
)
[ info ] [ PARAM ] array (
)
[ info ] [ RUN ] app\newdata\controller\User->login[ C:\thinkphp\application\newdata\controller\User.php ]
[ info ] [ LOG ] INIT File
---------------------------------------------------------------
[ 2018-07-24T09:16:27+08:00 ] 172.24.189.12 106.11.157.169 GET /newdata/user/index.html
[ info ] 39.104.67.26/newdata/user/index.html [运行时间：0.078125s][吞吐率：12.80req/s] [内存消耗：1,302.36kb] [文件加载：33]
[ info ] [ LANG ] C:\thinkphp\thinkphp\lang\zh-cn.php
[ info ] [ ROUTE ] array (
  'type' => 'module',
  'module' => 
  array (
    0 => 'newdata',
    1 => 'user',
    2 => 'index',
  ),
)
[ info ] [ HEADER ] array (
  'host' => '39.104.67.26',
  'user-agent' => 'YisouSpider',
  'connection' => 'Keep-Alive',
)
[ info ] [ PARAM ] array (
)
[ info ] [ RUN ] app\newdata\controller\User->index[ C:\thinkphp\application\newdata\controller\User.php ]
[ info ] [ VIEW ] C:\thinkphp/application/newdata\view\user\login.html [ array (
) ]
[ info ] [ SESSION ] INIT array (
  'id' => '',
  'var_session_id' => '',
  'prefix' => 'think',
  'type' => '',
  'auto_start' => true,
)
[ info ] [ LOG ] INIT File
---------------------------------------------------------------
[ 2018-07-24T10:00:19+08:00 ] 172.24.189.12 61.129.8.250 GET /?nsukey=JwWPYcqpgI9MqZmnvBuO2FO2Bw1OLqqd7mnEI47HlpYMZWj2FsaNnOq2Ffl26mvYbDYda7G12EKBPvW4F2eyYL3oremdHkJINz0q21Psi3bPB51cAgzpnXgdjoRq8JTXq4wtJ2B7cT6mHJwJKxT9eurrTAg3D3D
[ info ] 39.104.67.26:8901/?nsukey=JwWPYcqpgI9MqZmnvBuO2FO2Bw1OLqqd7mnEI47HlpYMZWj2FsaNnOq2Ffl26mvYbDYda7G12EKBPvW4F2eyYL3oremdHkJINz0q21Psi3bPB51cAgzpnXgdjoRq8JTXq4wtJ2B7cT6mHJwJKxT9eurrTAg3D3D [运行时间：0.031250s][吞吐率：32.00req/s] [内存消耗：2,107.39kb] [文件加载：41]
[ info ] [ LANG ] C:\thinkphp\thinkphp\lang\zh-cn.php
[ info ] [ ROUTE ] array (
  'type' => 'module',
  'module' => 
  array (
    0 => '',
    1 => NULL,
    2 => NULL,
  ),
)
[ info ] [ HEADER ] array (
  'accept' => 'text/html,application/xhtml+xml,application/xml;q=0.9,*/*;q=0.8',
  'accept-charset' => 'iso-8859-1,*,utf-8',
  'accept-encoding' => 'gzip',
  'accept-language' => 'en-us,en',
  'cache-control' => 'no-cache',
  'connection' => 'close',
  'cookie' => 'lang=zh',
  'host' => '39.104.67.26:8901',
  'user-agent' => 'Mozilla/5.0 (iPhone; CPU iPhone OS 7_0_2 like Mac OS X) AppleWebKit/537.51.1 (KHTML, like Gecko) CriOS/30.0.1599.12 Mobile/11A501 Safari/8536.25 MicroMessenger/6.1.0',
  'useragent' => 'Mozilla/5.0 (iPhone; CPU iPhone OS 7_0_2 like Mac OS X) AppleWebKit/537.51.1 (KHTML, like Gecko) CriOS/30.0.1599.12 Mobile/11A501 Safari/8536.25 MicroMessenger/6.1.0',
)
[ info ] [ PARAM ] array (
  'nsukey' => 'JwWPYcqpgI9MqZmnvBuO2FO2Bw1OLqqd7mnEI47HlpYMZWj2FsaNnOq2Ffl26mvYbDYda7G12EKBPvW4F2eyYL3oremdHkJINz0q21Psi3bPB51cAgzpnXgdjoRq8JTXq4wtJ2B7cT6mHJwJKxT9eurrTAg3D3D',
)
[ info ] [ RUN ] app\index\controller\Index->index[ C:\thinkphp\application\index\controller\Index.php ]
[ info ] [ SESSION ] INIT array (
  'id' => '',
  'var_session_id' => '',
  'prefix' => 'think',
  'type' => '',
  'auto_start' => true,
)
[ info ] [ DB ] INIT mysql
[ info ] [ VIEW ] C:\thinkphp/application/index\view\index\index.html [ array (
  0 => 'event',
) ]
[ info ] [ LOG ] INIT File
[ sql ] [ DB ] CONNECT:[ UseTime:0.000000s ] mysql:dbname=tp5;host=127.0.0.1;charset=utf8
[ sql ] [ SQL ] SHOW COLUMNS FROM `qs_event` [ RunTime:0.000000s ]
[ sql ] [ SQL ] SELECT * FROM `qs_event` ORDER BY id asc [ RunTime:0.000000s ]
---------------------------------------------------------------
[ 2018-07-24T10:00:20+08:00 ] 172.24.189.12 61.129.7.254 GET /?nsukey=JwWPYcqpgI9MqZmnvBuO2FO2Bw1OLqqd7mnEI47HlpYMZWj2FsaNnOq2Ffl26mvYbDYda7G12EKBPvW4F2eyYL3oremdHkJINz0q21Psi3bPB51cAgzpnXgdjoRq8JTXq4wtJ2B7cT6mHJwJKxT9eurrTAg3D3D
[ info ] 39.104.67.26:8901/?nsukey=JwWPYcqpgI9MqZmnvBuO2FO2Bw1OLqqd7mnEI47HlpYMZWj2FsaNnOq2Ffl26mvYbDYda7G12EKBPvW4F2eyYL3oremdHkJINz0q21Psi3bPB51cAgzpnXgdjoRq8JTXq4wtJ2B7cT6mHJwJKxT9eurrTAg3D3D [运行时间：0.046875s][吞吐率：21.33req/s] [内存消耗：2,107.39kb] [文件加载：41]
[ info ] [ LANG ] C:\thinkphp\thinkphp\lang\zh-cn.php
[ info ] [ ROUTE ] array (
  'type' => 'module',
  'module' => 
  array (
    0 => '',
    1 => NULL,
    2 => NULL,
  ),
)
[ info ] [ HEADER ] array (
  'accept' => 'text/html,application/xhtml+xml,application/xml;q=0.9,*/*;q=0.8',
  'accept-charset' => 'iso-8859-1,*,utf-8',
  'accept-encoding' => 'gzip',
  'accept-language' => 'en-us,en',
  'cache-control' => 'no-cache',
  'connection' => 'close',
  'cookie' => 'lang=zh',
  'host' => '39.104.67.26:8901',
  'user-agent' => 'Mozilla/5.0 (iPhone; CPU iPhone OS 7_0_2 like Mac OS X) AppleWebKit/537.51.1 (KHTML, like Gecko) CriOS/30.0.1599.12 Mobile/11A501 Safari/8536.25 MicroMessenger/6.1.0',
  'useragent' => 'Mozilla/5.0 (iPhone; CPU iPhone OS 7_0_2 like Mac OS X) AppleWebKit/537.51.1 (KHTML, like Gecko) CriOS/30.0.1599.12 Mobile/11A501 Safari/8536.25 MicroMessenger/6.1.0',
)
[ info ] [ PARAM ] array (
  'nsukey' => 'JwWPYcqpgI9MqZmnvBuO2FO2Bw1OLqqd7mnEI47HlpYMZWj2FsaNnOq2Ffl26mvYbDYda7G12EKBPvW4F2eyYL3oremdHkJINz0q21Psi3bPB51cAgzpnXgdjoRq8JTXq4wtJ2B7cT6mHJwJKxT9eurrTAg3D3D',
)
[ info ] [ RUN ] app\index\controller\Index->index[ C:\thinkphp\application\index\controller\Index.php ]
[ info ] [ SESSION ] INIT array (
  'id' => '',
  'var_session_id' => '',
  'prefix' => 'think',
  'type' => '',
  'auto_start' => true,
)
[ info ] [ DB ] INIT mysql
[ info ] [ VIEW ] C:\thinkphp/application/index\view\index\index.html [ array (
  0 => 'event',
) ]
[ info ] [ LOG ] INIT File
[ sql ] [ DB ] CONNECT:[ UseTime:0.000000s ] mysql:dbname=tp5;host=127.0.0.1;charset=utf8
[ sql ] [ SQL ] SHOW COLUMNS FROM `qs_event` [ RunTime:0.000000s ]
[ sql ] [ SQL ] SELECT * FROM `qs_event` ORDER BY id asc [ RunTime:0.000000s ]
---------------------------------------------------------------
[ 2018-07-24T10:00:22+08:00 ] 172.24.189.12 61.129.8.203 GET /?nsukey=JwWPYcqpgI9MqZmnvBuO2FO2Bw1OLqqd7mnEI47HlpYMZWj2FsaNnOq2Ffl26mvYbDYda7G12EKBPvW4F2eyYL3oremdHkJINz0q21Psi3bPB51cAgzpnXgdjoRq8JTXq4wtJ2B7cT6mHJwJKxT9eurrTAg3D3D
[ info ] 39.104.67.26:8901/?nsukey=JwWPYcqpgI9MqZmnvBuO2FO2Bw1OLqqd7mnEI47HlpYMZWj2FsaNnOq2Ffl26mvYbDYda7G12EKBPvW4F2eyYL3oremdHkJINz0q21Psi3bPB51cAgzpnXgdjoRq8JTXq4wtJ2B7cT6mHJwJKxT9eurrTAg3D3D [运行时间：0.078124s][吞吐率：12.80req/s] [内存消耗：2,107.48kb] [文件加载：41]
[ info ] [ LANG ] C:\thinkphp\thinkphp\lang\zh-cn.php
[ info ] [ ROUTE ] array (
  'type' => 'module',
  'module' => 
  array (
    0 => '',
    1 => NULL,
    2 => NULL,
  ),
)
[ info ] [ HEADER ] array (
  'accept' => 'text/html,application/xhtml+xml,application/xml;q=0.9,*/*;q=0.8',
  'accept-charset' => 'iso-8859-1,*,utf-8',
  'accept-encoding' => 'gzip',
  'accept-language' => 'en-us,en',
  'cache-control' => 'no-cache',
  'connection' => 'close',
  'cookie' => 'lang=zh',
  'host' => '39.104.67.26:8901',
  'user-agent' => 'Mozilla/5.0 (iPhone; CPU iPhone OS 7_0_2 like Mac OS X) AppleWebKit/537.51.1 (KHTML, like Gecko) CriOS/30.0.1599.12 Mobile/11A501 Safari/8536.25 MicroMessenger/6.1.0',
  'useragent' => 'Mozilla/5.0 (iPhone; CPU iPhone OS 7_0_2 like Mac OS X) AppleWebKit/537.51.1 (KHTML, like Gecko) CriOS/30.0.1599.12 Mobile/11A501 Safari/8536.25 MicroMessenger/6.1.0',
)
[ info ] [ PARAM ] array (
  'nsukey' => 'JwWPYcqpgI9MqZmnvBuO2FO2Bw1OLqqd7mnEI47HlpYMZWj2FsaNnOq2Ffl26mvYbDYda7G12EKBPvW4F2eyYL3oremdHkJINz0q21Psi3bPB51cAgzpnXgdjoRq8JTXq4wtJ2B7cT6mHJwJKxT9eurrTAg3D3D',
)
[ info ] [ RUN ] app\index\controller\Index->index[ C:\thinkphp\application\index\controller\Index.php ]
[ info ] [ SESSION ] INIT array (
  'id' => '',
  'var_session_id' => '',
  'prefix' => 'think',
  'type' => '',
  'auto_start' => true,
)
[ info ] [ DB ] INIT mysql
[ info ] [ VIEW ] C:\thinkphp/application/index\view\index\index.html [ array (
  0 => 'event',
) ]
[ info ] [ LOG ] INIT File
[ sql ] [ DB ] CONNECT:[ UseTime:0.000000s ] mysql:dbname=tp5;host=127.0.0.1;charset=utf8
[ sql ] [ SQL ] SHOW COLUMNS FROM `qs_event` [ RunTime:0.015625s ]
[ sql ] [ SQL ] SELECT * FROM `qs_event` ORDER BY id asc [ RunTime:0.015625s ]
---------------------------------------------------------------
[ 2018-07-24T10:00:31+08:00 ] 172.24.189.12 117.185.117.60 GET /?nsukey=JwWPYcqpgI9MqZmnvBuO2FO2Bw1OLqqd7mnEI47HlpYMZWj2FsaNnOq2Ffl26mvYbDYda7G12EKBPvW4F2eyYL3oremdHkJINz0q21Psi3bPB51cAgzpnXgdjoRq8JTXq4wtJ2B7cT6mHJwJKxT9eurrTAg3D3D
[ info ] 39.104.67.26:8901/?nsukey=JwWPYcqpgI9MqZmnvBuO2FO2Bw1OLqqd7mnEI47HlpYMZWj2FsaNnOq2Ffl26mvYbDYda7G12EKBPvW4F2eyYL3oremdHkJINz0q21Psi3bPB51cAgzpnXgdjoRq8JTXq4wtJ2B7cT6mHJwJKxT9eurrTAg3D3D [运行时间：0.109374s][吞吐率：9.14req/s] [内存消耗：2,107.39kb] [文件加载：41]
[ info ] [ LANG ] C:\thinkphp\thinkphp\lang\zh-cn.php
[ info ] [ ROUTE ] array (
  'type' => 'module',
  'module' => 
  array (
    0 => '',
    1 => NULL,
    2 => NULL,
  ),
)
[ info ] [ HEADER ] array (
  'accept' => 'text/html,application/xhtml+xml,application/xml;q=0.9,*/*;q=0.8',
  'accept-charset' => 'iso-8859-1,*,utf-8',
  'accept-encoding' => 'gzip',
  'accept-language' => 'en-us,en',
  'cache-control' => 'no-cache',
  'connection' => 'close',
  'cookie' => 'lang=zh',
  'host' => '39.104.67.26:8901',
  'user-agent' => 'Mozilla/5.0 (iPhone; CPU iPhone OS 7_0_2 like Mac OS X) AppleWebKit/537.51.1 (KHTML, like Gecko) CriOS/30.0.1599.12 Mobile/11A501 Safari/8536.25 MicroMessenger/6.1.0',
  'useragent' => 'Mozilla/5.0 (iPhone; CPU iPhone OS 7_0_2 like Mac OS X) AppleWebKit/537.51.1 (KHTML, like Gecko) CriOS/30.0.1599.12 Mobile/11A501 Safari/8536.25 MicroMessenger/6.1.0',
)
[ info ] [ PARAM ] array (
  'nsukey' => 'JwWPYcqpgI9MqZmnvBuO2FO2Bw1OLqqd7mnEI47HlpYMZWj2FsaNnOq2Ffl26mvYbDYda7G12EKBPvW4F2eyYL3oremdHkJINz0q21Psi3bPB51cAgzpnXgdjoRq8JTXq4wtJ2B7cT6mHJwJKxT9eurrTAg3D3D',
)
[ info ] [ RUN ] app\index\controller\Index->index[ C:\thinkphp\application\index\controller\Index.php ]
[ info ] [ SESSION ] INIT array (
  'id' => '',
  'var_session_id' => '',
  'prefix' => 'think',
  'type' => '',
  'auto_start' => true,
)
[ info ] [ DB ] INIT mysql
[ info ] [ VIEW ] C:\thinkphp/application/index\view\index\index.html [ array (
  0 => 'event',
) ]
[ info ] [ LOG ] INIT File
[ sql ] [ DB ] CONNECT:[ UseTime:0.062499s ] mysql:dbname=tp5;host=127.0.0.1;charset=utf8
[ sql ] [ SQL ] SHOW COLUMNS FROM `qs_event` [ RunTime:0.015625s ]
[ sql ] [ SQL ] SELECT * FROM `qs_event` ORDER BY id asc [ RunTime:0.000000s ]
---------------------------------------------------------------
[ 2018-07-24T10:00:33+08:00 ] 172.24.189.12 61.129.8.199 GET /?nsukey=JwWPYcqpgI9MqZmnvBuO2FO2Bw1OLqqd7mnEI47HlpYMZWj2FsaNnOq2Ffl26mvYbDYda7G12EKBPvW4F2eyYL3oremdHkJINz0q21Psi3bPB51cAgzpnXgdjoRq8JTXq4wtJ2B7cT6mHJwJKxT9eurrTAg3D3D
[ info ] 39.104.67.26:8901/?nsukey=JwWPYcqpgI9MqZmnvBuO2FO2Bw1OLqqd7mnEI47HlpYMZWj2FsaNnOq2Ffl26mvYbDYda7G12EKBPvW4F2eyYL3oremdHkJINz0q21Psi3bPB51cAgzpnXgdjoRq8JTXq4wtJ2B7cT6mHJwJKxT9eurrTAg3D3D [运行时间：0.124999s][吞吐率：8.00req/s] [内存消耗：2,107.48kb] [文件加载：41]
[ info ] [ LANG ] C:\thinkphp\thinkphp\lang\zh-cn.php
[ info ] [ ROUTE ] array (
  'type' => 'module',
  'module' => 
  array (
    0 => '',
    1 => NULL,
    2 => NULL,
  ),
)
[ info ] [ HEADER ] array (
  'accept' => 'text/html,application/xhtml+xml,application/xml;q=0.9,*/*;q=0.8',
  'accept-charset' => 'iso-8859-1,*,utf-8',
  'accept-encoding' => 'gzip',
  'accept-language' => 'en-us,en',
  'cache-control' => 'no-cache',
  'connection' => 'close',
  'cookie' => 'lang=zh',
  'host' => '39.104.67.26:8901',
  'user-agent' => 'Mozilla/5.0 (iPhone; CPU iPhone OS 7_0_2 like Mac OS X) AppleWebKit/537.51.1 (KHTML, like Gecko) CriOS/30.0.1599.12 Mobile/11A501 Safari/8536.25 MicroMessenger/6.1.0',
  'useragent' => 'Mozilla/5.0 (iPhone; CPU iPhone OS 7_0_2 like Mac OS X) AppleWebKit/537.51.1 (KHTML, like Gecko) CriOS/30.0.1599.12 Mobile/11A501 Safari/8536.25 MicroMessenger/6.1.0',
)
[ info ] [ PARAM ] array (
  'nsukey' => 'JwWPYcqpgI9MqZmnvBuO2FO2Bw1OLqqd7mnEI47HlpYMZWj2FsaNnOq2Ffl26mvYbDYda7G12EKBPvW4F2eyYL3oremdHkJINz0q21Psi3bPB51cAgzpnXgdjoRq8JTXq4wtJ2B7cT6mHJwJKxT9eurrTAg3D3D',
)
[ info ] [ RUN ] app\index\controller\Index->index[ C:\thinkphp\application\index\controller\Index.php ]
[ info ] [ SESSION ] INIT array (
  'id' => '',
  'var_session_id' => '',
  'prefix' => 'think',
  'type' => '',
  'auto_start' => true,
)
[ info ] [ DB ] INIT mysql
[ info ] [ VIEW ] C:\thinkphp/application/index\view\index\index.html [ array (
  0 => 'event',
) ]
[ info ] [ LOG ] INIT File
[ sql ] [ DB ] CONNECT:[ UseTime:0.078124s ] mysql:dbname=tp5;host=127.0.0.1;charset=utf8
[ sql ] [ SQL ] SHOW COLUMNS FROM `qs_event` [ RunTime:0.000000s ]
[ sql ] [ SQL ] SELECT * FROM `qs_event` ORDER BY id asc [ RunTime:0.000000s ]
---------------------------------------------------------------
[ 2018-07-24T10:00:34+08:00 ] 172.24.189.12 61.151.207.252 GET /?nsukey=JwWPYcqpgI9MqZmnvBuO2FO2Bw1OLqqd7mnEI47HlpYMZWj2FsaNnOq2Ffl26mvYbDYda7G12EKBPvW4F2eyYL3oremdHkJINz0q21Psi3bPB51cAgzpnXgdjoRq8JTXq4wtJ2B7cT6mHJwJKxT9eurrTAg3D3D
[ info ] 39.104.67.26:8901/?nsukey=JwWPYcqpgI9MqZmnvBuO2FO2Bw1OLqqd7mnEI47HlpYMZWj2FsaNnOq2Ffl26mvYbDYda7G12EKBPvW4F2eyYL3oremdHkJINz0q21Psi3bPB51cAgzpnXgdjoRq8JTXq4wtJ2B7cT6mHJwJKxT9eurrTAg3D3D [运行时间：0.124999s][吞吐率：8.00req/s] [内存消耗：2,107.39kb] [文件加载：41]
[ info ] [ LANG ] C:\thinkphp\thinkphp\lang\zh-cn.php
[ info ] [ ROUTE ] array (
  'type' => 'module',
  'module' => 
  array (
    0 => '',
    1 => NULL,
    2 => NULL,
  ),
)
[ info ] [ HEADER ] array (
  'accept' => 'text/html,application/xhtml+xml,application/xml;q=0.9,*/*;q=0.8',
  'accept-charset' => 'iso-8859-1,*,utf-8',
  'accept-encoding' => 'gzip',
  'accept-language' => 'en-us,en',
  'cache-control' => 'no-cache',
  'connection' => 'close',
  'cookie' => 'lang=zh',
  'host' => '39.104.67.26:8901',
  'user-agent' => 'Mozilla/5.0 (iPhone; CPU iPhone OS 7_0_2 like Mac OS X) AppleWebKit/537.51.1 (KHTML, like Gecko) CriOS/30.0.1599.12 Mobile/11A501 Safari/8536.25 MicroMessenger/6.1.0',
  'useragent' => 'Mozilla/5.0 (iPhone; CPU iPhone OS 7_0_2 like Mac OS X) AppleWebKit/537.51.1 (KHTML, like Gecko) CriOS/30.0.1599.12 Mobile/11A501 Safari/8536.25 MicroMessenger/6.1.0',
)
[ info ] [ PARAM ] array (
  'nsukey' => 'JwWPYcqpgI9MqZmnvBuO2FO2Bw1OLqqd7mnEI47HlpYMZWj2FsaNnOq2Ffl26mvYbDYda7G12EKBPvW4F2eyYL3oremdHkJINz0q21Psi3bPB51cAgzpnXgdjoRq8JTXq4wtJ2B7cT6mHJwJKxT9eurrTAg3D3D',
)
[ info ] [ RUN ] app\index\controller\Index->index[ C:\thinkphp\application\index\controller\Index.php ]
[ info ] [ SESSION ] INIT array (
  'id' => '',
  'var_session_id' => '',
  'prefix' => 'think',
  'type' => '',
  'auto_start' => true,
)
[ info ] [ DB ] INIT mysql
[ info ] [ VIEW ] C:\thinkphp/application/index\view\index\index.html [ array (
  0 => 'event',
) ]
[ info ] [ LOG ] INIT File
[ sql ] [ DB ] CONNECT:[ UseTime:0.078124s ] mysql:dbname=tp5;host=127.0.0.1;charset=utf8
[ sql ] [ SQL ] SHOW COLUMNS FROM `qs_event` [ RunTime:0.015625s ]
[ sql ] [ SQL ] SELECT * FROM `qs_event` ORDER BY id asc [ RunTime:0.000000s ]
---------------------------------------------------------------
[ 2018-07-24T10:00:34+08:00 ] 172.24.189.12 61.129.8.203 GET /?nsukey=JwWPYcqpgI9MqZmnvBuO2FO2Bw1OLqqd7mnEI47HlpYMZWj2FsaNnOq2Ffl26mvYbDYda7G12EKBPvW4F2eyYL3oremdHkJINz0q21Psi3bPB51cAgzpnXgdjoRq8JTXq4wtJ2B7cT6mHJwJKxT9eurrTAg3D3D
[ info ] 39.104.67.26:8901/?nsukey=JwWPYcqpgI9MqZmnvBuO2FO2Bw1OLqqd7mnEI47HlpYMZWj2FsaNnOq2Ffl26mvYbDYda7G12EKBPvW4F2eyYL3oremdHkJINz0q21Psi3bPB51cAgzpnXgdjoRq8JTXq4wtJ2B7cT6mHJwJKxT9eurrTAg3D3D [运行时间：0.046875s][吞吐率：21.33req/s] [内存消耗：2,107.48kb] [文件加载：41]
[ info ] [ LANG ] C:\thinkphp\thinkphp\lang\zh-cn.php
[ info ] [ ROUTE ] array (
  'type' => 'module',
  'module' => 
  array (
    0 => '',
    1 => NULL,
    2 => NULL,
  ),
)
[ info ] [ HEADER ] array (
  'accept' => 'text/html,application/xhtml+xml,application/xml;q=0.9,*/*;q=0.8',
  'accept-charset' => 'iso-8859-1,*,utf-8',
  'accept-encoding' => 'gzip',
  'accept-language' => 'en-us,en',
  'cache-control' => 'no-cache',
  'connection' => 'close',
  'cookie' => 'lang=zh',
  'host' => '39.104.67.26:8901',
  'user-agent' => 'Mozilla/5.0 (iPhone; CPU iPhone OS 7_0_2 like Mac OS X) AppleWebKit/537.51.1 (KHTML, like Gecko) CriOS/30.0.1599.12 Mobile/11A501 Safari/8536.25 MicroMessenger/6.1.0',
  'useragent' => 'Mozilla/5.0 (iPhone; CPU iPhone OS 7_0_2 like Mac OS X) AppleWebKit/537.51.1 (KHTML, like Gecko) CriOS/30.0.1599.12 Mobile/11A501 Safari/8536.25 MicroMessenger/6.1.0',
)
[ info ] [ PARAM ] array (
  'nsukey' => 'JwWPYcqpgI9MqZmnvBuO2FO2Bw1OLqqd7mnEI47HlpYMZWj2FsaNnOq2Ffl26mvYbDYda7G12EKBPvW4F2eyYL3oremdHkJINz0q21Psi3bPB51cAgzpnXgdjoRq8JTXq4wtJ2B7cT6mHJwJKxT9eurrTAg3D3D',
)
[ info ] [ RUN ] app\index\controller\Index->index[ C:\thinkphp\application\index\controller\Index.php ]
[ info ] [ SESSION ] INIT array (
  'id' => '',
  'var_session_id' => '',
  'prefix' => 'think',
  'type' => '',
  'auto_start' => true,
)
[ info ] [ DB ] INIT mysql
[ info ] [ VIEW ] C:\thinkphp/application/index\view\index\index.html [ array (
  0 => 'event',
) ]
[ info ] [ LOG ] INIT File
[ sql ] [ DB ] CONNECT:[ UseTime:0.000000s ] mysql:dbname=tp5;host=127.0.0.1;charset=utf8
[ sql ] [ SQL ] SHOW COLUMNS FROM `qs_event` [ RunTime:0.015625s ]
[ sql ] [ SQL ] SELECT * FROM `qs_event` ORDER BY id asc [ RunTime:0.000000s ]
---------------------------------------------------------------
[ 2018-07-24T10:00:35+08:00 ] 172.24.189.12 61.151.179.27 GET /?nsukey=JwWPYcqpgI9MqZmnvBuO2FO2Bw1OLqqd7mnEI47HlpYMZWj2FsaNnOq2Ffl26mvYbDYda7G12EKBPvW4F2eyYL3oremdHkJINz0q21Psi3bPB51cAgzpnXgdjoRq8JTXq4wtJ2B7cT6mHJwJKxT9eurrTAg3D3D
[ info ] 39.104.67.26:8901/?nsukey=JwWPYcqpgI9MqZmnvBuO2FO2Bw1OLqqd7mnEI47HlpYMZWj2FsaNnOq2Ffl26mvYbDYda7G12EKBPvW4F2eyYL3oremdHkJINz0q21Psi3bPB51cAgzpnXgdjoRq8JTXq4wtJ2B7cT6mHJwJKxT9eurrTAg3D3D [运行时间：0.046875s][吞吐率：21.33req/s] [内存消耗：2,107.39kb] [文件加载：41]
[ info ] [ LANG ] C:\thinkphp\thinkphp\lang\zh-cn.php
[ info ] [ ROUTE ] array (
  'type' => 'module',
  'module' => 
  array (
    0 => '',
    1 => NULL,
    2 => NULL,
  ),
)
[ info ] [ HEADER ] array (
  'accept' => 'text/html,application/xhtml+xml,application/xml;q=0.9,*/*;q=0.8',
  'accept-charset' => 'iso-8859-1,*,utf-8',
  'accept-encoding' => 'gzip',
  'accept-language' => 'en-us,en',
  'cache-control' => 'no-cache',
  'connection' => 'close',
  'cookie' => 'lang=zh',
  'host' => '39.104.67.26:8901',
  'user-agent' => 'Mozilla/5.0 (iPhone; CPU iPhone OS 7_0_2 like Mac OS X) AppleWebKit/537.51.1 (KHTML, like Gecko) CriOS/30.0.1599.12 Mobile/11A501 Safari/8536.25 MicroMessenger/6.1.0',
  'useragent' => 'Mozilla/5.0 (iPhone; CPU iPhone OS 7_0_2 like Mac OS X) AppleWebKit/537.51.1 (KHTML, like Gecko) CriOS/30.0.1599.12 Mobile/11A501 Safari/8536.25 MicroMessenger/6.1.0',
)
[ info ] [ PARAM ] array (
  'nsukey' => 'JwWPYcqpgI9MqZmnvBuO2FO2Bw1OLqqd7mnEI47HlpYMZWj2FsaNnOq2Ffl26mvYbDYda7G12EKBPvW4F2eyYL3oremdHkJINz0q21Psi3bPB51cAgzpnXgdjoRq8JTXq4wtJ2B7cT6mHJwJKxT9eurrTAg3D3D',
)
[ info ] [ RUN ] app\index\controller\Index->index[ C:\thinkphp\application\index\controller\Index.php ]
[ info ] [ SESSION ] INIT array (
  'id' => '',
  'var_session_id' => '',
  'prefix' => 'think',
  'type' => '',
  'auto_start' => true,
)
[ info ] [ DB ] INIT mysql
[ info ] [ VIEW ] C:\thinkphp/application/index\view\index\index.html [ array (
  0 => 'event',
) ]
[ info ] [ LOG ] INIT File
[ sql ] [ DB ] CONNECT:[ UseTime:0.000000s ] mysql:dbname=tp5;host=127.0.0.1;charset=utf8
[ sql ] [ SQL ] SHOW COLUMNS FROM `qs_event` [ RunTime:0.000000s ]
[ sql ] [ SQL ] SELECT * FROM `qs_event` ORDER BY id asc [ RunTime:0.000000s ]
---------------------------------------------------------------
[ 2018-07-24T10:00:36+08:00 ] 172.24.189.12 112.227.121.10 GET /?nsukey=JwWPYcqpgI9MqZmnvBuO%2FO%2Bw1OLqqd7mnEI47HlpYMZWj%2FsaNnOq%2Ffl26mvYbDYda7G12EKBPvW4F2eyYL3oremdHkJINz0q21Psi3bPB51cAgzpnXgdjoRq8JTXq4wtJ%2B7cT6mHJwJKxT9eurrTAg%3D%3D
[ info ] 39.104.67.26:8901/?nsukey=JwWPYcqpgI9MqZmnvBuO%2FO%2Bw1OLqqd7mnEI47HlpYMZWj%2FsaNnOq%2Ffl26mvYbDYda7G12EKBPvW4F2eyYL3oremdHkJINz0q21Psi3bPB51cAgzpnXgdjoRq8JTXq4wtJ%2B7cT6mHJwJKxT9eurrTAg%3D%3D [运行时间：0.031250s][吞吐率：32.00req/s] [内存消耗：2,106.66kb] [文件加载：41]
[ info ] [ LANG ] C:\thinkphp\thinkphp\lang\zh-cn.php
[ info ] [ ROUTE ] array (
  'type' => 'module',
  'module' => 
  array (
    0 => '',
    1 => NULL,
    2 => NULL,
  ),
)
[ info ] [ HEADER ] array (
  'host' => '39.104.67.26:8901',
  'connection' => 'keep-alive',
  'user-agent' => 'Mozilla/5.0 (Linux; Android 8.0; MI 6 Build/OPR1.170623.027; wv) AppleWebKit/537.36 (KHTML, like Gecko) Version/4.0 Chrome/57.0.2987.132 MQQBrowser/6.2 TBS/044113 Mobile Safari/537.36 MicroMessenger/6.6.7.1321(0x26060739) NetType/WIFI Language/zh_CN',
  'accept' => 'text/html,application/xhtml+xml,application/xml;q=0.9,image/webp,image/apng,image/wxpic,image/sharpp,image/apng,*/*;q=0.8',
  'accept-encoding' => 'gzip, deflate',
  'accept-language' => 'zh-CN,en-US;q=0.8',
)
[ info ] [ PARAM ] array (
  'nsukey' => 'JwWPYcqpgI9MqZmnvBuO/O+w1OLqqd7mnEI47HlpYMZWj/saNnOq/fl26mvYbDYda7G12EKBPvW4F2eyYL3oremdHkJINz0q21Psi3bPB51cAgzpnXgdjoRq8JTXq4wtJ+7cT6mHJwJKxT9eurrTAg==',
)
[ info ] [ RUN ] app\index\controller\Index->index[ C:\thinkphp\application\index\controller\Index.php ]
[ info ] [ SESSION ] INIT array (
  'id' => '',
  'var_session_id' => '',
  'prefix' => 'think',
  'type' => '',
  'auto_start' => true,
)
[ info ] [ DB ] INIT mysql
[ info ] [ VIEW ] C:\thinkphp/application/index\view\index\index.html [ array (
  0 => 'event',
) ]
[ info ] [ LOG ] INIT File
[ sql ] [ DB ] CONNECT:[ UseTime:0.000000s ] mysql:dbname=tp5;host=127.0.0.1;charset=utf8
[ sql ] [ SQL ] SHOW COLUMNS FROM `qs_event` [ RunTime:0.000000s ]
[ sql ] [ SQL ] SELECT * FROM `qs_event` ORDER BY id asc [ RunTime:0.000000s ]
---------------------------------------------------------------
[ 2018-07-24T10:01:20+08:00 ] 172.24.189.12 101.226.79.232 GET /
[ info ] 39.104.67.26:8901/ [运行时间：0.031250s][吞吐率：32.00req/s] [内存消耗：2,105.40kb] [文件加载：41]
[ info ] [ LANG ] C:\thinkphp\thinkphp\lang\zh-cn.php
[ info ] [ ROUTE ] array (
  'type' => 'module',
  'module' => 
  array (
    0 => '',
    1 => NULL,
    2 => NULL,
  ),
)
[ info ] [ HEADER ] array (
  'user-agent' => 'Mozilla/5.0 (iPhone; CPU iPhone OS 10_2_1 like Mac OS X) AppleWebKit/602.4.6 (KHTML, like Gecko) Mobile/14D27 MicroMessenger/6.5.5 NetType/WIFI Language/en',
  'accept' => '*/*',
  'accept-language' => 'zh-CN,zh;q=0.8,en-US;q=0.6,en;q=0.4',
  'host' => '39.104.67.26:8901',
  'connection' => 'keep-alive',
)
[ info ] [ PARAM ] array (
)
[ info ] [ RUN ] app\index\controller\Index->index[ C:\thinkphp\application\index\controller\Index.php ]
[ info ] [ SESSION ] INIT array (
  'id' => '',
  'var_session_id' => '',
  'prefix' => 'think',
  'type' => '',
  'auto_start' => true,
)
[ info ] [ DB ] INIT mysql
[ info ] [ VIEW ] C:\thinkphp/application/index\view\index\index.html [ array (
  0 => 'event',
) ]
[ info ] [ LOG ] INIT File
[ sql ] [ DB ] CONNECT:[ UseTime:0.000000s ] mysql:dbname=tp5;host=127.0.0.1;charset=utf8
[ sql ] [ SQL ] SHOW COLUMNS FROM `qs_event` [ RunTime:0.000000s ]
[ sql ] [ SQL ] SELECT * FROM `qs_event` ORDER BY id asc [ RunTime:0.000000s ]
---------------------------------------------------------------
[ 2018-07-24T10:01:24+08:00 ] 172.24.189.12 101.226.113.56 GET /?nsukey=JwWPYcqpgI9MqZmnvBuO%2FO%2Bw1OLqqd7mnEI47HlpYMZWj%2FsaNnOq%2Ffl26mvYbDYda7G12EKBPvW4F2eyYL3oremdHkJINz0q21Psi3bPB51cAgzpnXgdjoRq8JTXq4wtJ%2B7cT6mHJwJKxT9eurrTAg%3D%3D
[ info ] 39.104.67.26:8901/?nsukey=JwWPYcqpgI9MqZmnvBuO%2FO%2Bw1OLqqd7mnEI47HlpYMZWj%2FsaNnOq%2Ffl26mvYbDYda7G12EKBPvW4F2eyYL3oremdHkJINz0q21Psi3bPB51cAgzpnXgdjoRq8JTXq4wtJ%2B7cT6mHJwJKxT9eurrTAg%3D%3D [运行时间：0.046875s][吞吐率：21.33req/s] [内存消耗：2,106.28kb] [文件加载：41]
[ info ] [ LANG ] C:\thinkphp\thinkphp\lang\zh-cn.php
[ info ] [ ROUTE ] array (
  'type' => 'module',
  'module' => 
  array (
    0 => '',
    1 => NULL,
    2 => NULL,
  ),
)
[ info ] [ HEADER ] array (
  'user-agent' => 'Mozilla/5.0 (Linux; Android 5.1.1; SM801 Build/LMY47V; wv) AppleWebKit/537.36 (KHTML, like Gecko) Version/4.0 Chrome/53.0.2785.49 Mobile MQQBrowser/6.2 TBS/043024 Safari/537.36 MicroMessenger/6.5.4.1000 NetType/4G Language/zh_CN',
  'accept' => '*/*',
  'accept-language' => 'zh-CN,zh;q=0.8,en-US;q=0.6,en;q=0.4',
  'host' => '39.104.67.26:8901',
  'connection' => 'keep-alive',
)
[ info ] [ PARAM ] array (
  'nsukey' => 'JwWPYcqpgI9MqZmnvBuO/O+w1OLqqd7mnEI47HlpYMZWj/saNnOq/fl26mvYbDYda7G12EKBPvW4F2eyYL3oremdHkJINz0q21Psi3bPB51cAgzpnXgdjoRq8JTXq4wtJ+7cT6mHJwJKxT9eurrTAg==',
)
[ info ] [ RUN ] app\index\controller\Index->index[ C:\thinkphp\application\index\controller\Index.php ]
[ info ] [ SESSION ] INIT array (
  'id' => '',
  'var_session_id' => '',
  'prefix' => 'think',
  'type' => '',
  'auto_start' => true,
)
[ info ] [ DB ] INIT mysql
[ info ] [ VIEW ] C:\thinkphp/application/index\view\index\index.html [ array (
  0 => 'event',
) ]
[ info ] [ LOG ] INIT File
[ sql ] [ DB ] CONNECT:[ UseTime:0.000000s ] mysql:dbname=tp5;host=127.0.0.1;charset=utf8
[ sql ] [ SQL ] SHOW COLUMNS FROM `qs_event` [ RunTime:0.000000s ]
[ sql ] [ SQL ] SELECT * FROM `qs_event` ORDER BY id asc [ RunTime:0.000000s ]
---------------------------------------------------------------
[ 2018-07-24T23:31:37+08:00 ] 172.24.189.12 106.11.154.177 GET /download/index/index/index/index
[ info ] 39.104.67.26/download/index/index/index/index [运行时间：0.015625s][吞吐率：64.00req/s] [内存消耗：1,357.64kb] [文件加载：34]
[ info ] [ LANG ] C:\thinkphp\thinkphp\lang\zh-cn.php
[ info ] [ ROUTE ] array (
  'type' => 'module',
  'module' => 
  array (
    0 => 'download',
    1 => 'index',
    2 => 'index',
  ),
)
[ info ] [ HEADER ] array (
  'accept-language' => 'zh-cn,en-us,zh-tw,en-gb,en;',
  'host' => '39.104.67.26',
  'accept-encoding' => 'gzip',
  'accept' => '*/*',
  'connection' => 'Keep-Alive',
  'user-agent' => 'YisouSpider',
)
[ info ] [ PARAM ] array (
  'index' => 'index',
)
[ info ] [ RUN ] app\download\controller\Index->index[ C:\thinkphp\application\download\controller\Index.php ]
[ info ] [ SESSION ] INIT array (
  'id' => '',
  'var_session_id' => '',
  'prefix' => 'think',
  'type' => '',
  'auto_start' => true,
)
[ info ] [ VIEW ] C:\thinkphp/application/download\view\index\index.html [ array (
) ]
[ info ] [ LOG ] INIT File
