---------------------------------------------------------------
[ 2018-07-25T12:23:35+08:00 ] 172.24.189.12 106.11.158.162 GET /data/user/index.html
[ info ] 39.104.67.26/data/user/index.html [运行时间：0.078124s][吞吐率：12.80req/s] [内存消耗：1,302.95kb] [文件加载：33]
[ info ] [ LANG ] C:\thinkphp\thinkphp\lang\zh-cn.php
[ info ] [ ROUTE ] array (
  'type' => 'module',
  'module' => 
  array (
    0 => 'data',
    1 => 'user',
    2 => 'index',
  ),
)
[ info ] [ HEADER ] array (
  'accept-language' => 'zh-cn,en-us,zh-tw,en-gb,en;',
  'host' => '39.104.67.26',
  'accept-encoding' => 'gzip',
  'accept' => '*/*',
  'connection' => 'Keep-Alive',
  'user-agent' => 'YisouSpider',
)
[ info ] [ PARAM ] array (
)
[ info ] [ RUN ] app\data\controller\User->index[ C:\thinkphp\application\data\controller\User.php ]
[ info ] [ VIEW ] C:\thinkphp/application/data\view\user\login.html [ array (
) ]
[ info ] [ SESSION ] INIT array (
  'id' => '',
  'var_session_id' => '',
  'prefix' => 'think',
  'type' => '',
  'auto_start' => true,
)
[ info ] [ LOG ] INIT File
---------------------------------------------------------------
[ 2018-07-25T15:52:11+08:00 ] 172.24.189.12 106.14.217.247 GET /
[ info ] 39.104.67.26:8901/ [运行时间：0.046875s][吞吐率：21.33req/s] [内存消耗：2,105.06kb] [文件加载：41]
[ info ] [ LANG ] C:\thinkphp\thinkphp\lang\zh-cn.php
[ info ] [ ROUTE ] array (
  'type' => 'module',
  'module' => 
  array (
    0 => '',
    1 => NULL,
    2 => NULL,
  ),
)
[ info ] [ HEADER ] array (
  'user-agent' => 'Mozilla/5.0 (X11; Ubuntu; Linux x86_64; rv:36.0) Gecko/20100101 Firefox/36.0',
  'host' => '39.104.67.26:8901',
  'accept' => 'text/html, image/gif, image/jpeg, *; q=.2, */*; q=.2',
  'connection' => 'keep-alive',
)
[ info ] [ PARAM ] array (
)
[ info ] [ RUN ] app\index\controller\Index->index[ C:\thinkphp\application\index\controller\Index.php ]
[ info ] [ SESSION ] INIT array (
  'id' => '',
  'var_session_id' => '',
  'prefix' => 'think',
  'type' => '',
  'auto_start' => true,
)
[ info ] [ DB ] INIT mysql
[ info ] [ VIEW ] C:\thinkphp/application/index\view\index\index.html [ array (
  0 => 'event',
) ]
[ info ] [ LOG ] INIT File
[ sql ] [ DB ] CONNECT:[ UseTime:0.000000s ] mysql:dbname=tp5;host=127.0.0.1;charset=utf8
[ sql ] [ SQL ] SHOW COLUMNS FROM `qs_event` [ RunTime:0.000000s ]
[ sql ] [ SQL ] SELECT * FROM `qs_event` ORDER BY id asc [ RunTime:0.000000s ]
---------------------------------------------------------------
[ 2018-07-25T18:44:46+08:00 ] 172.24.189.12 221.220.36.44 GET /
[ info ] 39.104.67.26:8901/ [运行时间：0.046875s][吞吐率：21.33req/s] [内存消耗：2,105.80kb] [文件加载：41]
[ info ] [ LANG ] C:\thinkphp\thinkphp\lang\zh-cn.php
[ info ] [ ROUTE ] array (
  'type' => 'module',
  'module' => 
  array (
    0 => '',
    1 => NULL,
    2 => NULL,
  ),
)
[ info ] [ HEADER ] array (
  'host' => '39.104.67.26:8901',
  'connection' => 'keep-alive',
  'upgrade-insecure-requests' => '1',
  'user-agent' => 'Mozilla/5.0 (Windows NT 6.1; Win64; x64) AppleWebKit/537.36 (KHTML, like Gecko) Chrome/67.0.3396.87 Safari/537.36',
  'accept' => 'text/html,application/xhtml+xml,application/xml;q=0.9,image/webp,image/apng,*/*;q=0.8',
  'accept-encoding' => 'gzip, deflate',
  'accept-language' => 'zh-CN,zh;q=0.9',
)
[ info ] [ PARAM ] array (
)
[ info ] [ RUN ] app\index\controller\Index->index[ C:\thinkphp\application\index\controller\Index.php ]
[ info ] [ SESSION ] INIT array (
  'id' => '',
  'var_session_id' => '',
  'prefix' => 'think',
  'type' => '',
  'auto_start' => true,
)
[ info ] [ DB ] INIT mysql
[ info ] [ VIEW ] C:\thinkphp/application/index\view\index\index.html [ array (
  0 => 'event',
) ]
[ info ] [ LOG ] INIT File
[ sql ] [ DB ] CONNECT:[ UseTime:0.000000s ] mysql:dbname=tp5;host=127.0.0.1;charset=utf8
[ sql ] [ SQL ] SHOW COLUMNS FROM `qs_event` [ RunTime:0.015625s ]
[ sql ] [ SQL ] SELECT * FROM `qs_event` ORDER BY id asc [ RunTime:0.000000s ]
---------------------------------------------------------------
[ 2018-07-25T18:44:47+08:00 ] 172.24.189.12 221.220.36.44 GET /
[ info ] 39.104.67.26:8901/ [运行时间：0.031250s][吞吐率：32.00req/s] [内存消耗：2,105.86kb] [文件加载：41]
[ info ] [ LANG ] C:\thinkphp\thinkphp\lang\zh-cn.php
[ info ] [ ROUTE ] array (
  'type' => 'module',
  'module' => 
  array (
    0 => '',
    1 => NULL,
    2 => NULL,
  ),
)
[ info ] [ HEADER ] array (
  'host' => '39.104.67.26:8901',
  'connection' => 'keep-alive',
  'upgrade-insecure-requests' => '1',
  'user-agent' => 'Mozilla/5.0 (Windows NT 6.1; Win64; x64) AppleWebKit/537.36 (KHTML, like Gecko) Chrome/67.0.3396.87 Safari/537.36',
  'accept' => 'text/html,application/xhtml+xml,application/xml;q=0.9,image/webp,image/apng,*/*;q=0.8',
  'accept-encoding' => 'gzip, deflate',
  'accept-language' => 'zh-CN,zh;q=0.9',
  'cookie' => 'PHPSESSID=opvhkmdigj5lr7djlhrj45ves4',
)
[ info ] [ PARAM ] array (
)
[ info ] [ RUN ] app\index\controller\Index->index[ C:\thinkphp\application\index\controller\Index.php ]
[ info ] [ SESSION ] INIT array (
  'id' => '',
  'var_session_id' => '',
  'prefix' => 'think',
  'type' => '',
  'auto_start' => true,
)
[ info ] [ DB ] INIT mysql
[ info ] [ VIEW ] C:\thinkphp/application/index\view\index\index.html [ array (
  0 => 'event',
) ]
[ info ] [ LOG ] INIT File
[ sql ] [ DB ] CONNECT:[ UseTime:0.000000s ] mysql:dbname=tp5;host=127.0.0.1;charset=utf8
[ sql ] [ SQL ] SHOW COLUMNS FROM `qs_event` [ RunTime:0.000000s ]
[ sql ] [ SQL ] SELECT * FROM `qs_event` ORDER BY id asc [ RunTime:0.000000s ]
---------------------------------------------------------------
[ 2018-07-25T18:44:51+08:00 ] 172.24.189.12 221.220.36.44 GET /index/index/user.html
[ info ] 39.104.67.26:8901/index/index/user.html [运行时间：0.062499s][吞吐率：16.00req/s] [内存消耗：1,291.61kb] [文件加载：33]
[ info ] [ LANG ] C:\thinkphp\thinkphp\lang\zh-cn.php
[ info ] [ ROUTE ] array (
  'type' => 'module',
  'module' => 
  array (
    0 => 'index',
    1 => 'index',
    2 => 'user',
  ),
)
[ info ] [ HEADER ] array (
  'host' => '39.104.67.26:8901',
  'connection' => 'keep-alive',
  'upgrade-insecure-requests' => '1',
  'user-agent' => 'Mozilla/5.0 (Windows NT 6.1; Win64; x64) AppleWebKit/537.36 (KHTML, like Gecko) Chrome/67.0.3396.87 Safari/537.36',
  'accept' => 'text/html,application/xhtml+xml,application/xml;q=0.9,image/webp,image/apng,*/*;q=0.8',
  'referer' => 'http://39.104.67.26:8901/',
  'accept-encoding' => 'gzip, deflate',
  'accept-language' => 'zh-CN,zh;q=0.9',
  'cookie' => 'PHPSESSID=opvhkmdigj5lr7djlhrj45ves4',
)
[ info ] [ PARAM ] array (
)
[ info ] [ RUN ] app\index\controller\Index->user[ C:\thinkphp\application\index\controller\Index.php ]
[ info ] [ VIEW ] C:\thinkphp/application/index\view\index\login.html [ array (
) ]
[ info ] [ SESSION ] INIT array (
  'id' => '',
  'var_session_id' => '',
  'prefix' => 'think',
  'type' => '',
  'auto_start' => true,
)
[ info ] [ LOG ] INIT File
---------------------------------------------------------------
[ 2018-07-25T18:44:52+08:00 ] 172.24.189.12 221.220.36.44 POST /index/index/login
[ info ] 39.104.67.26:8901/index/index/login [运行时间：0.156248s][吞吐率：6.40req/s] [内存消耗：2,278.20kb] [文件加载：44]
[ info ] [ LANG ] C:\thinkphp\thinkphp\lang\zh-cn.php
[ info ] [ ROUTE ] array (
  'type' => 'module',
  'module' => 
  array (
    0 => 'index',
    1 => 'index',
    2 => 'login',
  ),
)
[ info ] [ HEADER ] array (
  'host' => '39.104.67.26:8901',
  'connection' => 'keep-alive',
  'content-length' => '34',
  'accept' => 'application/json, text/javascript, */*; q=0.01',
  'origin' => 'http://39.104.67.26:8901',
  'x-requested-with' => 'XMLHttpRequest',
  'user-agent' => 'Mozilla/5.0 (Windows NT 6.1; Win64; x64) AppleWebKit/537.36 (KHTML, like Gecko) Chrome/67.0.3396.87 Safari/537.36',
  'content-type' => 'application/x-www-form-urlencoded; charset=UTF-8',
  'referer' => 'http://39.104.67.26:8901/index/index/user.html',
  'accept-encoding' => 'gzip, deflate',
  'accept-language' => 'zh-CN,zh;q=0.9',
  'cookie' => 'PHPSESSID=opvhkmdigj5lr7djlhrj45ves4',
)
[ info ] [ PARAM ] array (
  'username' => 'bkrciot',
  'password' => '12345678',
)
[ info ] [ RUN ] app\index\controller\Index->login[ C:\thinkphp\application\index\controller\Index.php ]
[ info ] [ DB ] INIT mysql
[ info ] [ SESSION ] INIT array (
  'id' => '',
  'var_session_id' => '',
  'prefix' => 'think',
  'type' => '',
  'auto_start' => true,
)
[ info ] [ LOG ] INIT File
[ sql ] [ DB ] CONNECT:[ UseTime:0.000000s ] mysql:dbname=tp5;host=127.0.0.1;charset=utf8
[ sql ] [ SQL ] SHOW COLUMNS FROM `qs_user` [ RunTime:0.062500s ]
[ sql ] [ SQL ] SELECT `id` FROM `qs_user` WHERE  `username` = 'bkrciot' LIMIT 1 [ RunTime:0.046874s ]
[ sql ] [ SQL ] SELECT `password` FROM `qs_user` WHERE  `username` = 'bkrciot' LIMIT 1 [ RunTime:0.000000s ]
[ sql ] [ SQL ] UPDATE `qs_user`  SET `last_login_ip`='221.220.36.44',`last_login_time`='2018-07-25 06:44:52'  WHERE  `username` = 'bkrciot' [ RunTime:0.000000s ]
---------------------------------------------------------------
[ 2018-07-25T18:44:56+08:00 ] 172.24.189.12 221.220.36.44 GET /index/index/index/login
[ info ] 39.104.67.26:8901/index/index/index/login [运行时间：0.046875s][吞吐率：21.33req/s] [内存消耗：2,116.95kb] [文件加载：41]
[ info ] [ LANG ] C:\thinkphp\thinkphp\lang\zh-cn.php
[ info ] [ ROUTE ] array (
  'type' => 'module',
  'module' => 
  array (
    0 => 'index',
    1 => 'index',
    2 => 'index',
  ),
)
[ info ] [ HEADER ] array (
  'host' => '39.104.67.26:8901',
  'connection' => 'keep-alive',
  'upgrade-insecure-requests' => '1',
  'user-agent' => 'Mozilla/5.0 (Windows NT 6.1; Win64; x64) AppleWebKit/537.36 (KHTML, like Gecko) Chrome/67.0.3396.87 Safari/537.36',
  'accept' => 'text/html,application/xhtml+xml,application/xml;q=0.9,image/webp,image/apng,*/*;q=0.8',
  'referer' => 'http://39.104.67.26:8901/index/index/user.html',
  'accept-encoding' => 'gzip, deflate',
  'accept-language' => 'zh-CN,zh;q=0.9',
  'cookie' => 'PHPSESSID=opvhkmdigj5lr7djlhrj45ves4',
)
[ info ] [ PARAM ] array (
)
[ info ] [ RUN ] app\index\controller\Index->index[ C:\thinkphp\application\index\controller\Index.php ]
[ info ] [ SESSION ] INIT array (
  'id' => '',
  'var_session_id' => '',
  'prefix' => 'think',
  'type' => '',
  'auto_start' => true,
)
[ info ] [ DB ] INIT mysql
[ info ] [ VIEW ] C:\thinkphp/application/index\view\index\index.html [ array (
  0 => 'userdata',
  1 => 'event',
) ]
[ info ] [ LOG ] INIT File
[ sql ] [ DB ] CONNECT:[ UseTime:0.000000s ] mysql:dbname=tp5;host=127.0.0.1;charset=utf8
[ sql ] [ SQL ] SHOW COLUMNS FROM `qs_user` [ RunTime:0.000000s ]
[ sql ] [ SQL ] SELECT * FROM `qs_user` WHERE  `id` = 112 LIMIT 1 [ RunTime:0.000000s ]
[ sql ] [ SQL ] SHOW COLUMNS FROM `qs_event` [ RunTime:0.000000s ]
[ sql ] [ SQL ] SELECT * FROM `qs_event` ORDER BY id asc [ RunTime:0.000000s ]
---------------------------------------------------------------
[ 2018-07-25T18:45:02+08:00 ] 172.24.189.12 221.220.36.44 GET /admin/user/index.html
[ info ] 39.104.67.26:8901/admin/user/index.html [运行时间：0.031249s][吞吐率：32.00req/s] [内存消耗：1,385.09kb] [文件加载：34]
[ info ] [ LANG ] C:\thinkphp\thinkphp\lang\zh-cn.php
[ info ] [ ROUTE ] array (
  'type' => 'module',
  'module' => 
  array (
    0 => 'admin',
    1 => 'user',
    2 => 'index',
  ),
)
[ info ] [ HEADER ] array (
  'host' => '39.104.67.26:8901',
  'connection' => 'keep-alive',
  'upgrade-insecure-requests' => '1',
  'user-agent' => 'Mozilla/5.0 (Windows NT 6.1; Win64; x64) AppleWebKit/537.36 (KHTML, like Gecko) Chrome/67.0.3396.87 Safari/537.36',
  'accept' => 'text/html,application/xhtml+xml,application/xml;q=0.9,image/webp,image/apng,*/*;q=0.8',
  'referer' => 'http://39.104.67.26:8901/index/index/index/login',
  'accept-encoding' => 'gzip, deflate',
  'accept-language' => 'zh-CN,zh;q=0.9',
  'cookie' => 'PHPSESSID=opvhkmdigj5lr7djlhrj45ves4',
)
[ info ] [ PARAM ] array (
)
[ info ] [ RUN ] app\admin\controller\User->index[ C:\thinkphp\application\admin\controller\User.php ]
[ info ] [ VIEW ] C:\thinkphp/application/admin\view\user\login.html [ array (
) ]
[ info ] [ SESSION ] INIT array (
  'id' => '',
  'var_session_id' => '',
  'prefix' => 'think',
  'type' => '',
  'auto_start' => true,
)
[ info ] [ LOG ] INIT File
---------------------------------------------------------------
[ 2018-07-25T18:45:02+08:00 ] 172.24.189.12 221.220.36.44 GET /admin/index/index.html
[ info ] 39.104.67.26:8901/admin/index/index.html [运行时间：0.062499s][吞吐率：16.00req/s] [内存消耗：2,130.09kb] [文件加载：43]
[ info ] [ LANG ] C:\thinkphp\thinkphp\lang\zh-cn.php
[ info ] [ ROUTE ] array (
  'type' => 'module',
  'module' => 
  array (
    0 => 'admin',
    1 => 'index',
    2 => 'index',
  ),
)
[ info ] [ HEADER ] array (
  'host' => '39.104.67.26:8901',
  'connection' => 'keep-alive',
  'upgrade-insecure-requests' => '1',
  'user-agent' => 'Mozilla/5.0 (Windows NT 6.1; Win64; x64) AppleWebKit/537.36 (KHTML, like Gecko) Chrome/67.0.3396.87 Safari/537.36',
  'accept' => 'text/html,application/xhtml+xml,application/xml;q=0.9,image/webp,image/apng,*/*;q=0.8',
  'referer' => 'http://39.104.67.26:8901/admin/user/index.html',
  'accept-encoding' => 'gzip, deflate',
  'accept-language' => 'zh-CN,zh;q=0.9',
  'cookie' => 'PHPSESSID=opvhkmdigj5lr7djlhrj45ves4',
)
[ info ] [ PARAM ] array (
)
[ info ] [ SESSION ] INIT array (
  'id' => '',
  'var_session_id' => '',
  'prefix' => 'think',
  'type' => '',
  'auto_start' => true,
)
[ info ] [ DB ] INIT mysql
[ info ] [ RUN ] app\admin\controller\Index->index[ C:\thinkphp\application\admin\controller\Index.php ]
[ info ] [ VIEW ] C:\thinkphp/application/admin\view\index\index.html [ array (
  0 => 'menu',
) ]
[ info ] [ LOG ] INIT File
[ sql ] [ DB ] CONNECT:[ UseTime:0.000000s ] mysql:dbname=tp5;host=127.0.0.1;charset=utf8
[ sql ] [ SQL ] SHOW COLUMNS FROM `qs_auth_rule` [ RunTime:0.000000s ]
[ sql ] [ SQL ] SELECT * FROM `qs_auth_rule` WHERE  `status` = 1 ORDER BY `sort`  DESC,`id`  ASC [ RunTime:0.000000s ]
[ sql ] [ SQL ] SHOW COLUMNS FROM `qs_auth_group_access` [ RunTime:0.000000s ]
[ sql ] [ SQL ] SELECT `AuthGroupAccess`.`uid`,`AuthGroupAccess`.`group_id`,`AuthGroup`.`title`,`AuthGroup`.`rules` FROM `qs_auth_group_access` `AuthGroupAccess` LEFT JOIN `qs_auth_group` `AuthGroup` ON `AuthGroupAccess`.`group_id`=`AuthGroup`.`id` WHERE  (  AuthGroupAccess.uid='112' and AuthGroup.status='1' ) [ RunTime:0.000000s ]
[ sql ] [ SQL ] SELECT `condition`,`name` FROM `qs_auth_rule` WHERE  `id` IN (6,601,602,7,701,702)  AND `type` = 1 [ RunTime:0.000000s ]
---------------------------------------------------------------
[ 2018-07-25T18:45:02+08:00 ] 172.24.189.12 221.220.36.44 GET /admin/index/welcome.html
[ info ] 39.104.67.26:8901/admin/index/welcome.html [运行时间：0.046875s][吞吐率：21.33req/s] [内存消耗：2,068.36kb] [文件加载：42]
[ info ] [ LANG ] C:\thinkphp\thinkphp\lang\zh-cn.php
[ info ] [ ROUTE ] array (
  'type' => 'module',
  'module' => 
  array (
    0 => 'admin',
    1 => 'index',
    2 => 'welcome',
  ),
)
[ info ] [ HEADER ] array (
  'host' => '39.104.67.26:8901',
  'connection' => 'keep-alive',
  'upgrade-insecure-requests' => '1',
  'user-agent' => 'Mozilla/5.0 (Windows NT 6.1; Win64; x64) AppleWebKit/537.36 (KHTML, like Gecko) Chrome/67.0.3396.87 Safari/537.36',
  'accept' => 'text/html,application/xhtml+xml,application/xml;q=0.9,image/webp,image/apng,*/*;q=0.8',
  'referer' => 'http://39.104.67.26:8901/admin/index/index.html',
  'accept-encoding' => 'gzip, deflate',
  'accept-language' => 'zh-CN,zh;q=0.9',
  'cookie' => 'PHPSESSID=opvhkmdigj5lr7djlhrj45ves4',
)
[ info ] [ PARAM ] array (
)
[ info ] [ SESSION ] INIT array (
  'id' => '',
  'var_session_id' => '',
  'prefix' => 'think',
  'type' => '',
  'auto_start' => true,
)
[ info ] [ DB ] INIT mysql
[ info ] [ RUN ] app\admin\controller\Index->welcome[ C:\thinkphp\application\admin\controller\Index.php ]
[ info ] [ VIEW ] C:\thinkphp/application/admin\view\index\welcome.html [ array (
  0 => 'menu',
) ]
[ info ] [ LOG ] INIT File
[ sql ] [ DB ] CONNECT:[ UseTime:0.000000s ] mysql:dbname=tp5;host=127.0.0.1;charset=utf8
[ sql ] [ SQL ] SHOW COLUMNS FROM `qs_auth_rule` [ RunTime:0.000000s ]
[ sql ] [ SQL ] SELECT * FROM `qs_auth_rule` WHERE  `status` = 1 ORDER BY `sort`  DESC,`id`  ASC [ RunTime:0.015625s ]
[ sql ] [ SQL ] SHOW COLUMNS FROM `qs_auth_group_access` [ RunTime:0.000000s ]
[ sql ] [ SQL ] SELECT `AuthGroupAccess`.`uid`,`AuthGroupAccess`.`group_id`,`AuthGroup`.`title`,`AuthGroup`.`rules` FROM `qs_auth_group_access` `AuthGroupAccess` LEFT JOIN `qs_auth_group` `AuthGroup` ON `AuthGroupAccess`.`group_id`=`AuthGroup`.`id` WHERE  (  AuthGroupAccess.uid='112' and AuthGroup.status='1' ) [ RunTime:0.000000s ]
[ sql ] [ SQL ] SELECT `condition`,`name` FROM `qs_auth_rule` WHERE  `id` IN (6,601,602,7,701,702)  AND `type` = 1 [ RunTime:0.000000s ]
---------------------------------------------------------------
[ 2018-07-25T18:45:09+08:00 ] 172.24.189.12 221.220.36.44 GET /admin/index/qdqwcxs.html
[ info ] 39.104.67.26:8901/admin/index/qdqwcxs.html [运行时间：0.062501s][吞吐率：16.00req/s] [内存消耗：2,102.27kb] [文件加载：44]
[ info ] [ LANG ] C:\thinkphp\thinkphp\lang\zh-cn.php
[ info ] [ ROUTE ] array (
  'type' => 'module',
  'module' => 
  array (
    0 => 'admin',
    1 => 'index',
    2 => 'qdqwcxs',
  ),
)
[ info ] [ HEADER ] array (
  'host' => '39.104.67.26:8901',
  'connection' => 'keep-alive',
  'upgrade-insecure-requests' => '1',
  'user-agent' => 'Mozilla/5.0 (Windows NT 6.1; Win64; x64) AppleWebKit/537.36 (KHTML, like Gecko) Chrome/67.0.3396.87 Safari/537.36',
  'accept' => 'text/html,application/xhtml+xml,application/xml;q=0.9,image/webp,image/apng,*/*;q=0.8',
  'referer' => 'http://39.104.67.26:8901/admin/index/index.html',
  'accept-encoding' => 'gzip, deflate',
  'accept-language' => 'zh-CN,zh;q=0.9',
  'cookie' => 'PHPSESSID=opvhkmdigj5lr7djlhrj45ves4',
)
[ info ] [ PARAM ] array (
)
[ info ] [ SESSION ] INIT array (
  'id' => '',
  'var_session_id' => '',
  'prefix' => 'think',
  'type' => '',
  'auto_start' => true,
)
[ info ] [ DB ] INIT mysql
[ info ] [ LOG ] INIT File
[ sql ] [ DB ] CONNECT:[ UseTime:0.000000s ] mysql:dbname=tp5;host=127.0.0.1;charset=utf8
[ sql ] [ SQL ] SHOW COLUMNS FROM `qs_auth_rule` [ RunTime:0.000000s ]
[ sql ] [ SQL ] SELECT * FROM `qs_auth_rule` WHERE  `status` = 1 ORDER BY `sort`  DESC,`id`  ASC [ RunTime:0.000000s ]
[ sql ] [ SQL ] SHOW COLUMNS FROM `qs_auth_group_access` [ RunTime:0.015625s ]
[ sql ] [ SQL ] SELECT `AuthGroupAccess`.`uid`,`AuthGroupAccess`.`group_id`,`AuthGroup`.`title`,`AuthGroup`.`rules` FROM `qs_auth_group_access` `AuthGroupAccess` LEFT JOIN `qs_auth_group` `AuthGroup` ON `AuthGroupAccess`.`group_id`=`AuthGroup`.`id` WHERE  (  AuthGroupAccess.uid='112' and AuthGroup.status='1' ) [ RunTime:0.000000s ]
[ sql ] [ SQL ] SELECT `condition`,`name` FROM `qs_auth_rule` WHERE  `id` IN (6,601,602,7,701,702)  AND `type` = 1 [ RunTime:0.000000s ]
---------------------------------------------------------------
[ 2018-07-25T18:45:12+08:00 ] 172.24.189.12 221.220.36.44 GET /admin/user/logout.html
[ info ] 39.104.67.26:8901/admin/user/logout.html [运行时间：0.031250s][吞吐率：32.00req/s] [内存消耗：1,402.52kb] [文件加载：35]
[ info ] [ LANG ] C:\thinkphp\thinkphp\lang\zh-cn.php
[ info ] [ ROUTE ] array (
  'type' => 'module',
  'module' => 
  array (
    0 => 'admin',
    1 => 'user',
    2 => 'logout',
  ),
)
[ info ] [ HEADER ] array (
  'host' => '39.104.67.26:8901',
  'connection' => 'keep-alive',
  'upgrade-insecure-requests' => '1',
  'user-agent' => 'Mozilla/5.0 (Windows NT 6.1; Win64; x64) AppleWebKit/537.36 (KHTML, like Gecko) Chrome/67.0.3396.87 Safari/537.36',
  'accept' => 'text/html,application/xhtml+xml,application/xml;q=0.9,image/webp,image/apng,*/*;q=0.8',
  'referer' => 'http://39.104.67.26:8901/admin/index/index.html',
  'accept-encoding' => 'gzip, deflate',
  'accept-language' => 'zh-CN,zh;q=0.9',
  'cookie' => 'PHPSESSID=opvhkmdigj5lr7djlhrj45ves4',
)
[ info ] [ PARAM ] array (
)
[ info ] [ RUN ] app\admin\controller\User->logout[ C:\thinkphp\application\admin\controller\User.php ]
[ info ] [ SESSION ] INIT array (
  'id' => '',
  'var_session_id' => '',
  'prefix' => 'think',
  'type' => '',
  'auto_start' => true,
)
[ info ] [ LOG ] INIT File
---------------------------------------------------------------
[ 2018-07-25T18:45:12+08:00 ] 172.24.189.12 221.220.36.44 GET /admin/user/index.html
[ info ] 39.104.67.26:8901/admin/user/index.html [运行时间：0.015625s][吞吐率：64.00req/s] [内存消耗：1,323.30kb] [文件加载：33]
[ info ] [ LANG ] C:\thinkphp\thinkphp\lang\zh-cn.php
[ info ] [ ROUTE ] array (
  'type' => 'module',
  'module' => 
  array (
    0 => 'admin',
    1 => 'user',
    2 => 'index',
  ),
)
[ info ] [ HEADER ] array (
  'host' => '39.104.67.26:8901',
  'connection' => 'keep-alive',
  'upgrade-insecure-requests' => '1',
  'user-agent' => 'Mozilla/5.0 (Windows NT 6.1; Win64; x64) AppleWebKit/537.36 (KHTML, like Gecko) Chrome/67.0.3396.87 Safari/537.36',
  'accept' => 'text/html,application/xhtml+xml,application/xml;q=0.9,image/webp,image/apng,*/*;q=0.8',
  'referer' => 'http://39.104.67.26:8901/admin/index/index.html',
  'accept-encoding' => 'gzip, deflate',
  'accept-language' => 'zh-CN,zh;q=0.9',
  'cookie' => 'PHPSESSID=opvhkmdigj5lr7djlhrj45ves4',
)
[ info ] [ PARAM ] array (
)
[ info ] [ RUN ] app\admin\controller\User->index[ C:\thinkphp\application\admin\controller\User.php ]
[ info ] [ VIEW ] C:\thinkphp/application/admin\view\user\login.html [ array (
) ]
[ info ] [ SESSION ] INIT array (
  'id' => '',
  'var_session_id' => '',
  'prefix' => 'think',
  'type' => '',
  'auto_start' => true,
)
[ info ] [ LOG ] INIT File
---------------------------------------------------------------
[ 2018-07-25T18:45:15+08:00 ] 172.24.189.12 221.220.36.44 POST /admin/user/login
[ info ] 39.104.67.26:8901/admin/user/login [运行时间：0.109376s][吞吐率：9.14req/s] [内存消耗：2,309.50kb] [文件加载：44]
[ info ] [ LANG ] C:\thinkphp\thinkphp\lang\zh-cn.php
[ info ] [ ROUTE ] array (
  'type' => 'module',
  'module' => 
  array (
    0 => 'admin',
    1 => 'user',
    2 => 'login',
  ),
)
[ info ] [ HEADER ] array (
  'host' => '39.104.67.26:8901',
  'connection' => 'keep-alive',
  'content-length' => '30',
  'accept' => 'application/json, text/javascript, */*; q=0.01',
  'origin' => 'http://39.104.67.26:8901',
  'x-requested-with' => 'XMLHttpRequest',
  'user-agent' => 'Mozilla/5.0 (Windows NT 6.1; Win64; x64) AppleWebKit/537.36 (KHTML, like Gecko) Chrome/67.0.3396.87 Safari/537.36',
  'content-type' => 'application/x-www-form-urlencoded; charset=UTF-8',
  'referer' => 'http://39.104.67.26:8901/admin/user/index.html',
  'accept-encoding' => 'gzip, deflate',
  'accept-language' => 'zh-CN,zh;q=0.9',
  'cookie' => 'PHPSESSID=opvhkmdigj5lr7djlhrj45ves4',
)
[ info ] [ PARAM ] array (
  'username' => 'USTB',
  'password' => 'iot1024',
)
[ info ] [ RUN ] app\admin\controller\User->login[ C:\thinkphp\application\admin\controller\User.php ]
[ info ] [ DB ] INIT mysql
[ info ] [ SESSION ] INIT array (
  'id' => '',
  'var_session_id' => '',
  'prefix' => 'think',
  'type' => '',
  'auto_start' => true,
)
[ info ] [ LOG ] INIT File
[ sql ] [ DB ] CONNECT:[ UseTime:0.000000s ] mysql:dbname=tp5;host=127.0.0.1;charset=utf8
[ sql ] [ SQL ] SHOW COLUMNS FROM `qs_user` [ RunTime:0.000000s ]
[ sql ] [ SQL ] SELECT `id` FROM `qs_user` WHERE  `username` = 'USTB' LIMIT 1 [ RunTime:0.000000s ]
[ sql ] [ SQL ] SELECT `password` FROM `qs_user` WHERE  `username` = 'USTB' LIMIT 1 [ RunTime:0.000000s ]
[ sql ] [ SQL ] UPDATE `qs_user`  SET `last_login_ip`='221.220.36.44',`last_login_time`='2018-07-25 06:45:15'  WHERE  `username` = 'USTB' [ RunTime:0.000000s ]
---------------------------------------------------------------
[ 2018-07-25T18:45:18+08:00 ] 172.24.189.12 221.220.36.44 GET /admin/user/index/index
[ info ] 39.104.67.26:8901/admin/user/index/index [运行时间：0.015626s][吞吐率：64.00req/s] [内存消耗：1,385.11kb] [文件加载：34]
[ info ] [ LANG ] C:\thinkphp\thinkphp\lang\zh-cn.php
[ info ] [ ROUTE ] array (
  'type' => 'module',
  'module' => 
  array (
    0 => 'admin',
    1 => 'user',
    2 => 'index',
  ),
)
[ info ] [ HEADER ] array (
  'host' => '39.104.67.26:8901',
  'connection' => 'keep-alive',
  'upgrade-insecure-requests' => '1',
  'user-agent' => 'Mozilla/5.0 (Windows NT 6.1; Win64; x64) AppleWebKit/537.36 (KHTML, like Gecko) Chrome/67.0.3396.87 Safari/537.36',
  'accept' => 'text/html,application/xhtml+xml,application/xml;q=0.9,image/webp,image/apng,*/*;q=0.8',
  'referer' => 'http://39.104.67.26:8901/admin/user/index.html',
  'accept-encoding' => 'gzip, deflate',
  'accept-language' => 'zh-CN,zh;q=0.9',
  'cookie' => 'PHPSESSID=opvhkmdigj5lr7djlhrj45ves4',
)
[ info ] [ PARAM ] array (
)
[ info ] [ RUN ] app\admin\controller\User->index[ C:\thinkphp\application\admin\controller\User.php ]
[ info ] [ VIEW ] C:\thinkphp/application/admin\view\user\login.html [ array (
) ]
[ info ] [ SESSION ] INIT array (
  'id' => '',
  'var_session_id' => '',
  'prefix' => 'think',
  'type' => '',
  'auto_start' => true,
)
[ info ] [ LOG ] INIT File
---------------------------------------------------------------
[ 2018-07-25T18:45:18+08:00 ] 172.24.189.12 221.220.36.44 GET /admin/index/index.html
[ info ] 39.104.67.26:8901/admin/index/index.html [运行时间：0.046876s][吞吐率：21.33req/s] [内存消耗：2,146.63kb] [文件加载：43]
[ info ] [ LANG ] C:\thinkphp\thinkphp\lang\zh-cn.php
[ info ] [ ROUTE ] array (
  'type' => 'module',
  'module' => 
  array (
    0 => 'admin',
    1 => 'index',
    2 => 'index',
  ),
)
[ info ] [ HEADER ] array (
  'host' => '39.104.67.26:8901',
  'connection' => 'keep-alive',
  'upgrade-insecure-requests' => '1',
  'user-agent' => 'Mozilla/5.0 (Windows NT 6.1; Win64; x64) AppleWebKit/537.36 (KHTML, like Gecko) Chrome/67.0.3396.87 Safari/537.36',
  'accept' => 'text/html,application/xhtml+xml,application/xml;q=0.9,image/webp,image/apng,*/*;q=0.8',
  'referer' => 'http://39.104.67.26:8901/admin/user/index/index',
  'accept-encoding' => 'gzip, deflate',
  'accept-language' => 'zh-CN,zh;q=0.9',
  'cookie' => 'PHPSESSID=opvhkmdigj5lr7djlhrj45ves4',
)
[ info ] [ PARAM ] array (
)
[ info ] [ SESSION ] INIT array (
  'id' => '',
  'var_session_id' => '',
  'prefix' => 'think',
  'type' => '',
  'auto_start' => true,
)
[ info ] [ DB ] INIT mysql
[ info ] [ RUN ] app\admin\controller\Index->index[ C:\thinkphp\application\admin\controller\Index.php ]
[ info ] [ VIEW ] C:\thinkphp/application/admin\view\index\index.html [ array (
  0 => 'menu',
) ]
[ info ] [ LOG ] INIT File
[ sql ] [ DB ] CONNECT:[ UseTime:0.000000s ] mysql:dbname=tp5;host=127.0.0.1;charset=utf8
[ sql ] [ SQL ] SHOW COLUMNS FROM `qs_auth_rule` [ RunTime:0.000000s ]
[ sql ] [ SQL ] SELECT * FROM `qs_auth_rule` WHERE  `status` = 1 ORDER BY `sort`  DESC,`id`  ASC [ RunTime:0.000000s ]
[ sql ] [ SQL ] SHOW COLUMNS FROM `qs_auth_group_access` [ RunTime:0.000000s ]
[ sql ] [ SQL ] SELECT `AuthGroupAccess`.`uid`,`AuthGroupAccess`.`group_id`,`AuthGroup`.`title`,`AuthGroup`.`rules` FROM `qs_auth_group_access` `AuthGroupAccess` LEFT JOIN `qs_auth_group` `AuthGroup` ON `AuthGroupAccess`.`group_id`=`AuthGroup`.`id` WHERE  (  AuthGroupAccess.uid='1' and AuthGroup.status='1' ) [ RunTime:0.000000s ]
[ sql ] [ SQL ] SELECT `condition`,`name` FROM `qs_auth_rule` WHERE  `id` IN (1,3,5,6,7,101,102,103,301,302,501,601,602)  AND `type` = 1 [ RunTime:0.015625s ]
---------------------------------------------------------------
[ 2018-07-25T18:45:18+08:00 ] 172.24.189.12 221.220.36.44 GET /admin/index/welcome.html
[ info ] 39.104.67.26:8901/admin/index/welcome.html [运行时间：0.046876s][吞吐率：21.33req/s] [内存消耗：2,084.88kb] [文件加载：42]
[ info ] [ LANG ] C:\thinkphp\thinkphp\lang\zh-cn.php
[ info ] [ ROUTE ] array (
  'type' => 'module',
  'module' => 
  array (
    0 => 'admin',
    1 => 'index',
    2 => 'welcome',
  ),
)
[ info ] [ HEADER ] array (
  'host' => '39.104.67.26:8901',
  'connection' => 'keep-alive',
  'upgrade-insecure-requests' => '1',
  'user-agent' => 'Mozilla/5.0 (Windows NT 6.1; Win64; x64) AppleWebKit/537.36 (KHTML, like Gecko) Chrome/67.0.3396.87 Safari/537.36',
  'accept' => 'text/html,application/xhtml+xml,application/xml;q=0.9,image/webp,image/apng,*/*;q=0.8',
  'referer' => 'http://39.104.67.26:8901/admin/index/index.html',
  'accept-encoding' => 'gzip, deflate',
  'accept-language' => 'zh-CN,zh;q=0.9',
  'cookie' => 'PHPSESSID=opvhkmdigj5lr7djlhrj45ves4',
)
[ info ] [ PARAM ] array (
)
[ info ] [ SESSION ] INIT array (
  'id' => '',
  'var_session_id' => '',
  'prefix' => 'think',
  'type' => '',
  'auto_start' => true,
)
[ info ] [ DB ] INIT mysql
[ info ] [ RUN ] app\admin\controller\Index->welcome[ C:\thinkphp\application\admin\controller\Index.php ]
[ info ] [ VIEW ] C:\thinkphp/application/admin\view\index\welcome.html [ array (
  0 => 'menu',
) ]
[ info ] [ LOG ] INIT File
[ sql ] [ DB ] CONNECT:[ UseTime:0.000000s ] mysql:dbname=tp5;host=127.0.0.1;charset=utf8
[ sql ] [ SQL ] SHOW COLUMNS FROM `qs_auth_rule` [ RunTime:0.000000s ]
[ sql ] [ SQL ] SELECT * FROM `qs_auth_rule` WHERE  `status` = 1 ORDER BY `sort`  DESC,`id`  ASC [ RunTime:0.000000s ]
[ sql ] [ SQL ] SHOW COLUMNS FROM `qs_auth_group_access` [ RunTime:0.000000s ]
[ sql ] [ SQL ] SELECT `AuthGroupAccess`.`uid`,`AuthGroupAccess`.`group_id`,`AuthGroup`.`title`,`AuthGroup`.`rules` FROM `qs_auth_group_access` `AuthGroupAccess` LEFT JOIN `qs_auth_group` `AuthGroup` ON `AuthGroupAccess`.`group_id`=`AuthGroup`.`id` WHERE  (  AuthGroupAccess.uid='1' and AuthGroup.status='1' ) [ RunTime:0.000000s ]
[ sql ] [ SQL ] SELECT `condition`,`name` FROM `qs_auth_rule` WHERE  `id` IN (1,3,5,6,7,101,102,103,301,302,501,601,602)  AND `type` = 1 [ RunTime:0.000000s ]
---------------------------------------------------------------
[ 2018-07-25T18:45:28+08:00 ] 172.24.189.12 221.220.36.44 GET /admin/user/userlist.html
[ info ] 39.104.67.26:8901/admin/user/userlist.html [运行时间：0.062501s][吞吐率：16.00req/s] [内存消耗：2,237.52kb] [文件加载：44]
[ info ] [ LANG ] C:\thinkphp\thinkphp\lang\zh-cn.php
[ info ] [ ROUTE ] array (
  'type' => 'module',
  'module' => 
  array (
    0 => 'admin',
    1 => 'user',
    2 => 'userlist',
  ),
)
[ info ] [ HEADER ] array (
  'host' => '39.104.67.26:8901',
  'connection' => 'keep-alive',
  'upgrade-insecure-requests' => '1',
  'user-agent' => 'Mozilla/5.0 (Windows NT 6.1; Win64; x64) AppleWebKit/537.36 (KHTML, like Gecko) Chrome/67.0.3396.87 Safari/537.36',
  'accept' => 'text/html,application/xhtml+xml,application/xml;q=0.9,image/webp,image/apng,*/*;q=0.8',
  'referer' => 'http://39.104.67.26:8901/admin/index/index.html',
  'accept-encoding' => 'gzip, deflate',
  'accept-language' => 'zh-CN,zh;q=0.9',
  'cookie' => 'PHPSESSID=opvhkmdigj5lr7djlhrj45ves4',
)
[ info ] [ PARAM ] array (
)
[ info ] [ RUN ] app\admin\controller\User->userlist[ C:\thinkphp\application\admin\controller\User.php ]
[ info ] [ DB ] INIT mysql
[ info ] [ VIEW ] C:\thinkphp/application/admin\view\user\userlist.html [ array (
  0 => 'users',
) ]
[ info ] [ LOG ] INIT File
[ sql ] [ DB ] CONNECT:[ UseTime:0.000000s ] mysql:dbname=tp5;host=127.0.0.1;charset=utf8
[ sql ] [ SQL ] SHOW COLUMNS FROM `qs_user` [ RunTime:0.000000s ]
[ sql ] [ SQL ] SELECT COUNT(*) AS tp_count FROM `qs_user` LIMIT 1 [ RunTime:0.000000s ]
[ sql ] [ SQL ] SELECT * FROM `qs_user` ORDER BY id asc LIMIT 0,12 [ RunTime:0.000000s ]
---------------------------------------------------------------
[ 2018-07-25T18:45:30+08:00 ] 172.24.189.12 221.220.36.44 GET /admin/auth/index.html
[ info ] 39.104.67.26:8901/admin/auth/index.html [运行时间：0.078126s][吞吐率：12.80req/s] [内存消耗：2,223.78kb] [文件加载：43]
[ info ] [ LANG ] C:\thinkphp\thinkphp\lang\zh-cn.php
[ info ] [ ROUTE ] array (
  'type' => 'module',
  'module' => 
  array (
    0 => 'admin',
    1 => 'auth',
    2 => 'index',
  ),
)
[ info ] [ HEADER ] array (
  'host' => '39.104.67.26:8901',
  'connection' => 'keep-alive',
  'upgrade-insecure-requests' => '1',
  'user-agent' => 'Mozilla/5.0 (Windows NT 6.1; Win64; x64) AppleWebKit/537.36 (KHTML, like Gecko) Chrome/67.0.3396.87 Safari/537.36',
  'accept' => 'text/html,application/xhtml+xml,application/xml;q=0.9,image/webp,image/apng,*/*;q=0.8',
  'referer' => 'http://39.104.67.26:8901/admin/index/index.html',
  'accept-encoding' => 'gzip, deflate',
  'accept-language' => 'zh-CN,zh;q=0.9',
  'cookie' => 'PHPSESSID=opvhkmdigj5lr7djlhrj45ves4',
)
[ info ] [ PARAM ] array (
)
[ info ] [ SESSION ] INIT array (
  'id' => '',
  'var_session_id' => '',
  'prefix' => 'think',
  'type' => '',
  'auto_start' => true,
)
[ info ] [ DB ] INIT mysql
[ info ] [ RUN ] app\admin\controller\auth->index[ C:\thinkphp\application\admin\controller\Auth.php ]
[ info ] [ VIEW ] C:\thinkphp/application/admin\view\auth\index.html [ array (
  0 => 'menu',
  1 => 'auth',
) ]
[ info ] [ LOG ] INIT File
[ sql ] [ DB ] CONNECT:[ UseTime:0.000000s ] mysql:dbname=tp5;host=127.0.0.1;charset=utf8
[ sql ] [ SQL ] SHOW COLUMNS FROM `qs_auth_rule` [ RunTime:0.000000s ]
[ sql ] [ SQL ] SELECT * FROM `qs_auth_rule` WHERE  `status` = 1 ORDER BY `sort`  DESC,`id`  ASC [ RunTime:0.000000s ]
[ sql ] [ SQL ] SHOW COLUMNS FROM `qs_auth_group_access` [ RunTime:0.015626s ]
[ sql ] [ SQL ] SELECT `AuthGroupAccess`.`uid`,`AuthGroupAccess`.`group_id`,`AuthGroup`.`title`,`AuthGroup`.`rules` FROM `qs_auth_group_access` `AuthGroupAccess` LEFT JOIN `qs_auth_group` `AuthGroup` ON `AuthGroupAccess`.`group_id`=`AuthGroup`.`id` WHERE  (  AuthGroupAccess.uid='1' and AuthGroup.status='1' ) [ RunTime:0.000000s ]
[ sql ] [ SQL ] SELECT `condition`,`name` FROM `qs_auth_rule` WHERE  `id` IN (1,3,5,6,7,101,102,103,301,302,501,601,602)  AND `type` = 1 [ RunTime:0.000000s ]
[ sql ] [ SQL ] SELECT * FROM `qs_auth_rule` ORDER BY `sort`  DESC,`id`  ASC [ RunTime:0.000000s ]
---------------------------------------------------------------
[ 2018-07-25T18:45:32+08:00 ] 172.24.189.12 221.220.36.44 GET /admin/auth/showrole.html
[ info ] 39.104.67.26:8901/admin/auth/showrole.html [运行时间：0.062500s][吞吐率：16.00req/s] [内存消耗：2,231.78kb] [文件加载：45]
[ info ] [ LANG ] C:\thinkphp\thinkphp\lang\zh-cn.php
[ info ] [ ROUTE ] array (
  'type' => 'module',
  'module' => 
  array (
    0 => 'admin',
    1 => 'auth',
    2 => 'showrole',
  ),
)
[ info ] [ HEADER ] array (
  'host' => '39.104.67.26:8901',
  'connection' => 'keep-alive',
  'upgrade-insecure-requests' => '1',
  'user-agent' => 'Mozilla/5.0 (Windows NT 6.1; Win64; x64) AppleWebKit/537.36 (KHTML, like Gecko) Chrome/67.0.3396.87 Safari/537.36',
  'accept' => 'text/html,application/xhtml+xml,application/xml;q=0.9,image/webp,image/apng,*/*;q=0.8',
  'referer' => 'http://39.104.67.26:8901/admin/index/index.html',
  'accept-encoding' => 'gzip, deflate',
  'accept-language' => 'zh-CN,zh;q=0.9',
  'cookie' => 'PHPSESSID=opvhkmdigj5lr7djlhrj45ves4',
)
[ info ] [ PARAM ] array (
)
[ info ] [ SESSION ] INIT array (
  'id' => '',
  'var_session_id' => '',
  'prefix' => 'think',
  'type' => '',
  'auto_start' => true,
)
[ info ] [ DB ] INIT mysql
[ info ] [ RUN ] app\admin\controller\auth->showRole[ C:\thinkphp\application\admin\controller\Auth.php ]
[ info ] [ VIEW ] C:\thinkphp/application/admin\view\auth\role.html [ array (
  0 => 'menu',
  1 => 'role',
) ]
[ info ] [ LOG ] INIT File
[ sql ] [ DB ] CONNECT:[ UseTime:0.000000s ] mysql:dbname=tp5;host=127.0.0.1;charset=utf8
[ sql ] [ SQL ] SHOW COLUMNS FROM `qs_auth_rule` [ RunTime:0.015625s ]
[ sql ] [ SQL ] SELECT * FROM `qs_auth_rule` WHERE  `status` = 1 ORDER BY `sort`  DESC,`id`  ASC [ RunTime:0.000000s ]
[ sql ] [ SQL ] SHOW COLUMNS FROM `qs_auth_group_access` [ RunTime:0.000000s ]
[ sql ] [ SQL ] SELECT `AuthGroupAccess`.`uid`,`AuthGroupAccess`.`group_id`,`AuthGroup`.`title`,`AuthGroup`.`rules` FROM `qs_auth_group_access` `AuthGroupAccess` LEFT JOIN `qs_auth_group` `AuthGroup` ON `AuthGroupAccess`.`group_id`=`AuthGroup`.`id` WHERE  (  AuthGroupAccess.uid='1' and AuthGroup.status='1' ) [ RunTime:0.000000s ]
[ sql ] [ SQL ] SELECT `condition`,`name` FROM `qs_auth_rule` WHERE  `id` IN (1,3,5,6,7,101,102,103,301,302,501,601,602)  AND `type` = 1 [ RunTime:0.000000s ]
[ sql ] [ SQL ] SHOW COLUMNS FROM `qs_auth_group` [ RunTime:0.000000s ]
[ sql ] [ SQL ] SELECT COUNT(*) AS tp_count FROM `qs_auth_group` LIMIT 1 [ RunTime:0.000000s ]
[ sql ] [ SQL ] SELECT * FROM `qs_auth_group` ORDER BY id desc LIMIT 0,15 [ RunTime:0.000000s ]
---------------------------------------------------------------
[ 2018-07-25T18:45:37+08:00 ] 172.24.189.12 221.220.36.44 GET /admin/dc_manage/manage.html
[ info ] 39.104.67.26:8901/admin/dc_manage/manage.html [运行时间：0.109377s][吞吐率：9.14req/s] [内存消耗：2,217.26kb] [文件加载：43]
[ info ] [ LANG ] C:\thinkphp\thinkphp\lang\zh-cn.php
[ info ] [ ROUTE ] array (
  'type' => 'module',
  'module' => 
  array (
    0 => 'admin',
    1 => 'dc_manage',
    2 => 'manage',
  ),
)
[ info ] [ HEADER ] array (
  'host' => '39.104.67.26:8901',
  'connection' => 'keep-alive',
  'upgrade-insecure-requests' => '1',
  'user-agent' => 'Mozilla/5.0 (Windows NT 6.1; Win64; x64) AppleWebKit/537.36 (KHTML, like Gecko) Chrome/67.0.3396.87 Safari/537.36',
  'accept' => 'text/html,application/xhtml+xml,application/xml;q=0.9,image/webp,image/apng,*/*;q=0.8',
  'referer' => 'http://39.104.67.26:8901/admin/index/index.html',
  'accept-encoding' => 'gzip, deflate',
  'accept-language' => 'zh-CN,zh;q=0.9',
  'cookie' => 'PHPSESSID=opvhkmdigj5lr7djlhrj45ves4',
)
[ info ] [ PARAM ] array (
)
[ info ] [ SESSION ] INIT array (
  'id' => '',
  'var_session_id' => '',
  'prefix' => 'think',
  'type' => '',
  'auto_start' => true,
)
[ info ] [ DB ] INIT mysql
[ info ] [ RUN ] app\admin\controller\DcManage->manage[ C:\thinkphp\application\admin\controller\DcManage.php ]
[ info ] [ VIEW ] C:\thinkphp/application/admin\view\dc_manage\manage.html [ array (
  0 => 'menu',
  1 => 'db_names',
  2 => 'count',
) ]
[ info ] [ LOG ] INIT File
[ sql ] [ DB ] CONNECT:[ UseTime:0.000000s ] mysql:dbname=tp5;host=127.0.0.1;charset=utf8
[ sql ] [ SQL ] SHOW COLUMNS FROM `qs_auth_rule` [ RunTime:0.000000s ]
[ sql ] [ SQL ] SELECT * FROM `qs_auth_rule` WHERE  `status` = 1 ORDER BY `sort`  DESC,`id`  ASC [ RunTime:0.000000s ]
[ sql ] [ SQL ] SHOW COLUMNS FROM `qs_auth_group_access` [ RunTime:0.015625s ]
[ sql ] [ SQL ] SELECT `AuthGroupAccess`.`uid`,`AuthGroupAccess`.`group_id`,`AuthGroup`.`title`,`AuthGroup`.`rules` FROM `qs_auth_group_access` `AuthGroupAccess` LEFT JOIN `qs_auth_group` `AuthGroup` ON `AuthGroupAccess`.`group_id`=`AuthGroup`.`id` WHERE  (  AuthGroupAccess.uid='1' and AuthGroup.status='1' ) [ RunTime:0.000000s ]
[ sql ] [ SQL ] SELECT `condition`,`name` FROM `qs_auth_rule` WHERE  `id` IN (1,3,5,6,7,101,102,103,301,302,501,601,602)  AND `type` = 1 [ RunTime:0.000000s ]
[ sql ] [ SQL ] SHOW COLUMNS FROM `qs_experiment_type_store` [ RunTime:0.000000s ]
[ sql ] [ SQL ] SELECT * FROM `qs_experiment_type_store` [ RunTime:0.000000s ]
---------------------------------------------------------------
[ 2018-07-25T18:45:57+08:00 ] 172.24.189.12 221.220.36.44 GET /platform/user/index.html
[ info ] 39.104.67.26:8901/platform/user/index.html [运行时间：0.046876s][吞吐率：21.33req/s] [内存消耗：1,366.73kb] [文件加载：34]
[ info ] [ LANG ] C:\thinkphp\thinkphp\lang\zh-cn.php
[ info ] [ ROUTE ] array (
  'type' => 'module',
  'module' => 
  array (
    0 => 'platform',
    1 => 'user',
    2 => 'index',
  ),
)
[ info ] [ HEADER ] array (
  'host' => '39.104.67.26:8901',
  'connection' => 'keep-alive',
  'upgrade-insecure-requests' => '1',
  'user-agent' => 'Mozilla/5.0 (Windows NT 6.1; Win64; x64) AppleWebKit/537.36 (KHTML, like Gecko) Chrome/67.0.3396.87 Safari/537.36',
  'accept' => 'text/html,application/xhtml+xml,application/xml;q=0.9,image/webp,image/apng,*/*;q=0.8',
  'referer' => 'http://39.104.67.26:8901/admin/index/index.html',
  'accept-encoding' => 'gzip, deflate',
  'accept-language' => 'zh-CN,zh;q=0.9',
  'cookie' => 'PHPSESSID=opvhkmdigj5lr7djlhrj45ves4',
)
[ info ] [ PARAM ] array (
)
[ info ] [ RUN ] app\platform\controller\User->index[ C:\thinkphp\application\platform\controller\User.php ]
[ info ] [ VIEW ] C:\thinkphp/application/platform\view\user\login.html [ array (
) ]
[ info ] [ SESSION ] INIT array (
  'id' => '',
  'var_session_id' => '',
  'prefix' => 'think',
  'type' => '',
  'auto_start' => true,
)
[ info ] [ LOG ] INIT File
---------------------------------------------------------------
[ 2018-07-25T18:45:57+08:00 ] 172.24.189.12 221.220.36.44 GET /platform/index/index.html
[ info ] 39.104.67.26:8901/platform/index/index.html [运行时间：0.093751s][吞吐率：10.67req/s] [内存消耗：2,106.06kb] [文件加载：42]
[ info ] [ LANG ] C:\thinkphp\thinkphp\lang\zh-cn.php
[ info ] [ ROUTE ] array (
  'type' => 'module',
  'module' => 
  array (
    0 => 'platform',
    1 => 'index',
    2 => 'index',
  ),
)
[ info ] [ HEADER ] array (
  'host' => '39.104.67.26:8901',
  'connection' => 'keep-alive',
  'upgrade-insecure-requests' => '1',
  'user-agent' => 'Mozilla/5.0 (Windows NT 6.1; Win64; x64) AppleWebKit/537.36 (KHTML, like Gecko) Chrome/67.0.3396.87 Safari/537.36',
  'accept' => 'text/html,application/xhtml+xml,application/xml;q=0.9,image/webp,image/apng,*/*;q=0.8',
  'referer' => 'http://39.104.67.26:8901/platform/user/index.html',
  'accept-encoding' => 'gzip, deflate',
  'accept-language' => 'zh-CN,zh;q=0.9',
  'cookie' => 'PHPSESSID=opvhkmdigj5lr7djlhrj45ves4',
)
[ info ] [ PARAM ] array (
)
[ info ] [ SESSION ] INIT array (
  'id' => '',
  'var_session_id' => '',
  'prefix' => 'think',
  'type' => '',
  'auto_start' => true,
)
[ info ] [ DB ] INIT mysql
[ info ] [ RUN ] app\platform\controller\Index->index[ C:\thinkphp\application\platform\controller\Index.php ]
[ info ] [ VIEW ] C:\thinkphp/application/platform\view\index\index.html [ array (
  0 => 'menu',
) ]
[ info ] [ LOG ] INIT File
[ sql ] [ DB ] CONNECT:[ UseTime:0.000000s ] mysql:dbname=tp5;host=127.0.0.1;charset=utf8
[ sql ] [ SQL ] SHOW COLUMNS FROM `qs_experiment_application` [ RunTime:0.015625s ]
[ sql ] [ SQL ] SELECT * FROM `qs_experiment_application` WHERE  `uid` = 1 ORDER BY `id`  ASC [ RunTime:0.015625s ]
[ sql ] [ SQL ] SHOW COLUMNS FROM `qs_experiment_device` [ RunTime:0.015625s ]
[ sql ] [ SQL ] SELECT * FROM `qs_experiment_device` WHERE  `aid` = 4 ORDER BY `id`  ASC [ RunTime:0.015625s ]
[ sql ] [ SQL ] SELECT * FROM `qs_experiment_device` WHERE  `aid` = 10 ORDER BY `id`  ASC [ RunTime:0.000000s ]
[ sql ] [ SQL ] SELECT * FROM `qs_experiment_device` WHERE  `aid` = 26 ORDER BY `id`  ASC [ RunTime:0.000000s ]
---------------------------------------------------------------
[ 2018-07-25T18:45:57+08:00 ] 172.24.189.12 221.220.36.44 GET /platform/index/welcome.html
[ info ] 39.104.67.26:8901/platform/index/welcome.html [运行时间：0.046876s][吞吐率：21.33req/s] [内存消耗：2,044.31kb] [文件加载：41]
[ info ] [ LANG ] C:\thinkphp\thinkphp\lang\zh-cn.php
[ info ] [ ROUTE ] array (
  'type' => 'module',
  'module' => 
  array (
    0 => 'platform',
    1 => 'index',
    2 => 'welcome',
  ),
)
[ info ] [ HEADER ] array (
  'host' => '39.104.67.26:8901',
  'connection' => 'keep-alive',
  'upgrade-insecure-requests' => '1',
  'user-agent' => 'Mozilla/5.0 (Windows NT 6.1; Win64; x64) AppleWebKit/537.36 (KHTML, like Gecko) Chrome/67.0.3396.87 Safari/537.36',
  'accept' => 'text/html,application/xhtml+xml,application/xml;q=0.9,image/webp,image/apng,*/*;q=0.8',
  'referer' => 'http://39.104.67.26:8901/platform/index/index.html',
  'accept-encoding' => 'gzip, deflate',
  'accept-language' => 'zh-CN,zh;q=0.9',
  'cookie' => 'PHPSESSID=opvhkmdigj5lr7djlhrj45ves4',
)
[ info ] [ PARAM ] array (
)
[ info ] [ SESSION ] INIT array (
  'id' => '',
  'var_session_id' => '',
  'prefix' => 'think',
  'type' => '',
  'auto_start' => true,
)
[ info ] [ DB ] INIT mysql
[ info ] [ RUN ] app\platform\controller\Index->welcome[ C:\thinkphp\application\platform\controller\Index.php ]
[ info ] [ VIEW ] C:\thinkphp/application/platform\view\index\welcome.html [ array (
  0 => 'menu',
) ]
[ info ] [ LOG ] INIT File
[ sql ] [ DB ] CONNECT:[ UseTime:0.000000s ] mysql:dbname=tp5;host=127.0.0.1;charset=utf8
[ sql ] [ SQL ] SHOW COLUMNS FROM `qs_experiment_application` [ RunTime:0.000000s ]
[ sql ] [ SQL ] SELECT * FROM `qs_experiment_application` WHERE  `uid` = 1 ORDER BY `id`  ASC [ RunTime:0.000000s ]
[ sql ] [ SQL ] SHOW COLUMNS FROM `qs_experiment_device` [ RunTime:0.015625s ]
[ sql ] [ SQL ] SELECT * FROM `qs_experiment_device` WHERE  `aid` = 4 ORDER BY `id`  ASC [ RunTime:0.000000s ]
[ sql ] [ SQL ] SELECT * FROM `qs_experiment_device` WHERE  `aid` = 10 ORDER BY `id`  ASC [ RunTime:0.000000s ]
[ sql ] [ SQL ] SELECT * FROM `qs_experiment_device` WHERE  `aid` = 26 ORDER BY `id`  ASC [ RunTime:0.000000s ]
---------------------------------------------------------------
[ 2018-07-25T18:46:03+08:00 ] 172.24.189.12 221.220.36.44 GET /admin/user/index.html
[ info ] 39.104.67.26:8901/admin/user/index.html [运行时间：0.031251s][吞吐率：32.00req/s] [内存消耗：1,385.13kb] [文件加载：34]
[ info ] [ LANG ] C:\thinkphp\thinkphp\lang\zh-cn.php
[ info ] [ ROUTE ] array (
  'type' => 'module',
  'module' => 
  array (
    0 => 'admin',
    1 => 'user',
    2 => 'index',
  ),
)
[ info ] [ HEADER ] array (
  'host' => '39.104.67.26:8901',
  'connection' => 'keep-alive',
  'upgrade-insecure-requests' => '1',
  'user-agent' => 'Mozilla/5.0 (Windows NT 6.1; Win64; x64) AppleWebKit/537.36 (KHTML, like Gecko) Chrome/67.0.3396.87 Safari/537.36',
  'accept' => 'text/html,application/xhtml+xml,application/xml;q=0.9,image/webp,image/apng,*/*;q=0.8',
  'referer' => 'http://39.104.67.26:8901/platform/index/index.html',
  'accept-encoding' => 'gzip, deflate',
  'accept-language' => 'zh-CN,zh;q=0.9',
  'cookie' => 'PHPSESSID=opvhkmdigj5lr7djlhrj45ves4',
)
[ info ] [ PARAM ] array (
)
[ info ] [ RUN ] app\admin\controller\User->index[ C:\thinkphp\application\admin\controller\User.php ]
[ info ] [ VIEW ] C:\thinkphp/application/admin\view\user\login.html [ array (
) ]
[ info ] [ SESSION ] INIT array (
  'id' => '',
  'var_session_id' => '',
  'prefix' => 'think',
  'type' => '',
  'auto_start' => true,
)
[ info ] [ LOG ] INIT File
---------------------------------------------------------------
[ 2018-07-25T18:46:03+08:00 ] 172.24.189.12 221.220.36.44 GET /admin/index/index.html
[ info ] 39.104.67.26:8901/admin/index/index.html [运行时间：0.046875s][吞吐率：21.33req/s] [内存消耗：2,146.63kb] [文件加载：43]
[ info ] [ LANG ] C:\thinkphp\thinkphp\lang\zh-cn.php
[ info ] [ ROUTE ] array (
  'type' => 'module',
  'module' => 
  array (
    0 => 'admin',
    1 => 'index',
    2 => 'index',
  ),
)
[ info ] [ HEADER ] array (
  'host' => '39.104.67.26:8901',
  'connection' => 'keep-alive',
  'upgrade-insecure-requests' => '1',
  'user-agent' => 'Mozilla/5.0 (Windows NT 6.1; Win64; x64) AppleWebKit/537.36 (KHTML, like Gecko) Chrome/67.0.3396.87 Safari/537.36',
  'accept' => 'text/html,application/xhtml+xml,application/xml;q=0.9,image/webp,image/apng,*/*;q=0.8',
  'referer' => 'http://39.104.67.26:8901/admin/user/index.html',
  'accept-encoding' => 'gzip, deflate',
  'accept-language' => 'zh-CN,zh;q=0.9',
  'cookie' => 'PHPSESSID=opvhkmdigj5lr7djlhrj45ves4',
)
[ info ] [ PARAM ] array (
)
[ info ] [ SESSION ] INIT array (
  'id' => '',
  'var_session_id' => '',
  'prefix' => 'think',
  'type' => '',
  'auto_start' => true,
)
[ info ] [ DB ] INIT mysql
[ info ] [ RUN ] app\admin\controller\Index->index[ C:\thinkphp\application\admin\controller\Index.php ]
[ info ] [ VIEW ] C:\thinkphp/application/admin\view\index\index.html [ array (
  0 => 'menu',
) ]
[ info ] [ LOG ] INIT File
[ sql ] [ DB ] CONNECT:[ UseTime:0.000000s ] mysql:dbname=tp5;host=127.0.0.1;charset=utf8
[ sql ] [ SQL ] SHOW COLUMNS FROM `qs_auth_rule` [ RunTime:0.015625s ]
[ sql ] [ SQL ] SELECT * FROM `qs_auth_rule` WHERE  `status` = 1 ORDER BY `sort`  DESC,`id`  ASC [ RunTime:0.000000s ]
[ sql ] [ SQL ] SHOW COLUMNS FROM `qs_auth_group_access` [ RunTime:0.000000s ]
[ sql ] [ SQL ] SELECT `AuthGroupAccess`.`uid`,`AuthGroupAccess`.`group_id`,`AuthGroup`.`title`,`AuthGroup`.`rules` FROM `qs_auth_group_access` `AuthGroupAccess` LEFT JOIN `qs_auth_group` `AuthGroup` ON `AuthGroupAccess`.`group_id`=`AuthGroup`.`id` WHERE  (  AuthGroupAccess.uid='1' and AuthGroup.status='1' ) [ RunTime:0.000000s ]
[ sql ] [ SQL ] SELECT `condition`,`name` FROM `qs_auth_rule` WHERE  `id` IN (1,3,5,6,7,101,102,103,301,302,501,601,602)  AND `type` = 1 [ RunTime:0.000000s ]
---------------------------------------------------------------
[ 2018-07-25T18:46:03+08:00 ] 172.24.189.12 221.220.36.44 GET /admin/index/welcome.html
[ info ] 39.104.67.26:8901/admin/index/welcome.html [运行时间：0.046876s][吞吐率：21.33req/s] [内存消耗：2,084.88kb] [文件加载：42]
[ info ] [ LANG ] C:\thinkphp\thinkphp\lang\zh-cn.php
[ info ] [ ROUTE ] array (
  'type' => 'module',
  'module' => 
  array (
    0 => 'admin',
    1 => 'index',
    2 => 'welcome',
  ),
)
[ info ] [ HEADER ] array (
  'host' => '39.104.67.26:8901',
  'connection' => 'keep-alive',
  'upgrade-insecure-requests' => '1',
  'user-agent' => 'Mozilla/5.0 (Windows NT 6.1; Win64; x64) AppleWebKit/537.36 (KHTML, like Gecko) Chrome/67.0.3396.87 Safari/537.36',
  'accept' => 'text/html,application/xhtml+xml,application/xml;q=0.9,image/webp,image/apng,*/*;q=0.8',
  'referer' => 'http://39.104.67.26:8901/admin/index/index.html',
  'accept-encoding' => 'gzip, deflate',
  'accept-language' => 'zh-CN,zh;q=0.9',
  'cookie' => 'PHPSESSID=opvhkmdigj5lr7djlhrj45ves4',
)
[ info ] [ PARAM ] array (
)
[ info ] [ SESSION ] INIT array (
  'id' => '',
  'var_session_id' => '',
  'prefix' => 'think',
  'type' => '',
  'auto_start' => true,
)
[ info ] [ DB ] INIT mysql
[ info ] [ RUN ] app\admin\controller\Index->welcome[ C:\thinkphp\application\admin\controller\Index.php ]
[ info ] [ VIEW ] C:\thinkphp/application/admin\view\index\welcome.html [ array (
  0 => 'menu',
) ]
[ info ] [ LOG ] INIT File
[ sql ] [ DB ] CONNECT:[ UseTime:0.015625s ] mysql:dbname=tp5;host=127.0.0.1;charset=utf8
[ sql ] [ SQL ] SHOW COLUMNS FROM `qs_auth_rule` [ RunTime:0.000000s ]
[ sql ] [ SQL ] SELECT * FROM `qs_auth_rule` WHERE  `status` = 1 ORDER BY `sort`  DESC,`id`  ASC [ RunTime:0.000000s ]
[ sql ] [ SQL ] SHOW COLUMNS FROM `qs_auth_group_access` [ RunTime:0.000000s ]
[ sql ] [ SQL ] SELECT `AuthGroupAccess`.`uid`,`AuthGroupAccess`.`group_id`,`AuthGroup`.`title`,`AuthGroup`.`rules` FROM `qs_auth_group_access` `AuthGroupAccess` LEFT JOIN `qs_auth_group` `AuthGroup` ON `AuthGroupAccess`.`group_id`=`AuthGroup`.`id` WHERE  (  AuthGroupAccess.uid='1' and AuthGroup.status='1' ) [ RunTime:0.000000s ]
[ sql ] [ SQL ] SELECT `condition`,`name` FROM `qs_auth_rule` WHERE  `id` IN (1,3,5,6,7,101,102,103,301,302,501,601,602)  AND `type` = 1 [ RunTime:0.000000s ]
---------------------------------------------------------------
[ 2018-07-25T18:46:07+08:00 ] 172.24.189.12 221.220.36.44 GET /admin/index/qdqwcxs.html
[ info ] 39.104.67.26:8901/admin/index/qdqwcxs.html [运行时间：0.046876s][吞吐率：21.33req/s] [内存消耗：2,118.92kb] [文件加载：44]
[ info ] [ LANG ] C:\thinkphp\thinkphp\lang\zh-cn.php
[ info ] [ ROUTE ] array (
  'type' => 'module',
  'module' => 
  array (
    0 => 'admin',
    1 => 'index',
    2 => 'qdqwcxs',
  ),
)
[ info ] [ HEADER ] array (
  'host' => '39.104.67.26:8901',
  'connection' => 'keep-alive',
  'upgrade-insecure-requests' => '1',
  'user-agent' => 'Mozilla/5.0 (Windows NT 6.1; Win64; x64) AppleWebKit/537.36 (KHTML, like Gecko) Chrome/67.0.3396.87 Safari/537.36',
  'accept' => 'text/html,application/xhtml+xml,application/xml;q=0.9,image/webp,image/apng,*/*;q=0.8',
  'referer' => 'http://39.104.67.26:8901/admin/index/index.html',
  'accept-encoding' => 'gzip, deflate',
  'accept-language' => 'zh-CN,zh;q=0.9',
  'cookie' => 'PHPSESSID=opvhkmdigj5lr7djlhrj45ves4',
)
[ info ] [ PARAM ] array (
)
[ info ] [ SESSION ] INIT array (
  'id' => '',
  'var_session_id' => '',
  'prefix' => 'think',
  'type' => '',
  'auto_start' => true,
)
[ info ] [ DB ] INIT mysql
[ info ] [ LOG ] INIT File
[ sql ] [ DB ] CONNECT:[ UseTime:0.000000s ] mysql:dbname=tp5;host=127.0.0.1;charset=utf8
[ sql ] [ SQL ] SHOW COLUMNS FROM `qs_auth_rule` [ RunTime:0.015626s ]
[ sql ] [ SQL ] SELECT * FROM `qs_auth_rule` WHERE  `status` = 1 ORDER BY `sort`  DESC,`id`  ASC [ RunTime:0.000000s ]
[ sql ] [ SQL ] SHOW COLUMNS FROM `qs_auth_group_access` [ RunTime:0.000000s ]
[ sql ] [ SQL ] SELECT `AuthGroupAccess`.`uid`,`AuthGroupAccess`.`group_id`,`AuthGroup`.`title`,`AuthGroup`.`rules` FROM `qs_auth_group_access` `AuthGroupAccess` LEFT JOIN `qs_auth_group` `AuthGroup` ON `AuthGroupAccess`.`group_id`=`AuthGroup`.`id` WHERE  (  AuthGroupAccess.uid='1' and AuthGroup.status='1' ) [ RunTime:0.000000s ]
[ sql ] [ SQL ] SELECT `condition`,`name` FROM `qs_auth_rule` WHERE  `id` IN (1,3,5,6,7,101,102,103,301,302,501,601,602)  AND `type` = 1 [ RunTime:0.000000s ]
---------------------------------------------------------------
[ 2018-07-25T18:46:16+08:00 ] 172.24.189.12 221.220.36.44 GET /platform/user/index.html
[ info ] 39.104.67.26:8901/platform/user/index.html [运行时间：0.015625s][吞吐率：64.00req/s] [内存消耗：1,366.73kb] [文件加载：34]
[ info ] [ LANG ] C:\thinkphp\thinkphp\lang\zh-cn.php
[ info ] [ ROUTE ] array (
  'type' => 'module',
  'module' => 
  array (
    0 => 'platform',
    1 => 'user',
    2 => 'index',
  ),
)
[ info ] [ HEADER ] array (
  'host' => '39.104.67.26:8901',
  'connection' => 'keep-alive',
  'upgrade-insecure-requests' => '1',
  'user-agent' => 'Mozilla/5.0 (Windows NT 6.1; Win64; x64) AppleWebKit/537.36 (KHTML, like Gecko) Chrome/67.0.3396.87 Safari/537.36',
  'accept' => 'text/html,application/xhtml+xml,application/xml;q=0.9,image/webp,image/apng,*/*;q=0.8',
  'referer' => 'http://39.104.67.26:8901/admin/index/index.html',
  'accept-encoding' => 'gzip, deflate',
  'accept-language' => 'zh-CN,zh;q=0.9',
  'cookie' => 'PHPSESSID=opvhkmdigj5lr7djlhrj45ves4',
)
[ info ] [ PARAM ] array (
)
[ info ] [ RUN ] app\platform\controller\User->index[ C:\thinkphp\application\platform\controller\User.php ]
[ info ] [ VIEW ] C:\thinkphp/application/platform\view\user\login.html [ array (
) ]
[ info ] [ SESSION ] INIT array (
  'id' => '',
  'var_session_id' => '',
  'prefix' => 'think',
  'type' => '',
  'auto_start' => true,
)
[ info ] [ LOG ] INIT File
---------------------------------------------------------------
[ 2018-07-25T18:46:16+08:00 ] 172.24.189.12 221.220.36.44 GET /platform/index/index.html
[ info ] 39.104.67.26:8901/platform/index/index.html [运行时间：0.046876s][吞吐率：21.33req/s] [内存消耗：2,106.06kb] [文件加载：42]
[ info ] [ LANG ] C:\thinkphp\thinkphp\lang\zh-cn.php
[ info ] [ ROUTE ] array (
  'type' => 'module',
  'module' => 
  array (
    0 => 'platform',
    1 => 'index',
    2 => 'index',
  ),
)
[ info ] [ HEADER ] array (
  'host' => '39.104.67.26:8901',
  'connection' => 'keep-alive',
  'upgrade-insecure-requests' => '1',
  'user-agent' => 'Mozilla/5.0 (Windows NT 6.1; Win64; x64) AppleWebKit/537.36 (KHTML, like Gecko) Chrome/67.0.3396.87 Safari/537.36',
  'accept' => 'text/html,application/xhtml+xml,application/xml;q=0.9,image/webp,image/apng,*/*;q=0.8',
  'referer' => 'http://39.104.67.26:8901/platform/user/index.html',
  'accept-encoding' => 'gzip, deflate',
  'accept-language' => 'zh-CN,zh;q=0.9',
  'cookie' => 'PHPSESSID=opvhkmdigj5lr7djlhrj45ves4',
)
[ info ] [ PARAM ] array (
)
[ info ] [ SESSION ] INIT array (
  'id' => '',
  'var_session_id' => '',
  'prefix' => 'think',
  'type' => '',
  'auto_start' => true,
)
[ info ] [ DB ] INIT mysql
[ info ] [ RUN ] app\platform\controller\Index->index[ C:\thinkphp\application\platform\controller\Index.php ]
[ info ] [ VIEW ] C:\thinkphp/application/platform\view\index\index.html [ array (
  0 => 'menu',
) ]
[ info ] [ LOG ] INIT File
[ sql ] [ DB ] CONNECT:[ UseTime:0.000000s ] mysql:dbname=tp5;host=127.0.0.1;charset=utf8
[ sql ] [ SQL ] SHOW COLUMNS FROM `qs_experiment_application` [ RunTime:0.000000s ]
[ sql ] [ SQL ] SELECT * FROM `qs_experiment_application` WHERE  `uid` = 1 ORDER BY `id`  ASC [ RunTime:0.000000s ]
[ sql ] [ SQL ] SHOW COLUMNS FROM `qs_experiment_device` [ RunTime:0.000000s ]
[ sql ] [ SQL ] SELECT * FROM `qs_experiment_device` WHERE  `aid` = 4 ORDER BY `id`  ASC [ RunTime:0.000000s ]
[ sql ] [ SQL ] SELECT * FROM `qs_experiment_device` WHERE  `aid` = 10 ORDER BY `id`  ASC [ RunTime:0.000000s ]
[ sql ] [ SQL ] SELECT * FROM `qs_experiment_device` WHERE  `aid` = 26 ORDER BY `id`  ASC [ RunTime:0.000000s ]
---------------------------------------------------------------
[ 2018-07-25T18:46:17+08:00 ] 172.24.189.12 221.220.36.44 GET /platform/index/welcome.html
[ info ] 39.104.67.26:8901/platform/index/welcome.html [运行时间：0.046876s][吞吐率：21.33req/s] [内存消耗：2,044.31kb] [文件加载：41]
[ info ] [ LANG ] C:\thinkphp\thinkphp\lang\zh-cn.php
[ info ] [ ROUTE ] array (
  'type' => 'module',
  'module' => 
  array (
    0 => 'platform',
    1 => 'index',
    2 => 'welcome',
  ),
)
[ info ] [ HEADER ] array (
  'host' => '39.104.67.26:8901',
  'connection' => 'keep-alive',
  'upgrade-insecure-requests' => '1',
  'user-agent' => 'Mozilla/5.0 (Windows NT 6.1; Win64; x64) AppleWebKit/537.36 (KHTML, like Gecko) Chrome/67.0.3396.87 Safari/537.36',
  'accept' => 'text/html,application/xhtml+xml,application/xml;q=0.9,image/webp,image/apng,*/*;q=0.8',
  'referer' => 'http://39.104.67.26:8901/platform/index/index.html',
  'accept-encoding' => 'gzip, deflate',
  'accept-language' => 'zh-CN,zh;q=0.9',
  'cookie' => 'PHPSESSID=opvhkmdigj5lr7djlhrj45ves4',
)
[ info ] [ PARAM ] array (
)
[ info ] [ SESSION ] INIT array (
  'id' => '',
  'var_session_id' => '',
  'prefix' => 'think',
  'type' => '',
  'auto_start' => true,
)
[ info ] [ DB ] INIT mysql
[ info ] [ RUN ] app\platform\controller\Index->welcome[ C:\thinkphp\application\platform\controller\Index.php ]
[ info ] [ VIEW ] C:\thinkphp/application/platform\view\index\welcome.html [ array (
  0 => 'menu',
) ]
[ info ] [ LOG ] INIT File
[ sql ] [ DB ] CONNECT:[ UseTime:0.000000s ] mysql:dbname=tp5;host=127.0.0.1;charset=utf8
[ sql ] [ SQL ] SHOW COLUMNS FROM `qs_experiment_application` [ RunTime:0.000000s ]
[ sql ] [ SQL ] SELECT * FROM `qs_experiment_application` WHERE  `uid` = 1 ORDER BY `id`  ASC [ RunTime:0.000000s ]
[ sql ] [ SQL ] SHOW COLUMNS FROM `qs_experiment_device` [ RunTime:0.015626s ]
[ sql ] [ SQL ] SELECT * FROM `qs_experiment_device` WHERE  `aid` = 4 ORDER BY `id`  ASC [ RunTime:0.000000s ]
[ sql ] [ SQL ] SELECT * FROM `qs_experiment_device` WHERE  `aid` = 10 ORDER BY `id`  ASC [ RunTime:0.000000s ]
[ sql ] [ SQL ] SELECT * FROM `qs_experiment_device` WHERE  `aid` = 26 ORDER BY `id`  ASC [ RunTime:0.000000s ]
---------------------------------------------------------------
[ 2018-07-25T18:46:20+08:00 ] 172.24.189.12 221.220.36.44 GET /platform/application/applicationshow.html
[ info ] 39.104.67.26:8901/platform/application/applicationshow.html [运行时间：0.250003s][吞吐率：4.00req/s] [内存消耗：2,241.76kb] [文件加载：44]
[ info ] [ LANG ] C:\thinkphp\thinkphp\lang\zh-cn.php
[ info ] [ ROUTE ] array (
  'type' => 'module',
  'module' => 
  array (
    0 => 'platform',
    1 => 'application',
    2 => 'applicationshow',
  ),
)
[ info ] [ HEADER ] array (
  'host' => '39.104.67.26:8901',
  'connection' => 'keep-alive',
  'upgrade-insecure-requests' => '1',
  'user-agent' => 'Mozilla/5.0 (Windows NT 6.1; Win64; x64) AppleWebKit/537.36 (KHTML, like Gecko) Chrome/67.0.3396.87 Safari/537.36',
  'accept' => 'text/html,application/xhtml+xml,application/xml;q=0.9,image/webp,image/apng,*/*;q=0.8',
  'referer' => 'http://39.104.67.26:8901/platform/index/index.html',
  'accept-encoding' => 'gzip, deflate',
  'accept-language' => 'zh-CN,zh;q=0.9',
  'cookie' => 'PHPSESSID=opvhkmdigj5lr7djlhrj45ves4',
)
[ info ] [ PARAM ] array (
)
[ info ] [ RUN ] app\platform\controller\Application->applicationshow[ C:\thinkphp\application\platform\controller\Application.php ]
[ info ] [ SESSION ] INIT array (
  'id' => '',
  'var_session_id' => '',
  'prefix' => 'think',
  'type' => '',
  'auto_start' => true,
)
[ info ] [ DB ] INIT mysql
[ info ] [ VIEW ] C:\thinkphp/application/platform\view\application\applicationshow.html [ array (
  0 => 'appdevice',
  1 => 'appindustry',
  2 => 'applist',
  3 => 'connect',
) ]
[ info ] [ LOG ] INIT File
[ sql ] [ DB ] CONNECT:[ UseTime:0.000000s ] mysql:dbname=tp5;host=127.0.0.1;charset=utf8
[ sql ] [ SQL ] SHOW COLUMNS FROM `qs_experiment_application` [ RunTime:0.000000s ]
[ sql ] [ SQL ] SELECT COUNT(*) AS tp_count FROM `qs_experiment_application` WHERE  `uid` = 1 LIMIT 1 [ RunTime:0.000000s ]
[ sql ] [ SQL ] SELECT * FROM `qs_experiment_application` WHERE  `uid` = 1 ORDER BY id asc LIMIT 0,10 [ RunTime:0.000000s ]
[ sql ] [ SQL ] SHOW COLUMNS FROM `qs_experiment_device` [ RunTime:0.000000s ]
[ sql ] [ SQL ] SELECT * FROM `qs_experiment_device` WHERE  `aid` = 4 [ RunTime:0.000000s ]
[ sql ] [ SQL ] SHOW COLUMNS FROM `qs_experiment_industry` [ RunTime:0.031251s ]
[ sql ] [ SQL ] SELECT * FROM `qs_experiment_industry` WHERE  `id` = 4 LIMIT 1 [ RunTime:0.000000s ]
[ sql ] [ SQL ] SHOW COLUMNS FROM `qs_connect_type` [ RunTime:0.062500s ]
[ sql ] [ SQL ] SELECT * FROM `qs_connect_type` WHERE  `id` = 1 LIMIT 1 [ RunTime:0.000000s ]
[ sql ] [ SQL ] SELECT * FROM `qs_experiment_device` WHERE  `aid` = 10 [ RunTime:0.000000s ]
[ sql ] [ SQL ] SELECT * FROM `qs_experiment_industry` WHERE  `id` = 1 LIMIT 1 [ RunTime:0.000000s ]
[ sql ] [ SQL ] SELECT * FROM `qs_connect_type` WHERE  `id` = 2 LIMIT 1 [ RunTime:0.000000s ]
[ sql ] [ SQL ] SELECT * FROM `qs_experiment_device` WHERE  `aid` = 26 [ RunTime:0.000000s ]
[ sql ] [ SQL ] SELECT * FROM `qs_experiment_industry` WHERE  `id` = 3 LIMIT 1 [ RunTime:0.000000s ]
[ sql ] [ SQL ] SELECT * FROM `qs_connect_type` WHERE  `id` = 2 LIMIT 1 [ RunTime:0.000000s ]
---------------------------------------------------------------
[ 2018-07-25T18:46:21+08:00 ] 172.24.189.12 221.220.36.44 GET /platform/application/addapplication.html
[ info ] 39.104.67.26:8901/platform/application/addapplication.html [运行时间：0.046876s][吞吐率：21.33req/s] [内存消耗：2,096.23kb] [文件加载：41]
[ info ] [ LANG ] C:\thinkphp\thinkphp\lang\zh-cn.php
[ info ] [ ROUTE ] array (
  'type' => 'module',
  'module' => 
  array (
    0 => 'platform',
    1 => 'application',
    2 => 'addapplication',
  ),
)
[ info ] [ HEADER ] array (
  'host' => '39.104.67.26:8901',
  'connection' => 'keep-alive',
  'upgrade-insecure-requests' => '1',
  'user-agent' => 'Mozilla/5.0 (Windows NT 6.1; Win64; x64) AppleWebKit/537.36 (KHTML, like Gecko) Chrome/67.0.3396.87 Safari/537.36',
  'accept' => 'text/html,application/xhtml+xml,application/xml;q=0.9,image/webp,image/apng,*/*;q=0.8',
  'referer' => 'http://39.104.67.26:8901/platform/application/applicationshow.html',
  'accept-encoding' => 'gzip, deflate',
  'accept-language' => 'zh-CN,zh;q=0.9',
  'cookie' => 'PHPSESSID=opvhkmdigj5lr7djlhrj45ves4',
)
[ info ] [ PARAM ] array (
)
[ info ] [ RUN ] app\platform\controller\Application->addapplication[ C:\thinkphp\application\platform\controller\Application.php ]
[ info ] [ DB ] INIT mysql
[ info ] [ VIEW ] C:\thinkphp/application/platform\view\application\addapplication.html [ array (
  0 => 'industry',
  1 => 'connect',
) ]
[ info ] [ LOG ] INIT File
[ sql ] [ DB ] CONNECT:[ UseTime:0.000000s ] mysql:dbname=tp5;host=127.0.0.1;charset=utf8
[ sql ] [ SQL ] SHOW COLUMNS FROM `qs_experiment_industry` [ RunTime:0.000000s ]
[ sql ] [ SQL ] SELECT * FROM `qs_experiment_industry` ORDER BY id asc [ RunTime:0.000000s ]
[ sql ] [ SQL ] SHOW COLUMNS FROM `qs_connect_type` [ RunTime:0.015625s ]
[ sql ] [ SQL ] SELECT * FROM `qs_connect_type` ORDER BY id asc [ RunTime:0.000000s ]
