---------------------------------------------------------------
[ 2018-07-26T00:40:45+08:00 ] 172.24.189.12 106.11.159.175 GET /platform/user/index.html
[ info ] 39.104.67.26/platform/user/index.html [运行时间：0.031250s][吞吐率：32.00req/s] [内存消耗：1,303.28kb] [文件加载：33]
[ info ] [ LANG ] C:\thinkphp\thinkphp\lang\zh-cn.php
[ info ] [ ROUTE ] array (
  'type' => 'module',
  'module' => 
  array (
    0 => 'platform',
    1 => 'user',
    2 => 'index',
  ),
)
[ info ] [ HEADER ] array (
  'accept-language' => 'zh-cn,en-us,zh-tw,en-gb,en;',
  'host' => '39.104.67.26',
  'accept-encoding' => 'gzip',
  'accept' => '*/*',
  'connection' => 'Keep-Alive',
  'user-agent' => 'YisouSpider',
)
[ info ] [ PARAM ] array (
)
[ info ] [ RUN ] app\platform\controller\User->index[ C:\thinkphp\application\platform\controller\User.php ]
[ info ] [ VIEW ] C:\thinkphp/application/platform\view\user\login.html [ array (
) ]
[ info ] [ SESSION ] INIT array (
  'id' => '',
  'var_session_id' => '',
  'prefix' => 'think',
  'type' => '',
  'auto_start' => true,
)
[ info ] [ LOG ] INIT File
---------------------------------------------------------------
[ 2018-07-26T08:42:10+08:00 ] 172.24.189.12 221.220.36.44 GET /
[ info ] 39.104.67.26:8901/ [运行时间：0.046874s][吞吐率：21.33req/s] [内存消耗：2,105.80kb] [文件加载：41]
[ info ] [ LANG ] C:\thinkphp\thinkphp\lang\zh-cn.php
[ info ] [ ROUTE ] array (
  'type' => 'module',
  'module' => 
  array (
    0 => '',
    1 => NULL,
    2 => NULL,
  ),
)
[ info ] [ HEADER ] array (
  'host' => '39.104.67.26:8901',
  'connection' => 'keep-alive',
  'upgrade-insecure-requests' => '1',
  'user-agent' => 'Mozilla/5.0 (Windows NT 6.1; Win64; x64) AppleWebKit/537.36 (KHTML, like Gecko) Chrome/67.0.3396.87 Safari/537.36',
  'accept' => 'text/html,application/xhtml+xml,application/xml;q=0.9,image/webp,image/apng,*/*;q=0.8',
  'accept-encoding' => 'gzip, deflate',
  'accept-language' => 'zh-CN,zh;q=0.9',
)
[ info ] [ PARAM ] array (
)
[ info ] [ RUN ] app\index\controller\Index->index[ C:\thinkphp\application\index\controller\Index.php ]
[ info ] [ SESSION ] INIT array (
  'id' => '',
  'var_session_id' => '',
  'prefix' => 'think',
  'type' => '',
  'auto_start' => true,
)
[ info ] [ DB ] INIT mysql
[ info ] [ VIEW ] C:\thinkphp/application/index\view\index\index.html [ array (
  0 => 'event',
) ]
[ info ] [ LOG ] INIT File
[ sql ] [ DB ] CONNECT:[ UseTime:0.000000s ] mysql:dbname=tp5;host=127.0.0.1;charset=utf8
[ sql ] [ SQL ] SHOW COLUMNS FROM `qs_event` [ RunTime:0.000000s ]
[ sql ] [ SQL ] SELECT * FROM `qs_event` ORDER BY id asc [ RunTime:0.000000s ]
---------------------------------------------------------------
[ 2018-07-26T08:42:12+08:00 ] 172.24.189.12 221.220.36.44 GET /
[ info ] 39.104.67.26:8901/ [运行时间：0.031250s][吞吐率：32.00req/s] [内存消耗：2,105.86kb] [文件加载：41]
[ info ] [ LANG ] C:\thinkphp\thinkphp\lang\zh-cn.php
[ info ] [ ROUTE ] array (
  'type' => 'module',
  'module' => 
  array (
    0 => '',
    1 => NULL,
    2 => NULL,
  ),
)
[ info ] [ HEADER ] array (
  'host' => '39.104.67.26:8901',
  'connection' => 'keep-alive',
  'upgrade-insecure-requests' => '1',
  'user-agent' => 'Mozilla/5.0 (Windows NT 6.1; Win64; x64) AppleWebKit/537.36 (KHTML, like Gecko) Chrome/67.0.3396.87 Safari/537.36',
  'accept' => 'text/html,application/xhtml+xml,application/xml;q=0.9,image/webp,image/apng,*/*;q=0.8',
  'accept-encoding' => 'gzip, deflate',
  'accept-language' => 'zh-CN,zh;q=0.9',
  'cookie' => 'PHPSESSID=d2pqsgfl74uf39sulfcv23tla7',
)
[ info ] [ PARAM ] array (
)
[ info ] [ RUN ] app\index\controller\Index->index[ C:\thinkphp\application\index\controller\Index.php ]
[ info ] [ SESSION ] INIT array (
  'id' => '',
  'var_session_id' => '',
  'prefix' => 'think',
  'type' => '',
  'auto_start' => true,
)
[ info ] [ DB ] INIT mysql
[ info ] [ VIEW ] C:\thinkphp/application/index\view\index\index.html [ array (
  0 => 'event',
) ]
[ info ] [ LOG ] INIT File
[ sql ] [ DB ] CONNECT:[ UseTime:0.000000s ] mysql:dbname=tp5;host=127.0.0.1;charset=utf8
[ sql ] [ SQL ] SHOW COLUMNS FROM `qs_event` [ RunTime:0.000000s ]
[ sql ] [ SQL ] SELECT * FROM `qs_event` ORDER BY id asc [ RunTime:0.000000s ]
---------------------------------------------------------------
[ 2018-07-26T08:42:15+08:00 ] 172.24.189.12 221.220.36.44 GET /index/index/user.html
[ info ] 39.104.67.26:8901/index/index/user.html [运行时间：0.015625s][吞吐率：64.00req/s] [内存消耗：1,291.61kb] [文件加载：33]
[ info ] [ LANG ] C:\thinkphp\thinkphp\lang\zh-cn.php
[ info ] [ ROUTE ] array (
  'type' => 'module',
  'module' => 
  array (
    0 => 'index',
    1 => 'index',
    2 => 'user',
  ),
)
[ info ] [ HEADER ] array (
  'host' => '39.104.67.26:8901',
  'connection' => 'keep-alive',
  'upgrade-insecure-requests' => '1',
  'user-agent' => 'Mozilla/5.0 (Windows NT 6.1; Win64; x64) AppleWebKit/537.36 (KHTML, like Gecko) Chrome/67.0.3396.87 Safari/537.36',
  'accept' => 'text/html,application/xhtml+xml,application/xml;q=0.9,image/webp,image/apng,*/*;q=0.8',
  'referer' => 'http://39.104.67.26:8901/',
  'accept-encoding' => 'gzip, deflate',
  'accept-language' => 'zh-CN,zh;q=0.9',
  'cookie' => 'PHPSESSID=d2pqsgfl74uf39sulfcv23tla7',
)
[ info ] [ PARAM ] array (
)
[ info ] [ RUN ] app\index\controller\Index->user[ C:\thinkphp\application\index\controller\Index.php ]
[ info ] [ VIEW ] C:\thinkphp/application/index\view\index\login.html [ array (
) ]
[ info ] [ SESSION ] INIT array (
  'id' => '',
  'var_session_id' => '',
  'prefix' => 'think',
  'type' => '',
  'auto_start' => true,
)
[ info ] [ LOG ] INIT File
---------------------------------------------------------------
[ 2018-07-26T08:42:18+08:00 ] 172.24.189.12 221.220.36.44 POST /index/index/login
[ info ] 39.104.67.26:8901/index/index/login [运行时间：0.046874s][吞吐率：21.33req/s] [内存消耗：2,278.20kb] [文件加载：44]
[ info ] [ LANG ] C:\thinkphp\thinkphp\lang\zh-cn.php
[ info ] [ ROUTE ] array (
  'type' => 'module',
  'module' => 
  array (
    0 => 'index',
    1 => 'index',
    2 => 'login',
  ),
)
[ info ] [ HEADER ] array (
  'host' => '39.104.67.26:8901',
  'connection' => 'keep-alive',
  'content-length' => '34',
  'accept' => 'application/json, text/javascript, */*; q=0.01',
  'origin' => 'http://39.104.67.26:8901',
  'x-requested-with' => 'XMLHttpRequest',
  'user-agent' => 'Mozilla/5.0 (Windows NT 6.1; Win64; x64) AppleWebKit/537.36 (KHTML, like Gecko) Chrome/67.0.3396.87 Safari/537.36',
  'content-type' => 'application/x-www-form-urlencoded; charset=UTF-8',
  'referer' => 'http://39.104.67.26:8901/index/index/user.html',
  'accept-encoding' => 'gzip, deflate',
  'accept-language' => 'zh-CN,zh;q=0.9',
  'cookie' => 'PHPSESSID=d2pqsgfl74uf39sulfcv23tla7',
)
[ info ] [ PARAM ] array (
  'username' => 'bkrciot',
  'password' => '12345678',
)
[ info ] [ RUN ] app\index\controller\Index->login[ C:\thinkphp\application\index\controller\Index.php ]
[ info ] [ DB ] INIT mysql
[ info ] [ SESSION ] INIT array (
  'id' => '',
  'var_session_id' => '',
  'prefix' => 'think',
  'type' => '',
  'auto_start' => true,
)
[ info ] [ LOG ] INIT File
[ sql ] [ DB ] CONNECT:[ UseTime:0.000000s ] mysql:dbname=tp5;host=127.0.0.1;charset=utf8
[ sql ] [ SQL ] SHOW COLUMNS FROM `qs_user` [ RunTime:0.000000s ]
[ sql ] [ SQL ] SELECT `id` FROM `qs_user` WHERE  `username` = 'bkrciot' LIMIT 1 [ RunTime:0.000000s ]
[ sql ] [ SQL ] SELECT `password` FROM `qs_user` WHERE  `username` = 'bkrciot' LIMIT 1 [ RunTime:0.000000s ]
[ sql ] [ SQL ] UPDATE `qs_user`  SET `last_login_ip`='221.220.36.44',`last_login_time`='2018-07-26 08:42:18'  WHERE  `username` = 'bkrciot' [ RunTime:0.000000s ]
---------------------------------------------------------------
[ 2018-07-26T08:42:21+08:00 ] 172.24.189.12 221.220.36.44 GET /index/index/index/login
[ info ] 39.104.67.26:8901/index/index/index/login [运行时间：0.046874s][吞吐率：21.33req/s] [内存消耗：2,116.95kb] [文件加载：41]
[ info ] [ LANG ] C:\thinkphp\thinkphp\lang\zh-cn.php
[ info ] [ ROUTE ] array (
  'type' => 'module',
  'module' => 
  array (
    0 => 'index',
    1 => 'index',
    2 => 'index',
  ),
)
[ info ] [ HEADER ] array (
  'host' => '39.104.67.26:8901',
  'connection' => 'keep-alive',
  'upgrade-insecure-requests' => '1',
  'user-agent' => 'Mozilla/5.0 (Windows NT 6.1; Win64; x64) AppleWebKit/537.36 (KHTML, like Gecko) Chrome/67.0.3396.87 Safari/537.36',
  'accept' => 'text/html,application/xhtml+xml,application/xml;q=0.9,image/webp,image/apng,*/*;q=0.8',
  'referer' => 'http://39.104.67.26:8901/index/index/user.html',
  'accept-encoding' => 'gzip, deflate',
  'accept-language' => 'zh-CN,zh;q=0.9',
  'cookie' => 'PHPSESSID=d2pqsgfl74uf39sulfcv23tla7',
)
[ info ] [ PARAM ] array (
)
[ info ] [ RUN ] app\index\controller\Index->index[ C:\thinkphp\application\index\controller\Index.php ]
[ info ] [ SESSION ] INIT array (
  'id' => '',
  'var_session_id' => '',
  'prefix' => 'think',
  'type' => '',
  'auto_start' => true,
)
[ info ] [ DB ] INIT mysql
[ info ] [ VIEW ] C:\thinkphp/application/index\view\index\index.html [ array (
  0 => 'userdata',
  1 => 'event',
) ]
[ info ] [ LOG ] INIT File
[ sql ] [ DB ] CONNECT:[ UseTime:0.000000s ] mysql:dbname=tp5;host=127.0.0.1;charset=utf8
[ sql ] [ SQL ] SHOW COLUMNS FROM `qs_user` [ RunTime:0.000000s ]
[ sql ] [ SQL ] SELECT * FROM `qs_user` WHERE  `id` = 112 LIMIT 1 [ RunTime:0.000000s ]
[ sql ] [ SQL ] SHOW COLUMNS FROM `qs_event` [ RunTime:0.015625s ]
[ sql ] [ SQL ] SELECT * FROM `qs_event` ORDER BY id asc [ RunTime:0.000000s ]
---------------------------------------------------------------
[ 2018-07-26T08:42:35+08:00 ] 172.24.189.12 221.220.36.44 GET /platform/user/index.html
[ info ] 39.104.67.26:8901/platform/user/index.html [运行时间：0.031249s][吞吐率：32.00req/s] [内存消耗：1,366.77kb] [文件加载：34]
[ info ] [ LANG ] C:\thinkphp\thinkphp\lang\zh-cn.php
[ info ] [ ROUTE ] array (
  'type' => 'module',
  'module' => 
  array (
    0 => 'platform',
    1 => 'user',
    2 => 'index',
  ),
)
[ info ] [ HEADER ] array (
  'host' => '39.104.67.26:8901',
  'connection' => 'keep-alive',
  'upgrade-insecure-requests' => '1',
  'user-agent' => 'Mozilla/5.0 (Windows NT 6.1; Win64; x64) AppleWebKit/537.36 (KHTML, like Gecko) Chrome/67.0.3396.87 Safari/537.36',
  'accept' => 'text/html,application/xhtml+xml,application/xml;q=0.9,image/webp,image/apng,*/*;q=0.8',
  'referer' => 'http://39.104.67.26:8901/index/index/index/login',
  'accept-encoding' => 'gzip, deflate',
  'accept-language' => 'zh-CN,zh;q=0.9',
  'cookie' => 'PHPSESSID=d2pqsgfl74uf39sulfcv23tla7',
)
[ info ] [ PARAM ] array (
)
[ info ] [ RUN ] app\platform\controller\User->index[ C:\thinkphp\application\platform\controller\User.php ]
[ info ] [ VIEW ] C:\thinkphp/application/platform\view\user\login.html [ array (
) ]
[ info ] [ SESSION ] INIT array (
  'id' => '',
  'var_session_id' => '',
  'prefix' => 'think',
  'type' => '',
  'auto_start' => true,
)
[ info ] [ LOG ] INIT File
---------------------------------------------------------------
[ 2018-07-26T08:42:35+08:00 ] 172.24.189.12 221.220.36.44 GET /platform/index/index.html
[ info ] 39.104.67.26:8901/platform/index/index.html [运行时间：0.046875s][吞吐率：21.33req/s] [内存消耗：2,117.66kb] [文件加载：42]
[ info ] [ LANG ] C:\thinkphp\thinkphp\lang\zh-cn.php
[ info ] [ ROUTE ] array (
  'type' => 'module',
  'module' => 
  array (
    0 => 'platform',
    1 => 'index',
    2 => 'index',
  ),
)
[ info ] [ HEADER ] array (
  'host' => '39.104.67.26:8901',
  'connection' => 'keep-alive',
  'upgrade-insecure-requests' => '1',
  'user-agent' => 'Mozilla/5.0 (Windows NT 6.1; Win64; x64) AppleWebKit/537.36 (KHTML, like Gecko) Chrome/67.0.3396.87 Safari/537.36',
  'accept' => 'text/html,application/xhtml+xml,application/xml;q=0.9,image/webp,image/apng,*/*;q=0.8',
  'referer' => 'http://39.104.67.26:8901/platform/user/index.html',
  'accept-encoding' => 'gzip, deflate',
  'accept-language' => 'zh-CN,zh;q=0.9',
  'cookie' => 'PHPSESSID=d2pqsgfl74uf39sulfcv23tla7',
)
[ info ] [ PARAM ] array (
)
[ info ] [ SESSION ] INIT array (
  'id' => '',
  'var_session_id' => '',
  'prefix' => 'think',
  'type' => '',
  'auto_start' => true,
)
[ info ] [ DB ] INIT mysql
[ info ] [ RUN ] app\platform\controller\Index->index[ C:\thinkphp\application\platform\controller\Index.php ]
[ info ] [ VIEW ] C:\thinkphp/application/platform\view\index\index.html [ array (
  0 => 'menu',
) ]
[ info ] [ LOG ] INIT File
[ sql ] [ DB ] CONNECT:[ UseTime:0.000000s ] mysql:dbname=tp5;host=127.0.0.1;charset=utf8
[ sql ] [ SQL ] SHOW COLUMNS FROM `qs_experiment_application` [ RunTime:0.000000s ]
[ sql ] [ SQL ] SELECT * FROM `qs_experiment_application` WHERE  `uid` = 112 ORDER BY `id`  ASC [ RunTime:0.000000s ]
[ sql ] [ SQL ] SHOW COLUMNS FROM `qs_experiment_device` [ RunTime:0.015625s ]
[ sql ] [ SQL ] SELECT * FROM `qs_experiment_device` WHERE  `aid` = 32 ORDER BY `id`  ASC [ RunTime:0.000000s ]
---------------------------------------------------------------
[ 2018-07-26T08:42:35+08:00 ] 172.24.189.12 221.220.36.44 GET /platform/index/welcome.html
[ info ] 39.104.67.26:8901/platform/index/welcome.html [运行时间：0.046874s][吞吐率：21.33req/s] [内存消耗：2,055.95kb] [文件加载：41]
[ info ] [ LANG ] C:\thinkphp\thinkphp\lang\zh-cn.php
[ info ] [ ROUTE ] array (
  'type' => 'module',
  'module' => 
  array (
    0 => 'platform',
    1 => 'index',
    2 => 'welcome',
  ),
)
[ info ] [ HEADER ] array (
  'host' => '39.104.67.26:8901',
  'connection' => 'keep-alive',
  'upgrade-insecure-requests' => '1',
  'user-agent' => 'Mozilla/5.0 (Windows NT 6.1; Win64; x64) AppleWebKit/537.36 (KHTML, like Gecko) Chrome/67.0.3396.87 Safari/537.36',
  'accept' => 'text/html,application/xhtml+xml,application/xml;q=0.9,image/webp,image/apng,*/*;q=0.8',
  'referer' => 'http://39.104.67.26:8901/platform/index/index.html',
  'accept-encoding' => 'gzip, deflate',
  'accept-language' => 'zh-CN,zh;q=0.9',
  'cookie' => 'PHPSESSID=d2pqsgfl74uf39sulfcv23tla7',
)
[ info ] [ PARAM ] array (
)
[ info ] [ SESSION ] INIT array (
  'id' => '',
  'var_session_id' => '',
  'prefix' => 'think',
  'type' => '',
  'auto_start' => true,
)
[ info ] [ DB ] INIT mysql
[ info ] [ RUN ] app\platform\controller\Index->welcome[ C:\thinkphp\application\platform\controller\Index.php ]
[ info ] [ VIEW ] C:\thinkphp/application/platform\view\index\welcome.html [ array (
  0 => 'menu',
) ]
[ info ] [ LOG ] INIT File
[ sql ] [ DB ] CONNECT:[ UseTime:0.000000s ] mysql:dbname=tp5;host=127.0.0.1;charset=utf8
[ sql ] [ SQL ] SHOW COLUMNS FROM `qs_experiment_application` [ RunTime:0.015625s ]
[ sql ] [ SQL ] SELECT * FROM `qs_experiment_application` WHERE  `uid` = 112 ORDER BY `id`  ASC [ RunTime:0.000000s ]
[ sql ] [ SQL ] SHOW COLUMNS FROM `qs_experiment_device` [ RunTime:0.000000s ]
[ sql ] [ SQL ] SELECT * FROM `qs_experiment_device` WHERE  `aid` = 32 ORDER BY `id`  ASC [ RunTime:0.000000s ]
---------------------------------------------------------------
[ 2018-07-26T08:42:38+08:00 ] 172.24.189.12 221.220.36.44 GET /platform/show/select/serial/b4buZqPu/devicetype/3.html
[ info ] 39.104.67.26:8901/platform/show/select/serial/b4buZqPu/devicetype/3.html [运行时间：0.140623s][吞吐率：7.11req/s] [内存消耗：2,268.13kb] [文件加载：44]
[ info ] [ LANG ] C:\thinkphp\thinkphp\lang\zh-cn.php
[ info ] [ ROUTE ] array (
  'type' => 'module',
  'module' => 
  array (
    0 => 'platform',
    1 => 'show',
    2 => 'select',
  ),
)
[ info ] [ HEADER ] array (
  'host' => '39.104.67.26:8901',
  'connection' => 'keep-alive',
  'upgrade-insecure-requests' => '1',
  'user-agent' => 'Mozilla/5.0 (Windows NT 6.1; Win64; x64) AppleWebKit/537.36 (KHTML, like Gecko) Chrome/67.0.3396.87 Safari/537.36',
  'accept' => 'text/html,application/xhtml+xml,application/xml;q=0.9,image/webp,image/apng,*/*;q=0.8',
  'referer' => 'http://39.104.67.26:8901/platform/index/index.html',
  'accept-encoding' => 'gzip, deflate',
  'accept-language' => 'zh-CN,zh;q=0.9',
  'cookie' => 'PHPSESSID=d2pqsgfl74uf39sulfcv23tla7',
)
[ info ] [ PARAM ] array (
  'serial' => 'b4buZqPu',
  'devicetype' => '3',
)
[ info ] [ RUN ] app\platform\controller\Show->select[ C:\thinkphp\application\platform\controller\Show.php ]
[ info ] [ DB ] INIT mysql
[ info ] [ VIEW ] C:\thinkphp/application/platform\view\show\show3.html [ array (
  0 => 'datas',
  1 => 'type',
  2 => 'serial',
) ]
[ info ] [ LOG ] INIT File
[ sql ] [ DB ] CONNECT:[ UseTime:0.000000s ] mysql:dbname=tp5;host=127.0.0.1;charset=utf8
[ sql ] [ SQL ] SHOW COLUMNS FROM `qs_experiment_type_store` [ RunTime:0.000000s ]
[ sql ] [ SQL ] SELECT * FROM `qs_experiment_type_store` WHERE  `id` = 3 LIMIT 1 [ RunTime:0.000000s ]
[ sql ] [ SQL ] SHOW COLUMNS FROM `qs_tempandhum` [ RunTime:0.078124s ]
[ sql ] [ SQL ] SELECT COUNT(*) AS tp_count FROM `qs_tempandhum` WHERE  `serial` = 'b4buZqPu' LIMIT 1 [ RunTime:0.031250s ]
[ sql ] [ SQL ] SELECT * FROM `qs_tempandhum` WHERE  `serial` = 'b4buZqPu' ORDER BY id desc LIMIT 0,10 [ RunTime:0.000000s ]
---------------------------------------------------------------
[ 2018-07-26T08:42:41+08:00 ] 172.24.189.12 221.220.36.44 GET /platform/show/select/serial/b4buZqPu/devicetype/3.html
[ info ] 39.104.67.26:8901/platform/show/select/serial/b4buZqPu/devicetype/3.html [运行时间：0.046874s][吞吐率：21.33req/s] [内存消耗：2,268.41kb] [文件加载：44]
[ info ] [ LANG ] C:\thinkphp\thinkphp\lang\zh-cn.php
[ info ] [ ROUTE ] array (
  'type' => 'module',
  'module' => 
  array (
    0 => 'platform',
    1 => 'show',
    2 => 'select',
  ),
)
[ info ] [ HEADER ] array (
  'host' => '39.104.67.26:8901',
  'connection' => 'keep-alive',
  'cache-control' => 'max-age=0',
  'upgrade-insecure-requests' => '1',
  'user-agent' => 'Mozilla/5.0 (Windows NT 6.1; Win64; x64) AppleWebKit/537.36 (KHTML, like Gecko) Chrome/67.0.3396.87 Safari/537.36',
  'accept' => 'text/html,application/xhtml+xml,application/xml;q=0.9,image/webp,image/apng,*/*;q=0.8',
  'referer' => 'http://39.104.67.26:8901/platform/show/select/serial/b4buZqPu/devicetype/3.html',
  'accept-encoding' => 'gzip, deflate',
  'accept-language' => 'zh-CN,zh;q=0.9',
  'cookie' => 'PHPSESSID=d2pqsgfl74uf39sulfcv23tla7',
)
[ info ] [ PARAM ] array (
  'serial' => 'b4buZqPu',
  'devicetype' => '3',
)
[ info ] [ RUN ] app\platform\controller\Show->select[ C:\thinkphp\application\platform\controller\Show.php ]
[ info ] [ DB ] INIT mysql
[ info ] [ VIEW ] C:\thinkphp/application/platform\view\show\show3.html [ array (
  0 => 'datas',
  1 => 'type',
  2 => 'serial',
) ]
[ info ] [ LOG ] INIT File
[ sql ] [ DB ] CONNECT:[ UseTime:0.000000s ] mysql:dbname=tp5;host=127.0.0.1;charset=utf8
[ sql ] [ SQL ] SHOW COLUMNS FROM `qs_experiment_type_store` [ RunTime:0.000000s ]
[ sql ] [ SQL ] SELECT * FROM `qs_experiment_type_store` WHERE  `id` = 3 LIMIT 1 [ RunTime:0.000000s ]
[ sql ] [ SQL ] SHOW COLUMNS FROM `qs_tempandhum` [ RunTime:0.000000s ]
[ sql ] [ SQL ] SELECT COUNT(*) AS tp_count FROM `qs_tempandhum` WHERE  `serial` = 'b4buZqPu' LIMIT 1 [ RunTime:0.000000s ]
[ sql ] [ SQL ] SELECT * FROM `qs_tempandhum` WHERE  `serial` = 'b4buZqPu' ORDER BY id desc LIMIT 0,10 [ RunTime:0.000000s ]
---------------------------------------------------------------
[ 2018-07-26T08:42:43+08:00 ] 172.24.189.12 221.220.36.44 GET /platform/show/select/serial/b4buZqPu/devicetype/3.html
[ info ] 39.104.67.26:8901/platform/show/select/serial/b4buZqPu/devicetype/3.html [运行时间：0.046874s][吞吐率：21.33req/s] [内存消耗：2,268.41kb] [文件加载：44]
[ info ] [ LANG ] C:\thinkphp\thinkphp\lang\zh-cn.php
[ info ] [ ROUTE ] array (
  'type' => 'module',
  'module' => 
  array (
    0 => 'platform',
    1 => 'show',
    2 => 'select',
  ),
)
[ info ] [ HEADER ] array (
  'host' => '39.104.67.26:8901',
  'connection' => 'keep-alive',
  'cache-control' => 'max-age=0',
  'upgrade-insecure-requests' => '1',
  'user-agent' => 'Mozilla/5.0 (Windows NT 6.1; Win64; x64) AppleWebKit/537.36 (KHTML, like Gecko) Chrome/67.0.3396.87 Safari/537.36',
  'accept' => 'text/html,application/xhtml+xml,application/xml;q=0.9,image/webp,image/apng,*/*;q=0.8',
  'referer' => 'http://39.104.67.26:8901/platform/show/select/serial/b4buZqPu/devicetype/3.html',
  'accept-encoding' => 'gzip, deflate',
  'accept-language' => 'zh-CN,zh;q=0.9',
  'cookie' => 'PHPSESSID=d2pqsgfl74uf39sulfcv23tla7',
)
[ info ] [ PARAM ] array (
  'serial' => 'b4buZqPu',
  'devicetype' => '3',
)
[ info ] [ RUN ] app\platform\controller\Show->select[ C:\thinkphp\application\platform\controller\Show.php ]
[ info ] [ DB ] INIT mysql
[ info ] [ VIEW ] C:\thinkphp/application/platform\view\show\show3.html [ array (
  0 => 'datas',
  1 => 'type',
  2 => 'serial',
) ]
[ info ] [ LOG ] INIT File
[ sql ] [ DB ] CONNECT:[ UseTime:0.000000s ] mysql:dbname=tp5;host=127.0.0.1;charset=utf8
[ sql ] [ SQL ] SHOW COLUMNS FROM `qs_experiment_type_store` [ RunTime:0.000000s ]
[ sql ] [ SQL ] SELECT * FROM `qs_experiment_type_store` WHERE  `id` = 3 LIMIT 1 [ RunTime:0.000000s ]
[ sql ] [ SQL ] SHOW COLUMNS FROM `qs_tempandhum` [ RunTime:0.000000s ]
[ sql ] [ SQL ] SELECT COUNT(*) AS tp_count FROM `qs_tempandhum` WHERE  `serial` = 'b4buZqPu' LIMIT 1 [ RunTime:0.000000s ]
[ sql ] [ SQL ] SELECT * FROM `qs_tempandhum` WHERE  `serial` = 'b4buZqPu' ORDER BY id desc LIMIT 0,10 [ RunTime:0.000000s ]
---------------------------------------------------------------
[ 2018-07-26T08:42:44+08:00 ] 172.24.189.12 221.220.36.44 GET /platform/show/select/serial/b4buZqPu/devicetype/3.html
[ info ] 39.104.67.26:8901/platform/show/select/serial/b4buZqPu/devicetype/3.html [运行时间：0.062499s][吞吐率：16.00req/s] [内存消耗：2,268.41kb] [文件加载：44]
[ info ] [ LANG ] C:\thinkphp\thinkphp\lang\zh-cn.php
[ info ] [ ROUTE ] array (
  'type' => 'module',
  'module' => 
  array (
    0 => 'platform',
    1 => 'show',
    2 => 'select',
  ),
)
[ info ] [ HEADER ] array (
  'host' => '39.104.67.26:8901',
  'connection' => 'keep-alive',
  'cache-control' => 'max-age=0',
  'upgrade-insecure-requests' => '1',
  'user-agent' => 'Mozilla/5.0 (Windows NT 6.1; Win64; x64) AppleWebKit/537.36 (KHTML, like Gecko) Chrome/67.0.3396.87 Safari/537.36',
  'accept' => 'text/html,application/xhtml+xml,application/xml;q=0.9,image/webp,image/apng,*/*;q=0.8',
  'referer' => 'http://39.104.67.26:8901/platform/show/select/serial/b4buZqPu/devicetype/3.html',
  'accept-encoding' => 'gzip, deflate',
  'accept-language' => 'zh-CN,zh;q=0.9',
  'cookie' => 'PHPSESSID=d2pqsgfl74uf39sulfcv23tla7',
)
[ info ] [ PARAM ] array (
  'serial' => 'b4buZqPu',
  'devicetype' => '3',
)
[ info ] [ RUN ] app\platform\controller\Show->select[ C:\thinkphp\application\platform\controller\Show.php ]
[ info ] [ DB ] INIT mysql
[ info ] [ VIEW ] C:\thinkphp/application/platform\view\show\show3.html [ array (
  0 => 'datas',
  1 => 'type',
  2 => 'serial',
) ]
[ info ] [ LOG ] INIT File
[ sql ] [ DB ] CONNECT:[ UseTime:0.000000s ] mysql:dbname=tp5;host=127.0.0.1;charset=utf8
[ sql ] [ SQL ] SHOW COLUMNS FROM `qs_experiment_type_store` [ RunTime:0.000000s ]
[ sql ] [ SQL ] SELECT * FROM `qs_experiment_type_store` WHERE  `id` = 3 LIMIT 1 [ RunTime:0.000000s ]
[ sql ] [ SQL ] SHOW COLUMNS FROM `qs_tempandhum` [ RunTime:0.000000s ]
[ sql ] [ SQL ] SELECT COUNT(*) AS tp_count FROM `qs_tempandhum` WHERE  `serial` = 'b4buZqPu' LIMIT 1 [ RunTime:0.000000s ]
[ sql ] [ SQL ] SELECT * FROM `qs_tempandhum` WHERE  `serial` = 'b4buZqPu' ORDER BY id desc LIMIT 0,10 [ RunTime:0.000000s ]
---------------------------------------------------------------
[ 2018-07-26T08:42:45+08:00 ] 172.24.189.12 221.220.36.44 GET /platform/show/select/serial/b4buZqPu/devicetype/3.html
[ info ] 39.104.67.26:8901/platform/show/select/serial/b4buZqPu/devicetype/3.html [运行时间：0.046874s][吞吐率：21.33req/s] [内存消耗：2,268.41kb] [文件加载：44]
[ info ] [ LANG ] C:\thinkphp\thinkphp\lang\zh-cn.php
[ info ] [ ROUTE ] array (
  'type' => 'module',
  'module' => 
  array (
    0 => 'platform',
    1 => 'show',
    2 => 'select',
  ),
)
[ info ] [ HEADER ] array (
  'host' => '39.104.67.26:8901',
  'connection' => 'keep-alive',
  'cache-control' => 'max-age=0',
  'upgrade-insecure-requests' => '1',
  'user-agent' => 'Mozilla/5.0 (Windows NT 6.1; Win64; x64) AppleWebKit/537.36 (KHTML, like Gecko) Chrome/67.0.3396.87 Safari/537.36',
  'accept' => 'text/html,application/xhtml+xml,application/xml;q=0.9,image/webp,image/apng,*/*;q=0.8',
  'referer' => 'http://39.104.67.26:8901/platform/show/select/serial/b4buZqPu/devicetype/3.html',
  'accept-encoding' => 'gzip, deflate',
  'accept-language' => 'zh-CN,zh;q=0.9',
  'cookie' => 'PHPSESSID=d2pqsgfl74uf39sulfcv23tla7',
)
[ info ] [ PARAM ] array (
  'serial' => 'b4buZqPu',
  'devicetype' => '3',
)
[ info ] [ RUN ] app\platform\controller\Show->select[ C:\thinkphp\application\platform\controller\Show.php ]
[ info ] [ DB ] INIT mysql
[ info ] [ VIEW ] C:\thinkphp/application/platform\view\show\show3.html [ array (
  0 => 'datas',
  1 => 'type',
  2 => 'serial',
) ]
[ info ] [ LOG ] INIT File
[ sql ] [ DB ] CONNECT:[ UseTime:0.000000s ] mysql:dbname=tp5;host=127.0.0.1;charset=utf8
[ sql ] [ SQL ] SHOW COLUMNS FROM `qs_experiment_type_store` [ RunTime:0.000000s ]
[ sql ] [ SQL ] SELECT * FROM `qs_experiment_type_store` WHERE  `id` = 3 LIMIT 1 [ RunTime:0.000000s ]
[ sql ] [ SQL ] SHOW COLUMNS FROM `qs_tempandhum` [ RunTime:0.000000s ]
[ sql ] [ SQL ] SELECT COUNT(*) AS tp_count FROM `qs_tempandhum` WHERE  `serial` = 'b4buZqPu' LIMIT 1 [ RunTime:0.000000s ]
[ sql ] [ SQL ] SELECT * FROM `qs_tempandhum` WHERE  `serial` = 'b4buZqPu' ORDER BY id desc LIMIT 0,10 [ RunTime:0.000000s ]
---------------------------------------------------------------
[ 2018-07-26T08:42:52+08:00 ] 172.24.189.12 221.220.36.44 GET /platform/show/select/serial/PBvidNpB/devicetype/4.html
[ info ] 39.104.67.26:8901/platform/show/select/serial/PBvidNpB/devicetype/4.html [运行时间：0.171873s][吞吐率：5.82req/s] [内存消耗：2,266.17kb] [文件加载：44]
[ info ] [ LANG ] C:\thinkphp\thinkphp\lang\zh-cn.php
[ info ] [ ROUTE ] array (
  'type' => 'module',
  'module' => 
  array (
    0 => 'platform',
    1 => 'show',
    2 => 'select',
  ),
)
[ info ] [ HEADER ] array (
  'host' => '39.104.67.26:8901',
  'connection' => 'keep-alive',
  'upgrade-insecure-requests' => '1',
  'user-agent' => 'Mozilla/5.0 (Windows NT 6.1; Win64; x64) AppleWebKit/537.36 (KHTML, like Gecko) Chrome/67.0.3396.87 Safari/537.36',
  'accept' => 'text/html,application/xhtml+xml,application/xml;q=0.9,image/webp,image/apng,*/*;q=0.8',
  'referer' => 'http://39.104.67.26:8901/platform/index/index.html',
  'accept-encoding' => 'gzip, deflate',
  'accept-language' => 'zh-CN,zh;q=0.9',
  'cookie' => 'PHPSESSID=d2pqsgfl74uf39sulfcv23tla7',
)
[ info ] [ PARAM ] array (
  'serial' => 'PBvidNpB',
  'devicetype' => '4',
)
[ info ] [ RUN ] app\platform\controller\Show->select[ C:\thinkphp\application\platform\controller\Show.php ]
[ info ] [ DB ] INIT mysql
[ info ] [ VIEW ] C:\thinkphp/application/platform\view\show\show4.html [ array (
  0 => 'datas',
  1 => 'type',
  2 => 'serial',
) ]
[ info ] [ LOG ] INIT File
[ sql ] [ DB ] CONNECT:[ UseTime:0.000000s ] mysql:dbname=tp5;host=127.0.0.1;charset=utf8
[ sql ] [ SQL ] SHOW COLUMNS FROM `qs_experiment_type_store` [ RunTime:0.015625s ]
[ sql ] [ SQL ] SELECT * FROM `qs_experiment_type_store` WHERE  `id` = 4 LIMIT 1 [ RunTime:0.000000s ]
[ sql ] [ SQL ] SHOW COLUMNS FROM `qs_airfan` [ RunTime:0.109374s ]
[ sql ] [ SQL ] SELECT COUNT(*) AS tp_count FROM `qs_airfan` WHERE  `serial` = 'PBvidNpB' LIMIT 1 [ RunTime:0.000000s ]
[ sql ] [ SQL ] SELECT * FROM `qs_airfan` WHERE  `serial` = 'PBvidNpB' ORDER BY id desc LIMIT 0,10 [ RunTime:0.000000s ]
---------------------------------------------------------------
[ 2018-07-26T08:42:55+08:00 ] 172.24.189.12 221.220.36.44 POST /platform/control/sendon.html
[ info ] 39.104.67.26:8901/platform/control/sendon.html [运行时间：0.093749s][吞吐率：10.67req/s] [内存消耗：2,062.64kb] [文件加载：41]
[ info ] [ LANG ] C:\thinkphp\thinkphp\lang\zh-cn.php
[ info ] [ ROUTE ] array (
  'type' => 'module',
  'module' => 
  array (
    0 => 'platform',
    1 => 'control',
    2 => 'sendon',
  ),
)
[ info ] [ HEADER ] array (
  'host' => '39.104.67.26:8901',
  'connection' => 'keep-alive',
  'content-length' => '11',
  'accept' => '*/*',
  'origin' => 'http://39.104.67.26:8901',
  'x-requested-with' => 'XMLHttpRequest',
  'user-agent' => 'Mozilla/5.0 (Windows NT 6.1; Win64; x64) AppleWebKit/537.36 (KHTML, like Gecko) Chrome/67.0.3396.87 Safari/537.36',
  'content-type' => 'application/x-www-form-urlencoded; charset=UTF-8',
  'referer' => 'http://39.104.67.26:8901/platform/show/select/serial/PBvidNpB/devicetype/4.html',
  'accept-encoding' => 'gzip, deflate',
  'accept-language' => 'zh-CN,zh;q=0.9',
  'cookie' => 'PHPSESSID=d2pqsgfl74uf39sulfcv23tla7',
)
[ info ] [ PARAM ] array (
  'id' => 'PBvidNpB',
)
[ info ] [ RUN ] app\platform\controller\Control->sendon[ C:\thinkphp\application\platform\controller\Control.php ]
[ info ] [ DB ] INIT mysql
[ info ] [ LOG ] INIT File
[ sql ] [ DB ] CONNECT:[ UseTime:0.000000s ] mysql:dbname=tp5;host=127.0.0.1;charset=utf8
[ sql ] [ SQL ] SHOW COLUMNS FROM `qs_client` [ RunTime:0.046874s ]
[ sql ] [ SQL ] SELECT * FROM `qs_client` WHERE  `serial` = 'PBvidNpB' ORDER BY id desc LIMIT 1 [ RunTime:0.000000s ]
---------------------------------------------------------------
[ 2018-07-26T08:43:17+08:00 ] 172.24.189.12 221.220.36.44 POST /platform/control/sendon.html
[ info ] 39.104.67.26:8901/platform/control/sendon.html [运行时间：0.046875s][吞吐率：21.33req/s] [内存消耗：2,062.64kb] [文件加载：41]
[ info ] [ LANG ] C:\thinkphp\thinkphp\lang\zh-cn.php
[ info ] [ ROUTE ] array (
  'type' => 'module',
  'module' => 
  array (
    0 => 'platform',
    1 => 'control',
    2 => 'sendon',
  ),
)
[ info ] [ HEADER ] array (
  'host' => '39.104.67.26:8901',
  'connection' => 'keep-alive',
  'content-length' => '11',
  'accept' => '*/*',
  'origin' => 'http://39.104.67.26:8901',
  'x-requested-with' => 'XMLHttpRequest',
  'user-agent' => 'Mozilla/5.0 (Windows NT 6.1; Win64; x64) AppleWebKit/537.36 (KHTML, like Gecko) Chrome/67.0.3396.87 Safari/537.36',
  'content-type' => 'application/x-www-form-urlencoded; charset=UTF-8',
  'referer' => 'http://39.104.67.26:8901/platform/show/select/serial/PBvidNpB/devicetype/4.html',
  'accept-encoding' => 'gzip, deflate',
  'accept-language' => 'zh-CN,zh;q=0.9',
  'cookie' => 'PHPSESSID=d2pqsgfl74uf39sulfcv23tla7',
)
[ info ] [ PARAM ] array (
  'id' => 'PBvidNpB',
)
[ info ] [ RUN ] app\platform\controller\Control->sendon[ C:\thinkphp\application\platform\controller\Control.php ]
[ info ] [ DB ] INIT mysql
[ info ] [ LOG ] INIT File
[ sql ] [ DB ] CONNECT:[ UseTime:0.000000s ] mysql:dbname=tp5;host=127.0.0.1;charset=utf8
[ sql ] [ SQL ] SHOW COLUMNS FROM `qs_client` [ RunTime:0.000000s ]
[ sql ] [ SQL ] SELECT * FROM `qs_client` WHERE  `serial` = 'PBvidNpB' ORDER BY id desc LIMIT 1 [ RunTime:0.000000s ]
---------------------------------------------------------------
[ 2018-07-26T08:43:20+08:00 ] 172.24.189.12 221.220.36.44 POST /platform/control/sendoff.html
[ info ] 39.104.67.26:8901/platform/control/sendoff.html [运行时间：0.046874s][吞吐率：21.33req/s] [内存消耗：2,062.70kb] [文件加载：41]
[ info ] [ LANG ] C:\thinkphp\thinkphp\lang\zh-cn.php
[ info ] [ ROUTE ] array (
  'type' => 'module',
  'module' => 
  array (
    0 => 'platform',
    1 => 'control',
    2 => 'sendoff',
  ),
)
[ info ] [ HEADER ] array (
  'host' => '39.104.67.26:8901',
  'connection' => 'keep-alive',
  'content-length' => '11',
  'accept' => '*/*',
  'origin' => 'http://39.104.67.26:8901',
  'x-requested-with' => 'XMLHttpRequest',
  'user-agent' => 'Mozilla/5.0 (Windows NT 6.1; Win64; x64) AppleWebKit/537.36 (KHTML, like Gecko) Chrome/67.0.3396.87 Safari/537.36',
  'content-type' => 'application/x-www-form-urlencoded; charset=UTF-8',
  'referer' => 'http://39.104.67.26:8901/platform/show/select/serial/PBvidNpB/devicetype/4.html',
  'accept-encoding' => 'gzip, deflate',
  'accept-language' => 'zh-CN,zh;q=0.9',
  'cookie' => 'PHPSESSID=d2pqsgfl74uf39sulfcv23tla7',
)
[ info ] [ PARAM ] array (
  'id' => 'PBvidNpB',
)
[ info ] [ RUN ] app\platform\controller\Control->sendoff[ C:\thinkphp\application\platform\controller\Control.php ]
[ info ] [ DB ] INIT mysql
[ info ] [ LOG ] INIT File
[ sql ] [ DB ] CONNECT:[ UseTime:0.015624s ] mysql:dbname=tp5;host=127.0.0.1;charset=utf8
[ sql ] [ SQL ] SHOW COLUMNS FROM `qs_client` [ RunTime:0.000000s ]
[ sql ] [ SQL ] SELECT * FROM `qs_client` WHERE  `serial` = 'PBvidNpB' ORDER BY id desc LIMIT 1 [ RunTime:0.000000s ]
---------------------------------------------------------------
[ 2018-07-26T08:43:55+08:00 ] 172.24.189.12 221.220.36.44 GET /platform/application/applicationshow.html
[ info ] 39.104.67.26:8901/platform/application/applicationshow.html [运行时间：0.046874s][吞吐率：21.33req/s] [内存消耗：2,219.96kb] [文件加载：44]
[ info ] [ LANG ] C:\thinkphp\thinkphp\lang\zh-cn.php
[ info ] [ ROUTE ] array (
  'type' => 'module',
  'module' => 
  array (
    0 => 'platform',
    1 => 'application',
    2 => 'applicationshow',
  ),
)
[ info ] [ HEADER ] array (
  'host' => '39.104.67.26:8901',
  'connection' => 'keep-alive',
  'upgrade-insecure-requests' => '1',
  'user-agent' => 'Mozilla/5.0 (Windows NT 6.1; Win64; x64) AppleWebKit/537.36 (KHTML, like Gecko) Chrome/67.0.3396.87 Safari/537.36',
  'accept' => 'text/html,application/xhtml+xml,application/xml;q=0.9,image/webp,image/apng,*/*;q=0.8',
  'referer' => 'http://39.104.67.26:8901/platform/index/index.html',
  'accept-encoding' => 'gzip, deflate',
  'accept-language' => 'zh-CN,zh;q=0.9',
  'cookie' => 'PHPSESSID=d2pqsgfl74uf39sulfcv23tla7',
)
[ info ] [ PARAM ] array (
)
[ info ] [ RUN ] app\platform\controller\Application->applicationshow[ C:\thinkphp\application\platform\controller\Application.php ]
[ info ] [ SESSION ] INIT array (
  'id' => '',
  'var_session_id' => '',
  'prefix' => 'think',
  'type' => '',
  'auto_start' => true,
)
[ info ] [ DB ] INIT mysql
[ info ] [ VIEW ] C:\thinkphp/application/platform\view\application\applicationshow.html [ array (
  0 => 'appdevice',
  1 => 'appindustry',
  2 => 'applist',
  3 => 'connect',
) ]
[ info ] [ LOG ] INIT File
[ sql ] [ DB ] CONNECT:[ UseTime:0.000000s ] mysql:dbname=tp5;host=127.0.0.1;charset=utf8
[ sql ] [ SQL ] SHOW COLUMNS FROM `qs_experiment_application` [ RunTime:0.000000s ]
[ sql ] [ SQL ] SELECT COUNT(*) AS tp_count FROM `qs_experiment_application` WHERE  `uid` = 112 LIMIT 1 [ RunTime:0.000000s ]
[ sql ] [ SQL ] SELECT * FROM `qs_experiment_application` WHERE  `uid` = 112 ORDER BY id asc LIMIT 0,10 [ RunTime:0.000000s ]
[ sql ] [ SQL ] SHOW COLUMNS FROM `qs_experiment_device` [ RunTime:0.000000s ]
[ sql ] [ SQL ] SELECT * FROM `qs_experiment_device` WHERE  `aid` = 32 [ RunTime:0.000000s ]
[ sql ] [ SQL ] SHOW COLUMNS FROM `qs_experiment_industry` [ RunTime:0.000000s ]
[ sql ] [ SQL ] SELECT * FROM `qs_experiment_industry` WHERE  `id` = 5 LIMIT 1 [ RunTime:0.000000s ]
[ sql ] [ SQL ] SHOW COLUMNS FROM `qs_connect_type` [ RunTime:0.000000s ]
[ sql ] [ SQL ] SELECT * FROM `qs_connect_type` WHERE  `id` = 2 LIMIT 1 [ RunTime:0.000000s ]
---------------------------------------------------------------
[ 2018-07-26T08:45:52+08:00 ] 172.24.189.12 221.220.36.44 GET /platform/show/select/serial/b4buZqPu/devicetype/3.html
[ info ] 39.104.67.26:8901/platform/show/select/serial/b4buZqPu/devicetype/3.html [运行时间：0.046875s][吞吐率：21.33req/s] [内存消耗：2,268.41kb] [文件加载：44]
[ info ] [ LANG ] C:\thinkphp\thinkphp\lang\zh-cn.php
[ info ] [ ROUTE ] array (
  'type' => 'module',
  'module' => 
  array (
    0 => 'platform',
    1 => 'show',
    2 => 'select',
  ),
)
[ info ] [ HEADER ] array (
  'host' => '39.104.67.26:8901',
  'connection' => 'keep-alive',
  'cache-control' => 'max-age=0',
  'upgrade-insecure-requests' => '1',
  'user-agent' => 'Mozilla/5.0 (Windows NT 6.1; Win64; x64) AppleWebKit/537.36 (KHTML, like Gecko) Chrome/67.0.3396.87 Safari/537.36',
  'accept' => 'text/html,application/xhtml+xml,application/xml;q=0.9,image/webp,image/apng,*/*;q=0.8',
  'referer' => 'http://39.104.67.26:8901/platform/show/select/serial/b4buZqPu/devicetype/3.html',
  'accept-encoding' => 'gzip, deflate',
  'accept-language' => 'zh-CN,zh;q=0.9',
  'cookie' => 'PHPSESSID=d2pqsgfl74uf39sulfcv23tla7',
)
[ info ] [ PARAM ] array (
  'serial' => 'b4buZqPu',
  'devicetype' => '3',
)
[ info ] [ RUN ] app\platform\controller\Show->select[ C:\thinkphp\application\platform\controller\Show.php ]
[ info ] [ DB ] INIT mysql
[ info ] [ VIEW ] C:\thinkphp/application/platform\view\show\show3.html [ array (
  0 => 'datas',
  1 => 'type',
  2 => 'serial',
) ]
[ info ] [ LOG ] INIT File
[ sql ] [ DB ] CONNECT:[ UseTime:0.000000s ] mysql:dbname=tp5;host=127.0.0.1;charset=utf8
[ sql ] [ SQL ] SHOW COLUMNS FROM `qs_experiment_type_store` [ RunTime:0.000000s ]
[ sql ] [ SQL ] SELECT * FROM `qs_experiment_type_store` WHERE  `id` = 3 LIMIT 1 [ RunTime:0.000000s ]
[ sql ] [ SQL ] SHOW COLUMNS FROM `qs_tempandhum` [ RunTime:0.000000s ]
[ sql ] [ SQL ] SELECT COUNT(*) AS tp_count FROM `qs_tempandhum` WHERE  `serial` = 'b4buZqPu' LIMIT 1 [ RunTime:0.000000s ]
[ sql ] [ SQL ] SELECT * FROM `qs_tempandhum` WHERE  `serial` = 'b4buZqPu' ORDER BY id desc LIMIT 0,10 [ RunTime:0.000000s ]
---------------------------------------------------------------
[ 2018-07-26T08:45:54+08:00 ] 172.24.189.12 221.220.36.44 GET /platform/show/select/serial/b4buZqPu/devicetype/3.html
[ info ] 39.104.67.26:8901/platform/show/select/serial/b4buZqPu/devicetype/3.html [运行时间：0.046874s][吞吐率：21.33req/s] [内存消耗：2,268.41kb] [文件加载：44]
[ info ] [ LANG ] C:\thinkphp\thinkphp\lang\zh-cn.php
[ info ] [ ROUTE ] array (
  'type' => 'module',
  'module' => 
  array (
    0 => 'platform',
    1 => 'show',
    2 => 'select',
  ),
)
[ info ] [ HEADER ] array (
  'host' => '39.104.67.26:8901',
  'connection' => 'keep-alive',
  'cache-control' => 'max-age=0',
  'upgrade-insecure-requests' => '1',
  'user-agent' => 'Mozilla/5.0 (Windows NT 6.1; Win64; x64) AppleWebKit/537.36 (KHTML, like Gecko) Chrome/67.0.3396.87 Safari/537.36',
  'accept' => 'text/html,application/xhtml+xml,application/xml;q=0.9,image/webp,image/apng,*/*;q=0.8',
  'referer' => 'http://39.104.67.26:8901/platform/show/select/serial/b4buZqPu/devicetype/3.html',
  'accept-encoding' => 'gzip, deflate',
  'accept-language' => 'zh-CN,zh;q=0.9',
  'cookie' => 'PHPSESSID=d2pqsgfl74uf39sulfcv23tla7',
)
[ info ] [ PARAM ] array (
  'serial' => 'b4buZqPu',
  'devicetype' => '3',
)
[ info ] [ RUN ] app\platform\controller\Show->select[ C:\thinkphp\application\platform\controller\Show.php ]
[ info ] [ DB ] INIT mysql
[ info ] [ VIEW ] C:\thinkphp/application/platform\view\show\show3.html [ array (
  0 => 'datas',
  1 => 'type',
  2 => 'serial',
) ]
[ info ] [ LOG ] INIT File
[ sql ] [ DB ] CONNECT:[ UseTime:0.000000s ] mysql:dbname=tp5;host=127.0.0.1;charset=utf8
[ sql ] [ SQL ] SHOW COLUMNS FROM `qs_experiment_type_store` [ RunTime:0.000000s ]
[ sql ] [ SQL ] SELECT * FROM `qs_experiment_type_store` WHERE  `id` = 3 LIMIT 1 [ RunTime:0.000000s ]
[ sql ] [ SQL ] SHOW COLUMNS FROM `qs_tempandhum` [ RunTime:0.000000s ]
[ sql ] [ SQL ] SELECT COUNT(*) AS tp_count FROM `qs_tempandhum` WHERE  `serial` = 'b4buZqPu' LIMIT 1 [ RunTime:0.000000s ]
[ sql ] [ SQL ] SELECT * FROM `qs_tempandhum` WHERE  `serial` = 'b4buZqPu' ORDER BY id desc LIMIT 0,10 [ RunTime:0.000000s ]
---------------------------------------------------------------
[ 2018-07-26T08:45:55+08:00 ] 172.24.189.12 221.220.36.44 GET /platform/show/select/serial/b4buZqPu/devicetype/3.html
[ info ] 39.104.67.26:8901/platform/show/select/serial/b4buZqPu/devicetype/3.html [运行时间：0.046875s][吞吐率：21.33req/s] [内存消耗：2,268.41kb] [文件加载：44]
[ info ] [ LANG ] C:\thinkphp\thinkphp\lang\zh-cn.php
[ info ] [ ROUTE ] array (
  'type' => 'module',
  'module' => 
  array (
    0 => 'platform',
    1 => 'show',
    2 => 'select',
  ),
)
[ info ] [ HEADER ] array (
  'host' => '39.104.67.26:8901',
  'connection' => 'keep-alive',
  'cache-control' => 'max-age=0',
  'upgrade-insecure-requests' => '1',
  'user-agent' => 'Mozilla/5.0 (Windows NT 6.1; Win64; x64) AppleWebKit/537.36 (KHTML, like Gecko) Chrome/67.0.3396.87 Safari/537.36',
  'accept' => 'text/html,application/xhtml+xml,application/xml;q=0.9,image/webp,image/apng,*/*;q=0.8',
  'referer' => 'http://39.104.67.26:8901/platform/show/select/serial/b4buZqPu/devicetype/3.html',
  'accept-encoding' => 'gzip, deflate',
  'accept-language' => 'zh-CN,zh;q=0.9',
  'cookie' => 'PHPSESSID=d2pqsgfl74uf39sulfcv23tla7',
)
[ info ] [ PARAM ] array (
  'serial' => 'b4buZqPu',
  'devicetype' => '3',
)
[ info ] [ RUN ] app\platform\controller\Show->select[ C:\thinkphp\application\platform\controller\Show.php ]
[ info ] [ DB ] INIT mysql
[ info ] [ VIEW ] C:\thinkphp/application/platform\view\show\show3.html [ array (
  0 => 'datas',
  1 => 'type',
  2 => 'serial',
) ]
[ info ] [ LOG ] INIT File
[ sql ] [ DB ] CONNECT:[ UseTime:0.000000s ] mysql:dbname=tp5;host=127.0.0.1;charset=utf8
[ sql ] [ SQL ] SHOW COLUMNS FROM `qs_experiment_type_store` [ RunTime:0.015625s ]
[ sql ] [ SQL ] SELECT * FROM `qs_experiment_type_store` WHERE  `id` = 3 LIMIT 1 [ RunTime:0.000000s ]
[ sql ] [ SQL ] SHOW COLUMNS FROM `qs_tempandhum` [ RunTime:0.000000s ]
[ sql ] [ SQL ] SELECT COUNT(*) AS tp_count FROM `qs_tempandhum` WHERE  `serial` = 'b4buZqPu' LIMIT 1 [ RunTime:0.000000s ]
[ sql ] [ SQL ] SELECT * FROM `qs_tempandhum` WHERE  `serial` = 'b4buZqPu' ORDER BY id desc LIMIT 0,10 [ RunTime:0.000000s ]
---------------------------------------------------------------
[ 2018-07-26T08:45:56+08:00 ] 172.24.189.12 221.220.36.44 GET /platform/show/select/serial/b4buZqPu/devicetype/3.html
[ info ] 39.104.67.26:8901/platform/show/select/serial/b4buZqPu/devicetype/3.html [运行时间：0.062499s][吞吐率：16.00req/s] [内存消耗：2,268.41kb] [文件加载：44]
[ info ] [ LANG ] C:\thinkphp\thinkphp\lang\zh-cn.php
[ info ] [ ROUTE ] array (
  'type' => 'module',
  'module' => 
  array (
    0 => 'platform',
    1 => 'show',
    2 => 'select',
  ),
)
[ info ] [ HEADER ] array (
  'host' => '39.104.67.26:8901',
  'connection' => 'keep-alive',
  'cache-control' => 'max-age=0',
  'upgrade-insecure-requests' => '1',
  'user-agent' => 'Mozilla/5.0 (Windows NT 6.1; Win64; x64) AppleWebKit/537.36 (KHTML, like Gecko) Chrome/67.0.3396.87 Safari/537.36',
  'accept' => 'text/html,application/xhtml+xml,application/xml;q=0.9,image/webp,image/apng,*/*;q=0.8',
  'referer' => 'http://39.104.67.26:8901/platform/show/select/serial/b4buZqPu/devicetype/3.html',
  'accept-encoding' => 'gzip, deflate',
  'accept-language' => 'zh-CN,zh;q=0.9',
  'cookie' => 'PHPSESSID=d2pqsgfl74uf39sulfcv23tla7',
)
[ info ] [ PARAM ] array (
  'serial' => 'b4buZqPu',
  'devicetype' => '3',
)
[ info ] [ RUN ] app\platform\controller\Show->select[ C:\thinkphp\application\platform\controller\Show.php ]
[ info ] [ DB ] INIT mysql
[ info ] [ VIEW ] C:\thinkphp/application/platform\view\show\show3.html [ array (
  0 => 'datas',
  1 => 'type',
  2 => 'serial',
) ]
[ info ] [ LOG ] INIT File
[ sql ] [ DB ] CONNECT:[ UseTime:0.015625s ] mysql:dbname=tp5;host=127.0.0.1;charset=utf8
[ sql ] [ SQL ] SHOW COLUMNS FROM `qs_experiment_type_store` [ RunTime:0.000000s ]
[ sql ] [ SQL ] SELECT * FROM `qs_experiment_type_store` WHERE  `id` = 3 LIMIT 1 [ RunTime:0.000000s ]
[ sql ] [ SQL ] SHOW COLUMNS FROM `qs_tempandhum` [ RunTime:0.000000s ]
[ sql ] [ SQL ] SELECT COUNT(*) AS tp_count FROM `qs_tempandhum` WHERE  `serial` = 'b4buZqPu' LIMIT 1 [ RunTime:0.000000s ]
[ sql ] [ SQL ] SELECT * FROM `qs_tempandhum` WHERE  `serial` = 'b4buZqPu' ORDER BY id desc LIMIT 0,10 [ RunTime:0.000000s ]
---------------------------------------------------------------
[ 2018-07-26T08:45:58+08:00 ] 172.24.189.12 221.220.36.44 GET /platform/show/select/serial/b4buZqPu/devicetype/3.html
[ info ] 39.104.67.26:8901/platform/show/select/serial/b4buZqPu/devicetype/3.html [运行时间：0.046874s][吞吐率：21.33req/s] [内存消耗：2,268.41kb] [文件加载：44]
[ info ] [ LANG ] C:\thinkphp\thinkphp\lang\zh-cn.php
[ info ] [ ROUTE ] array (
  'type' => 'module',
  'module' => 
  array (
    0 => 'platform',
    1 => 'show',
    2 => 'select',
  ),
)
[ info ] [ HEADER ] array (
  'host' => '39.104.67.26:8901',
  'connection' => 'keep-alive',
  'cache-control' => 'max-age=0',
  'upgrade-insecure-requests' => '1',
  'user-agent' => 'Mozilla/5.0 (Windows NT 6.1; Win64; x64) AppleWebKit/537.36 (KHTML, like Gecko) Chrome/67.0.3396.87 Safari/537.36',
  'accept' => 'text/html,application/xhtml+xml,application/xml;q=0.9,image/webp,image/apng,*/*;q=0.8',
  'referer' => 'http://39.104.67.26:8901/platform/show/select/serial/b4buZqPu/devicetype/3.html',
  'accept-encoding' => 'gzip, deflate',
  'accept-language' => 'zh-CN,zh;q=0.9',
  'cookie' => 'PHPSESSID=d2pqsgfl74uf39sulfcv23tla7',
)
[ info ] [ PARAM ] array (
  'serial' => 'b4buZqPu',
  'devicetype' => '3',
)
[ info ] [ RUN ] app\platform\controller\Show->select[ C:\thinkphp\application\platform\controller\Show.php ]
[ info ] [ DB ] INIT mysql
[ info ] [ VIEW ] C:\thinkphp/application/platform\view\show\show3.html [ array (
  0 => 'datas',
  1 => 'type',
  2 => 'serial',
) ]
[ info ] [ LOG ] INIT File
[ sql ] [ DB ] CONNECT:[ UseTime:0.000000s ] mysql:dbname=tp5;host=127.0.0.1;charset=utf8
[ sql ] [ SQL ] SHOW COLUMNS FROM `qs_experiment_type_store` [ RunTime:0.000000s ]
[ sql ] [ SQL ] SELECT * FROM `qs_experiment_type_store` WHERE  `id` = 3 LIMIT 1 [ RunTime:0.000000s ]
[ sql ] [ SQL ] SHOW COLUMNS FROM `qs_tempandhum` [ RunTime:0.015624s ]
[ sql ] [ SQL ] SELECT COUNT(*) AS tp_count FROM `qs_tempandhum` WHERE  `serial` = 'b4buZqPu' LIMIT 1 [ RunTime:0.000000s ]
[ sql ] [ SQL ] SELECT * FROM `qs_tempandhum` WHERE  `serial` = 'b4buZqPu' ORDER BY id desc LIMIT 0,10 [ RunTime:0.000000s ]
---------------------------------------------------------------
[ 2018-07-26T08:46:02+08:00 ] 172.24.189.12 221.220.36.44 GET /platform/show/select/serial/b4buZqPu/devicetype/3.html
[ info ] 39.104.67.26:8901/platform/show/select/serial/b4buZqPu/devicetype/3.html [运行时间：0.046875s][吞吐率：21.33req/s] [内存消耗：2,268.41kb] [文件加载：44]
[ info ] [ LANG ] C:\thinkphp\thinkphp\lang\zh-cn.php
[ info ] [ ROUTE ] array (
  'type' => 'module',
  'module' => 
  array (
    0 => 'platform',
    1 => 'show',
    2 => 'select',
  ),
)
[ info ] [ HEADER ] array (
  'host' => '39.104.67.26:8901',
  'connection' => 'keep-alive',
  'cache-control' => 'max-age=0',
  'upgrade-insecure-requests' => '1',
  'user-agent' => 'Mozilla/5.0 (Windows NT 6.1; Win64; x64) AppleWebKit/537.36 (KHTML, like Gecko) Chrome/67.0.3396.87 Safari/537.36',
  'accept' => 'text/html,application/xhtml+xml,application/xml;q=0.9,image/webp,image/apng,*/*;q=0.8',
  'referer' => 'http://39.104.67.26:8901/platform/show/select/serial/b4buZqPu/devicetype/3.html',
  'accept-encoding' => 'gzip, deflate',
  'accept-language' => 'zh-CN,zh;q=0.9',
  'cookie' => 'PHPSESSID=d2pqsgfl74uf39sulfcv23tla7',
)
[ info ] [ PARAM ] array (
  'serial' => 'b4buZqPu',
  'devicetype' => '3',
)
[ info ] [ RUN ] app\platform\controller\Show->select[ C:\thinkphp\application\platform\controller\Show.php ]
[ info ] [ DB ] INIT mysql
[ info ] [ VIEW ] C:\thinkphp/application/platform\view\show\show3.html [ array (
  0 => 'datas',
  1 => 'type',
  2 => 'serial',
) ]
[ info ] [ LOG ] INIT File
[ sql ] [ DB ] CONNECT:[ UseTime:0.000000s ] mysql:dbname=tp5;host=127.0.0.1;charset=utf8
[ sql ] [ SQL ] SHOW COLUMNS FROM `qs_experiment_type_store` [ RunTime:0.000000s ]
[ sql ] [ SQL ] SELECT * FROM `qs_experiment_type_store` WHERE  `id` = 3 LIMIT 1 [ RunTime:0.000000s ]
[ sql ] [ SQL ] SHOW COLUMNS FROM `qs_tempandhum` [ RunTime:0.000000s ]
[ sql ] [ SQL ] SELECT COUNT(*) AS tp_count FROM `qs_tempandhum` WHERE  `serial` = 'b4buZqPu' LIMIT 1 [ RunTime:0.000000s ]
[ sql ] [ SQL ] SELECT * FROM `qs_tempandhum` WHERE  `serial` = 'b4buZqPu' ORDER BY id desc LIMIT 0,10 [ RunTime:0.000000s ]
---------------------------------------------------------------
[ 2018-07-26T08:46:03+08:00 ] 172.24.189.12 221.220.36.44 GET /platform/show/select/serial/b4buZqPu/devicetype/3.html
[ info ] 39.104.67.26:8901/platform/show/select/serial/b4buZqPu/devicetype/3.html [运行时间：0.046874s][吞吐率：21.33req/s] [内存消耗：2,268.41kb] [文件加载：44]
[ info ] [ LANG ] C:\thinkphp\thinkphp\lang\zh-cn.php
[ info ] [ ROUTE ] array (
  'type' => 'module',
  'module' => 
  array (
    0 => 'platform',
    1 => 'show',
    2 => 'select',
  ),
)
[ info ] [ HEADER ] array (
  'host' => '39.104.67.26:8901',
  'connection' => 'keep-alive',
  'cache-control' => 'max-age=0',
  'upgrade-insecure-requests' => '1',
  'user-agent' => 'Mozilla/5.0 (Windows NT 6.1; Win64; x64) AppleWebKit/537.36 (KHTML, like Gecko) Chrome/67.0.3396.87 Safari/537.36',
  'accept' => 'text/html,application/xhtml+xml,application/xml;q=0.9,image/webp,image/apng,*/*;q=0.8',
  'referer' => 'http://39.104.67.26:8901/platform/show/select/serial/b4buZqPu/devicetype/3.html',
  'accept-encoding' => 'gzip, deflate',
  'accept-language' => 'zh-CN,zh;q=0.9',
  'cookie' => 'PHPSESSID=d2pqsgfl74uf39sulfcv23tla7',
)
[ info ] [ PARAM ] array (
  'serial' => 'b4buZqPu',
  'devicetype' => '3',
)
[ info ] [ RUN ] app\platform\controller\Show->select[ C:\thinkphp\application\platform\controller\Show.php ]
[ info ] [ DB ] INIT mysql
[ info ] [ VIEW ] C:\thinkphp/application/platform\view\show\show3.html [ array (
  0 => 'datas',
  1 => 'type',
  2 => 'serial',
) ]
[ info ] [ LOG ] INIT File
[ sql ] [ DB ] CONNECT:[ UseTime:0.000000s ] mysql:dbname=tp5;host=127.0.0.1;charset=utf8
[ sql ] [ SQL ] SHOW COLUMNS FROM `qs_experiment_type_store` [ RunTime:0.000000s ]
[ sql ] [ SQL ] SELECT * FROM `qs_experiment_type_store` WHERE  `id` = 3 LIMIT 1 [ RunTime:0.000000s ]
[ sql ] [ SQL ] SHOW COLUMNS FROM `qs_tempandhum` [ RunTime:0.000000s ]
[ sql ] [ SQL ] SELECT COUNT(*) AS tp_count FROM `qs_tempandhum` WHERE  `serial` = 'b4buZqPu' LIMIT 1 [ RunTime:0.000000s ]
[ sql ] [ SQL ] SELECT * FROM `qs_tempandhum` WHERE  `serial` = 'b4buZqPu' ORDER BY id desc LIMIT 0,10 [ RunTime:0.000000s ]
---------------------------------------------------------------
[ 2018-07-26T08:46:12+08:00 ] 172.24.189.12 221.220.36.44 GET /platform/show/select/serial/b4buZqPu/devicetype/3.html
[ info ] 39.104.67.26:8901/platform/show/select/serial/b4buZqPu/devicetype/3.html [运行时间：0.046874s][吞吐率：21.33req/s] [内存消耗：2,268.41kb] [文件加载：44]
[ info ] [ LANG ] C:\thinkphp\thinkphp\lang\zh-cn.php
[ info ] [ ROUTE ] array (
  'type' => 'module',
  'module' => 
  array (
    0 => 'platform',
    1 => 'show',
    2 => 'select',
  ),
)
[ info ] [ HEADER ] array (
  'host' => '39.104.67.26:8901',
  'connection' => 'keep-alive',
  'cache-control' => 'max-age=0',
  'upgrade-insecure-requests' => '1',
  'user-agent' => 'Mozilla/5.0 (Windows NT 6.1; Win64; x64) AppleWebKit/537.36 (KHTML, like Gecko) Chrome/67.0.3396.87 Safari/537.36',
  'accept' => 'text/html,application/xhtml+xml,application/xml;q=0.9,image/webp,image/apng,*/*;q=0.8',
  'referer' => 'http://39.104.67.26:8901/platform/show/select/serial/b4buZqPu/devicetype/3.html',
  'accept-encoding' => 'gzip, deflate',
  'accept-language' => 'zh-CN,zh;q=0.9',
  'cookie' => 'PHPSESSID=d2pqsgfl74uf39sulfcv23tla7',
)
[ info ] [ PARAM ] array (
  'serial' => 'b4buZqPu',
  'devicetype' => '3',
)
[ info ] [ RUN ] app\platform\controller\Show->select[ C:\thinkphp\application\platform\controller\Show.php ]
[ info ] [ DB ] INIT mysql
[ info ] [ VIEW ] C:\thinkphp/application/platform\view\show\show3.html [ array (
  0 => 'datas',
  1 => 'type',
  2 => 'serial',
) ]
[ info ] [ LOG ] INIT File
[ sql ] [ DB ] CONNECT:[ UseTime:0.000000s ] mysql:dbname=tp5;host=127.0.0.1;charset=utf8
[ sql ] [ SQL ] SHOW COLUMNS FROM `qs_experiment_type_store` [ RunTime:0.000000s ]
[ sql ] [ SQL ] SELECT * FROM `qs_experiment_type_store` WHERE  `id` = 3 LIMIT 1 [ RunTime:0.000000s ]
[ sql ] [ SQL ] SHOW COLUMNS FROM `qs_tempandhum` [ RunTime:0.000000s ]
[ sql ] [ SQL ] SELECT COUNT(*) AS tp_count FROM `qs_tempandhum` WHERE  `serial` = 'b4buZqPu' LIMIT 1 [ RunTime:0.000000s ]
[ sql ] [ SQL ] SELECT * FROM `qs_tempandhum` WHERE  `serial` = 'b4buZqPu' ORDER BY id desc LIMIT 0,10 [ RunTime:0.000000s ]
---------------------------------------------------------------
[ 2018-07-26T08:46:19+08:00 ] 172.24.189.12 221.220.36.44 GET /platform/show/select/serial/b4buZqPu/devicetype/3.html
[ info ] 39.104.67.26:8901/platform/show/select/serial/b4buZqPu/devicetype/3.html [运行时间：0.062499s][吞吐率：16.00req/s] [内存消耗：2,268.41kb] [文件加载：44]
[ info ] [ LANG ] C:\thinkphp\thinkphp\lang\zh-cn.php
[ info ] [ ROUTE ] array (
  'type' => 'module',
  'module' => 
  array (
    0 => 'platform',
    1 => 'show',
    2 => 'select',
  ),
)
[ info ] [ HEADER ] array (
  'host' => '39.104.67.26:8901',
  'connection' => 'keep-alive',
  'cache-control' => 'max-age=0',
  'upgrade-insecure-requests' => '1',
  'user-agent' => 'Mozilla/5.0 (Windows NT 6.1; Win64; x64) AppleWebKit/537.36 (KHTML, like Gecko) Chrome/67.0.3396.87 Safari/537.36',
  'accept' => 'text/html,application/xhtml+xml,application/xml;q=0.9,image/webp,image/apng,*/*;q=0.8',
  'referer' => 'http://39.104.67.26:8901/platform/show/select/serial/b4buZqPu/devicetype/3.html',
  'accept-encoding' => 'gzip, deflate',
  'accept-language' => 'zh-CN,zh;q=0.9',
  'cookie' => 'PHPSESSID=d2pqsgfl74uf39sulfcv23tla7',
)
[ info ] [ PARAM ] array (
  'serial' => 'b4buZqPu',
  'devicetype' => '3',
)
[ info ] [ RUN ] app\platform\controller\Show->select[ C:\thinkphp\application\platform\controller\Show.php ]
[ info ] [ DB ] INIT mysql
[ info ] [ VIEW ] C:\thinkphp/application/platform\view\show\show3.html [ array (
  0 => 'datas',
  1 => 'type',
  2 => 'serial',
) ]
[ info ] [ LOG ] INIT File
[ sql ] [ DB ] CONNECT:[ UseTime:0.000000s ] mysql:dbname=tp5;host=127.0.0.1;charset=utf8
[ sql ] [ SQL ] SHOW COLUMNS FROM `qs_experiment_type_store` [ RunTime:0.000000s ]
[ sql ] [ SQL ] SELECT * FROM `qs_experiment_type_store` WHERE  `id` = 3 LIMIT 1 [ RunTime:0.000000s ]
[ sql ] [ SQL ] SHOW COLUMNS FROM `qs_tempandhum` [ RunTime:0.000000s ]
[ sql ] [ SQL ] SELECT COUNT(*) AS tp_count FROM `qs_tempandhum` WHERE  `serial` = 'b4buZqPu' LIMIT 1 [ RunTime:0.000000s ]
[ sql ] [ SQL ] SELECT * FROM `qs_tempandhum` WHERE  `serial` = 'b4buZqPu' ORDER BY id desc LIMIT 0,10 [ RunTime:0.000000s ]
---------------------------------------------------------------
[ 2018-07-26T08:46:23+08:00 ] 172.24.189.12 221.220.36.44 GET /platform/show/select/serial/b4buZqPu/devicetype/3.html
[ info ] 39.104.67.26:8901/platform/show/select/serial/b4buZqPu/devicetype/3.html [运行时间：0.046874s][吞吐率：21.33req/s] [内存消耗：2,268.41kb] [文件加载：44]
[ info ] [ LANG ] C:\thinkphp\thinkphp\lang\zh-cn.php
[ info ] [ ROUTE ] array (
  'type' => 'module',
  'module' => 
  array (
    0 => 'platform',
    1 => 'show',
    2 => 'select',
  ),
)
[ info ] [ HEADER ] array (
  'host' => '39.104.67.26:8901',
  'connection' => 'keep-alive',
  'cache-control' => 'max-age=0',
  'upgrade-insecure-requests' => '1',
  'user-agent' => 'Mozilla/5.0 (Windows NT 6.1; Win64; x64) AppleWebKit/537.36 (KHTML, like Gecko) Chrome/67.0.3396.87 Safari/537.36',
  'accept' => 'text/html,application/xhtml+xml,application/xml;q=0.9,image/webp,image/apng,*/*;q=0.8',
  'referer' => 'http://39.104.67.26:8901/platform/show/select/serial/b4buZqPu/devicetype/3.html',
  'accept-encoding' => 'gzip, deflate',
  'accept-language' => 'zh-CN,zh;q=0.9',
  'cookie' => 'PHPSESSID=d2pqsgfl74uf39sulfcv23tla7',
)
[ info ] [ PARAM ] array (
  'serial' => 'b4buZqPu',
  'devicetype' => '3',
)
[ info ] [ RUN ] app\platform\controller\Show->select[ C:\thinkphp\application\platform\controller\Show.php ]
[ info ] [ DB ] INIT mysql
[ info ] [ VIEW ] C:\thinkphp/application/platform\view\show\show3.html [ array (
  0 => 'datas',
  1 => 'type',
  2 => 'serial',
) ]
[ info ] [ LOG ] INIT File
[ sql ] [ DB ] CONNECT:[ UseTime:0.000000s ] mysql:dbname=tp5;host=127.0.0.1;charset=utf8
[ sql ] [ SQL ] SHOW COLUMNS FROM `qs_experiment_type_store` [ RunTime:0.015625s ]
[ sql ] [ SQL ] SELECT * FROM `qs_experiment_type_store` WHERE  `id` = 3 LIMIT 1 [ RunTime:0.000000s ]
[ sql ] [ SQL ] SHOW COLUMNS FROM `qs_tempandhum` [ RunTime:0.000000s ]
[ sql ] [ SQL ] SELECT COUNT(*) AS tp_count FROM `qs_tempandhum` WHERE  `serial` = 'b4buZqPu' LIMIT 1 [ RunTime:0.000000s ]
[ sql ] [ SQL ] SELECT * FROM `qs_tempandhum` WHERE  `serial` = 'b4buZqPu' ORDER BY id desc LIMIT 0,10 [ RunTime:0.000000s ]
---------------------------------------------------------------
[ 2018-07-26T08:46:24+08:00 ] 172.24.189.12 221.220.36.44 GET /platform/show/select/serial/b4buZqPu/devicetype/3.html
[ info ] 39.104.67.26:8901/platform/show/select/serial/b4buZqPu/devicetype/3.html [运行时间：0.046874s][吞吐率：21.33req/s] [内存消耗：2,268.41kb] [文件加载：44]
[ info ] [ LANG ] C:\thinkphp\thinkphp\lang\zh-cn.php
[ info ] [ ROUTE ] array (
  'type' => 'module',
  'module' => 
  array (
    0 => 'platform',
    1 => 'show',
    2 => 'select',
  ),
)
[ info ] [ HEADER ] array (
  'host' => '39.104.67.26:8901',
  'connection' => 'keep-alive',
  'cache-control' => 'max-age=0',
  'upgrade-insecure-requests' => '1',
  'user-agent' => 'Mozilla/5.0 (Windows NT 6.1; Win64; x64) AppleWebKit/537.36 (KHTML, like Gecko) Chrome/67.0.3396.87 Safari/537.36',
  'accept' => 'text/html,application/xhtml+xml,application/xml;q=0.9,image/webp,image/apng,*/*;q=0.8',
  'referer' => 'http://39.104.67.26:8901/platform/show/select/serial/b4buZqPu/devicetype/3.html',
  'accept-encoding' => 'gzip, deflate',
  'accept-language' => 'zh-CN,zh;q=0.9',
  'cookie' => 'PHPSESSID=d2pqsgfl74uf39sulfcv23tla7',
)
[ info ] [ PARAM ] array (
  'serial' => 'b4buZqPu',
  'devicetype' => '3',
)
[ info ] [ RUN ] app\platform\controller\Show->select[ C:\thinkphp\application\platform\controller\Show.php ]
[ info ] [ DB ] INIT mysql
[ info ] [ VIEW ] C:\thinkphp/application/platform\view\show\show3.html [ array (
  0 => 'datas',
  1 => 'type',
  2 => 'serial',
) ]
[ info ] [ LOG ] INIT File
[ sql ] [ DB ] CONNECT:[ UseTime:0.000000s ] mysql:dbname=tp5;host=127.0.0.1;charset=utf8
[ sql ] [ SQL ] SHOW COLUMNS FROM `qs_experiment_type_store` [ RunTime:0.000000s ]
[ sql ] [ SQL ] SELECT * FROM `qs_experiment_type_store` WHERE  `id` = 3 LIMIT 1 [ RunTime:0.000000s ]
[ sql ] [ SQL ] SHOW COLUMNS FROM `qs_tempandhum` [ RunTime:0.015624s ]
[ sql ] [ SQL ] SELECT COUNT(*) AS tp_count FROM `qs_tempandhum` WHERE  `serial` = 'b4buZqPu' LIMIT 1 [ RunTime:0.000000s ]
[ sql ] [ SQL ] SELECT * FROM `qs_tempandhum` WHERE  `serial` = 'b4buZqPu' ORDER BY id desc LIMIT 0,10 [ RunTime:0.000000s ]
---------------------------------------------------------------
[ 2018-07-26T08:46:26+08:00 ] 172.24.189.12 221.220.36.44 GET /platform/show/select/serial/b4buZqPu/devicetype/3.html
[ info ] 39.104.67.26:8901/platform/show/select/serial/b4buZqPu/devicetype/3.html [运行时间：0.046874s][吞吐率：21.33req/s] [内存消耗：2,268.41kb] [文件加载：44]
[ info ] [ LANG ] C:\thinkphp\thinkphp\lang\zh-cn.php
[ info ] [ ROUTE ] array (
  'type' => 'module',
  'module' => 
  array (
    0 => 'platform',
    1 => 'show',
    2 => 'select',
  ),
)
[ info ] [ HEADER ] array (
  'host' => '39.104.67.26:8901',
  'connection' => 'keep-alive',
  'cache-control' => 'max-age=0',
  'upgrade-insecure-requests' => '1',
  'user-agent' => 'Mozilla/5.0 (Windows NT 6.1; Win64; x64) AppleWebKit/537.36 (KHTML, like Gecko) Chrome/67.0.3396.87 Safari/537.36',
  'accept' => 'text/html,application/xhtml+xml,application/xml;q=0.9,image/webp,image/apng,*/*;q=0.8',
  'referer' => 'http://39.104.67.26:8901/platform/show/select/serial/b4buZqPu/devicetype/3.html',
  'accept-encoding' => 'gzip, deflate',
  'accept-language' => 'zh-CN,zh;q=0.9',
  'cookie' => 'PHPSESSID=d2pqsgfl74uf39sulfcv23tla7',
)
[ info ] [ PARAM ] array (
  'serial' => 'b4buZqPu',
  'devicetype' => '3',
)
[ info ] [ RUN ] app\platform\controller\Show->select[ C:\thinkphp\application\platform\controller\Show.php ]
[ info ] [ DB ] INIT mysql
[ info ] [ VIEW ] C:\thinkphp/application/platform\view\show\show3.html [ array (
  0 => 'datas',
  1 => 'type',
  2 => 'serial',
) ]
[ info ] [ LOG ] INIT File
[ sql ] [ DB ] CONNECT:[ UseTime:0.000000s ] mysql:dbname=tp5;host=127.0.0.1;charset=utf8
[ sql ] [ SQL ] SHOW COLUMNS FROM `qs_experiment_type_store` [ RunTime:0.000000s ]
[ sql ] [ SQL ] SELECT * FROM `qs_experiment_type_store` WHERE  `id` = 3 LIMIT 1 [ RunTime:0.000000s ]
[ sql ] [ SQL ] SHOW COLUMNS FROM `qs_tempandhum` [ RunTime:0.000000s ]
[ sql ] [ SQL ] SELECT COUNT(*) AS tp_count FROM `qs_tempandhum` WHERE  `serial` = 'b4buZqPu' LIMIT 1 [ RunTime:0.000000s ]
[ sql ] [ SQL ] SELECT * FROM `qs_tempandhum` WHERE  `serial` = 'b4buZqPu' ORDER BY id desc LIMIT 0,10 [ RunTime:0.000000s ]
---------------------------------------------------------------
[ 2018-07-26T08:46:27+08:00 ] 172.24.189.12 221.220.36.44 GET /platform/show/select/serial/b4buZqPu/devicetype/3.html
[ info ] 39.104.67.26:8901/platform/show/select/serial/b4buZqPu/devicetype/3.html [运行时间：0.046874s][吞吐率：21.33req/s] [内存消耗：2,268.41kb] [文件加载：44]
[ info ] [ LANG ] C:\thinkphp\thinkphp\lang\zh-cn.php
[ info ] [ ROUTE ] array (
  'type' => 'module',
  'module' => 
  array (
    0 => 'platform',
    1 => 'show',
    2 => 'select',
  ),
)
[ info ] [ HEADER ] array (
  'host' => '39.104.67.26:8901',
  'connection' => 'keep-alive',
  'cache-control' => 'max-age=0',
  'upgrade-insecure-requests' => '1',
  'user-agent' => 'Mozilla/5.0 (Windows NT 6.1; Win64; x64) AppleWebKit/537.36 (KHTML, like Gecko) Chrome/67.0.3396.87 Safari/537.36',
  'accept' => 'text/html,application/xhtml+xml,application/xml;q=0.9,image/webp,image/apng,*/*;q=0.8',
  'referer' => 'http://39.104.67.26:8901/platform/show/select/serial/b4buZqPu/devicetype/3.html',
  'accept-encoding' => 'gzip, deflate',
  'accept-language' => 'zh-CN,zh;q=0.9',
  'cookie' => 'PHPSESSID=d2pqsgfl74uf39sulfcv23tla7',
)
[ info ] [ PARAM ] array (
  'serial' => 'b4buZqPu',
  'devicetype' => '3',
)
[ info ] [ RUN ] app\platform\controller\Show->select[ C:\thinkphp\application\platform\controller\Show.php ]
[ info ] [ DB ] INIT mysql
[ info ] [ VIEW ] C:\thinkphp/application/platform\view\show\show3.html [ array (
  0 => 'datas',
  1 => 'type',
  2 => 'serial',
) ]
[ info ] [ LOG ] INIT File
[ sql ] [ DB ] CONNECT:[ UseTime:0.000000s ] mysql:dbname=tp5;host=127.0.0.1;charset=utf8
[ sql ] [ SQL ] SHOW COLUMNS FROM `qs_experiment_type_store` [ RunTime:0.015625s ]
[ sql ] [ SQL ] SELECT * FROM `qs_experiment_type_store` WHERE  `id` = 3 LIMIT 1 [ RunTime:0.000000s ]
[ sql ] [ SQL ] SHOW COLUMNS FROM `qs_tempandhum` [ RunTime:0.000000s ]
[ sql ] [ SQL ] SELECT COUNT(*) AS tp_count FROM `qs_tempandhum` WHERE  `serial` = 'b4buZqPu' LIMIT 1 [ RunTime:0.000000s ]
[ sql ] [ SQL ] SELECT * FROM `qs_tempandhum` WHERE  `serial` = 'b4buZqPu' ORDER BY id desc LIMIT 0,10 [ RunTime:0.000000s ]
---------------------------------------------------------------
[ 2018-07-26T08:46:27+08:00 ] 172.24.189.12 221.220.36.44 GET /platform/show/select/serial/b4buZqPu/devicetype/3.html
[ info ] 39.104.67.26:8901/platform/show/select/serial/b4buZqPu/devicetype/3.html [运行时间：0.046874s][吞吐率：21.33req/s] [内存消耗：2,268.41kb] [文件加载：44]
[ info ] [ LANG ] C:\thinkphp\thinkphp\lang\zh-cn.php
[ info ] [ ROUTE ] array (
  'type' => 'module',
  'module' => 
  array (
    0 => 'platform',
    1 => 'show',
    2 => 'select',
  ),
)
[ info ] [ HEADER ] array (
  'host' => '39.104.67.26:8901',
  'connection' => 'keep-alive',
  'cache-control' => 'max-age=0',
  'upgrade-insecure-requests' => '1',
  'user-agent' => 'Mozilla/5.0 (Windows NT 6.1; Win64; x64) AppleWebKit/537.36 (KHTML, like Gecko) Chrome/67.0.3396.87 Safari/537.36',
  'accept' => 'text/html,application/xhtml+xml,application/xml;q=0.9,image/webp,image/apng,*/*;q=0.8',
  'referer' => 'http://39.104.67.26:8901/platform/show/select/serial/b4buZqPu/devicetype/3.html',
  'accept-encoding' => 'gzip, deflate',
  'accept-language' => 'zh-CN,zh;q=0.9',
  'cookie' => 'PHPSESSID=d2pqsgfl74uf39sulfcv23tla7',
)
[ info ] [ PARAM ] array (
  'serial' => 'b4buZqPu',
  'devicetype' => '3',
)
[ info ] [ RUN ] app\platform\controller\Show->select[ C:\thinkphp\application\platform\controller\Show.php ]
[ info ] [ DB ] INIT mysql
[ info ] [ VIEW ] C:\thinkphp/application/platform\view\show\show3.html [ array (
  0 => 'datas',
  1 => 'type',
  2 => 'serial',
) ]
[ info ] [ LOG ] INIT File
[ sql ] [ DB ] CONNECT:[ UseTime:0.000000s ] mysql:dbname=tp5;host=127.0.0.1;charset=utf8
[ sql ] [ SQL ] SHOW COLUMNS FROM `qs_experiment_type_store` [ RunTime:0.000000s ]
[ sql ] [ SQL ] SELECT * FROM `qs_experiment_type_store` WHERE  `id` = 3 LIMIT 1 [ RunTime:0.000000s ]
[ sql ] [ SQL ] SHOW COLUMNS FROM `qs_tempandhum` [ RunTime:0.000000s ]
[ sql ] [ SQL ] SELECT COUNT(*) AS tp_count FROM `qs_tempandhum` WHERE  `serial` = 'b4buZqPu' LIMIT 1 [ RunTime:0.000000s ]
[ sql ] [ SQL ] SELECT * FROM `qs_tempandhum` WHERE  `serial` = 'b4buZqPu' ORDER BY id desc LIMIT 0,10 [ RunTime:0.000000s ]
---------------------------------------------------------------
[ 2018-07-26T08:46:29+08:00 ] 172.24.189.12 221.220.36.44 GET /platform/show/select/serial/b4buZqPu/devicetype/3.html
[ info ] 39.104.67.26:8901/platform/show/select/serial/b4buZqPu/devicetype/3.html [运行时间：0.046875s][吞吐率：21.33req/s] [内存消耗：2,268.41kb] [文件加载：44]
[ info ] [ LANG ] C:\thinkphp\thinkphp\lang\zh-cn.php
[ info ] [ ROUTE ] array (
  'type' => 'module',
  'module' => 
  array (
    0 => 'platform',
    1 => 'show',
    2 => 'select',
  ),
)
[ info ] [ HEADER ] array (
  'host' => '39.104.67.26:8901',
  'connection' => 'keep-alive',
  'cache-control' => 'max-age=0',
  'upgrade-insecure-requests' => '1',
  'user-agent' => 'Mozilla/5.0 (Windows NT 6.1; Win64; x64) AppleWebKit/537.36 (KHTML, like Gecko) Chrome/67.0.3396.87 Safari/537.36',
  'accept' => 'text/html,application/xhtml+xml,application/xml;q=0.9,image/webp,image/apng,*/*;q=0.8',
  'referer' => 'http://39.104.67.26:8901/platform/show/select/serial/b4buZqPu/devicetype/3.html',
  'accept-encoding' => 'gzip, deflate',
  'accept-language' => 'zh-CN,zh;q=0.9',
  'cookie' => 'PHPSESSID=d2pqsgfl74uf39sulfcv23tla7',
)
[ info ] [ PARAM ] array (
  'serial' => 'b4buZqPu',
  'devicetype' => '3',
)
[ info ] [ RUN ] app\platform\controller\Show->select[ C:\thinkphp\application\platform\controller\Show.php ]
[ info ] [ DB ] INIT mysql
[ info ] [ VIEW ] C:\thinkphp/application/platform\view\show\show3.html [ array (
  0 => 'datas',
  1 => 'type',
  2 => 'serial',
) ]
[ info ] [ LOG ] INIT File
[ sql ] [ DB ] CONNECT:[ UseTime:0.000000s ] mysql:dbname=tp5;host=127.0.0.1;charset=utf8
[ sql ] [ SQL ] SHOW COLUMNS FROM `qs_experiment_type_store` [ RunTime:0.000000s ]
[ sql ] [ SQL ] SELECT * FROM `qs_experiment_type_store` WHERE  `id` = 3 LIMIT 1 [ RunTime:0.000000s ]
[ sql ] [ SQL ] SHOW COLUMNS FROM `qs_tempandhum` [ RunTime:0.000000s ]
[ sql ] [ SQL ] SELECT COUNT(*) AS tp_count FROM `qs_tempandhum` WHERE  `serial` = 'b4buZqPu' LIMIT 1 [ RunTime:0.000000s ]
[ sql ] [ SQL ] SELECT * FROM `qs_tempandhum` WHERE  `serial` = 'b4buZqPu' ORDER BY id desc LIMIT 0,10 [ RunTime:0.000000s ]
---------------------------------------------------------------
[ 2018-07-26T08:48:08+08:00 ] 172.24.189.12 221.220.36.44 POST /platform/control/sendon.html
[ info ] 39.104.67.26:8901/platform/control/sendon.html [运行时间：0.046875s][吞吐率：21.33req/s] [内存消耗：2,062.64kb] [文件加载：41]
[ info ] [ LANG ] C:\thinkphp\thinkphp\lang\zh-cn.php
[ info ] [ ROUTE ] array (
  'type' => 'module',
  'module' => 
  array (
    0 => 'platform',
    1 => 'control',
    2 => 'sendon',
  ),
)
[ info ] [ HEADER ] array (
  'host' => '39.104.67.26:8901',
  'connection' => 'keep-alive',
  'content-length' => '11',
  'accept' => '*/*',
  'origin' => 'http://39.104.67.26:8901',
  'x-requested-with' => 'XMLHttpRequest',
  'user-agent' => 'Mozilla/5.0 (Windows NT 6.1; Win64; x64) AppleWebKit/537.36 (KHTML, like Gecko) Chrome/67.0.3396.87 Safari/537.36',
  'content-type' => 'application/x-www-form-urlencoded; charset=UTF-8',
  'referer' => 'http://39.104.67.26:8901/platform/show/select/serial/PBvidNpB/devicetype/4.html',
  'accept-encoding' => 'gzip, deflate',
  'accept-language' => 'zh-CN,zh;q=0.9',
  'cookie' => 'PHPSESSID=d2pqsgfl74uf39sulfcv23tla7',
)
[ info ] [ PARAM ] array (
  'id' => 'PBvidNpB',
)
[ info ] [ RUN ] app\platform\controller\Control->sendon[ C:\thinkphp\application\platform\controller\Control.php ]
[ info ] [ DB ] INIT mysql
[ info ] [ LOG ] INIT File
[ sql ] [ DB ] CONNECT:[ UseTime:0.000000s ] mysql:dbname=tp5;host=127.0.0.1;charset=utf8
[ sql ] [ SQL ] SHOW COLUMNS FROM `qs_client` [ RunTime:0.000000s ]
[ sql ] [ SQL ] SELECT * FROM `qs_client` WHERE  `serial` = 'PBvidNpB' ORDER BY id desc LIMIT 1 [ RunTime:0.000000s ]
---------------------------------------------------------------
[ 2018-07-26T14:19:16+08:00 ] 172.24.189.12 106.11.158.162 GET /index/index/index/index/index/index/index
[ info ] 39.104.67.26/index/index/index/index/index/index/index [运行时间：0.046874s][吞吐率：21.33req/s] [内存消耗：2,105.65kb] [文件加载：41]
[ info ] [ LANG ] C:\thinkphp\thinkphp\lang\zh-cn.php
[ info ] [ ROUTE ] array (
  'type' => 'module',
  'module' => 
  array (
    0 => 'index',
    1 => 'index',
    2 => 'index',
  ),
)
[ info ] [ HEADER ] array (
  'accept-language' => 'zh-cn,en-us,zh-tw,en-gb,en;',
  'host' => '39.104.67.26',
  'accept-encoding' => 'gzip',
  'accept' => '*/*',
  'connection' => 'Keep-Alive',
  'user-agent' => 'YisouSpider',
)
[ info ] [ PARAM ] array (
  'index' => 'index',
)
[ info ] [ RUN ] app\index\controller\Index->index[ C:\thinkphp\application\index\controller\Index.php ]
[ info ] [ SESSION ] INIT array (
  'id' => '',
  'var_session_id' => '',
  'prefix' => 'think',
  'type' => '',
  'auto_start' => true,
)
[ info ] [ DB ] INIT mysql
[ info ] [ VIEW ] C:\thinkphp/application/index\view\index\index.html [ array (
  0 => 'event',
) ]
[ info ] [ LOG ] INIT File
[ sql ] [ DB ] CONNECT:[ UseTime:0.000000s ] mysql:dbname=tp5;host=127.0.0.1;charset=utf8
[ sql ] [ SQL ] SHOW COLUMNS FROM `qs_event` [ RunTime:0.000000s ]
[ sql ] [ SQL ] SELECT * FROM `qs_event` ORDER BY id asc [ RunTime:0.000000s ]
