---------------------------------------------------------------
[ 2018-07-29T11:46:43+08:00 ] 172.24.189.12 106.11.156.187 GET /download/index/android.html
[ info ] 39.104.67.26/download/index/android.html [运行时间：0.140626s][吞吐率：7.11req/s] [内存消耗：2,195.80kb] [文件加载：44]
[ info ] [ LANG ] C:\thinkphp\thinkphp\lang\zh-cn.php
[ info ] [ ROUTE ] array (
  'type' => 'module',
  'module' => 
  array (
    0 => 'download',
    1 => 'index',
    2 => 'android',
  ),
)
[ info ] [ HEADER ] array (
  'accept-language' => 'zh-cn,en-us,zh-tw,en-gb,en;',
  'host' => '39.104.67.26',
  'accept-encoding' => 'gzip',
  'accept' => '*/*',
  'connection' => 'Keep-Alive',
  'user-agent' => 'YisouSpider',
)
[ info ] [ PARAM ] array (
)
[ info ] [ RUN ] app\download\controller\Index->android[ C:\thinkphp\application\download\controller\Index.php ]
[ info ] [ DB ] INIT mysql
[ info ] [ SESSION ] INIT array (
  'id' => '',
  'var_session_id' => '',
  'prefix' => 'think',
  'type' => '',
  'auto_start' => true,
)
[ info ] [ VIEW ] C:\thinkphp/application/download\view\index\android.html [ array (
  0 => 'data',
) ]
[ info ] [ LOG ] INIT File
[ sql ] [ DB ] CONNECT:[ UseTime:0.000000s ] mysql:dbname=tp5;host=127.0.0.1;charset=utf8
[ sql ] [ SQL ] SHOW COLUMNS FROM `qs_downloadandroidfile` [ RunTime:0.015625s ]
[ sql ] [ SQL ] SELECT COUNT(*) AS tp_count FROM `qs_downloadandroidfile` LIMIT 1 [ RunTime:0.000000s ]
[ sql ] [ SQL ] SELECT * FROM `qs_downloadandroidfile` ORDER BY id asc LIMIT 0,12 [ RunTime:0.000000s ]
---------------------------------------------------------------
[ 2018-07-29T13:10:15+08:00 ] 172.24.189.12 106.11.158.162 GET /download/index/downloads/fileid/SuperIoT%E5%AE%A2%E6%88%B7%E7%AB%AF.html
[ info ] 39.104.67.26/download/index/downloads/fileid/SuperIoT%E5%AE%A2%E6%88%B7%E7%AB%AF.html [运行时间：0.171875s][吞吐率：5.82req/s] [内存消耗：8,041.51kb] [文件加载：39]
[ info ] [ LANG ] C:\thinkphp\thinkphp\lang\zh-cn.php
[ info ] [ ROUTE ] array (
  'type' => 'module',
  'module' => 
  array (
    0 => 'download',
    1 => 'index',
    2 => 'downloads',
  ),
)
[ info ] [ HEADER ] array (
  'accept-language' => 'zh-cn,en-us,zh-tw,en-gb,en;',
  'host' => '39.104.67.26',
  'accept-encoding' => 'gzip',
  'accept' => '*/*',
  'connection' => 'Keep-Alive',
  'user-agent' => 'YisouSpider',
)
[ info ] [ PARAM ] array (
  'fileid' => 'SuperIoT客户端',
)
[ info ] [ RUN ] app\download\controller\Index->downloads[ C:\thinkphp\application\download\controller\Index.php ]
[ info ] [ DB ] INIT mysql
[ info ] [ LOG ] INIT File
[ sql ] [ DB ] CONNECT:[ UseTime:0.000000s ] mysql:dbname=tp5;host=127.0.0.1;charset=utf8
[ sql ] [ SQL ] SHOW COLUMNS FROM `qs_downloadandroidfile` [ RunTime:0.000000s ]
[ sql ] [ SQL ] SELECT `address` FROM `qs_downloadandroidfile` WHERE  `name` = 'SuperIoT客户端' LIMIT 1 [ RunTime:0.000000s ]
