---------------------------------------------------------------
[ 2018-09-27T00:12:04+08:00 ] 172.24.189.12 42.156.139.121 GET /
[ info ] 39.104.67.26:8901/ [运行时间：0.046875s][吞吐率：21.33req/s] [内存消耗：2,105.67kb] [文件加载：41]
[ info ] [ LANG ] C:\thinkphp\thinkphp\lang\zh-cn.php
[ info ] [ ROUTE ] array (
  'type' => 'module',
  'module' => 
  array (
    0 => '',
    1 => NULL,
    2 => NULL,
  ),
)
[ info ] [ HEADER ] array (
  'accept' => 'text/html,application/xhtml+xml,application/xml;q=0.9,image/webp,image/apng,*/*;q=0.8',
  'accept-encoding' => 'gzip, deflate',
  'host' => '39.104.67.26:8901',
  'upgrade-insecure-requests' => '1',
  'user-agent' => 'Mozilla/5.0 (Windows NT 6.1; Win64; x64) AppleWebKit/537.36 (KHTML, like Gecko) Chrome/69.0.3497.81 Safari/537.36',
  'connection' => 'close',
)
[ info ] [ PARAM ] array (
)
[ info ] [ RUN ] app\index\controller\Index->index[ C:\thinkphp\application\index\controller\Index.php ]
[ info ] [ SESSION ] INIT array (
  'id' => '',
  'var_session_id' => '',
  'prefix' => 'think',
  'type' => '',
  'auto_start' => true,
)
[ info ] [ DB ] INIT mysql
[ info ] [ VIEW ] C:\thinkphp/application/index\view\index\index.html [ array (
  0 => 'event',
) ]
[ info ] [ LOG ] INIT File
[ sql ] [ DB ] CONNECT:[ UseTime:0.000000s ] mysql:dbname=tp5;host=127.0.0.1;charset=utf8
[ sql ] [ SQL ] SHOW COLUMNS FROM `qs_event` [ RunTime:0.000000s ]
[ sql ] [ SQL ] SELECT * FROM `qs_event` ORDER BY id asc [ RunTime:0.000000s ]
---------------------------------------------------------------
[ 2018-09-27T01:40:00+08:00 ] 172.24.189.12 106.11.154.148 GET /download/index/downloads/fileid/NattierSea%E4%BC%A0%E6%84%9F%E5%99%A8%E4%B8%8A%E4%BD%8D%E6%9C%BA.html
[ info ] 39.104.67.26/download/index/downloads/fileid/NattierSea%E4%BC%A0%E6%84%9F%E5%99%A8%E4%B8%8A%E4%BD%8D%E6%9C%BA.html [运行时间：0.125000s][吞吐率：8.00req/s] [内存消耗：3,949.68kb] [文件加载：39]
[ info ] [ LANG ] C:\thinkphp\thinkphp\lang\zh-cn.php
[ info ] [ ROUTE ] array (
  'type' => 'module',
  'module' => 
  array (
    0 => 'download',
    1 => 'index',
    2 => 'downloads',
  ),
)
[ info ] [ HEADER ] array (
  'accept-language' => 'zh-cn,en-us,zh-tw,en-gb,en;',
  'host' => '39.104.67.26',
  'accept-encoding' => 'gzip',
  'accept' => '*/*',
  'connection' => 'Keep-Alive',
  'user-agent' => 'YisouSpider',
)
[ info ] [ PARAM ] array (
  'fileid' => 'NattierSea传感器上位机',
)
[ info ] [ RUN ] app\download\controller\Index->downloads[ C:\thinkphp\application\download\controller\Index.php ]
[ info ] [ DB ] INIT mysql
[ info ] [ LOG ] INIT File
[ sql ] [ DB ] CONNECT:[ UseTime:0.000000s ] mysql:dbname=tp5;host=127.0.0.1;charset=utf8
[ sql ] [ SQL ] SHOW COLUMNS FROM `qs_downloadandroidfile` [ RunTime:0.031250s ]
[ sql ] [ SQL ] SELECT `address` FROM `qs_downloadandroidfile` WHERE  `name` = 'NattierSea传感器上位机' LIMIT 1 [ RunTime:0.000000s ]
