---------------------------------------------------------------
[ 2018-04-27T21:08:16+08:00 ] 172.24.189.12 114.242.250.112 GET /public/static/images/p2.jpg
[ info ] 39.104.67.26:8901/public/static/images/p2.jpg [运行时间：0.031249s][吞吐率：32.00req/s] [内存消耗：1,027.35kb] [文件加载：28]
[ info ] [ LANG ] C:\thinkphp\thinkphp\lang\zh-cn.php
[ info ] [ ROUTE ] array (
  'type' => 'module',
  'module' => 
  array (
    0 => 'public',
    1 => 'static',
    2 => 'images',
  ),
)
[ info ] [ HEADER ] array (
  'host' => '39.104.67.26:8901',
  'connection' => 'keep-alive',
  'user-agent' => 'Mozilla/5.0 (Windows NT 10.0; WOW64) AppleWebKit/537.36 (KHTML, like Gecko) Chrome/55.0.2883.87 Safari/537.36',
  'accept' => 'image/webp,image/*,*/*;q=0.8',
  'referer' => 'http://39.104.67.26:8901/data/index/index.html',
  'accept-encoding' => 'gzip, deflate, sdch',
  'accept-language' => 'zh-CN,zh;q=0.8',
  'cookie' => 'UM_distinctid=16299eb96d27e-0175dde0cafa518-677b7726-1fa400-16299eb96d310a; __guid=43106535.2609638163094792000.1523776528102.6223; PHPSESSID=okjrre20pmom6g03ed0me3l2r6; CNZZDATA155540=cnzz_eid%3D1401263764-1524830155-http%253A%252F%252F39.104.67.26%253A8901%252F%26ntime%3D1524830155; monitor_count=5',
)
[ info ] [ PARAM ] array (
)
[ info ] [ LOG ] INIT File
---------------------------------------------------------------
[ 2018-04-27T21:08:16+08:00 ] 172.24.189.12 114.242.250.112 GET /public/static/images/p3.jpg
[ info ] 39.104.67.26:8901/public/static/images/p3.jpg [运行时间：0.015625s][吞吐率：64.00req/s] [内存消耗：1,027.24kb] [文件加载：28]
[ info ] [ LANG ] C:\thinkphp\thinkphp\lang\zh-cn.php
[ info ] [ ROUTE ] array (
  'type' => 'module',
  'module' => 
  array (
    0 => 'public',
    1 => 'static',
    2 => 'images',
  ),
)
[ info ] [ HEADER ] array (
  'host' => '39.104.67.26:8901',
  'connection' => 'keep-alive',
  'user-agent' => 'Mozilla/5.0 (Windows NT 10.0; WOW64) AppleWebKit/537.36 (KHTML, like Gecko) Chrome/55.0.2883.87 Safari/537.36',
  'accept' => 'image/webp,image/*,*/*;q=0.8',
  'referer' => 'http://39.104.67.26:8901/data/index/index.html',
  'accept-encoding' => 'gzip, deflate, sdch',
  'accept-language' => 'zh-CN,zh;q=0.8',
  'cookie' => 'UM_distinctid=16299eb96d27e-0175dde0cafa518-677b7726-1fa400-16299eb96d310a; __guid=43106535.2609638163094792000.1523776528102.6223; PHPSESSID=okjrre20pmom6g03ed0me3l2r6; CNZZDATA155540=cnzz_eid%3D1401263764-1524830155-http%253A%252F%252F39.104.67.26%253A8901%252F%26ntime%3D1524830155; monitor_count=5',
)
[ info ] [ PARAM ] array (
)
[ info ] [ LOG ] INIT File
---------------------------------------------------------------
[ 2018-04-27T21:08:16+08:00 ] 172.24.189.12 114.242.250.112 GET /public/static/images/tiles/footeropen.png
[ info ] 39.104.67.26:8901/public/static/images/tiles/footeropen.png [运行时间：0.031250s][吞吐率：32.00req/s] [内存消耗：1,027.72kb] [文件加载：28]
[ info ] [ LANG ] C:\thinkphp\thinkphp\lang\zh-cn.php
[ info ] [ ROUTE ] array (
  'type' => 'module',
  'module' => 
  array (
    0 => 'public',
    1 => 'static',
    2 => 'images',
  ),
)
[ info ] [ HEADER ] array (
  'host' => '39.104.67.26:8901',
  'connection' => 'keep-alive',
  'user-agent' => 'Mozilla/5.0 (Windows NT 10.0; WOW64) AppleWebKit/537.36 (KHTML, like Gecko) Chrome/55.0.2883.87 Safari/537.36',
  'accept' => 'image/webp,image/*,*/*;q=0.8',
  'referer' => 'http://39.104.67.26:8901/public/static/css/screen.css',
  'accept-encoding' => 'gzip, deflate, sdch',
  'accept-language' => 'zh-CN,zh;q=0.8',
  'cookie' => 'UM_distinctid=16299eb96d27e-0175dde0cafa518-677b7726-1fa400-16299eb96d310a; __guid=43106535.2609638163094792000.1523776528102.6223; PHPSESSID=okjrre20pmom6g03ed0me3l2r6; monitor_count=5; CNZZDATA155540=cnzz_eid%3D1401263764-1524830155-http%253A%252F%252F39.104.67.26%253A8901%252F%26ntime%3D1524830155',
)
[ info ] [ PARAM ] array (
  'tiles' => 'footeropen.png',
)
[ info ] [ LOG ] INIT File
---------------------------------------------------------------
[ 2018-04-27T21:08:16+08:00 ] 172.24.189.12 114.242.250.112 GET /public/static/images/tiles/footerclose.png
[ info ] 39.104.67.26:8901/public/static/images/tiles/footerclose.png [运行时间：0.031250s][吞吐率：32.00req/s] [内存消耗：1,027.73kb] [文件加载：28]
[ info ] [ LANG ] C:\thinkphp\thinkphp\lang\zh-cn.php
[ info ] [ ROUTE ] array (
  'type' => 'module',
  'module' => 
  array (
    0 => 'public',
    1 => 'static',
    2 => 'images',
  ),
)
[ info ] [ HEADER ] array (
  'host' => '39.104.67.26:8901',
  'connection' => 'keep-alive',
  'user-agent' => 'Mozilla/5.0 (Windows NT 10.0; WOW64) AppleWebKit/537.36 (KHTML, like Gecko) Chrome/55.0.2883.87 Safari/537.36',
  'accept' => 'image/webp,image/*,*/*;q=0.8',
  'referer' => 'http://39.104.67.26:8901/public/static/css/screen.css',
  'accept-encoding' => 'gzip, deflate, sdch',
  'accept-language' => 'zh-CN,zh;q=0.8',
  'cookie' => 'UM_distinctid=16299eb96d27e-0175dde0cafa518-677b7726-1fa400-16299eb96d310a; __guid=43106535.2609638163094792000.1523776528102.6223; PHPSESSID=okjrre20pmom6g03ed0me3l2r6; monitor_count=5; CNZZDATA155540=cnzz_eid%3D1401263764-1524830155-http%253A%252F%252F39.104.67.26%253A8901%252F%26ntime%3D1524830155',
)
[ info ] [ PARAM ] array (
  'tiles' => 'footerclose.png',
)
[ info ] [ LOG ] INIT File
---------------------------------------------------------------
[ 2018-04-27T21:08:37+08:00 ] 172.24.189.12 114.242.250.112 POST /data/index/__js__/html/byhum.html
[ info ] 39.104.67.26:8901/data/index/__js__/html/byhum.html [运行时间：0.046875s][吞吐率：21.33req/s] [内存消耗：2,116.73kb] [文件加载：44]
[ info ] [ LANG ] C:\thinkphp\thinkphp\lang\zh-cn.php
[ info ] [ ROUTE ] array (
  'type' => 'module',
  'module' => 
  array (
    0 => 'data',
    1 => 'index',
    2 => '__js__',
  ),
)
[ info ] [ HEADER ] array (
  'host' => '39.104.67.26:8901',
  'connection' => 'keep-alive',
  'content-length' => '8',
  'accept' => 'text/html, */*; q=0.01',
  'origin' => 'http://39.104.67.26:8901',
  'x-requested-with' => 'XMLHttpRequest',
  'user-agent' => 'Mozilla/5.0 (Windows NT 10.0; WOW64) AppleWebKit/537.36 (KHTML, like Gecko) Chrome/55.0.2883.87 Safari/537.36',
  'content-type' => 'application/x-www-form-urlencoded',
  'referer' => 'http://39.104.67.26:8901/data/index/index.html',
  'accept-encoding' => 'gzip, deflate',
  'accept-language' => 'zh-CN,zh;q=0.8',
  'cookie' => 'UM_distinctid=16299eb96d27e-0175dde0cafa518-677b7726-1fa400-16299eb96d310a; __guid=43106535.2609638163094792000.1523776528102.6223; PHPSESSID=okjrre20pmom6g03ed0me3l2r6; monitor_count=5; CNZZDATA155540=cnzz_eid%3D1401263764-1524830155-http%253A%252F%252F39.104.67.26%253A8901%252F%26ntime%3D1524830155',
)
[ info ] [ PARAM ] array (
  'limit' => '25',
  'html' => 'byhum',
)
[ info ] [ SESSION ] INIT array (
  'id' => '',
  'var_session_id' => '',
  'prefix' => 'think',
  'type' => '',
  'auto_start' => true,
)
[ info ] [ DB ] INIT mysql
[ info ] [ LOG ] INIT File
[ sql ] [ DB ] CONNECT:[ UseTime:0.000000s ] mysql:dbname=tp5;host=127.0.0.1;charset=utf8
[ sql ] [ SQL ] SHOW COLUMNS FROM `sm_auth_group_access` [ RunTime:0.000000s ]
[ sql ] [ SQL ] SELECT `AuthGroupAccess`.`uid`,`AuthGroupAccess`.`group_id`,`AuthGroup`.`title`,`AuthGroup`.`rules` FROM `sm_auth_group_access` `AuthGroupAccess` LEFT JOIN `sm_auth_group` `AuthGroup` ON `AuthGroupAccess`.`group_id`=`AuthGroup`.`id` WHERE  (  AuthGroupAccess.uid='1' and AuthGroup.status='1' ) [ RunTime:0.000000s ]
[ sql ] [ SQL ] SHOW COLUMNS FROM `sm_auth_rule` [ RunTime:0.000000s ]
[ sql ] [ SQL ] SELECT `condition`,`name` FROM `sm_auth_rule` WHERE  `id` IN (1,2,3,103)  AND `type` = 1 [ RunTime:0.000000s ]
[ sql ] [ SQL ] SELECT * FROM `sm_auth_rule` WHERE  `status` = 1 ORDER BY `sort`  DESC,`id`  ASC [ RunTime:0.000000s ]
---------------------------------------------------------------
[ 2018-04-27T21:08:40+08:00 ] 172.24.189.12 114.242.250.112 POST /data/index/__js__/html/byhum.html
[ info ] 39.104.67.26:8901/data/index/__js__/html/byhum.html [运行时间：0.046875s][吞吐率：21.33req/s] [内存消耗：2,116.73kb] [文件加载：44]
[ info ] [ LANG ] C:\thinkphp\thinkphp\lang\zh-cn.php
[ info ] [ ROUTE ] array (
  'type' => 'module',
  'module' => 
  array (
    0 => 'data',
    1 => 'index',
    2 => '__js__',
  ),
)
[ info ] [ HEADER ] array (
  'host' => '39.104.67.26:8901',
  'connection' => 'keep-alive',
  'content-length' => '8',
  'accept' => 'text/html, */*; q=0.01',
  'origin' => 'http://39.104.67.26:8901',
  'x-requested-with' => 'XMLHttpRequest',
  'user-agent' => 'Mozilla/5.0 (Windows NT 10.0; WOW64) AppleWebKit/537.36 (KHTML, like Gecko) Chrome/55.0.2883.87 Safari/537.36',
  'content-type' => 'application/x-www-form-urlencoded',
  'referer' => 'http://39.104.67.26:8901/data/index/index.html',
  'accept-encoding' => 'gzip, deflate',
  'accept-language' => 'zh-CN,zh;q=0.8',
  'cookie' => 'UM_distinctid=16299eb96d27e-0175dde0cafa518-677b7726-1fa400-16299eb96d310a; __guid=43106535.2609638163094792000.1523776528102.6223; PHPSESSID=okjrre20pmom6g03ed0me3l2r6; monitor_count=5; CNZZDATA155540=cnzz_eid%3D1401263764-1524830155-http%253A%252F%252F39.104.67.26%253A8901%252F%26ntime%3D1524830155',
)
[ info ] [ PARAM ] array (
  'limit' => '25',
  'html' => 'byhum',
)
[ info ] [ SESSION ] INIT array (
  'id' => '',
  'var_session_id' => '',
  'prefix' => 'think',
  'type' => '',
  'auto_start' => true,
)
[ info ] [ DB ] INIT mysql
[ info ] [ LOG ] INIT File
[ sql ] [ DB ] CONNECT:[ UseTime:0.000000s ] mysql:dbname=tp5;host=127.0.0.1;charset=utf8
[ sql ] [ SQL ] SHOW COLUMNS FROM `sm_auth_group_access` [ RunTime:0.000000s ]
[ sql ] [ SQL ] SELECT `AuthGroupAccess`.`uid`,`AuthGroupAccess`.`group_id`,`AuthGroup`.`title`,`AuthGroup`.`rules` FROM `sm_auth_group_access` `AuthGroupAccess` LEFT JOIN `sm_auth_group` `AuthGroup` ON `AuthGroupAccess`.`group_id`=`AuthGroup`.`id` WHERE  (  AuthGroupAccess.uid='1' and AuthGroup.status='1' ) [ RunTime:0.000000s ]
[ sql ] [ SQL ] SHOW COLUMNS FROM `sm_auth_rule` [ RunTime:0.000000s ]
[ sql ] [ SQL ] SELECT `condition`,`name` FROM `sm_auth_rule` WHERE  `id` IN (1,2,3,103)  AND `type` = 1 [ RunTime:0.000000s ]
[ sql ] [ SQL ] SELECT * FROM `sm_auth_rule` WHERE  `status` = 1 ORDER BY `sort`  DESC,`id`  ASC [ RunTime:0.000000s ]
---------------------------------------------------------------
[ 2018-04-27T21:09:17+08:00 ] 172.24.189.12 114.242.250.112 POST /data/index/__js__/html/byhum.html
[ info ] 39.104.67.26:8901/data/index/__js__/html/byhum.html [运行时间：0.062500s][吞吐率：16.00req/s] [内存消耗：2,116.73kb] [文件加载：44]
[ info ] [ LANG ] C:\thinkphp\thinkphp\lang\zh-cn.php
[ info ] [ ROUTE ] array (
  'type' => 'module',
  'module' => 
  array (
    0 => 'data',
    1 => 'index',
    2 => '__js__',
  ),
)
[ info ] [ HEADER ] array (
  'host' => '39.104.67.26:8901',
  'connection' => 'keep-alive',
  'content-length' => '8',
  'accept' => 'text/html, */*; q=0.01',
  'origin' => 'http://39.104.67.26:8901',
  'x-requested-with' => 'XMLHttpRequest',
  'user-agent' => 'Mozilla/5.0 (Windows NT 10.0; WOW64) AppleWebKit/537.36 (KHTML, like Gecko) Chrome/55.0.2883.87 Safari/537.36',
  'content-type' => 'application/x-www-form-urlencoded',
  'referer' => 'http://39.104.67.26:8901/data/index/index.html',
  'accept-encoding' => 'gzip, deflate',
  'accept-language' => 'zh-CN,zh;q=0.8',
  'cookie' => 'UM_distinctid=16299eb96d27e-0175dde0cafa518-677b7726-1fa400-16299eb96d310a; __guid=43106535.2609638163094792000.1523776528102.6223; PHPSESSID=okjrre20pmom6g03ed0me3l2r6; monitor_count=5; CNZZDATA155540=cnzz_eid%3D1401263764-1524830155-http%253A%252F%252F39.104.67.26%253A8901%252F%26ntime%3D1524830155',
)
[ info ] [ PARAM ] array (
  'limit' => '25',
  'html' => 'byhum',
)
[ info ] [ SESSION ] INIT array (
  'id' => '',
  'var_session_id' => '',
  'prefix' => 'think',
  'type' => '',
  'auto_start' => true,
)
[ info ] [ DB ] INIT mysql
[ info ] [ LOG ] INIT File
[ sql ] [ DB ] CONNECT:[ UseTime:0.000000s ] mysql:dbname=tp5;host=127.0.0.1;charset=utf8
[ sql ] [ SQL ] SHOW COLUMNS FROM `sm_auth_group_access` [ RunTime:0.000000s ]
[ sql ] [ SQL ] SELECT `AuthGroupAccess`.`uid`,`AuthGroupAccess`.`group_id`,`AuthGroup`.`title`,`AuthGroup`.`rules` FROM `sm_auth_group_access` `AuthGroupAccess` LEFT JOIN `sm_auth_group` `AuthGroup` ON `AuthGroupAccess`.`group_id`=`AuthGroup`.`id` WHERE  (  AuthGroupAccess.uid='1' and AuthGroup.status='1' ) [ RunTime:0.000000s ]
[ sql ] [ SQL ] SHOW COLUMNS FROM `sm_auth_rule` [ RunTime:0.000000s ]
[ sql ] [ SQL ] SELECT `condition`,`name` FROM `sm_auth_rule` WHERE  `id` IN (1,2,3,103)  AND `type` = 1 [ RunTime:0.000000s ]
[ sql ] [ SQL ] SELECT * FROM `sm_auth_rule` WHERE  `status` = 1 ORDER BY `sort`  DESC,`id`  ASC [ RunTime:0.000000s ]
---------------------------------------------------------------
[ 2018-04-27T21:09:18+08:00 ] 172.24.189.12 114.242.250.112 POST /data/index/__js__/html/byhum.html
[ info ] 39.104.67.26:8901/data/index/__js__/html/byhum.html [运行时间：0.046875s][吞吐率：21.33req/s] [内存消耗：2,116.73kb] [文件加载：44]
[ info ] [ LANG ] C:\thinkphp\thinkphp\lang\zh-cn.php
[ info ] [ ROUTE ] array (
  'type' => 'module',
  'module' => 
  array (
    0 => 'data',
    1 => 'index',
    2 => '__js__',
  ),
)
[ info ] [ HEADER ] array (
  'host' => '39.104.67.26:8901',
  'connection' => 'keep-alive',
  'content-length' => '8',
  'accept' => 'text/html, */*; q=0.01',
  'origin' => 'http://39.104.67.26:8901',
  'x-requested-with' => 'XMLHttpRequest',
  'user-agent' => 'Mozilla/5.0 (Windows NT 10.0; WOW64) AppleWebKit/537.36 (KHTML, like Gecko) Chrome/55.0.2883.87 Safari/537.36',
  'content-type' => 'application/x-www-form-urlencoded',
  'referer' => 'http://39.104.67.26:8901/data/index/index.html',
  'accept-encoding' => 'gzip, deflate',
  'accept-language' => 'zh-CN,zh;q=0.8',
  'cookie' => 'UM_distinctid=16299eb96d27e-0175dde0cafa518-677b7726-1fa400-16299eb96d310a; __guid=43106535.2609638163094792000.1523776528102.6223; PHPSESSID=okjrre20pmom6g03ed0me3l2r6; monitor_count=5; CNZZDATA155540=cnzz_eid%3D1401263764-1524830155-http%253A%252F%252F39.104.67.26%253A8901%252F%26ntime%3D1524830155',
)
[ info ] [ PARAM ] array (
  'limit' => '25',
  'html' => 'byhum',
)
[ info ] [ SESSION ] INIT array (
  'id' => '',
  'var_session_id' => '',
  'prefix' => 'think',
  'type' => '',
  'auto_start' => true,
)
[ info ] [ DB ] INIT mysql
[ info ] [ LOG ] INIT File
[ sql ] [ DB ] CONNECT:[ UseTime:0.000000s ] mysql:dbname=tp5;host=127.0.0.1;charset=utf8
[ sql ] [ SQL ] SHOW COLUMNS FROM `sm_auth_group_access` [ RunTime:0.000000s ]
[ sql ] [ SQL ] SELECT `AuthGroupAccess`.`uid`,`AuthGroupAccess`.`group_id`,`AuthGroup`.`title`,`AuthGroup`.`rules` FROM `sm_auth_group_access` `AuthGroupAccess` LEFT JOIN `sm_auth_group` `AuthGroup` ON `AuthGroupAccess`.`group_id`=`AuthGroup`.`id` WHERE  (  AuthGroupAccess.uid='1' and AuthGroup.status='1' ) [ RunTime:0.000000s ]
[ sql ] [ SQL ] SHOW COLUMNS FROM `sm_auth_rule` [ RunTime:0.000000s ]
[ sql ] [ SQL ] SELECT `condition`,`name` FROM `sm_auth_rule` WHERE  `id` IN (1,2,3,103)  AND `type` = 1 [ RunTime:0.000000s ]
[ sql ] [ SQL ] SELECT * FROM `sm_auth_rule` WHERE  `status` = 1 ORDER BY `sort`  DESC,`id`  ASC [ RunTime:0.000000s ]
---------------------------------------------------------------
[ 2018-04-27T21:13:04+08:00 ] 172.24.189.12 114.242.250.112 GET /data/index/index.html
[ info ] 39.104.67.26:8901/data/index/index.html [运行时间：3.062539s][吞吐率：0.33req/s] [内存消耗：2,271.79kb] [文件加载：44]
[ info ] [ LANG ] C:\thinkphp\thinkphp\lang\zh-cn.php
[ info ] [ ROUTE ] array (
  'type' => 'module',
  'module' => 
  array (
    0 => 'data',
    1 => 'index',
    2 => 'index',
  ),
)
[ info ] [ HEADER ] array (
  'host' => '39.104.67.26:8901',
  'connection' => 'keep-alive',
  'cache-control' => 'max-age=0',
  'upgrade-insecure-requests' => '1',
  'user-agent' => 'Mozilla/5.0 (Windows NT 10.0; WOW64) AppleWebKit/537.36 (KHTML, like Gecko) Chrome/55.0.2883.87 Safari/537.36',
  'accept' => 'text/html,application/xhtml+xml,application/xml;q=0.9,image/webp,*/*;q=0.8',
  'referer' => 'http://39.104.67.26:8901/data/user/index/index',
  'accept-encoding' => 'gzip, deflate, sdch',
  'accept-language' => 'zh-CN,zh;q=0.8',
  'cookie' => 'UM_distinctid=16299eb96d27e-0175dde0cafa518-677b7726-1fa400-16299eb96d310a; __guid=43106535.2609638163094792000.1523776528102.6223; PHPSESSID=okjrre20pmom6g03ed0me3l2r6; monitor_count=5; CNZZDATA155540=cnzz_eid%3D1401263764-1524830155-http%253A%252F%252F39.104.67.26%253A8901%252F%26ntime%3D1524830155',
)
[ info ] [ PARAM ] array (
)
[ info ] [ SESSION ] INIT array (
  'id' => '',
  'var_session_id' => '',
  'prefix' => 'think',
  'type' => '',
  'auto_start' => true,
)
[ info ] [ DB ] INIT mysql
[ info ] [ RUN ] app\data\controller\Index->index[ C:\thinkphp\application\data\controller\Index.php ]
[ info ] [ VIEW ] C:\thinkphp/application/data\view\index\index.html [ array (
  0 => 'menu',
) ]
[ info ] [ LOG ] INIT File
[ sql ] [ DB ] CONNECT:[ UseTime:0.000000s ] mysql:dbname=tp5;host=127.0.0.1;charset=utf8
[ sql ] [ SQL ] SHOW COLUMNS FROM `sm_auth_group_access` [ RunTime:0.000000s ]
[ sql ] [ SQL ] SELECT `AuthGroupAccess`.`uid`,`AuthGroupAccess`.`group_id`,`AuthGroup`.`title`,`AuthGroup`.`rules` FROM `sm_auth_group_access` `AuthGroupAccess` LEFT JOIN `sm_auth_group` `AuthGroup` ON `AuthGroupAccess`.`group_id`=`AuthGroup`.`id` WHERE  (  AuthGroupAccess.uid='1' and AuthGroup.status='1' ) [ RunTime:0.000000s ]
[ sql ] [ SQL ] SHOW COLUMNS FROM `sm_auth_rule` [ RunTime:0.000000s ]
[ sql ] [ SQL ] SELECT `condition`,`name` FROM `sm_auth_rule` WHERE  `id` IN (1,2,3,103)  AND `type` = 1 [ RunTime:0.015625s ]
[ sql ] [ SQL ] SELECT * FROM `sm_auth_rule` WHERE  `status` = 1 ORDER BY `sort`  DESC,`id`  ASC [ RunTime:0.000000s ]
---------------------------------------------------------------
[ 2018-04-27T21:13:04+08:00 ] 172.24.189.12 114.242.250.112 GET /public/static/js/jquery-3.2.1.js
[ info ] 39.104.67.26:8901/public/static/js/jquery-3.2.1.js [运行时间：0.015625s][吞吐率：64.00req/s] [内存消耗：1,027.11kb] [文件加载：28]
[ info ] [ LANG ] C:\thinkphp\thinkphp\lang\zh-cn.php
[ info ] [ ROUTE ] array (
  'type' => 'module',
  'module' => 
  array (
    0 => 'public',
    1 => 'static',
    2 => 'js',
  ),
)
[ info ] [ HEADER ] array (
  'host' => '39.104.67.26:8901',
  'connection' => 'keep-alive',
  'user-agent' => 'Mozilla/5.0 (Windows NT 10.0; WOW64) AppleWebKit/537.36 (KHTML, like Gecko) Chrome/55.0.2883.87 Safari/537.36',
  'accept' => '*/*',
  'referer' => 'http://39.104.67.26:8901/data/index/index.html',
  'accept-encoding' => 'gzip, deflate, sdch',
  'accept-language' => 'zh-CN,zh;q=0.8',
  'cookie' => 'UM_distinctid=16299eb96d27e-0175dde0cafa518-677b7726-1fa400-16299eb96d310a; __guid=43106535.2609638163094792000.1523776528102.6223; PHPSESSID=okjrre20pmom6g03ed0me3l2r6; monitor_count=5; CNZZDATA155540=cnzz_eid%3D1401263764-1524830155-http%253A%252F%252F39.104.67.26%253A8901%252F%26ntime%3D1524830155',
)
[ info ] [ PARAM ] array (
)
[ info ] [ LOG ] INIT File
---------------------------------------------------------------
[ 2018-04-27T21:13:04+08:00 ] 172.24.189.12 114.242.250.112 GET /public/static/js/jquery-3.2.1.js
[ info ] 39.104.67.26:8901/public/static/js/jquery-3.2.1.js [运行时间：0.031251s][吞吐率：32.00req/s] [内存消耗：1,027.11kb] [文件加载：28]
[ info ] [ LANG ] C:\thinkphp\thinkphp\lang\zh-cn.php
[ info ] [ ROUTE ] array (
  'type' => 'module',
  'module' => 
  array (
    0 => 'public',
    1 => 'static',
    2 => 'js',
  ),
)
[ info ] [ HEADER ] array (
  'host' => '39.104.67.26:8901',
  'connection' => 'keep-alive',
  'user-agent' => 'Mozilla/5.0 (Windows NT 10.0; WOW64) AppleWebKit/537.36 (KHTML, like Gecko) Chrome/55.0.2883.87 Safari/537.36',
  'accept' => '*/*',
  'referer' => 'http://39.104.67.26:8901/data/index/index.html',
  'accept-encoding' => 'gzip, deflate, sdch',
  'accept-language' => 'zh-CN,zh;q=0.8',
  'cookie' => 'UM_distinctid=16299eb96d27e-0175dde0cafa518-677b7726-1fa400-16299eb96d310a; __guid=43106535.2609638163094792000.1523776528102.6223; PHPSESSID=okjrre20pmom6g03ed0me3l2r6; CNZZDATA155540=cnzz_eid%3D1401263764-1524830155-http%253A%252F%252F39.104.67.26%253A8901%252F%26ntime%3D1524830155; monitor_count=6',
)
[ info ] [ PARAM ] array (
)
[ info ] [ LOG ] INIT File
---------------------------------------------------------------
[ 2018-04-27T21:13:04+08:00 ] 172.24.189.12 114.242.250.112 GET /public/static/images/p1.jpg
[ info ] 39.104.67.26:8901/public/static/images/p1.jpg [运行时间：0.015625s][吞吐率：64.00req/s] [内存消耗：1,027.24kb] [文件加载：28]
[ info ] [ LANG ] C:\thinkphp\thinkphp\lang\zh-cn.php
[ info ] [ ROUTE ] array (
  'type' => 'module',
  'module' => 
  array (
    0 => 'public',
    1 => 'static',
    2 => 'images',
  ),
)
[ info ] [ HEADER ] array (
  'host' => '39.104.67.26:8901',
  'connection' => 'keep-alive',
  'user-agent' => 'Mozilla/5.0 (Windows NT 10.0; WOW64) AppleWebKit/537.36 (KHTML, like Gecko) Chrome/55.0.2883.87 Safari/537.36',
  'accept' => 'image/webp,image/*,*/*;q=0.8',
  'referer' => 'http://39.104.67.26:8901/data/index/index.html',
  'accept-encoding' => 'gzip, deflate, sdch',
  'accept-language' => 'zh-CN,zh;q=0.8',
  'cookie' => 'UM_distinctid=16299eb96d27e-0175dde0cafa518-677b7726-1fa400-16299eb96d310a; __guid=43106535.2609638163094792000.1523776528102.6223; PHPSESSID=okjrre20pmom6g03ed0me3l2r6; CNZZDATA155540=cnzz_eid%3D1401263764-1524830155-http%253A%252F%252F39.104.67.26%253A8901%252F%26ntime%3D1524830155; monitor_count=6',
)
[ info ] [ PARAM ] array (
)
[ info ] [ LOG ] INIT File
---------------------------------------------------------------
[ 2018-04-27T21:13:04+08:00 ] 172.24.189.12 114.242.250.112 GET /public/static/images/p2.jpg
[ info ] 39.104.67.26:8901/public/static/images/p2.jpg [运行时间：0.015625s][吞吐率：64.00req/s] [内存消耗：1,027.24kb] [文件加载：28]
[ info ] [ LANG ] C:\thinkphp\thinkphp\lang\zh-cn.php
[ info ] [ ROUTE ] array (
  'type' => 'module',
  'module' => 
  array (
    0 => 'public',
    1 => 'static',
    2 => 'images',
  ),
)
[ info ] [ HEADER ] array (
  'host' => '39.104.67.26:8901',
  'connection' => 'keep-alive',
  'user-agent' => 'Mozilla/5.0 (Windows NT 10.0; WOW64) AppleWebKit/537.36 (KHTML, like Gecko) Chrome/55.0.2883.87 Safari/537.36',
  'accept' => 'image/webp,image/*,*/*;q=0.8',
  'referer' => 'http://39.104.67.26:8901/data/index/index.html',
  'accept-encoding' => 'gzip, deflate, sdch',
  'accept-language' => 'zh-CN,zh;q=0.8',
  'cookie' => 'UM_distinctid=16299eb96d27e-0175dde0cafa518-677b7726-1fa400-16299eb96d310a; __guid=43106535.2609638163094792000.1523776528102.6223; PHPSESSID=okjrre20pmom6g03ed0me3l2r6; CNZZDATA155540=cnzz_eid%3D1401263764-1524830155-http%253A%252F%252F39.104.67.26%253A8901%252F%26ntime%3D1524830155; monitor_count=6',
)
[ info ] [ PARAM ] array (
)
[ info ] [ LOG ] INIT File
---------------------------------------------------------------
[ 2018-04-27T21:13:04+08:00 ] 172.24.189.12 114.242.250.112 GET /public/static/images/p3.jpg
[ info ] 39.104.67.26:8901/public/static/images/p3.jpg [运行时间：0.031250s][吞吐率：32.00req/s] [内存消耗：1,027.24kb] [文件加载：28]
[ info ] [ LANG ] C:\thinkphp\thinkphp\lang\zh-cn.php
[ info ] [ ROUTE ] array (
  'type' => 'module',
  'module' => 
  array (
    0 => 'public',
    1 => 'static',
    2 => 'images',
  ),
)
[ info ] [ HEADER ] array (
  'host' => '39.104.67.26:8901',
  'connection' => 'keep-alive',
  'user-agent' => 'Mozilla/5.0 (Windows NT 10.0; WOW64) AppleWebKit/537.36 (KHTML, like Gecko) Chrome/55.0.2883.87 Safari/537.36',
  'accept' => 'image/webp,image/*,*/*;q=0.8',
  'referer' => 'http://39.104.67.26:8901/data/index/index.html',
  'accept-encoding' => 'gzip, deflate, sdch',
  'accept-language' => 'zh-CN,zh;q=0.8',
  'cookie' => 'UM_distinctid=16299eb96d27e-0175dde0cafa518-677b7726-1fa400-16299eb96d310a; __guid=43106535.2609638163094792000.1523776528102.6223; PHPSESSID=okjrre20pmom6g03ed0me3l2r6; CNZZDATA155540=cnzz_eid%3D1401263764-1524830155-http%253A%252F%252F39.104.67.26%253A8901%252F%26ntime%3D1524830155; monitor_count=6',
)
[ info ] [ PARAM ] array (
)
[ info ] [ LOG ] INIT File
---------------------------------------------------------------
[ 2018-04-27T21:13:04+08:00 ] 172.24.189.12 114.242.250.112 GET /public/static/images/tiles/footeropen.png
[ info ] 39.104.67.26:8901/public/static/images/tiles/footeropen.png [运行时间：0.015625s][吞吐率：64.00req/s] [内存消耗：1,027.72kb] [文件加载：28]
[ info ] [ LANG ] C:\thinkphp\thinkphp\lang\zh-cn.php
[ info ] [ ROUTE ] array (
  'type' => 'module',
  'module' => 
  array (
    0 => 'public',
    1 => 'static',
    2 => 'images',
  ),
)
[ info ] [ HEADER ] array (
  'host' => '39.104.67.26:8901',
  'connection' => 'keep-alive',
  'user-agent' => 'Mozilla/5.0 (Windows NT 10.0; WOW64) AppleWebKit/537.36 (KHTML, like Gecko) Chrome/55.0.2883.87 Safari/537.36',
  'accept' => 'image/webp,image/*,*/*;q=0.8',
  'referer' => 'http://39.104.67.26:8901/public/static/css/screen.css',
  'accept-encoding' => 'gzip, deflate, sdch',
  'accept-language' => 'zh-CN,zh;q=0.8',
  'cookie' => 'UM_distinctid=16299eb96d27e-0175dde0cafa518-677b7726-1fa400-16299eb96d310a; __guid=43106535.2609638163094792000.1523776528102.6223; PHPSESSID=okjrre20pmom6g03ed0me3l2r6; CNZZDATA155540=cnzz_eid%3D1401263764-1524830155-http%253A%252F%252F39.104.67.26%253A8901%252F%26ntime%3D1524830155; monitor_count=6',
)
[ info ] [ PARAM ] array (
  'tiles' => 'footeropen.png',
)
[ info ] [ LOG ] INIT File
---------------------------------------------------------------
[ 2018-04-27T21:13:04+08:00 ] 172.24.189.12 114.242.250.112 GET /public/static/images/tiles/footerclose.png
[ info ] 39.104.67.26:8901/public/static/images/tiles/footerclose.png [运行时间：0.031251s][吞吐率：32.00req/s] [内存消耗：1,027.72kb] [文件加载：28]
[ info ] [ LANG ] C:\thinkphp\thinkphp\lang\zh-cn.php
[ info ] [ ROUTE ] array (
  'type' => 'module',
  'module' => 
  array (
    0 => 'public',
    1 => 'static',
    2 => 'images',
  ),
)
[ info ] [ HEADER ] array (
  'host' => '39.104.67.26:8901',
  'connection' => 'keep-alive',
  'user-agent' => 'Mozilla/5.0 (Windows NT 10.0; WOW64) AppleWebKit/537.36 (KHTML, like Gecko) Chrome/55.0.2883.87 Safari/537.36',
  'accept' => 'image/webp,image/*,*/*;q=0.8',
  'referer' => 'http://39.104.67.26:8901/public/static/css/screen.css',
  'accept-encoding' => 'gzip, deflate, sdch',
  'accept-language' => 'zh-CN,zh;q=0.8',
  'cookie' => 'UM_distinctid=16299eb96d27e-0175dde0cafa518-677b7726-1fa400-16299eb96d310a; __guid=43106535.2609638163094792000.1523776528102.6223; PHPSESSID=okjrre20pmom6g03ed0me3l2r6; CNZZDATA155540=cnzz_eid%3D1401263764-1524830155-http%253A%252F%252F39.104.67.26%253A8901%252F%26ntime%3D1524830155; monitor_count=6',
)
[ info ] [ PARAM ] array (
  'tiles' => 'footerclose.png',
)
[ info ] [ LOG ] INIT File
---------------------------------------------------------------
[ 2018-04-27T21:13:17+08:00 ] 172.24.189.12 114.242.250.112 POST /data/index/__js__/html/bylight.html
[ info ] 39.104.67.26:8901/data/index/__js__/html/bylight.html [运行时间：0.046875s][吞吐率：21.33req/s] [内存消耗：2,116.70kb] [文件加载：44]
[ info ] [ LANG ] C:\thinkphp\thinkphp\lang\zh-cn.php
[ info ] [ ROUTE ] array (
  'type' => 'module',
  'module' => 
  array (
    0 => 'data',
    1 => 'index',
    2 => '__js__',
  ),
)
[ info ] [ HEADER ] array (
  'host' => '39.104.67.26:8901',
  'connection' => 'keep-alive',
  'content-length' => '8',
  'accept' => 'text/html, */*; q=0.01',
  'origin' => 'http://39.104.67.26:8901',
  'x-requested-with' => 'XMLHttpRequest',
  'user-agent' => 'Mozilla/5.0 (Windows NT 10.0; WOW64) AppleWebKit/537.36 (KHTML, like Gecko) Chrome/55.0.2883.87 Safari/537.36',
  'content-type' => 'application/x-www-form-urlencoded',
  'referer' => 'http://39.104.67.26:8901/data/index/index.html',
  'accept-encoding' => 'gzip, deflate',
  'accept-language' => 'zh-CN,zh;q=0.8',
  'cookie' => 'UM_distinctid=16299eb96d27e-0175dde0cafa518-677b7726-1fa400-16299eb96d310a; __guid=43106535.2609638163094792000.1523776528102.6223; PHPSESSID=okjrre20pmom6g03ed0me3l2r6; monitor_count=6; CNZZDATA155540=cnzz_eid%3D1401263764-1524830155-http%253A%252F%252F39.104.67.26%253A8901%252F%26ntime%3D1524830155',
)
[ info ] [ PARAM ] array (
  'limit' => '50',
  'html' => 'bylight',
)
[ info ] [ SESSION ] INIT array (
  'id' => '',
  'var_session_id' => '',
  'prefix' => 'think',
  'type' => '',
  'auto_start' => true,
)
[ info ] [ DB ] INIT mysql
[ info ] [ LOG ] INIT File
[ sql ] [ DB ] CONNECT:[ UseTime:0.015625s ] mysql:dbname=tp5;host=127.0.0.1;charset=utf8
[ sql ] [ SQL ] SHOW COLUMNS FROM `sm_auth_group_access` [ RunTime:0.000000s ]
[ sql ] [ SQL ] SELECT `AuthGroupAccess`.`uid`,`AuthGroupAccess`.`group_id`,`AuthGroup`.`title`,`AuthGroup`.`rules` FROM `sm_auth_group_access` `AuthGroupAccess` LEFT JOIN `sm_auth_group` `AuthGroup` ON `AuthGroupAccess`.`group_id`=`AuthGroup`.`id` WHERE  (  AuthGroupAccess.uid='1' and AuthGroup.status='1' ) [ RunTime:0.000000s ]
[ sql ] [ SQL ] SHOW COLUMNS FROM `sm_auth_rule` [ RunTime:0.000000s ]
[ sql ] [ SQL ] SELECT `condition`,`name` FROM `sm_auth_rule` WHERE  `id` IN (1,2,3,103)  AND `type` = 1 [ RunTime:0.000000s ]
[ sql ] [ SQL ] SELECT * FROM `sm_auth_rule` WHERE  `status` = 1 ORDER BY `sort`  DESC,`id`  ASC [ RunTime:0.000000s ]
---------------------------------------------------------------
[ 2018-04-27T21:13:21+08:00 ] 172.24.189.12 114.242.250.112 POST /data/index/__js__/html/byhum.html
[ info ] 39.104.67.26:8901/data/index/__js__/html/byhum.html [运行时间：0.046875s][吞吐率：21.33req/s] [内存消耗：2,116.73kb] [文件加载：44]
[ info ] [ LANG ] C:\thinkphp\thinkphp\lang\zh-cn.php
[ info ] [ ROUTE ] array (
  'type' => 'module',
  'module' => 
  array (
    0 => 'data',
    1 => 'index',
    2 => '__js__',
  ),
)
[ info ] [ HEADER ] array (
  'host' => '39.104.67.26:8901',
  'connection' => 'keep-alive',
  'content-length' => '8',
  'accept' => 'text/html, */*; q=0.01',
  'origin' => 'http://39.104.67.26:8901',
  'x-requested-with' => 'XMLHttpRequest',
  'user-agent' => 'Mozilla/5.0 (Windows NT 10.0; WOW64) AppleWebKit/537.36 (KHTML, like Gecko) Chrome/55.0.2883.87 Safari/537.36',
  'content-type' => 'application/x-www-form-urlencoded',
  'referer' => 'http://39.104.67.26:8901/data/index/index.html',
  'accept-encoding' => 'gzip, deflate',
  'accept-language' => 'zh-CN,zh;q=0.8',
  'cookie' => 'UM_distinctid=16299eb96d27e-0175dde0cafa518-677b7726-1fa400-16299eb96d310a; __guid=43106535.2609638163094792000.1523776528102.6223; PHPSESSID=okjrre20pmom6g03ed0me3l2r6; monitor_count=6; CNZZDATA155540=cnzz_eid%3D1401263764-1524830155-http%253A%252F%252F39.104.67.26%253A8901%252F%26ntime%3D1524830155',
)
[ info ] [ PARAM ] array (
  'limit' => '50',
  'html' => 'byhum',
)
[ info ] [ SESSION ] INIT array (
  'id' => '',
  'var_session_id' => '',
  'prefix' => 'think',
  'type' => '',
  'auto_start' => true,
)
[ info ] [ DB ] INIT mysql
[ info ] [ LOG ] INIT File
[ sql ] [ DB ] CONNECT:[ UseTime:0.000000s ] mysql:dbname=tp5;host=127.0.0.1;charset=utf8
[ sql ] [ SQL ] SHOW COLUMNS FROM `sm_auth_group_access` [ RunTime:0.015625s ]
[ sql ] [ SQL ] SELECT `AuthGroupAccess`.`uid`,`AuthGroupAccess`.`group_id`,`AuthGroup`.`title`,`AuthGroup`.`rules` FROM `sm_auth_group_access` `AuthGroupAccess` LEFT JOIN `sm_auth_group` `AuthGroup` ON `AuthGroupAccess`.`group_id`=`AuthGroup`.`id` WHERE  (  AuthGroupAccess.uid='1' and AuthGroup.status='1' ) [ RunTime:0.000000s ]
[ sql ] [ SQL ] SHOW COLUMNS FROM `sm_auth_rule` [ RunTime:0.000000s ]
[ sql ] [ SQL ] SELECT `condition`,`name` FROM `sm_auth_rule` WHERE  `id` IN (1,2,3,103)  AND `type` = 1 [ RunTime:0.000000s ]
[ sql ] [ SQL ] SELECT * FROM `sm_auth_rule` WHERE  `status` = 1 ORDER BY `sort`  DESC,`id`  ASC [ RunTime:0.000000s ]
---------------------------------------------------------------
[ 2018-04-27T21:13:23+08:00 ] 172.24.189.12 39.104.67.26 GET /index.php
[ info ] 39.104.67.26:8901/index.php [运行时间：0.015625s][吞吐率：64.00req/s] [内存消耗：1,285.11kb] [文件加载：33]
[ info ] [ LANG ] C:\thinkphp\thinkphp\lang\zh-cn.php
[ info ] [ ROUTE ] array (
  'type' => 'module',
  'module' => 
  array (
    0 => '',
    1 => NULL,
    2 => NULL,
  ),
)
[ info ] [ HEADER ] array (
  'host' => '39.104.67.26:8901',
  'accept-encoding' => 'compress,gzip',
  'connection' => 'Close',
)
[ info ] [ PARAM ] array (
)
[ info ] [ RUN ] app\index\controller\Index->index[ C:\thinkphp\application\index\controller\Index.php ]
[ info ] [ VIEW ] C:\thinkphp/application/index\view\index\index.html [ array (
) ]
[ info ] [ LOG ] INIT File
---------------------------------------------------------------
[ 2018-04-27T21:13:23+08:00 ] 172.24.189.12 114.242.250.112 POST /data/index/__js__/html/bytemp.html
[ info ] 39.104.67.26:8901/data/index/__js__/html/bytemp.html [运行时间：0.046875s][吞吐率：21.33req/s] [内存消耗：2,116.72kb] [文件加载：44]
[ info ] [ LANG ] C:\thinkphp\thinkphp\lang\zh-cn.php
[ info ] [ ROUTE ] array (
  'type' => 'module',
  'module' => 
  array (
    0 => 'data',
    1 => 'index',
    2 => '__js__',
  ),
)
[ info ] [ HEADER ] array (
  'host' => '39.104.67.26:8901',
  'connection' => 'keep-alive',
  'content-length' => '8',
  'accept' => 'text/html, */*; q=0.01',
  'origin' => 'http://39.104.67.26:8901',
  'x-requested-with' => 'XMLHttpRequest',
  'user-agent' => 'Mozilla/5.0 (Windows NT 10.0; WOW64) AppleWebKit/537.36 (KHTML, like Gecko) Chrome/55.0.2883.87 Safari/537.36',
  'content-type' => 'application/x-www-form-urlencoded',
  'referer' => 'http://39.104.67.26:8901/data/index/index.html',
  'accept-encoding' => 'gzip, deflate',
  'accept-language' => 'zh-CN,zh;q=0.8',
  'cookie' => 'UM_distinctid=16299eb96d27e-0175dde0cafa518-677b7726-1fa400-16299eb96d310a; __guid=43106535.2609638163094792000.1523776528102.6223; PHPSESSID=okjrre20pmom6g03ed0me3l2r6; monitor_count=6; CNZZDATA155540=cnzz_eid%3D1401263764-1524830155-http%253A%252F%252F39.104.67.26%253A8901%252F%26ntime%3D1524830155',
)
[ info ] [ PARAM ] array (
  'limit' => '50',
  'html' => 'bytemp',
)
[ info ] [ SESSION ] INIT array (
  'id' => '',
  'var_session_id' => '',
  'prefix' => 'think',
  'type' => '',
  'auto_start' => true,
)
[ info ] [ DB ] INIT mysql
[ info ] [ LOG ] INIT File
[ sql ] [ DB ] CONNECT:[ UseTime:0.000000s ] mysql:dbname=tp5;host=127.0.0.1;charset=utf8
[ sql ] [ SQL ] SHOW COLUMNS FROM `sm_auth_group_access` [ RunTime:0.000000s ]
[ sql ] [ SQL ] SELECT `AuthGroupAccess`.`uid`,`AuthGroupAccess`.`group_id`,`AuthGroup`.`title`,`AuthGroup`.`rules` FROM `sm_auth_group_access` `AuthGroupAccess` LEFT JOIN `sm_auth_group` `AuthGroup` ON `AuthGroupAccess`.`group_id`=`AuthGroup`.`id` WHERE  (  AuthGroupAccess.uid='1' and AuthGroup.status='1' ) [ RunTime:0.000000s ]
[ sql ] [ SQL ] SHOW COLUMNS FROM `sm_auth_rule` [ RunTime:0.015625s ]
[ sql ] [ SQL ] SELECT `condition`,`name` FROM `sm_auth_rule` WHERE  `id` IN (1,2,3,103)  AND `type` = 1 [ RunTime:0.000000s ]
[ sql ] [ SQL ] SELECT * FROM `sm_auth_rule` WHERE  `status` = 1 ORDER BY `sort`  DESC,`id`  ASC [ RunTime:0.000000s ]
---------------------------------------------------------------
[ 2018-04-27T21:13:24+08:00 ] 172.24.189.12 114.242.250.112 POST /data/index/__js__/html/sensor.html
[ info ] 39.104.67.26:8901/data/index/__js__/html/sensor.html [运行时间：0.046875s][吞吐率：21.33req/s] [内存消耗：2,116.72kb] [文件加载：44]
[ info ] [ LANG ] C:\thinkphp\thinkphp\lang\zh-cn.php
[ info ] [ ROUTE ] array (
  'type' => 'module',
  'module' => 
  array (
    0 => 'data',
    1 => 'index',
    2 => '__js__',
  ),
)
[ info ] [ HEADER ] array (
  'host' => '39.104.67.26:8901',
  'connection' => 'keep-alive',
  'content-length' => '8',
  'accept' => 'text/html, */*; q=0.01',
  'origin' => 'http://39.104.67.26:8901',
  'x-requested-with' => 'XMLHttpRequest',
  'user-agent' => 'Mozilla/5.0 (Windows NT 10.0; WOW64) AppleWebKit/537.36 (KHTML, like Gecko) Chrome/55.0.2883.87 Safari/537.36',
  'content-type' => 'application/x-www-form-urlencoded',
  'referer' => 'http://39.104.67.26:8901/data/index/index.html',
  'accept-encoding' => 'gzip, deflate',
  'accept-language' => 'zh-CN,zh;q=0.8',
  'cookie' => 'UM_distinctid=16299eb96d27e-0175dde0cafa518-677b7726-1fa400-16299eb96d310a; __guid=43106535.2609638163094792000.1523776528102.6223; PHPSESSID=okjrre20pmom6g03ed0me3l2r6; monitor_count=6; CNZZDATA155540=cnzz_eid%3D1401263764-1524830155-http%253A%252F%252F39.104.67.26%253A8901%252F%26ntime%3D1524830155',
)
[ info ] [ PARAM ] array (
  'limit' => '50',
  'html' => 'sensor',
)
[ info ] [ SESSION ] INIT array (
  'id' => '',
  'var_session_id' => '',
  'prefix' => 'think',
  'type' => '',
  'auto_start' => true,
)
[ info ] [ DB ] INIT mysql
[ info ] [ LOG ] INIT File
[ sql ] [ DB ] CONNECT:[ UseTime:0.000000s ] mysql:dbname=tp5;host=127.0.0.1;charset=utf8
[ sql ] [ SQL ] SHOW COLUMNS FROM `sm_auth_group_access` [ RunTime:0.000000s ]
[ sql ] [ SQL ] SELECT `AuthGroupAccess`.`uid`,`AuthGroupAccess`.`group_id`,`AuthGroup`.`title`,`AuthGroup`.`rules` FROM `sm_auth_group_access` `AuthGroupAccess` LEFT JOIN `sm_auth_group` `AuthGroup` ON `AuthGroupAccess`.`group_id`=`AuthGroup`.`id` WHERE  (  AuthGroupAccess.uid='1' and AuthGroup.status='1' ) [ RunTime:0.000000s ]
[ sql ] [ SQL ] SHOW COLUMNS FROM `sm_auth_rule` [ RunTime:0.000000s ]
[ sql ] [ SQL ] SELECT `condition`,`name` FROM `sm_auth_rule` WHERE  `id` IN (1,2,3,103)  AND `type` = 1 [ RunTime:0.000000s ]
[ sql ] [ SQL ] SELECT * FROM `sm_auth_rule` WHERE  `status` = 1 ORDER BY `sort`  DESC,`id`  ASC [ RunTime:0.000000s ]
---------------------------------------------------------------
[ 2018-04-27T21:14:07+08:00 ] 172.24.189.12 114.242.250.112 GET /data/index/index.html
[ info ] 39.104.67.26:8901/data/index/index.html [运行时间：3.062540s][吞吐率：0.33req/s] [内存消耗：2,098.14kb] [文件加载：42]
[ info ] [ LANG ] C:\thinkphp\thinkphp\lang\zh-cn.php
[ info ] [ ROUTE ] array (
  'type' => 'module',
  'module' => 
  array (
    0 => 'data',
    1 => 'index',
    2 => 'index',
  ),
)
[ info ] [ HEADER ] array (
  'host' => '39.104.67.26:8901',
  'connection' => 'keep-alive',
  'cache-control' => 'max-age=0',
  'upgrade-insecure-requests' => '1',
  'user-agent' => 'Mozilla/5.0 (Windows NT 10.0; WOW64) AppleWebKit/537.36 (KHTML, like Gecko) Chrome/55.0.2883.87 Safari/537.36',
  'accept' => 'text/html,application/xhtml+xml,application/xml;q=0.9,image/webp,*/*;q=0.8',
  'referer' => 'http://39.104.67.26:8901/data/user/index/index',
  'accept-encoding' => 'gzip, deflate, sdch',
  'accept-language' => 'zh-CN,zh;q=0.8',
  'cookie' => 'UM_distinctid=16299eb96d27e-0175dde0cafa518-677b7726-1fa400-16299eb96d310a; __guid=43106535.2609638163094792000.1523776528102.6223; PHPSESSID=okjrre20pmom6g03ed0me3l2r6; monitor_count=6; CNZZDATA155540=cnzz_eid%3D1401263764-1524830155-http%253A%252F%252F39.104.67.26%253A8901%252F%26ntime%3D1524830155',
)
[ info ] [ PARAM ] array (
)
[ info ] [ SESSION ] INIT array (
  'id' => '',
  'var_session_id' => '',
  'prefix' => 'think',
  'type' => '',
  'auto_start' => true,
)
[ info ] [ DB ] INIT mysql
[ info ] [ RUN ] app\data\controller\Index->index[ C:\thinkphp\application\data\controller\Index.php ]
[ info ] [ VIEW ] C:\thinkphp/application/data\view\index\index.html [ array (
  0 => 'menu',
) ]
[ info ] [ LOG ] INIT File
[ sql ] [ DB ] CONNECT:[ UseTime:0.000000s ] mysql:dbname=tp5;host=127.0.0.1;charset=utf8
[ sql ] [ SQL ] SHOW COLUMNS FROM `sm_auth_group_access` [ RunTime:0.000000s ]
[ sql ] [ SQL ] SELECT `AuthGroupAccess`.`uid`,`AuthGroupAccess`.`group_id`,`AuthGroup`.`title`,`AuthGroup`.`rules` FROM `sm_auth_group_access` `AuthGroupAccess` LEFT JOIN `sm_auth_group` `AuthGroup` ON `AuthGroupAccess`.`group_id`=`AuthGroup`.`id` WHERE  (  AuthGroupAccess.uid='1' and AuthGroup.status='1' ) [ RunTime:0.000000s ]
[ sql ] [ SQL ] SHOW COLUMNS FROM `sm_auth_rule` [ RunTime:0.000000s ]
[ sql ] [ SQL ] SELECT `condition`,`name` FROM `sm_auth_rule` WHERE  `id` IN (1,2,3,103)  AND `type` = 1 [ RunTime:0.000000s ]
[ sql ] [ SQL ] SELECT * FROM `sm_auth_rule` WHERE  `status` = 1 ORDER BY `sort`  DESC,`id`  ASC [ RunTime:0.000000s ]
---------------------------------------------------------------
[ 2018-04-27T21:14:08+08:00 ] 172.24.189.12 114.242.250.112 GET /public/static/js/jquery-3.2.1.js
[ info ] 39.104.67.26:8901/public/static/js/jquery-3.2.1.js [运行时间：0.015625s][吞吐率：64.00req/s] [内存消耗：1,027.11kb] [文件加载：28]
[ info ] [ LANG ] C:\thinkphp\thinkphp\lang\zh-cn.php
[ info ] [ ROUTE ] array (
  'type' => 'module',
  'module' => 
  array (
    0 => 'public',
    1 => 'static',
    2 => 'js',
  ),
)
[ info ] [ HEADER ] array (
  'host' => '39.104.67.26:8901',
  'connection' => 'keep-alive',
  'user-agent' => 'Mozilla/5.0 (Windows NT 10.0; WOW64) AppleWebKit/537.36 (KHTML, like Gecko) Chrome/55.0.2883.87 Safari/537.36',
  'accept' => '*/*',
  'referer' => 'http://39.104.67.26:8901/data/index/index.html',
  'accept-encoding' => 'gzip, deflate, sdch',
  'accept-language' => 'zh-CN,zh;q=0.8',
  'cookie' => 'UM_distinctid=16299eb96d27e-0175dde0cafa518-677b7726-1fa400-16299eb96d310a; __guid=43106535.2609638163094792000.1523776528102.6223; PHPSESSID=okjrre20pmom6g03ed0me3l2r6; monitor_count=6; CNZZDATA155540=cnzz_eid%3D1401263764-1524830155-http%253A%252F%252F39.104.67.26%253A8901%252F%26ntime%3D1524830155',
)
[ info ] [ PARAM ] array (
)
[ info ] [ LOG ] INIT File
---------------------------------------------------------------
[ 2018-04-27T21:14:08+08:00 ] 172.24.189.12 114.242.250.112 GET /public/static/images/p1.jpg
[ info ] 39.104.67.26:8901/public/static/images/p1.jpg [运行时间：0.015625s][吞吐率：64.00req/s] [内存消耗：1,027.24kb] [文件加载：28]
[ info ] [ LANG ] C:\thinkphp\thinkphp\lang\zh-cn.php
[ info ] [ ROUTE ] array (
  'type' => 'module',
  'module' => 
  array (
    0 => 'public',
    1 => 'static',
    2 => 'images',
  ),
)
[ info ] [ HEADER ] array (
  'host' => '39.104.67.26:8901',
  'connection' => 'keep-alive',
  'user-agent' => 'Mozilla/5.0 (Windows NT 10.0; WOW64) AppleWebKit/537.36 (KHTML, like Gecko) Chrome/55.0.2883.87 Safari/537.36',
  'accept' => 'image/webp,image/*,*/*;q=0.8',
  'referer' => 'http://39.104.67.26:8901/data/index/index.html',
  'accept-encoding' => 'gzip, deflate, sdch',
  'accept-language' => 'zh-CN,zh;q=0.8',
  'cookie' => 'UM_distinctid=16299eb96d27e-0175dde0cafa518-677b7726-1fa400-16299eb96d310a; __guid=43106535.2609638163094792000.1523776528102.6223; PHPSESSID=okjrre20pmom6g03ed0me3l2r6; CNZZDATA155540=cnzz_eid%3D1401263764-1524830155-http%253A%252F%252F39.104.67.26%253A8901%252F%26ntime%3D1524830155; monitor_count=7',
)
[ info ] [ PARAM ] array (
)
[ info ] [ LOG ] INIT File
---------------------------------------------------------------
[ 2018-04-27T21:14:08+08:00 ] 172.24.189.12 114.242.250.112 GET /public/static/images/p2.jpg
[ info ] 39.104.67.26:8901/public/static/images/p2.jpg [运行时间：0.031250s][吞吐率：32.00req/s] [内存消耗：1,027.24kb] [文件加载：28]
[ info ] [ LANG ] C:\thinkphp\thinkphp\lang\zh-cn.php
[ info ] [ ROUTE ] array (
  'type' => 'module',
  'module' => 
  array (
    0 => 'public',
    1 => 'static',
    2 => 'images',
  ),
)
[ info ] [ HEADER ] array (
  'host' => '39.104.67.26:8901',
  'connection' => 'keep-alive',
  'user-agent' => 'Mozilla/5.0 (Windows NT 10.0; WOW64) AppleWebKit/537.36 (KHTML, like Gecko) Chrome/55.0.2883.87 Safari/537.36',
  'accept' => 'image/webp,image/*,*/*;q=0.8',
  'referer' => 'http://39.104.67.26:8901/data/index/index.html',
  'accept-encoding' => 'gzip, deflate, sdch',
  'accept-language' => 'zh-CN,zh;q=0.8',
  'cookie' => 'UM_distinctid=16299eb96d27e-0175dde0cafa518-677b7726-1fa400-16299eb96d310a; __guid=43106535.2609638163094792000.1523776528102.6223; PHPSESSID=okjrre20pmom6g03ed0me3l2r6; CNZZDATA155540=cnzz_eid%3D1401263764-1524830155-http%253A%252F%252F39.104.67.26%253A8901%252F%26ntime%3D1524830155; monitor_count=7',
)
[ info ] [ PARAM ] array (
)
[ info ] [ LOG ] INIT File
---------------------------------------------------------------
[ 2018-04-27T21:14:08+08:00 ] 172.24.189.12 114.242.250.112 GET /public/static/images/p3.jpg
[ info ] 39.104.67.26:8901/public/static/images/p3.jpg [运行时间：0.015625s][吞吐率：64.00req/s] [内存消耗：1,027.24kb] [文件加载：28]
[ info ] [ LANG ] C:\thinkphp\thinkphp\lang\zh-cn.php
[ info ] [ ROUTE ] array (
  'type' => 'module',
  'module' => 
  array (
    0 => 'public',
    1 => 'static',
    2 => 'images',
  ),
)
[ info ] [ HEADER ] array (
  'host' => '39.104.67.26:8901',
  'connection' => 'keep-alive',
  'user-agent' => 'Mozilla/5.0 (Windows NT 10.0; WOW64) AppleWebKit/537.36 (KHTML, like Gecko) Chrome/55.0.2883.87 Safari/537.36',
  'accept' => 'image/webp,image/*,*/*;q=0.8',
  'referer' => 'http://39.104.67.26:8901/data/index/index.html',
  'accept-encoding' => 'gzip, deflate, sdch',
  'accept-language' => 'zh-CN,zh;q=0.8',
  'cookie' => 'UM_distinctid=16299eb96d27e-0175dde0cafa518-677b7726-1fa400-16299eb96d310a; __guid=43106535.2609638163094792000.1523776528102.6223; PHPSESSID=okjrre20pmom6g03ed0me3l2r6; CNZZDATA155540=cnzz_eid%3D1401263764-1524830155-http%253A%252F%252F39.104.67.26%253A8901%252F%26ntime%3D1524830155; monitor_count=7',
)
[ info ] [ PARAM ] array (
)
[ info ] [ LOG ] INIT File
---------------------------------------------------------------
[ 2018-04-27T21:14:08+08:00 ] 172.24.189.12 114.242.250.112 GET /public/static/images/tiles/footeropen.png
[ info ] 39.104.67.26:8901/public/static/images/tiles/footeropen.png [运行时间：0.031251s][吞吐率：32.00req/s] [内存消耗：1,027.72kb] [文件加载：28]
[ info ] [ LANG ] C:\thinkphp\thinkphp\lang\zh-cn.php
[ info ] [ ROUTE ] array (
  'type' => 'module',
  'module' => 
  array (
    0 => 'public',
    1 => 'static',
    2 => 'images',
  ),
)
[ info ] [ HEADER ] array (
  'host' => '39.104.67.26:8901',
  'connection' => 'keep-alive',
  'user-agent' => 'Mozilla/5.0 (Windows NT 10.0; WOW64) AppleWebKit/537.36 (KHTML, like Gecko) Chrome/55.0.2883.87 Safari/537.36',
  'accept' => 'image/webp,image/*,*/*;q=0.8',
  'referer' => 'http://39.104.67.26:8901/public/static/css/screen.css',
  'accept-encoding' => 'gzip, deflate, sdch',
  'accept-language' => 'zh-CN,zh;q=0.8',
  'cookie' => 'UM_distinctid=16299eb96d27e-0175dde0cafa518-677b7726-1fa400-16299eb96d310a; __guid=43106535.2609638163094792000.1523776528102.6223; PHPSESSID=okjrre20pmom6g03ed0me3l2r6; monitor_count=7; CNZZDATA155540=cnzz_eid%3D1401263764-1524830155-http%253A%252F%252F39.104.67.26%253A8901%252F%26ntime%3D1524830155',
)
[ info ] [ PARAM ] array (
  'tiles' => 'footeropen.png',
)
[ info ] [ LOG ] INIT File
---------------------------------------------------------------
[ 2018-04-27T21:14:08+08:00 ] 172.24.189.12 114.242.250.112 GET /public/static/images/tiles/footerclose.png
[ info ] 39.104.67.26:8901/public/static/images/tiles/footerclose.png [运行时间：0.015625s][吞吐率：64.00req/s] [内存消耗：1,027.73kb] [文件加载：28]
[ info ] [ LANG ] C:\thinkphp\thinkphp\lang\zh-cn.php
[ info ] [ ROUTE ] array (
  'type' => 'module',
  'module' => 
  array (
    0 => 'public',
    1 => 'static',
    2 => 'images',
  ),
)
[ info ] [ HEADER ] array (
  'host' => '39.104.67.26:8901',
  'connection' => 'keep-alive',
  'user-agent' => 'Mozilla/5.0 (Windows NT 10.0; WOW64) AppleWebKit/537.36 (KHTML, like Gecko) Chrome/55.0.2883.87 Safari/537.36',
  'accept' => 'image/webp,image/*,*/*;q=0.8',
  'referer' => 'http://39.104.67.26:8901/public/static/css/screen.css',
  'accept-encoding' => 'gzip, deflate, sdch',
  'accept-language' => 'zh-CN,zh;q=0.8',
  'cookie' => 'UM_distinctid=16299eb96d27e-0175dde0cafa518-677b7726-1fa400-16299eb96d310a; __guid=43106535.2609638163094792000.1523776528102.6223; PHPSESSID=okjrre20pmom6g03ed0me3l2r6; monitor_count=7; CNZZDATA155540=cnzz_eid%3D1401263764-1524830155-http%253A%252F%252F39.104.67.26%253A8901%252F%26ntime%3D1524830155',
)
[ info ] [ PARAM ] array (
  'tiles' => 'footerclose.png',
)
[ info ] [ LOG ] INIT File
---------------------------------------------------------------
[ 2018-04-27T21:14:16+08:00 ] 172.24.189.12 114.242.250.112 POST /data/index/__js__/html/byhum.html
[ info ] 39.104.67.26:8901/data/index/__js__/html/byhum.html [运行时间：0.046876s][吞吐率：21.33req/s] [内存消耗：2,116.73kb] [文件加载：44]
[ info ] [ LANG ] C:\thinkphp\thinkphp\lang\zh-cn.php
[ info ] [ ROUTE ] array (
  'type' => 'module',
  'module' => 
  array (
    0 => 'data',
    1 => 'index',
    2 => '__js__',
  ),
)
[ info ] [ HEADER ] array (
  'host' => '39.104.67.26:8901',
  'connection' => 'keep-alive',
  'content-length' => '8',
  'accept' => 'text/html, */*; q=0.01',
  'origin' => 'http://39.104.67.26:8901',
  'x-requested-with' => 'XMLHttpRequest',
  'user-agent' => 'Mozilla/5.0 (Windows NT 10.0; WOW64) AppleWebKit/537.36 (KHTML, like Gecko) Chrome/55.0.2883.87 Safari/537.36',
  'content-type' => 'application/x-www-form-urlencoded',
  'referer' => 'http://39.104.67.26:8901/data/index/index.html',
  'accept-encoding' => 'gzip, deflate',
  'accept-language' => 'zh-CN,zh;q=0.8',
  'cookie' => 'UM_distinctid=16299eb96d27e-0175dde0cafa518-677b7726-1fa400-16299eb96d310a; __guid=43106535.2609638163094792000.1523776528102.6223; PHPSESSID=okjrre20pmom6g03ed0me3l2r6; monitor_count=7; CNZZDATA155540=cnzz_eid%3D1401263764-1524830155-http%253A%252F%252F39.104.67.26%253A8901%252F%26ntime%3D1524830155',
)
[ info ] [ PARAM ] array (
  'limit' => '50',
  'html' => 'byhum',
)
[ info ] [ SESSION ] INIT array (
  'id' => '',
  'var_session_id' => '',
  'prefix' => 'think',
  'type' => '',
  'auto_start' => true,
)
[ info ] [ DB ] INIT mysql
[ info ] [ LOG ] INIT File
[ sql ] [ DB ] CONNECT:[ UseTime:0.000000s ] mysql:dbname=tp5;host=127.0.0.1;charset=utf8
[ sql ] [ SQL ] SHOW COLUMNS FROM `sm_auth_group_access` [ RunTime:0.000000s ]
[ sql ] [ SQL ] SELECT `AuthGroupAccess`.`uid`,`AuthGroupAccess`.`group_id`,`AuthGroup`.`title`,`AuthGroup`.`rules` FROM `sm_auth_group_access` `AuthGroupAccess` LEFT JOIN `sm_auth_group` `AuthGroup` ON `AuthGroupAccess`.`group_id`=`AuthGroup`.`id` WHERE  (  AuthGroupAccess.uid='1' and AuthGroup.status='1' ) [ RunTime:0.000000s ]
[ sql ] [ SQL ] SHOW COLUMNS FROM `sm_auth_rule` [ RunTime:0.000000s ]
[ sql ] [ SQL ] SELECT `condition`,`name` FROM `sm_auth_rule` WHERE  `id` IN (1,2,3,103)  AND `type` = 1 [ RunTime:0.000000s ]
[ sql ] [ SQL ] SELECT * FROM `sm_auth_rule` WHERE  `status` = 1 ORDER BY `sort`  DESC,`id`  ASC [ RunTime:0.000000s ]
---------------------------------------------------------------
[ 2018-04-27T21:14:21+08:00 ] 172.24.189.12 114.242.250.112 POST /data/index/__js__/html/bylight.html
[ info ] 39.104.67.26:8901/data/index/__js__/html/bylight.html [运行时间：0.046876s][吞吐率：21.33req/s] [内存消耗：2,116.71kb] [文件加载：44]
[ info ] [ LANG ] C:\thinkphp\thinkphp\lang\zh-cn.php
[ info ] [ ROUTE ] array (
  'type' => 'module',
  'module' => 
  array (
    0 => 'data',
    1 => 'index',
    2 => '__js__',
  ),
)
[ info ] [ HEADER ] array (
  'host' => '39.104.67.26:8901',
  'connection' => 'keep-alive',
  'content-length' => '8',
  'accept' => 'text/html, */*; q=0.01',
  'origin' => 'http://39.104.67.26:8901',
  'x-requested-with' => 'XMLHttpRequest',
  'user-agent' => 'Mozilla/5.0 (Windows NT 10.0; WOW64) AppleWebKit/537.36 (KHTML, like Gecko) Chrome/55.0.2883.87 Safari/537.36',
  'content-type' => 'application/x-www-form-urlencoded',
  'referer' => 'http://39.104.67.26:8901/data/index/index.html',
  'accept-encoding' => 'gzip, deflate',
  'accept-language' => 'zh-CN,zh;q=0.8',
  'cookie' => 'UM_distinctid=16299eb96d27e-0175dde0cafa518-677b7726-1fa400-16299eb96d310a; __guid=43106535.2609638163094792000.1523776528102.6223; PHPSESSID=okjrre20pmom6g03ed0me3l2r6; monitor_count=7; CNZZDATA155540=cnzz_eid%3D1401263764-1524830155-http%253A%252F%252F39.104.67.26%253A8901%252F%26ntime%3D1524830155',
)
[ info ] [ PARAM ] array (
  'limit' => '50',
  'html' => 'bylight',
)
[ info ] [ SESSION ] INIT array (
  'id' => '',
  'var_session_id' => '',
  'prefix' => 'think',
  'type' => '',
  'auto_start' => true,
)
[ info ] [ DB ] INIT mysql
[ info ] [ LOG ] INIT File
[ sql ] [ DB ] CONNECT:[ UseTime:0.000000s ] mysql:dbname=tp5;host=127.0.0.1;charset=utf8
[ sql ] [ SQL ] SHOW COLUMNS FROM `sm_auth_group_access` [ RunTime:0.000000s ]
[ sql ] [ SQL ] SELECT `AuthGroupAccess`.`uid`,`AuthGroupAccess`.`group_id`,`AuthGroup`.`title`,`AuthGroup`.`rules` FROM `sm_auth_group_access` `AuthGroupAccess` LEFT JOIN `sm_auth_group` `AuthGroup` ON `AuthGroupAccess`.`group_id`=`AuthGroup`.`id` WHERE  (  AuthGroupAccess.uid='1' and AuthGroup.status='1' ) [ RunTime:0.000000s ]
[ sql ] [ SQL ] SHOW COLUMNS FROM `sm_auth_rule` [ RunTime:0.000000s ]
[ sql ] [ SQL ] SELECT `condition`,`name` FROM `sm_auth_rule` WHERE  `id` IN (1,2,3,103)  AND `type` = 1 [ RunTime:0.000000s ]
[ sql ] [ SQL ] SELECT * FROM `sm_auth_rule` WHERE  `status` = 1 ORDER BY `sort`  DESC,`id`  ASC [ RunTime:0.000000s ]
---------------------------------------------------------------
[ 2018-04-27T21:14:23+08:00 ] 172.24.189.12 114.242.250.112 POST /data/index/__js__/html/byair.html
[ info ] 39.104.67.26:8901/data/index/__js__/html/byair.html [运行时间：0.046875s][吞吐率：21.33req/s] [内存消耗：2,116.73kb] [文件加载：44]
[ info ] [ LANG ] C:\thinkphp\thinkphp\lang\zh-cn.php
[ info ] [ ROUTE ] array (
  'type' => 'module',
  'module' => 
  array (
    0 => 'data',
    1 => 'index',
    2 => '__js__',
  ),
)
[ info ] [ HEADER ] array (
  'host' => '39.104.67.26:8901',
  'connection' => 'keep-alive',
  'content-length' => '8',
  'accept' => 'text/html, */*; q=0.01',
  'origin' => 'http://39.104.67.26:8901',
  'x-requested-with' => 'XMLHttpRequest',
  'user-agent' => 'Mozilla/5.0 (Windows NT 10.0; WOW64) AppleWebKit/537.36 (KHTML, like Gecko) Chrome/55.0.2883.87 Safari/537.36',
  'content-type' => 'application/x-www-form-urlencoded',
  'referer' => 'http://39.104.67.26:8901/data/index/index.html',
  'accept-encoding' => 'gzip, deflate',
  'accept-language' => 'zh-CN,zh;q=0.8',
  'cookie' => 'UM_distinctid=16299eb96d27e-0175dde0cafa518-677b7726-1fa400-16299eb96d310a; __guid=43106535.2609638163094792000.1523776528102.6223; PHPSESSID=okjrre20pmom6g03ed0me3l2r6; monitor_count=7; CNZZDATA155540=cnzz_eid%3D1401263764-1524830155-http%253A%252F%252F39.104.67.26%253A8901%252F%26ntime%3D1524830155',
)
[ info ] [ PARAM ] array (
  'limit' => '50',
  'html' => 'byair',
)
[ info ] [ SESSION ] INIT array (
  'id' => '',
  'var_session_id' => '',
  'prefix' => 'think',
  'type' => '',
  'auto_start' => true,
)
[ info ] [ DB ] INIT mysql
[ info ] [ LOG ] INIT File
[ sql ] [ DB ] CONNECT:[ UseTime:0.000000s ] mysql:dbname=tp5;host=127.0.0.1;charset=utf8
[ sql ] [ SQL ] SHOW COLUMNS FROM `sm_auth_group_access` [ RunTime:0.015625s ]
[ sql ] [ SQL ] SELECT `AuthGroupAccess`.`uid`,`AuthGroupAccess`.`group_id`,`AuthGroup`.`title`,`AuthGroup`.`rules` FROM `sm_auth_group_access` `AuthGroupAccess` LEFT JOIN `sm_auth_group` `AuthGroup` ON `AuthGroupAccess`.`group_id`=`AuthGroup`.`id` WHERE  (  AuthGroupAccess.uid='1' and AuthGroup.status='1' ) [ RunTime:0.000000s ]
[ sql ] [ SQL ] SHOW COLUMNS FROM `sm_auth_rule` [ RunTime:0.000000s ]
[ sql ] [ SQL ] SELECT `condition`,`name` FROM `sm_auth_rule` WHERE  `id` IN (1,2,3,103)  AND `type` = 1 [ RunTime:0.000000s ]
[ sql ] [ SQL ] SELECT * FROM `sm_auth_rule` WHERE  `status` = 1 ORDER BY `sort`  DESC,`id`  ASC [ RunTime:0.000000s ]
---------------------------------------------------------------
[ 2018-04-27T21:14:25+08:00 ] 172.24.189.12 114.242.250.112 POST /data/index/__js__/html/bylight.html
[ info ] 39.104.67.26:8901/data/index/__js__/html/bylight.html [运行时间：0.046875s][吞吐率：21.33req/s] [内存消耗：2,116.71kb] [文件加载：44]
[ info ] [ LANG ] C:\thinkphp\thinkphp\lang\zh-cn.php
[ info ] [ ROUTE ] array (
  'type' => 'module',
  'module' => 
  array (
    0 => 'data',
    1 => 'index',
    2 => '__js__',
  ),
)
[ info ] [ HEADER ] array (
  'host' => '39.104.67.26:8901',
  'connection' => 'keep-alive',
  'content-length' => '8',
  'accept' => 'text/html, */*; q=0.01',
  'origin' => 'http://39.104.67.26:8901',
  'x-requested-with' => 'XMLHttpRequest',
  'user-agent' => 'Mozilla/5.0 (Windows NT 10.0; WOW64) AppleWebKit/537.36 (KHTML, like Gecko) Chrome/55.0.2883.87 Safari/537.36',
  'content-type' => 'application/x-www-form-urlencoded',
  'referer' => 'http://39.104.67.26:8901/data/index/index.html',
  'accept-encoding' => 'gzip, deflate',
  'accept-language' => 'zh-CN,zh;q=0.8',
  'cookie' => 'UM_distinctid=16299eb96d27e-0175dde0cafa518-677b7726-1fa400-16299eb96d310a; __guid=43106535.2609638163094792000.1523776528102.6223; PHPSESSID=okjrre20pmom6g03ed0me3l2r6; monitor_count=7; CNZZDATA155540=cnzz_eid%3D1401263764-1524830155-http%253A%252F%252F39.104.67.26%253A8901%252F%26ntime%3D1524830155',
)
[ info ] [ PARAM ] array (
  'limit' => '50',
  'html' => 'bylight',
)
[ info ] [ SESSION ] INIT array (
  'id' => '',
  'var_session_id' => '',
  'prefix' => 'think',
  'type' => '',
  'auto_start' => true,
)
[ info ] [ DB ] INIT mysql
[ info ] [ LOG ] INIT File
[ sql ] [ DB ] CONNECT:[ UseTime:0.000000s ] mysql:dbname=tp5;host=127.0.0.1;charset=utf8
[ sql ] [ SQL ] SHOW COLUMNS FROM `sm_auth_group_access` [ RunTime:0.000000s ]
[ sql ] [ SQL ] SELECT `AuthGroupAccess`.`uid`,`AuthGroupAccess`.`group_id`,`AuthGroup`.`title`,`AuthGroup`.`rules` FROM `sm_auth_group_access` `AuthGroupAccess` LEFT JOIN `sm_auth_group` `AuthGroup` ON `AuthGroupAccess`.`group_id`=`AuthGroup`.`id` WHERE  (  AuthGroupAccess.uid='1' and AuthGroup.status='1' ) [ RunTime:0.000000s ]
[ sql ] [ SQL ] SHOW COLUMNS FROM `sm_auth_rule` [ RunTime:0.000000s ]
[ sql ] [ SQL ] SELECT `condition`,`name` FROM `sm_auth_rule` WHERE  `id` IN (1,2,3,103)  AND `type` = 1 [ RunTime:0.000000s ]
[ sql ] [ SQL ] SELECT * FROM `sm_auth_rule` WHERE  `status` = 1 ORDER BY `sort`  DESC,`id`  ASC [ RunTime:0.000000s ]
---------------------------------------------------------------
[ 2018-04-27T21:14:27+08:00 ] 172.24.189.12 114.242.250.112 POST /data/index/__js__/html/byair.html
[ info ] 39.104.67.26:8901/data/index/__js__/html/byair.html [运行时间：0.062501s][吞吐率：16.00req/s] [内存消耗：2,116.73kb] [文件加载：44]
[ info ] [ LANG ] C:\thinkphp\thinkphp\lang\zh-cn.php
[ info ] [ ROUTE ] array (
  'type' => 'module',
  'module' => 
  array (
    0 => 'data',
    1 => 'index',
    2 => '__js__',
  ),
)
[ info ] [ HEADER ] array (
  'host' => '39.104.67.26:8901',
  'connection' => 'keep-alive',
  'content-length' => '8',
  'accept' => 'text/html, */*; q=0.01',
  'origin' => 'http://39.104.67.26:8901',
  'x-requested-with' => 'XMLHttpRequest',
  'user-agent' => 'Mozilla/5.0 (Windows NT 10.0; WOW64) AppleWebKit/537.36 (KHTML, like Gecko) Chrome/55.0.2883.87 Safari/537.36',
  'content-type' => 'application/x-www-form-urlencoded',
  'referer' => 'http://39.104.67.26:8901/data/index/index.html',
  'accept-encoding' => 'gzip, deflate',
  'accept-language' => 'zh-CN,zh;q=0.8',
  'cookie' => 'UM_distinctid=16299eb96d27e-0175dde0cafa518-677b7726-1fa400-16299eb96d310a; __guid=43106535.2609638163094792000.1523776528102.6223; PHPSESSID=okjrre20pmom6g03ed0me3l2r6; monitor_count=7; CNZZDATA155540=cnzz_eid%3D1401263764-1524830155-http%253A%252F%252F39.104.67.26%253A8901%252F%26ntime%3D1524830155',
)
[ info ] [ PARAM ] array (
  'limit' => '50',
  'html' => 'byair',
)
[ info ] [ SESSION ] INIT array (
  'id' => '',
  'var_session_id' => '',
  'prefix' => 'think',
  'type' => '',
  'auto_start' => true,
)
[ info ] [ DB ] INIT mysql
[ info ] [ LOG ] INIT File
[ sql ] [ DB ] CONNECT:[ UseTime:0.000000s ] mysql:dbname=tp5;host=127.0.0.1;charset=utf8
[ sql ] [ SQL ] SHOW COLUMNS FROM `sm_auth_group_access` [ RunTime:0.000000s ]
[ sql ] [ SQL ] SELECT `AuthGroupAccess`.`uid`,`AuthGroupAccess`.`group_id`,`AuthGroup`.`title`,`AuthGroup`.`rules` FROM `sm_auth_group_access` `AuthGroupAccess` LEFT JOIN `sm_auth_group` `AuthGroup` ON `AuthGroupAccess`.`group_id`=`AuthGroup`.`id` WHERE  (  AuthGroupAccess.uid='1' and AuthGroup.status='1' ) [ RunTime:0.000000s ]
[ sql ] [ SQL ] SHOW COLUMNS FROM `sm_auth_rule` [ RunTime:0.000000s ]
[ sql ] [ SQL ] SELECT `condition`,`name` FROM `sm_auth_rule` WHERE  `id` IN (1,2,3,103)  AND `type` = 1 [ RunTime:0.000000s ]
[ sql ] [ SQL ] SELECT * FROM `sm_auth_rule` WHERE  `status` = 1 ORDER BY `sort`  DESC,`id`  ASC [ RunTime:0.000000s ]
---------------------------------------------------------------
[ 2018-04-27T21:17:34+08:00 ] 172.24.189.12 114.242.250.112 GET /data/index/index.html
[ info ] 39.104.67.26:8901/data/index/index.html [运行时间：3.046875s][吞吐率：0.33req/s] [内存消耗：2,274.55kb] [文件加载：44]
[ info ] [ LANG ] C:\thinkphp\thinkphp\lang\zh-cn.php
[ info ] [ ROUTE ] array (
  'type' => 'module',
  'module' => 
  array (
    0 => 'data',
    1 => 'index',
    2 => 'index',
  ),
)
[ info ] [ HEADER ] array (
  'host' => '39.104.67.26:8901',
  'connection' => 'keep-alive',
  'cache-control' => 'max-age=0',
  'upgrade-insecure-requests' => '1',
  'user-agent' => 'Mozilla/5.0 (Windows NT 10.0; WOW64) AppleWebKit/537.36 (KHTML, like Gecko) Chrome/55.0.2883.87 Safari/537.36',
  'accept' => 'text/html,application/xhtml+xml,application/xml;q=0.9,image/webp,*/*;q=0.8',
  'referer' => 'http://39.104.67.26:8901/data/user/index/index',
  'accept-encoding' => 'gzip, deflate, sdch',
  'accept-language' => 'zh-CN,zh;q=0.8',
  'cookie' => 'UM_distinctid=16299eb96d27e-0175dde0cafa518-677b7726-1fa400-16299eb96d310a; __guid=43106535.2609638163094792000.1523776528102.6223; PHPSESSID=okjrre20pmom6g03ed0me3l2r6; monitor_count=7; CNZZDATA155540=cnzz_eid%3D1401263764-1524830155-http%253A%252F%252F39.104.67.26%253A8901%252F%26ntime%3D1524830155',
)
[ info ] [ PARAM ] array (
)
[ info ] [ SESSION ] INIT array (
  'id' => '',
  'var_session_id' => '',
  'prefix' => 'think',
  'type' => '',
  'auto_start' => true,
)
[ info ] [ DB ] INIT mysql
[ info ] [ RUN ] app\data\controller\Index->index[ C:\thinkphp\application\data\controller\Index.php ]
[ info ] [ VIEW ] C:\thinkphp/application/data\view\index\index.html [ array (
  0 => 'menu',
) ]
[ info ] [ LOG ] INIT File
[ sql ] [ DB ] CONNECT:[ UseTime:0.000000s ] mysql:dbname=tp5;host=127.0.0.1;charset=utf8
[ sql ] [ SQL ] SHOW COLUMNS FROM `sm_auth_group_access` [ RunTime:0.000000s ]
[ sql ] [ SQL ] SELECT `AuthGroupAccess`.`uid`,`AuthGroupAccess`.`group_id`,`AuthGroup`.`title`,`AuthGroup`.`rules` FROM `sm_auth_group_access` `AuthGroupAccess` LEFT JOIN `sm_auth_group` `AuthGroup` ON `AuthGroupAccess`.`group_id`=`AuthGroup`.`id` WHERE  (  AuthGroupAccess.uid='1' and AuthGroup.status='1' ) [ RunTime:0.000000s ]
[ sql ] [ SQL ] SHOW COLUMNS FROM `sm_auth_rule` [ RunTime:0.000000s ]
[ sql ] [ SQL ] SELECT `condition`,`name` FROM `sm_auth_rule` WHERE  `id` IN (1,2,3,103)  AND `type` = 1 [ RunTime:0.000000s ]
[ sql ] [ SQL ] SELECT * FROM `sm_auth_rule` WHERE  `status` = 1 ORDER BY `sort`  DESC,`id`  ASC [ RunTime:0.000000s ]
---------------------------------------------------------------
[ 2018-04-27T21:17:35+08:00 ] 172.24.189.12 114.242.250.112 GET /public/static/js/jquery-3.2.1.js
[ info ] 39.104.67.26:8901/public/static/js/jquery-3.2.1.js [运行时间：0.015625s][吞吐率：64.00req/s] [内存消耗：1,027.11kb] [文件加载：28]
[ info ] [ LANG ] C:\thinkphp\thinkphp\lang\zh-cn.php
[ info ] [ ROUTE ] array (
  'type' => 'module',
  'module' => 
  array (
    0 => 'public',
    1 => 'static',
    2 => 'js',
  ),
)
[ info ] [ HEADER ] array (
  'host' => '39.104.67.26:8901',
  'connection' => 'keep-alive',
  'user-agent' => 'Mozilla/5.0 (Windows NT 10.0; WOW64) AppleWebKit/537.36 (KHTML, like Gecko) Chrome/55.0.2883.87 Safari/537.36',
  'accept' => '*/*',
  'referer' => 'http://39.104.67.26:8901/data/index/index.html',
  'accept-encoding' => 'gzip, deflate, sdch',
  'accept-language' => 'zh-CN,zh;q=0.8',
  'cookie' => 'UM_distinctid=16299eb96d27e-0175dde0cafa518-677b7726-1fa400-16299eb96d310a; __guid=43106535.2609638163094792000.1523776528102.6223; PHPSESSID=okjrre20pmom6g03ed0me3l2r6; CNZZDATA155540=cnzz_eid%3D1401263764-1524830155-http%253A%252F%252F39.104.67.26%253A8901%252F%26ntime%3D1524830155; monitor_count=8',
)
[ info ] [ PARAM ] array (
)
[ info ] [ LOG ] INIT File
---------------------------------------------------------------
[ 2018-04-27T21:17:35+08:00 ] 172.24.189.12 114.242.250.112 GET /public/static/images/p1.jpg
[ info ] 39.104.67.26:8901/public/static/images/p1.jpg [运行时间：0.031250s][吞吐率：32.00req/s] [内存消耗：1,027.24kb] [文件加载：28]
[ info ] [ LANG ] C:\thinkphp\thinkphp\lang\zh-cn.php
[ info ] [ ROUTE ] array (
  'type' => 'module',
  'module' => 
  array (
    0 => 'public',
    1 => 'static',
    2 => 'images',
  ),
)
[ info ] [ HEADER ] array (
  'host' => '39.104.67.26:8901',
  'connection' => 'keep-alive',
  'user-agent' => 'Mozilla/5.0 (Windows NT 10.0; WOW64) AppleWebKit/537.36 (KHTML, like Gecko) Chrome/55.0.2883.87 Safari/537.36',
  'accept' => 'image/webp,image/*,*/*;q=0.8',
  'referer' => 'http://39.104.67.26:8901/data/index/index.html',
  'accept-encoding' => 'gzip, deflate, sdch',
  'accept-language' => 'zh-CN,zh;q=0.8',
  'cookie' => 'UM_distinctid=16299eb96d27e-0175dde0cafa518-677b7726-1fa400-16299eb96d310a; __guid=43106535.2609638163094792000.1523776528102.6223; PHPSESSID=okjrre20pmom6g03ed0me3l2r6; CNZZDATA155540=cnzz_eid%3D1401263764-1524830155-http%253A%252F%252F39.104.67.26%253A8901%252F%26ntime%3D1524830155; monitor_count=8',
)
[ info ] [ PARAM ] array (
)
[ info ] [ LOG ] INIT File
---------------------------------------------------------------
[ 2018-04-27T21:17:35+08:00 ] 172.24.189.12 114.242.250.112 GET /public/static/images/p2.jpg
[ info ] 39.104.67.26:8901/public/static/images/p2.jpg [运行时间：0.031250s][吞吐率：32.00req/s] [内存消耗：1,027.24kb] [文件加载：28]
[ info ] [ LANG ] C:\thinkphp\thinkphp\lang\zh-cn.php
[ info ] [ ROUTE ] array (
  'type' => 'module',
  'module' => 
  array (
    0 => 'public',
    1 => 'static',
    2 => 'images',
  ),
)
[ info ] [ HEADER ] array (
  'host' => '39.104.67.26:8901',
  'connection' => 'keep-alive',
  'user-agent' => 'Mozilla/5.0 (Windows NT 10.0; WOW64) AppleWebKit/537.36 (KHTML, like Gecko) Chrome/55.0.2883.87 Safari/537.36',
  'accept' => 'image/webp,image/*,*/*;q=0.8',
  'referer' => 'http://39.104.67.26:8901/data/index/index.html',
  'accept-encoding' => 'gzip, deflate, sdch',
  'accept-language' => 'zh-CN,zh;q=0.8',
  'cookie' => 'UM_distinctid=16299eb96d27e-0175dde0cafa518-677b7726-1fa400-16299eb96d310a; __guid=43106535.2609638163094792000.1523776528102.6223; PHPSESSID=okjrre20pmom6g03ed0me3l2r6; CNZZDATA155540=cnzz_eid%3D1401263764-1524830155-http%253A%252F%252F39.104.67.26%253A8901%252F%26ntime%3D1524830155; monitor_count=8',
)
[ info ] [ PARAM ] array (
)
[ info ] [ LOG ] INIT File
---------------------------------------------------------------
[ 2018-04-27T21:17:35+08:00 ] 172.24.189.12 114.242.250.112 GET /public/static/images/p3.jpg
[ info ] 39.104.67.26:8901/public/static/images/p3.jpg [运行时间：0.015625s][吞吐率：64.00req/s] [内存消耗：1,027.24kb] [文件加载：28]
[ info ] [ LANG ] C:\thinkphp\thinkphp\lang\zh-cn.php
[ info ] [ ROUTE ] array (
  'type' => 'module',
  'module' => 
  array (
    0 => 'public',
    1 => 'static',
    2 => 'images',
  ),
)
[ info ] [ HEADER ] array (
  'host' => '39.104.67.26:8901',
  'connection' => 'keep-alive',
  'user-agent' => 'Mozilla/5.0 (Windows NT 10.0; WOW64) AppleWebKit/537.36 (KHTML, like Gecko) Chrome/55.0.2883.87 Safari/537.36',
  'accept' => 'image/webp,image/*,*/*;q=0.8',
  'referer' => 'http://39.104.67.26:8901/data/index/index.html',
  'accept-encoding' => 'gzip, deflate, sdch',
  'accept-language' => 'zh-CN,zh;q=0.8',
  'cookie' => 'UM_distinctid=16299eb96d27e-0175dde0cafa518-677b7726-1fa400-16299eb96d310a; __guid=43106535.2609638163094792000.1523776528102.6223; PHPSESSID=okjrre20pmom6g03ed0me3l2r6; CNZZDATA155540=cnzz_eid%3D1401263764-1524830155-http%253A%252F%252F39.104.67.26%253A8901%252F%26ntime%3D1524830155; monitor_count=8',
)
[ info ] [ PARAM ] array (
)
[ info ] [ LOG ] INIT File
---------------------------------------------------------------
[ 2018-04-27T21:17:35+08:00 ] 172.24.189.12 114.242.250.112 GET /public/static/images/tiles/footerclose.png
[ info ] 39.104.67.26:8901/public/static/images/tiles/footerclose.png [运行时间：0.015625s][吞吐率：64.00req/s] [内存消耗：1,027.73kb] [文件加载：28]
[ info ] [ LANG ] C:\thinkphp\thinkphp\lang\zh-cn.php
[ info ] [ ROUTE ] array (
  'type' => 'module',
  'module' => 
  array (
    0 => 'public',
    1 => 'static',
    2 => 'images',
  ),
)
[ info ] [ HEADER ] array (
  'host' => '39.104.67.26:8901',
  'connection' => 'keep-alive',
  'user-agent' => 'Mozilla/5.0 (Windows NT 10.0; WOW64) AppleWebKit/537.36 (KHTML, like Gecko) Chrome/55.0.2883.87 Safari/537.36',
  'accept' => 'image/webp,image/*,*/*;q=0.8',
  'referer' => 'http://39.104.67.26:8901/public/static/css/screen.css',
  'accept-encoding' => 'gzip, deflate, sdch',
  'accept-language' => 'zh-CN,zh;q=0.8',
  'cookie' => 'UM_distinctid=16299eb96d27e-0175dde0cafa518-677b7726-1fa400-16299eb96d310a; __guid=43106535.2609638163094792000.1523776528102.6223; PHPSESSID=okjrre20pmom6g03ed0me3l2r6; CNZZDATA155540=cnzz_eid%3D1401263764-1524830155-http%253A%252F%252F39.104.67.26%253A8901%252F%26ntime%3D1524830155; monitor_count=8',
)
[ info ] [ PARAM ] array (
  'tiles' => 'footerclose.png',
)
[ info ] [ LOG ] INIT File
---------------------------------------------------------------
[ 2018-04-27T21:17:35+08:00 ] 172.24.189.12 114.242.250.112 GET /public/static/images/tiles/footeropen.png
[ info ] 39.104.67.26:8901/public/static/images/tiles/footeropen.png [运行时间：0.015625s][吞吐率：64.00req/s] [内存消耗：1,027.72kb] [文件加载：28]
[ info ] [ LANG ] C:\thinkphp\thinkphp\lang\zh-cn.php
[ info ] [ ROUTE ] array (
  'type' => 'module',
  'module' => 
  array (
    0 => 'public',
    1 => 'static',
    2 => 'images',
  ),
)
[ info ] [ HEADER ] array (
  'host' => '39.104.67.26:8901',
  'connection' => 'keep-alive',
  'user-agent' => 'Mozilla/5.0 (Windows NT 10.0; WOW64) AppleWebKit/537.36 (KHTML, like Gecko) Chrome/55.0.2883.87 Safari/537.36',
  'accept' => 'image/webp,image/*,*/*;q=0.8',
  'referer' => 'http://39.104.67.26:8901/public/static/css/screen.css',
  'accept-encoding' => 'gzip, deflate, sdch',
  'accept-language' => 'zh-CN,zh;q=0.8',
  'cookie' => 'UM_distinctid=16299eb96d27e-0175dde0cafa518-677b7726-1fa400-16299eb96d310a; __guid=43106535.2609638163094792000.1523776528102.6223; PHPSESSID=okjrre20pmom6g03ed0me3l2r6; CNZZDATA155540=cnzz_eid%3D1401263764-1524830155-http%253A%252F%252F39.104.67.26%253A8901%252F%26ntime%3D1524830155; monitor_count=8',
)
[ info ] [ PARAM ] array (
  'tiles' => 'footeropen.png',
)
[ info ] [ LOG ] INIT File
---------------------------------------------------------------
[ 2018-04-27T21:17:42+08:00 ] 172.24.189.12 114.242.250.112 POST /data/index/__js__/html/bytemp.html
[ info ] 39.104.67.26:8901/data/index/__js__/html/bytemp.html [运行时间：0.046875s][吞吐率：21.33req/s] [内存消耗：2,116.72kb] [文件加载：44]
[ info ] [ LANG ] C:\thinkphp\thinkphp\lang\zh-cn.php
[ info ] [ ROUTE ] array (
  'type' => 'module',
  'module' => 
  array (
    0 => 'data',
    1 => 'index',
    2 => '__js__',
  ),
)
[ info ] [ HEADER ] array (
  'host' => '39.104.67.26:8901',
  'connection' => 'keep-alive',
  'content-length' => '8',
  'accept' => 'text/html, */*; q=0.01',
  'origin' => 'http://39.104.67.26:8901',
  'x-requested-with' => 'XMLHttpRequest',
  'user-agent' => 'Mozilla/5.0 (Windows NT 10.0; WOW64) AppleWebKit/537.36 (KHTML, like Gecko) Chrome/55.0.2883.87 Safari/537.36',
  'content-type' => 'application/x-www-form-urlencoded',
  'referer' => 'http://39.104.67.26:8901/data/index/index.html',
  'accept-encoding' => 'gzip, deflate',
  'accept-language' => 'zh-CN,zh;q=0.8',
  'cookie' => 'UM_distinctid=16299eb96d27e-0175dde0cafa518-677b7726-1fa400-16299eb96d310a; __guid=43106535.2609638163094792000.1523776528102.6223; PHPSESSID=okjrre20pmom6g03ed0me3l2r6; monitor_count=8; CNZZDATA155540=cnzz_eid%3D1401263764-1524830155-http%253A%252F%252F39.104.67.26%253A8901%252F%26ntime%3D1524830155',
)
[ info ] [ PARAM ] array (
  'limit' => '50',
  'html' => 'bytemp',
)
[ info ] [ SESSION ] INIT array (
  'id' => '',
  'var_session_id' => '',
  'prefix' => 'think',
  'type' => '',
  'auto_start' => true,
)
[ info ] [ DB ] INIT mysql
[ info ] [ LOG ] INIT File
[ sql ] [ DB ] CONNECT:[ UseTime:0.000000s ] mysql:dbname=tp5;host=127.0.0.1;charset=utf8
[ sql ] [ SQL ] SHOW COLUMNS FROM `sm_auth_group_access` [ RunTime:0.000000s ]
[ sql ] [ SQL ] SELECT `AuthGroupAccess`.`uid`,`AuthGroupAccess`.`group_id`,`AuthGroup`.`title`,`AuthGroup`.`rules` FROM `sm_auth_group_access` `AuthGroupAccess` LEFT JOIN `sm_auth_group` `AuthGroup` ON `AuthGroupAccess`.`group_id`=`AuthGroup`.`id` WHERE  (  AuthGroupAccess.uid='1' and AuthGroup.status='1' ) [ RunTime:0.000000s ]
[ sql ] [ SQL ] SHOW COLUMNS FROM `sm_auth_rule` [ RunTime:0.015625s ]
[ sql ] [ SQL ] SELECT `condition`,`name` FROM `sm_auth_rule` WHERE  `id` IN (1,2,3,103)  AND `type` = 1 [ RunTime:0.000000s ]
[ sql ] [ SQL ] SELECT * FROM `sm_auth_rule` WHERE  `status` = 1 ORDER BY `sort`  DESC,`id`  ASC [ RunTime:0.000000s ]
---------------------------------------------------------------
[ 2018-04-27T21:17:56+08:00 ] 172.24.189.12 114.242.250.112 POST /data/index/__js__/html/byair.html
[ info ] 39.104.67.26:8901/data/index/__js__/html/byair.html [运行时间：0.062500s][吞吐率：16.00req/s] [内存消耗：2,116.73kb] [文件加载：44]
[ info ] [ LANG ] C:\thinkphp\thinkphp\lang\zh-cn.php
[ info ] [ ROUTE ] array (
  'type' => 'module',
  'module' => 
  array (
    0 => 'data',
    1 => 'index',
    2 => '__js__',
  ),
)
[ info ] [ HEADER ] array (
  'host' => '39.104.67.26:8901',
  'connection' => 'keep-alive',
  'content-length' => '8',
  'accept' => 'text/html, */*; q=0.01',
  'origin' => 'http://39.104.67.26:8901',
  'x-requested-with' => 'XMLHttpRequest',
  'user-agent' => 'Mozilla/5.0 (Windows NT 10.0; WOW64) AppleWebKit/537.36 (KHTML, like Gecko) Chrome/55.0.2883.87 Safari/537.36',
  'content-type' => 'application/x-www-form-urlencoded',
  'referer' => 'http://39.104.67.26:8901/data/index/index.html',
  'accept-encoding' => 'gzip, deflate',
  'accept-language' => 'zh-CN,zh;q=0.8',
  'cookie' => 'UM_distinctid=16299eb96d27e-0175dde0cafa518-677b7726-1fa400-16299eb96d310a; __guid=43106535.2609638163094792000.1523776528102.6223; PHPSESSID=okjrre20pmom6g03ed0me3l2r6; monitor_count=8; CNZZDATA155540=cnzz_eid%3D1401263764-1524830155-http%253A%252F%252F39.104.67.26%253A8901%252F%26ntime%3D1524830155',
)
[ info ] [ PARAM ] array (
  'limit' => '25',
  'html' => 'byair',
)
[ info ] [ SESSION ] INIT array (
  'id' => '',
  'var_session_id' => '',
  'prefix' => 'think',
  'type' => '',
  'auto_start' => true,
)
[ info ] [ DB ] INIT mysql
[ info ] [ LOG ] INIT File
[ sql ] [ DB ] CONNECT:[ UseTime:0.015625s ] mysql:dbname=tp5;host=127.0.0.1;charset=utf8
[ sql ] [ SQL ] SHOW COLUMNS FROM `sm_auth_group_access` [ RunTime:0.000000s ]
[ sql ] [ SQL ] SELECT `AuthGroupAccess`.`uid`,`AuthGroupAccess`.`group_id`,`AuthGroup`.`title`,`AuthGroup`.`rules` FROM `sm_auth_group_access` `AuthGroupAccess` LEFT JOIN `sm_auth_group` `AuthGroup` ON `AuthGroupAccess`.`group_id`=`AuthGroup`.`id` WHERE  (  AuthGroupAccess.uid='1' and AuthGroup.status='1' ) [ RunTime:0.000000s ]
[ sql ] [ SQL ] SHOW COLUMNS FROM `sm_auth_rule` [ RunTime:0.000000s ]
[ sql ] [ SQL ] SELECT `condition`,`name` FROM `sm_auth_rule` WHERE  `id` IN (1,2,3,103)  AND `type` = 1 [ RunTime:0.000000s ]
[ sql ] [ SQL ] SELECT * FROM `sm_auth_rule` WHERE  `status` = 1 ORDER BY `sort`  DESC,`id`  ASC [ RunTime:0.000000s ]
---------------------------------------------------------------
[ 2018-04-27T21:17:56+08:00 ] 172.24.189.12 114.242.250.112 POST /data/index/__js__/html/byair.html
[ info ] 39.104.67.26:8901/data/index/__js__/html/byair.html [运行时间：0.093750s][吞吐率：10.67req/s] [内存消耗：2,116.73kb] [文件加载：44]
[ info ] [ LANG ] C:\thinkphp\thinkphp\lang\zh-cn.php
[ info ] [ ROUTE ] array (
  'type' => 'module',
  'module' => 
  array (
    0 => 'data',
    1 => 'index',
    2 => '__js__',
  ),
)
[ info ] [ HEADER ] array (
  'host' => '39.104.67.26:8901',
  'connection' => 'keep-alive',
  'content-length' => '8',
  'accept' => 'text/html, */*; q=0.01',
  'origin' => 'http://39.104.67.26:8901',
  'x-requested-with' => 'XMLHttpRequest',
  'user-agent' => 'Mozilla/5.0 (Windows NT 10.0; WOW64) AppleWebKit/537.36 (KHTML, like Gecko) Chrome/55.0.2883.87 Safari/537.36',
  'content-type' => 'application/x-www-form-urlencoded',
  'referer' => 'http://39.104.67.26:8901/data/index/index.html',
  'accept-encoding' => 'gzip, deflate',
  'accept-language' => 'zh-CN,zh;q=0.8',
  'cookie' => 'UM_distinctid=16299eb96d27e-0175dde0cafa518-677b7726-1fa400-16299eb96d310a; __guid=43106535.2609638163094792000.1523776528102.6223; PHPSESSID=okjrre20pmom6g03ed0me3l2r6; monitor_count=8; CNZZDATA155540=cnzz_eid%3D1401263764-1524830155-http%253A%252F%252F39.104.67.26%253A8901%252F%26ntime%3D1524830155',
)
[ info ] [ PARAM ] array (
  'limit' => '50',
  'html' => 'byair',
)
[ info ] [ SESSION ] INIT array (
  'id' => '',
  'var_session_id' => '',
  'prefix' => 'think',
  'type' => '',
  'auto_start' => true,
)
[ info ] [ DB ] INIT mysql
[ info ] [ LOG ] INIT File
[ sql ] [ DB ] CONNECT:[ UseTime:0.000000s ] mysql:dbname=tp5;host=127.0.0.1;charset=utf8
[ sql ] [ SQL ] SHOW COLUMNS FROM `sm_auth_group_access` [ RunTime:0.015625s ]
[ sql ] [ SQL ] SELECT `AuthGroupAccess`.`uid`,`AuthGroupAccess`.`group_id`,`AuthGroup`.`title`,`AuthGroup`.`rules` FROM `sm_auth_group_access` `AuthGroupAccess` LEFT JOIN `sm_auth_group` `AuthGroup` ON `AuthGroupAccess`.`group_id`=`AuthGroup`.`id` WHERE  (  AuthGroupAccess.uid='1' and AuthGroup.status='1' ) [ RunTime:0.000000s ]
[ sql ] [ SQL ] SHOW COLUMNS FROM `sm_auth_rule` [ RunTime:0.000000s ]
[ sql ] [ SQL ] SELECT `condition`,`name` FROM `sm_auth_rule` WHERE  `id` IN (1,2,3,103)  AND `type` = 1 [ RunTime:0.000000s ]
[ sql ] [ SQL ] SELECT * FROM `sm_auth_rule` WHERE  `status` = 1 ORDER BY `sort`  DESC,`id`  ASC [ RunTime:0.000000s ]
---------------------------------------------------------------
[ 2018-04-27T21:18:01+08:00 ] 172.24.189.12 114.242.250.112 POST /data/index/__js__/html/bylight.html
[ info ] 39.104.67.26:8901/data/index/__js__/html/bylight.html [运行时间：0.093750s][吞吐率：10.67req/s] [内存消耗：2,116.71kb] [文件加载：44]
[ info ] [ LANG ] C:\thinkphp\thinkphp\lang\zh-cn.php
[ info ] [ ROUTE ] array (
  'type' => 'module',
  'module' => 
  array (
    0 => 'data',
    1 => 'index',
    2 => '__js__',
  ),
)
[ info ] [ HEADER ] array (
  'host' => '39.104.67.26:8901',
  'connection' => 'keep-alive',
  'content-length' => '8',
  'accept' => 'text/html, */*; q=0.01',
  'origin' => 'http://39.104.67.26:8901',
  'x-requested-with' => 'XMLHttpRequest',
  'user-agent' => 'Mozilla/5.0 (Windows NT 10.0; WOW64) AppleWebKit/537.36 (KHTML, like Gecko) Chrome/55.0.2883.87 Safari/537.36',
  'content-type' => 'application/x-www-form-urlencoded',
  'referer' => 'http://39.104.67.26:8901/data/index/index.html',
  'accept-encoding' => 'gzip, deflate',
  'accept-language' => 'zh-CN,zh;q=0.8',
  'cookie' => 'UM_distinctid=16299eb96d27e-0175dde0cafa518-677b7726-1fa400-16299eb96d310a; __guid=43106535.2609638163094792000.1523776528102.6223; PHPSESSID=okjrre20pmom6g03ed0me3l2r6; monitor_count=8; CNZZDATA155540=cnzz_eid%3D1401263764-1524830155-http%253A%252F%252F39.104.67.26%253A8901%252F%26ntime%3D1524830155',
)
[ info ] [ PARAM ] array (
  'limit' => '50',
  'html' => 'bylight',
)
[ info ] [ SESSION ] INIT array (
  'id' => '',
  'var_session_id' => '',
  'prefix' => 'think',
  'type' => '',
  'auto_start' => true,
)
[ info ] [ DB ] INIT mysql
[ info ] [ LOG ] INIT File
[ sql ] [ DB ] CONNECT:[ UseTime:0.046875s ] mysql:dbname=tp5;host=127.0.0.1;charset=utf8
[ sql ] [ SQL ] SHOW COLUMNS FROM `sm_auth_group_access` [ RunTime:0.000000s ]
[ sql ] [ SQL ] SELECT `AuthGroupAccess`.`uid`,`AuthGroupAccess`.`group_id`,`AuthGroup`.`title`,`AuthGroup`.`rules` FROM `sm_auth_group_access` `AuthGroupAccess` LEFT JOIN `sm_auth_group` `AuthGroup` ON `AuthGroupAccess`.`group_id`=`AuthGroup`.`id` WHERE  (  AuthGroupAccess.uid='1' and AuthGroup.status='1' ) [ RunTime:0.000000s ]
[ sql ] [ SQL ] SHOW COLUMNS FROM `sm_auth_rule` [ RunTime:0.000000s ]
[ sql ] [ SQL ] SELECT `condition`,`name` FROM `sm_auth_rule` WHERE  `id` IN (1,2,3,103)  AND `type` = 1 [ RunTime:0.000000s ]
[ sql ] [ SQL ] SELECT * FROM `sm_auth_rule` WHERE  `status` = 1 ORDER BY `sort`  DESC,`id`  ASC [ RunTime:0.000000s ]
---------------------------------------------------------------
[ 2018-04-27T21:18:01+08:00 ] 172.24.189.12 114.242.250.112 POST /data/index/__js__/html/bylight.html
[ info ] 39.104.67.26:8901/data/index/__js__/html/bylight.html [运行时间：0.093750s][吞吐率：10.67req/s] [内存消耗：2,116.71kb] [文件加载：44]
[ info ] [ LANG ] C:\thinkphp\thinkphp\lang\zh-cn.php
[ info ] [ ROUTE ] array (
  'type' => 'module',
  'module' => 
  array (
    0 => 'data',
    1 => 'index',
    2 => '__js__',
  ),
)
[ info ] [ HEADER ] array (
  'host' => '39.104.67.26:8901',
  'connection' => 'keep-alive',
  'content-length' => '8',
  'accept' => 'text/html, */*; q=0.01',
  'origin' => 'http://39.104.67.26:8901',
  'x-requested-with' => 'XMLHttpRequest',
  'user-agent' => 'Mozilla/5.0 (Windows NT 10.0; WOW64) AppleWebKit/537.36 (KHTML, like Gecko) Chrome/55.0.2883.87 Safari/537.36',
  'content-type' => 'application/x-www-form-urlencoded',
  'referer' => 'http://39.104.67.26:8901/data/index/index.html',
  'accept-encoding' => 'gzip, deflate',
  'accept-language' => 'zh-CN,zh;q=0.8',
  'cookie' => 'UM_distinctid=16299eb96d27e-0175dde0cafa518-677b7726-1fa400-16299eb96d310a; __guid=43106535.2609638163094792000.1523776528102.6223; PHPSESSID=okjrre20pmom6g03ed0me3l2r6; monitor_count=8; CNZZDATA155540=cnzz_eid%3D1401263764-1524830155-http%253A%252F%252F39.104.67.26%253A8901%252F%26ntime%3D1524830155',
)
[ info ] [ PARAM ] array (
  'limit' => '25',
  'html' => 'bylight',
)
[ info ] [ SESSION ] INIT array (
  'id' => '',
  'var_session_id' => '',
  'prefix' => 'think',
  'type' => '',
  'auto_start' => true,
)
[ info ] [ DB ] INIT mysql
[ info ] [ LOG ] INIT File
[ sql ] [ DB ] CONNECT:[ UseTime:0.000000s ] mysql:dbname=tp5;host=127.0.0.1;charset=utf8
[ sql ] [ SQL ] SHOW COLUMNS FROM `sm_auth_group_access` [ RunTime:0.000000s ]
[ sql ] [ SQL ] SELECT `AuthGroupAccess`.`uid`,`AuthGroupAccess`.`group_id`,`AuthGroup`.`title`,`AuthGroup`.`rules` FROM `sm_auth_group_access` `AuthGroupAccess` LEFT JOIN `sm_auth_group` `AuthGroup` ON `AuthGroupAccess`.`group_id`=`AuthGroup`.`id` WHERE  (  AuthGroupAccess.uid='1' and AuthGroup.status='1' ) [ RunTime:0.000000s ]
[ sql ] [ SQL ] SHOW COLUMNS FROM `sm_auth_rule` [ RunTime:0.000000s ]
[ sql ] [ SQL ] SELECT `condition`,`name` FROM `sm_auth_rule` WHERE  `id` IN (1,2,3,103)  AND `type` = 1 [ RunTime:0.000000s ]
[ sql ] [ SQL ] SELECT * FROM `sm_auth_rule` WHERE  `status` = 1 ORDER BY `sort`  DESC,`id`  ASC [ RunTime:0.000000s ]
---------------------------------------------------------------
[ 2018-04-27T21:18:01+08:00 ] 172.24.189.12 114.242.250.112 POST /data/index/__js__/html/bylight.html
[ info ] 39.104.67.26:8901/data/index/__js__/html/bylight.html [运行时间：0.078125s][吞吐率：12.80req/s] [内存消耗：2,116.71kb] [文件加载：44]
[ info ] [ LANG ] C:\thinkphp\thinkphp\lang\zh-cn.php
[ info ] [ ROUTE ] array (
  'type' => 'module',
  'module' => 
  array (
    0 => 'data',
    1 => 'index',
    2 => '__js__',
  ),
)
[ info ] [ HEADER ] array (
  'host' => '39.104.67.26:8901',
  'connection' => 'keep-alive',
  'content-length' => '8',
  'accept' => 'text/html, */*; q=0.01',
  'origin' => 'http://39.104.67.26:8901',
  'x-requested-with' => 'XMLHttpRequest',
  'user-agent' => 'Mozilla/5.0 (Windows NT 10.0; WOW64) AppleWebKit/537.36 (KHTML, like Gecko) Chrome/55.0.2883.87 Safari/537.36',
  'content-type' => 'application/x-www-form-urlencoded',
  'referer' => 'http://39.104.67.26:8901/data/index/index.html',
  'accept-encoding' => 'gzip, deflate',
  'accept-language' => 'zh-CN,zh;q=0.8',
  'cookie' => 'UM_distinctid=16299eb96d27e-0175dde0cafa518-677b7726-1fa400-16299eb96d310a; __guid=43106535.2609638163094792000.1523776528102.6223; PHPSESSID=okjrre20pmom6g03ed0me3l2r6; monitor_count=8; CNZZDATA155540=cnzz_eid%3D1401263764-1524830155-http%253A%252F%252F39.104.67.26%253A8901%252F%26ntime%3D1524830155',
)
[ info ] [ PARAM ] array (
  'limit' => '25',
  'html' => 'bylight',
)
[ info ] [ SESSION ] INIT array (
  'id' => '',
  'var_session_id' => '',
  'prefix' => 'think',
  'type' => '',
  'auto_start' => true,
)
[ info ] [ DB ] INIT mysql
[ info ] [ LOG ] INIT File
[ sql ] [ DB ] CONNECT:[ UseTime:0.015625s ] mysql:dbname=tp5;host=127.0.0.1;charset=utf8
[ sql ] [ SQL ] SHOW COLUMNS FROM `sm_auth_group_access` [ RunTime:0.000000s ]
[ sql ] [ SQL ] SELECT `AuthGroupAccess`.`uid`,`AuthGroupAccess`.`group_id`,`AuthGroup`.`title`,`AuthGroup`.`rules` FROM `sm_auth_group_access` `AuthGroupAccess` LEFT JOIN `sm_auth_group` `AuthGroup` ON `AuthGroupAccess`.`group_id`=`AuthGroup`.`id` WHERE  (  AuthGroupAccess.uid='1' and AuthGroup.status='1' ) [ RunTime:0.000000s ]
[ sql ] [ SQL ] SHOW COLUMNS FROM `sm_auth_rule` [ RunTime:0.000000s ]
[ sql ] [ SQL ] SELECT `condition`,`name` FROM `sm_auth_rule` WHERE  `id` IN (1,2,3,103)  AND `type` = 1 [ RunTime:0.000000s ]
[ sql ] [ SQL ] SELECT * FROM `sm_auth_rule` WHERE  `status` = 1 ORDER BY `sort`  DESC,`id`  ASC [ RunTime:0.000000s ]
---------------------------------------------------------------
[ 2018-04-27T21:43:13+08:00 ] 172.24.189.12 167.99.51.105 GET /
[ info ] 39.104.67.26:8901/ [运行时间：0.031250s][吞吐率：32.00req/s] [内存消耗：1,288.13kb] [文件加载：33]
[ info ] [ LANG ] C:\thinkphp\thinkphp\lang\zh-cn.php
[ info ] [ ROUTE ] array (
  'type' => 'module',
  'module' => 
  array (
    0 => '',
    1 => NULL,
    2 => NULL,
  ),
)
[ info ] [ HEADER ] array (
  'host' => '39.104.67.26:8901',
  'connection' => 'keep-alive',
  'upgrade-insecure-requests' => '1',
  'user-agent' => 'Mozilla/5.0 (Linux; U; Android 8.0.0; zh-CN; MI 6 Build/OPR1.170623.027) AppleWebKit/537.36 (KHTML, like Gecko) Version/4.0 Chrome/57.0.2987.108 UCBrowser/11.9.5.975 Mobile Safari/537.36',
  'accept' => 'text/html,application/xhtml+xml,application/xml;q=0.9,image/webp,*/*;q=0.8',
  'accept-encoding' => 'gzip, deflate',
  'accept-language' => 'zh-CN,en-US;q=0.8',
  'x-ucbrowser-ua' => 'dv(MI 6);pr(UCBrowser/11.9.5.975);ov(Android 8.0.0);ss(360*640);pi(1080*1920);bt(YZ);pm(1);bv(1);nm(0);im(0);sr(0);nt(2);',
)
[ info ] [ PARAM ] array (
)
[ info ] [ RUN ] app\index\controller\Index->index[ C:\thinkphp\application\index\controller\Index.php ]
[ info ] [ VIEW ] C:\thinkphp/application/index\view\index\index.html [ array (
) ]
[ info ] [ LOG ] INIT File
---------------------------------------------------------------
[ 2018-04-27T21:43:19+08:00 ] 172.24.189.12 167.99.51.105 GET /public/static/images/favicon.png
[ info ] 39.104.67.26:8901/public/static/images/favicon.png [运行时间：0.031250s][吞吐率：32.00req/s] [内存消耗：1,026.13kb] [文件加载：28]
[ info ] [ LANG ] C:\thinkphp\thinkphp\lang\zh-cn.php
[ info ] [ ROUTE ] array (
  'type' => 'module',
  'module' => 
  array (
    0 => 'public',
    1 => 'static',
    2 => 'images',
  ),
)
[ info ] [ HEADER ] array (
  'host' => '39.104.67.26:8901',
  'connection' => 'keep-alive',
  'user-agent' => 'Mozilla/5.0 (Linux; U; Android 8.0.0; zh-CN; MI 6 Build/OPR1.170623.027) AppleWebKit/537.36 (KHTML, like Gecko) Version/4.0 Chrome/57.0.2987.108 UCBrowser/11.9.5.975 Mobile Safari/537.36',
  'accept' => 'image/webp,image/*,*/*;q=0.8',
  'referer' => 'http://39.104.67.26:8901/',
  'accept-encoding' => 'gzip, deflate',
  'accept-language' => 'zh-CN,en-US;q=0.8',
)
[ info ] [ PARAM ] array (
)
[ info ] [ LOG ] INIT File
---------------------------------------------------------------
[ 2018-04-27T23:29:08+08:00 ] 172.24.189.12 117.100.245.238 GET /
[ info ] 39.104.67.26:8901/ [运行时间：0.031251s][吞吐率：32.00req/s] [内存消耗：1,288.13kb] [文件加载：33]
[ info ] [ LANG ] C:\thinkphp\thinkphp\lang\zh-cn.php
[ info ] [ ROUTE ] array (
  'type' => 'module',
  'module' => 
  array (
    0 => '',
    1 => NULL,
    2 => NULL,
  ),
)
[ info ] [ HEADER ] array (
  'host' => '39.104.67.26:8901',
  'connection' => 'keep-alive',
  'upgrade-insecure-requests' => '1',
  'user-agent' => 'Mozilla/5.0 (Linux; U; Android 8.0.0; zh-CN; MI 6 Build/OPR1.170623.027) AppleWebKit/537.36 (KHTML, like Gecko) Version/4.0 Chrome/57.0.2987.108 UCBrowser/11.9.5.975 Mobile Safari/537.36',
  'accept' => 'text/html,application/xhtml+xml,application/xml;q=0.9,image/webp,*/*;q=0.8',
  'accept-encoding' => 'gzip, deflate',
  'accept-language' => 'zh-CN,en-US;q=0.8',
  'x-ucbrowser-ua' => 'dv(MI 6);pr(UCBrowser/11.9.5.975);ov(Android 8.0.0);ss(360*640);pi(1080*1920);bt(YZ);pm(1);bv(1);nm(0);im(0);sr(0);nt(2);',
)
[ info ] [ PARAM ] array (
)
[ info ] [ RUN ] app\index\controller\Index->index[ C:\thinkphp\application\index\controller\Index.php ]
[ info ] [ VIEW ] C:\thinkphp/application/index\view\index\index.html [ array (
) ]
[ info ] [ LOG ] INIT File
---------------------------------------------------------------
[ 2018-04-27T23:29:08+08:00 ] 172.24.189.12 117.100.245.238 GET /public/static/images/favicon.png
[ info ] 39.104.67.26:8901/public/static/images/favicon.png [运行时间：0.015625s][吞吐率：64.00req/s] [内存消耗：1,026.16kb] [文件加载：28]
[ info ] [ LANG ] C:\thinkphp\thinkphp\lang\zh-cn.php
[ info ] [ ROUTE ] array (
  'type' => 'module',
  'module' => 
  array (
    0 => 'public',
    1 => 'static',
    2 => 'images',
  ),
)
[ info ] [ HEADER ] array (
  'host' => '39.104.67.26:8901',
  'connection' => 'keep-alive',
  'user-agent' => 'Mozilla/5.0 (Linux; U; Android 8.0.0; zh-CN; MI 6 Build/OPR1.170623.027) AppleWebKit/537.36 (KHTML, like Gecko) Version/4.0 Chrome/57.0.2987.108 UCBrowser/11.9.5.975 Mobile Safari/537.36',
  'accept' => 'image/webp,image/*,*/*;q=0.8',
  'referer' => 'http://39.104.67.26:8901/',
  'accept-encoding' => 'gzip, deflate',
  'accept-language' => 'zh-CN,en-US;q=0.8',
)
[ info ] [ PARAM ] array (
)
[ info ] [ LOG ] INIT File
---------------------------------------------------------------
[ 2018-04-27T23:29:15+08:00 ] 172.24.189.12 117.100.245.238 GET /index.html
[ info ] 39.104.67.26:8901/index.html [运行时间：0.031251s][吞吐率：32.00req/s] [内存消耗：1,288.49kb] [文件加载：33]
[ info ] [ LANG ] C:\thinkphp\thinkphp\lang\zh-cn.php
[ info ] [ ROUTE ] array (
  'type' => 'module',
  'module' => 
  array (
    0 => 'index',
    1 => NULL,
    2 => NULL,
  ),
)
[ info ] [ HEADER ] array (
  'host' => '39.104.67.26:8901',
  'connection' => 'keep-alive',
  'upgrade-insecure-requests' => '1',
  'user-agent' => 'Mozilla/5.0 (Linux; U; Android 8.0.0; zh-CN; MI 6 Build/OPR1.170623.027) AppleWebKit/537.36 (KHTML, like Gecko) Version/4.0 Chrome/57.0.2987.108 UCBrowser/11.9.5.975 Mobile Safari/537.36',
  'accept' => 'text/html,application/xhtml+xml,application/xml;q=0.9,image/webp,*/*;q=0.8',
  'referer' => 'http://39.104.67.26:8901/',
  'accept-encoding' => 'gzip, deflate',
  'accept-language' => 'zh-CN,en-US;q=0.8',
  'x-ucbrowser-ua' => 'dv(MI 6);pr(UCBrowser/11.9.5.975);ov(Android 8.0.0);ss(360*640);pi(1080*1920);bt(YZ);pm(1);bv(1);nm(0);im(0);sr(0);nt(2);',
)
[ info ] [ PARAM ] array (
)
[ info ] [ RUN ] app\index\controller\Index->index[ C:\thinkphp\application\index\controller\Index.php ]
[ info ] [ VIEW ] C:\thinkphp/application/index\view\index\index.html [ array (
) ]
[ info ] [ LOG ] INIT File
---------------------------------------------------------------
[ 2018-04-27T23:29:15+08:00 ] 172.24.189.12 117.100.245.238 GET /public/static/images/favicon.png
[ info ] 39.104.67.26:8901/public/static/images/favicon.png [运行时间：0.015625s][吞吐率：64.00req/s] [内存消耗：1,026.20kb] [文件加载：28]
[ info ] [ LANG ] C:\thinkphp\thinkphp\lang\zh-cn.php
[ info ] [ ROUTE ] array (
  'type' => 'module',
  'module' => 
  array (
    0 => 'public',
    1 => 'static',
    2 => 'images',
  ),
)
[ info ] [ HEADER ] array (
  'host' => '39.104.67.26:8901',
  'connection' => 'keep-alive',
  'user-agent' => 'Mozilla/5.0 (Linux; U; Android 8.0.0; zh-CN; MI 6 Build/OPR1.170623.027) AppleWebKit/537.36 (KHTML, like Gecko) Version/4.0 Chrome/57.0.2987.108 UCBrowser/11.9.5.975 Mobile Safari/537.36',
  'accept' => 'image/webp,image/*,*/*;q=0.8',
  'referer' => 'http://39.104.67.26:8901/index.html',
  'accept-encoding' => 'gzip, deflate',
  'accept-language' => 'zh-CN,en-US;q=0.8',
)
[ info ] [ PARAM ] array (
)
[ info ] [ LOG ] INIT File
---------------------------------------------------------------
[ 2018-04-27T23:35:13+08:00 ] 172.24.189.12 117.100.245.238 GET /index.html
[ info ] 39.104.67.26:8901/index.html [运行时间：0.031250s][吞吐率：32.00req/s] [内存消耗：1,288.55kb] [文件加载：33]
[ info ] [ LANG ] C:\thinkphp\thinkphp\lang\zh-cn.php
[ info ] [ ROUTE ] array (
  'type' => 'module',
  'module' => 
  array (
    0 => 'index',
    1 => NULL,
    2 => NULL,
  ),
)
[ info ] [ HEADER ] array (
  'host' => '39.104.67.26:8901',
  'connection' => 'keep-alive',
  'upgrade-insecure-requests' => '1',
  'user-agent' => 'Mozilla/5.0 (Linux; U; Android 8.0.0; zh-CN; MI 6 Build/OPR1.170623.027) AppleWebKit/537.36 (KHTML, like Gecko) Version/4.0 Chrome/57.0.2987.108 UCBrowser/11.9.5.975 Mobile Safari/537.36',
  'accept' => 'text/html,application/xhtml+xml,application/xml;q=0.9,image/webp,*/*;q=0.8',
  'referer' => 'http://39.104.67.26:8901/index.html',
  'accept-encoding' => 'gzip, deflate',
  'accept-language' => 'zh-CN,en-US;q=0.8',
  'x-ucbrowser-ua' => 'dv(MI 6);pr(UCBrowser/11.9.5.975);ov(Android 8.0.0);ss(360*640);pi(1080*1920);bt(YZ);pm(1);bv(1);nm(0);im(0);sr(0);nt(2);',
)
[ info ] [ PARAM ] array (
)
[ info ] [ RUN ] app\index\controller\Index->index[ C:\thinkphp\application\index\controller\Index.php ]
[ info ] [ VIEW ] C:\thinkphp/application/index\view\index\index.html [ array (
) ]
[ info ] [ LOG ] INIT File
---------------------------------------------------------------
[ 2018-04-27T23:36:05+08:00 ] 172.24.189.12 117.100.245.238 GET /
[ info ] 39.104.67.26:8901/ [运行时间：0.031250s][吞吐率：32.00req/s] [内存消耗：1,287.73kb] [文件加载：33]
[ info ] [ LANG ] C:\thinkphp\thinkphp\lang\zh-cn.php
[ info ] [ ROUTE ] array (
  'type' => 'module',
  'module' => 
  array (
    0 => '',
    1 => NULL,
    2 => NULL,
  ),
)
[ info ] [ HEADER ] array (
  'host' => '39.104.67.26:8901',
  'connection' => 'keep-alive',
  'upgrade-insecure-requests' => '1',
  'user-agent' => 'Mozilla/5.0 (Linux; U; Android 8.0.0; zh-cn; MI 6 Build/OPR1.170623.027) AppleWebKit/537.36 (KHTML, like Gecko) Version/4.0 Chrome/61.0.3163.128 Mobile Safari/537.36 XiaoMi/MiuiBrowser/9.5.9',
  'x-miorigin' => 'b',
  'accept' => 'text/html,application/xhtml+xml,application/xml;q=0.9,image/webp,image/apng,*/*;q=0.8',
  'accept-encoding' => 'gzip, deflate',
  'accept-language' => 'zh-CN,en-US;q=0.8',
)
[ info ] [ PARAM ] array (
)
[ info ] [ RUN ] app\index\controller\Index->index[ C:\thinkphp\application\index\controller\Index.php ]
[ info ] [ VIEW ] C:\thinkphp/application/index\view\index\index.html [ array (
) ]
[ info ] [ LOG ] INIT File
---------------------------------------------------------------
[ 2018-04-27T23:36:36+08:00 ] 172.24.189.12 117.100.245.238 GET /public/static/images/favicon.png
[ info ] 39.104.67.26:8901/public/static/images/favicon.png [运行时间：0.015625s][吞吐率：64.00req/s] [内存消耗：1,026.21kb] [文件加载：28]
[ info ] [ LANG ] C:\thinkphp\thinkphp\lang\zh-cn.php
[ info ] [ ROUTE ] array (
  'type' => 'module',
  'module' => 
  array (
    0 => 'public',
    1 => 'static',
    2 => 'images',
  ),
)
[ info ] [ HEADER ] array (
  'host' => '39.104.67.26:8901',
  'connection' => 'keep-alive',
  'user-agent' => 'Mozilla/5.0 (Linux; U; Android 8.0.0; zh-cn; MI 6 Build/OPR1.170623.027) AppleWebKit/537.36 (KHTML, like Gecko) Version/4.0 Chrome/61.0.3163.128 Mobile Safari/537.36 XiaoMi/MiuiBrowser/9.5.9',
  'accept' => 'image/webp,image/apng,image/*,*/*;q=0.8',
  'referer' => 'http://39.104.67.26:8901/',
  'accept-encoding' => 'gzip, deflate',
  'accept-language' => 'zh-CN,en-US;q=0.8',
)
[ info ] [ PARAM ] array (
)
[ info ] [ LOG ] INIT File
---------------------------------------------------------------
[ 2018-04-27T23:36:42+08:00 ] 172.24.189.12 117.100.245.238 GET /data/user/index
[ info ] 39.104.67.26:8901/data/user/index [运行时间：0.015625s][吞吐率：64.00req/s] [内存消耗：1,304.57kb] [文件加载：33]
[ info ] [ LANG ] C:\thinkphp\thinkphp\lang\zh-cn.php
[ info ] [ ROUTE ] array (
  'type' => 'module',
  'module' => 
  array (
    0 => 'data',
    1 => 'user',
    2 => 'index',
  ),
)
[ info ] [ HEADER ] array (
  'host' => '39.104.67.26:8901',
  'connection' => 'keep-alive',
  'upgrade-insecure-requests' => '1',
  'user-agent' => 'Mozilla/5.0 (Linux; U; Android 8.0.0; zh-cn; MI 6 Build/OPR1.170623.027) AppleWebKit/537.36 (KHTML, like Gecko) Version/4.0 Chrome/61.0.3163.128 Mobile Safari/537.36 XiaoMi/MiuiBrowser/9.5.9',
  'accept' => 'text/html,application/xhtml+xml,application/xml;q=0.9,image/webp,image/apng,*/*;q=0.8',
  'referer' => 'http://39.104.67.26:8901/',
  'accept-encoding' => 'gzip, deflate',
  'accept-language' => 'zh-CN,en-US;q=0.8',
)
[ info ] [ PARAM ] array (
)
[ info ] [ RUN ] app\data\controller\User->index[ C:\thinkphp\application\data\controller\User.php ]
[ info ] [ VIEW ] C:\thinkphp/application/data\view\user\login.html [ array (
) ]
[ info ] [ SESSION ] INIT array (
  'id' => '',
  'var_session_id' => '',
  'prefix' => 'think',
  'type' => '',
  'auto_start' => true,
)
[ info ] [ LOG ] INIT File
---------------------------------------------------------------
[ 2018-04-27T23:37:30+08:00 ] 172.24.189.12 117.100.245.238 GET /data/user/index
[ info ] 39.104.67.26:8901/data/user/index [运行时间：0.015625s][吞吐率：64.00req/s] [内存消耗：1,304.65kb] [文件加载：33]
[ info ] [ LANG ] C:\thinkphp\thinkphp\lang\zh-cn.php
[ info ] [ ROUTE ] array (
  'type' => 'module',
  'module' => 
  array (
    0 => 'data',
    1 => 'user',
    2 => 'index',
  ),
)
[ info ] [ HEADER ] array (
  'host' => '39.104.67.26:8901',
  'connection' => 'keep-alive',
  'upgrade-insecure-requests' => '1',
  'user-agent' => 'Mozilla/5.0 (Linux; U; Android 8.0.0; zh-cn; MI 6 Build/OPR1.170623.027) AppleWebKit/537.36 (KHTML, like Gecko) Version/4.0 Chrome/61.0.3163.128 Mobile Safari/537.36 XiaoMi/MiuiBrowser/9.5.9',
  'accept' => 'text/html,application/xhtml+xml,application/xml;q=0.9,image/webp,image/apng,*/*;q=0.8',
  'referer' => 'http://39.104.67.26:8901/',
  'accept-encoding' => 'gzip, deflate',
  'accept-language' => 'zh-CN,en-US;q=0.8',
  'cookie' => 'PHPSESSID=oihhcttoh75be84o8cjvqn5r77',
)
[ info ] [ PARAM ] array (
)
[ info ] [ RUN ] app\data\controller\User->index[ C:\thinkphp\application\data\controller\User.php ]
[ info ] [ VIEW ] C:\thinkphp/application/data\view\user\login.html [ array (
) ]
[ info ] [ SESSION ] INIT array (
  'id' => '',
  'var_session_id' => '',
  'prefix' => 'think',
  'type' => '',
  'auto_start' => true,
)
[ info ] [ LOG ] INIT File
