---------------------------------------------------------------
[ 2018-11-06T09:16:27+08:00 ] 172.24.189.12 123.124.147.109 GET /
[ info ] 39.104.67.26:8901/ [运行时间：0.421875s][吞吐率：2.37req/s] [内存消耗：2,106.58kb] [文件加载：41]
[ info ] [ LANG ] C:\thinkphp\thinkphp\lang\zh-cn.php
[ info ] [ ROUTE ] array (
  'type' => 'module',
  'module' => 
  array (
    0 => '',
    1 => NULL,
    2 => NULL,
  ),
)
[ info ] [ HEADER ] array (
  'host' => '39.104.67.26:8901',
  'connection' => 'keep-alive',
  'upgrade-insecure-requests' => '1',
  'user-agent' => 'Mozilla/5.0 (Windows NT 10.0; WOW64) AppleWebKit/537.36 (KHTML, like Gecko) Chrome/63.0.3239.132 Safari/537.36',
  'accept' => 'text/html,application/xhtml+xml,application/xml;q=0.9,image/webp,image/apng,*/*;q=0.8',
  'accept-encoding' => 'gzip, deflate',
  'accept-language' => 'zh-CN,zh;q=0.9',
  'cookie' => '__guid=43106535.4499321681082214000.1528426612654.6343; UM_distinctid=16696e795a754e-026dce5d1f394f-3c604504-1fa400-16696e795a8977; CNZZDATA155540=cnzz_eid%3D2126708505-1540125548-http%253A%252F%252F39.104.67.26%253A8901%252F%26ntime%3D1540125548; monitor_count=13',
)
[ info ] [ PARAM ] array (
)
[ info ] [ RUN ] app\index\controller\Index->index[ C:\thinkphp\application\index\controller\Index.php ]
[ info ] [ SESSION ] INIT array (
  'id' => '',
  'var_session_id' => '',
  'prefix' => 'think',
  'type' => '',
  'auto_start' => true,
)
[ info ] [ DB ] INIT mysql
[ info ] [ VIEW ] C:\thinkphp/application/index\view\index\index.html [ array (
  0 => 'event',
) ]
[ info ] [ LOG ] INIT File
[ sql ] [ DB ] CONNECT:[ UseTime:0.000000s ] mysql:dbname=tp5;host=127.0.0.1;charset=utf8
[ sql ] [ SQL ] SHOW COLUMNS FROM `qs_event` [ RunTime:0.000000s ]
[ sql ] [ SQL ] SELECT * FROM `qs_event` ORDER BY id asc [ RunTime:0.000000s ]
---------------------------------------------------------------
[ 2018-11-06T09:18:17+08:00 ] 172.24.189.12 123.124.147.109 GET /
[ info ] 39.104.67.26:8901/ [运行时间：0.046875s][吞吐率：21.33req/s] [内存消耗：2,106.48kb] [文件加载：41]
[ info ] [ LANG ] C:\thinkphp\thinkphp\lang\zh-cn.php
[ info ] [ ROUTE ] array (
  'type' => 'module',
  'module' => 
  array (
    0 => '',
    1 => NULL,
    2 => NULL,
  ),
)
[ info ] [ HEADER ] array (
  'host' => '39.104.67.26:8901',
  'connection' => 'keep-alive',
  'upgrade-insecure-requests' => '1',
  'user-agent' => 'Mozilla/5.0 (Windows NT 10.0; WOW64) AppleWebKit/537.36 (KHTML, like Gecko) Chrome/63.0.3239.132 Safari/537.36',
  'accept' => 'text/html,application/xhtml+xml,application/xml;q=0.9,image/webp,image/apng,*/*;q=0.8',
  'accept-encoding' => 'gzip, deflate',
  'accept-language' => 'zh-CN,zh;q=0.9',
  'cookie' => '__guid=43106535.4499321681082214000.1528426612654.6343; UM_distinctid=16696e795a754e-026dce5d1f394f-3c604504-1fa400-16696e795a8977; CNZZDATA155540=cnzz_eid%3D2126708505-1540125548-http%253A%252F%252F39.104.67.26%253A8901%252F%26ntime%3D1540125548; PHPSESSID=frftmgcmqkir75g2uabrcak267; monitor_count=14',
)
[ info ] [ PARAM ] array (
)
[ info ] [ RUN ] app\index\controller\Index->index[ C:\thinkphp\application\index\controller\Index.php ]
[ info ] [ SESSION ] INIT array (
  'id' => '',
  'var_session_id' => '',
  'prefix' => 'think',
  'type' => '',
  'auto_start' => true,
)
[ info ] [ DB ] INIT mysql
[ info ] [ VIEW ] C:\thinkphp/application/index\view\index\index.html [ array (
  0 => 'event',
) ]
[ info ] [ LOG ] INIT File
[ sql ] [ DB ] CONNECT:[ UseTime:0.015625s ] mysql:dbname=tp5;host=127.0.0.1;charset=utf8
[ sql ] [ SQL ] SHOW COLUMNS FROM `qs_event` [ RunTime:0.000000s ]
[ sql ] [ SQL ] SELECT * FROM `qs_event` ORDER BY id asc [ RunTime:0.000000s ]
---------------------------------------------------------------
[ 2018-11-06T09:19:07+08:00 ] 172.24.189.12 123.124.147.109 GET /index/index/index.html
[ info ] 39.104.67.26:8901/index/index/index.html [运行时间：0.062500s][吞吐率：16.00req/s] [内存消耗：2,106.99kb] [文件加载：41]
[ info ] [ LANG ] C:\thinkphp\thinkphp\lang\zh-cn.php
[ info ] [ ROUTE ] array (
  'type' => 'module',
  'module' => 
  array (
    0 => 'index',
    1 => 'index',
    2 => 'index',
  ),
)
[ info ] [ HEADER ] array (
  'host' => '39.104.67.26:8901',
  'connection' => 'keep-alive',
  'upgrade-insecure-requests' => '1',
  'user-agent' => 'Mozilla/5.0 (Windows NT 10.0; WOW64) AppleWebKit/537.36 (KHTML, like Gecko) Chrome/63.0.3239.132 Safari/537.36',
  'accept' => 'text/html,application/xhtml+xml,application/xml;q=0.9,image/webp,image/apng,*/*;q=0.8',
  'referer' => 'http://39.104.67.26:8901/',
  'accept-encoding' => 'gzip, deflate',
  'accept-language' => 'zh-CN,zh;q=0.9',
  'cookie' => '__guid=43106535.4499321681082214000.1528426612654.6343; UM_distinctid=16696e795a754e-026dce5d1f394f-3c604504-1fa400-16696e795a8977; CNZZDATA155540=cnzz_eid%3D2126708505-1540125548-http%253A%252F%252F39.104.67.26%253A8901%252F%26ntime%3D1540125548; PHPSESSID=frftmgcmqkir75g2uabrcak267; monitor_count=15',
)
[ info ] [ PARAM ] array (
)
[ info ] [ RUN ] app\index\controller\Index->index[ C:\thinkphp\application\index\controller\Index.php ]
[ info ] [ SESSION ] INIT array (
  'id' => '',
  'var_session_id' => '',
  'prefix' => 'think',
  'type' => '',
  'auto_start' => true,
)
[ info ] [ DB ] INIT mysql
[ info ] [ VIEW ] C:\thinkphp/application/index\view\index\index.html [ array (
  0 => 'event',
) ]
[ info ] [ LOG ] INIT File
[ sql ] [ DB ] CONNECT:[ UseTime:0.000000s ] mysql:dbname=tp5;host=127.0.0.1;charset=utf8
[ sql ] [ SQL ] SHOW COLUMNS FROM `qs_event` [ RunTime:0.000000s ]
[ sql ] [ SQL ] SELECT * FROM `qs_event` ORDER BY id asc [ RunTime:0.000000s ]
---------------------------------------------------------------
[ 2018-11-06T09:19:09+08:00 ] 172.24.189.12 123.124.147.109 GET /index/index/index.html
[ info ] 39.104.67.26:8901/index/index/index.html [运行时间：0.046875s][吞吐率：21.33req/s] [内存消耗：2,107.03kb] [文件加载：41]
[ info ] [ LANG ] C:\thinkphp\thinkphp\lang\zh-cn.php
[ info ] [ ROUTE ] array (
  'type' => 'module',
  'module' => 
  array (
    0 => 'index',
    1 => 'index',
    2 => 'index',
  ),
)
[ info ] [ HEADER ] array (
  'host' => '39.104.67.26:8901',
  'connection' => 'keep-alive',
  'upgrade-insecure-requests' => '1',
  'user-agent' => 'Mozilla/5.0 (Windows NT 10.0; WOW64) AppleWebKit/537.36 (KHTML, like Gecko) Chrome/63.0.3239.132 Safari/537.36',
  'accept' => 'text/html,application/xhtml+xml,application/xml;q=0.9,image/webp,image/apng,*/*;q=0.8',
  'referer' => 'http://39.104.67.26:8901/index/index/index.html',
  'accept-encoding' => 'gzip, deflate',
  'accept-language' => 'zh-CN,zh;q=0.9',
  'cookie' => '__guid=43106535.4499321681082214000.1528426612654.6343; UM_distinctid=16696e795a754e-026dce5d1f394f-3c604504-1fa400-16696e795a8977; CNZZDATA155540=cnzz_eid%3D2126708505-1540125548-http%253A%252F%252F39.104.67.26%253A8901%252F%26ntime%3D1540125548; PHPSESSID=frftmgcmqkir75g2uabrcak267; monitor_count=16',
)
[ info ] [ PARAM ] array (
)
[ info ] [ RUN ] app\index\controller\Index->index[ C:\thinkphp\application\index\controller\Index.php ]
[ info ] [ SESSION ] INIT array (
  'id' => '',
  'var_session_id' => '',
  'prefix' => 'think',
  'type' => '',
  'auto_start' => true,
)
[ info ] [ DB ] INIT mysql
[ info ] [ VIEW ] C:\thinkphp/application/index\view\index\index.html [ array (
  0 => 'event',
) ]
[ info ] [ LOG ] INIT File
[ sql ] [ DB ] CONNECT:[ UseTime:0.000000s ] mysql:dbname=tp5;host=127.0.0.1;charset=utf8
[ sql ] [ SQL ] SHOW COLUMNS FROM `qs_event` [ RunTime:0.015625s ]
[ sql ] [ SQL ] SELECT * FROM `qs_event` ORDER BY id asc [ RunTime:0.000000s ]
---------------------------------------------------------------
[ 2018-11-06T09:19:12+08:00 ] 172.24.189.12 123.124.147.109 GET /index/index/index.html
[ info ] 39.104.67.26:8901/index/index/index.html [运行时间：0.062500s][吞吐率：16.00req/s] [内存消耗：2,107.03kb] [文件加载：41]
[ info ] [ LANG ] C:\thinkphp\thinkphp\lang\zh-cn.php
[ info ] [ ROUTE ] array (
  'type' => 'module',
  'module' => 
  array (
    0 => 'index',
    1 => 'index',
    2 => 'index',
  ),
)
[ info ] [ HEADER ] array (
  'host' => '39.104.67.26:8901',
  'connection' => 'keep-alive',
  'upgrade-insecure-requests' => '1',
  'user-agent' => 'Mozilla/5.0 (Windows NT 10.0; WOW64) AppleWebKit/537.36 (KHTML, like Gecko) Chrome/63.0.3239.132 Safari/537.36',
  'accept' => 'text/html,application/xhtml+xml,application/xml;q=0.9,image/webp,image/apng,*/*;q=0.8',
  'referer' => 'http://39.104.67.26:8901/index/index/index.html',
  'accept-encoding' => 'gzip, deflate',
  'accept-language' => 'zh-CN,zh;q=0.9',
  'cookie' => '__guid=43106535.4499321681082214000.1528426612654.6343; UM_distinctid=16696e795a754e-026dce5d1f394f-3c604504-1fa400-16696e795a8977; CNZZDATA155540=cnzz_eid%3D2126708505-1540125548-http%253A%252F%252F39.104.67.26%253A8901%252F%26ntime%3D1540125548; PHPSESSID=frftmgcmqkir75g2uabrcak267; monitor_count=17',
)
[ info ] [ PARAM ] array (
)
[ info ] [ RUN ] app\index\controller\Index->index[ C:\thinkphp\application\index\controller\Index.php ]
[ info ] [ SESSION ] INIT array (
  'id' => '',
  'var_session_id' => '',
  'prefix' => 'think',
  'type' => '',
  'auto_start' => true,
)
[ info ] [ DB ] INIT mysql
[ info ] [ VIEW ] C:\thinkphp/application/index\view\index\index.html [ array (
  0 => 'event',
) ]
[ info ] [ LOG ] INIT File
[ sql ] [ DB ] CONNECT:[ UseTime:0.000000s ] mysql:dbname=tp5;host=127.0.0.1;charset=utf8
[ sql ] [ SQL ] SHOW COLUMNS FROM `qs_event` [ RunTime:0.000000s ]
[ sql ] [ SQL ] SELECT * FROM `qs_event` ORDER BY id asc [ RunTime:0.000000s ]
---------------------------------------------------------------
[ 2018-11-06T09:19:16+08:00 ] 172.24.189.12 123.124.147.109 GET /download/index/windows.html
[ info ] 39.104.67.26:8901/download/index/windows.html [运行时间：0.187500s][吞吐率：5.33req/s] [内存消耗：2,203.45kb] [文件加载：44]
[ info ] [ LANG ] C:\thinkphp\thinkphp\lang\zh-cn.php
[ info ] [ ROUTE ] array (
  'type' => 'module',
  'module' => 
  array (
    0 => 'download',
    1 => 'index',
    2 => 'windows',
  ),
)
[ info ] [ HEADER ] array (
  'host' => '39.104.67.26:8901',
  'connection' => 'keep-alive',
  'upgrade-insecure-requests' => '1',
  'user-agent' => 'Mozilla/5.0 (Windows NT 10.0; WOW64) AppleWebKit/537.36 (KHTML, like Gecko) Chrome/63.0.3239.132 Safari/537.36',
  'accept' => 'text/html,application/xhtml+xml,application/xml;q=0.9,image/webp,image/apng,*/*;q=0.8',
  'referer' => 'http://39.104.67.26:8901/index/index/index.html',
  'accept-encoding' => 'gzip, deflate',
  'accept-language' => 'zh-CN,zh;q=0.9',
  'cookie' => '__guid=43106535.4499321681082214000.1528426612654.6343; UM_distinctid=16696e795a754e-026dce5d1f394f-3c604504-1fa400-16696e795a8977; CNZZDATA155540=cnzz_eid%3D2126708505-1540125548-http%253A%252F%252F39.104.67.26%253A8901%252F%26ntime%3D1540125548; PHPSESSID=frftmgcmqkir75g2uabrcak267; monitor_count=18',
)
[ info ] [ PARAM ] array (
)
[ info ] [ RUN ] app\download\controller\Index->windows[ C:\thinkphp\application\download\controller\Index.php ]
[ info ] [ DB ] INIT mysql
[ info ] [ SESSION ] INIT array (
  'id' => '',
  'var_session_id' => '',
  'prefix' => 'think',
  'type' => '',
  'auto_start' => true,
)
[ info ] [ VIEW ] C:\thinkphp/application/download\view\index\windows.html [ array (
  0 => 'data',
) ]
[ info ] [ LOG ] INIT File
[ sql ] [ DB ] CONNECT:[ UseTime:0.000000s ] mysql:dbname=tp5;host=127.0.0.1;charset=utf8
[ sql ] [ SQL ] SHOW COLUMNS FROM `qs_downloadwindowsfile` [ RunTime:0.031250s ]
[ sql ] [ SQL ] SELECT COUNT(*) AS tp_count FROM `qs_downloadwindowsfile` LIMIT 1 [ RunTime:0.000000s ]
[ sql ] [ SQL ] SELECT * FROM `qs_downloadwindowsfile` ORDER BY id asc LIMIT 0,6 [ RunTime:0.000000s ]
---------------------------------------------------------------
[ 2018-11-06T09:19:21+08:00 ] 172.24.189.12 123.124.147.109 GET /download/index/download/fileid/NattierSea%E4%BC%A0%E6%84%9F%E5%99%A8%E4%B8%8A%E4%BD%8D%E6%9C%BA.html
[ info ] 39.104.67.26:8901/download/index/download/fileid/NattierSea%E4%BC%A0%E6%84%9F%E5%99%A8%E4%B8%8A%E4%BD%8D%E6%9C%BA.html [运行时间：0.078125s][吞吐率：12.80req/s] [内存消耗：2,507.77kb] [文件加载：39]
[ info ] [ LANG ] C:\thinkphp\thinkphp\lang\zh-cn.php
[ info ] [ ROUTE ] array (
  'type' => 'module',
  'module' => 
  array (
    0 => 'download',
    1 => 'index',
    2 => 'download',
  ),
)
[ info ] [ HEADER ] array (
  'host' => '39.104.67.26:8901',
  'connection' => 'keep-alive',
  'upgrade-insecure-requests' => '1',
  'user-agent' => 'Mozilla/5.0 (Windows NT 10.0; WOW64) AppleWebKit/537.36 (KHTML, like Gecko) Chrome/63.0.3239.132 Safari/537.36',
  'accept' => 'text/html,application/xhtml+xml,application/xml;q=0.9,image/webp,image/apng,*/*;q=0.8',
  'referer' => 'http://39.104.67.26:8901/download/index/windows.html',
  'accept-encoding' => 'gzip, deflate',
  'accept-language' => 'zh-CN,zh;q=0.9',
  'cookie' => '__guid=43106535.4499321681082214000.1528426612654.6343; UM_distinctid=16696e795a754e-026dce5d1f394f-3c604504-1fa400-16696e795a8977; CNZZDATA155540=cnzz_eid%3D2126708505-1540125548-http%253A%252F%252F39.104.67.26%253A8901%252F%26ntime%3D1540125548; PHPSESSID=frftmgcmqkir75g2uabrcak267; monitor_count=19',
)
[ info ] [ PARAM ] array (
  'fileid' => 'NattierSea传感器上位机',
)
[ info ] [ RUN ] app\download\controller\Index->download[ C:\thinkphp\application\download\controller\Index.php ]
[ info ] [ DB ] INIT mysql
[ info ] [ LOG ] INIT File
[ sql ] [ DB ] CONNECT:[ UseTime:0.000000s ] mysql:dbname=tp5;host=127.0.0.1;charset=utf8
[ sql ] [ SQL ] SHOW COLUMNS FROM `qs_downloadwindowsfile` [ RunTime:0.000000s ]
[ sql ] [ SQL ] SELECT `address` FROM `qs_downloadwindowsfile` WHERE  `name` = 'NattierSea传感器上位机' LIMIT 1 [ RunTime:0.000000s ]
---------------------------------------------------------------
[ 2018-11-06T09:19:33+08:00 ] 172.24.189.12 123.124.147.109 GET /index/index/index.html
[ info ] 39.104.67.26:8901/index/index/index.html [运行时间：0.031250s][吞吐率：32.00req/s] [内存消耗：2,107.02kb] [文件加载：41]
[ info ] [ LANG ] C:\thinkphp\thinkphp\lang\zh-cn.php
[ info ] [ ROUTE ] array (
  'type' => 'module',
  'module' => 
  array (
    0 => 'index',
    1 => 'index',
    2 => 'index',
  ),
)
[ info ] [ HEADER ] array (
  'host' => '39.104.67.26:8901',
  'connection' => 'keep-alive',
  'upgrade-insecure-requests' => '1',
  'user-agent' => 'Mozilla/5.0 (Windows NT 10.0; WOW64) AppleWebKit/537.36 (KHTML, like Gecko) Chrome/63.0.3239.132 Safari/537.36',
  'accept' => 'text/html,application/xhtml+xml,application/xml;q=0.9,image/webp,image/apng,*/*;q=0.8',
  'referer' => 'http://39.104.67.26:8901/download/index/windows.html',
  'accept-encoding' => 'gzip, deflate',
  'accept-language' => 'zh-CN,zh;q=0.9',
  'cookie' => '__guid=43106535.4499321681082214000.1528426612654.6343; UM_distinctid=16696e795a754e-026dce5d1f394f-3c604504-1fa400-16696e795a8977; CNZZDATA155540=cnzz_eid%3D2126708505-1540125548-http%253A%252F%252F39.104.67.26%253A8901%252F%26ntime%3D1540125548; PHPSESSID=frftmgcmqkir75g2uabrcak267; monitor_count=19',
)
[ info ] [ PARAM ] array (
)
[ info ] [ RUN ] app\index\controller\Index->index[ C:\thinkphp\application\index\controller\Index.php ]
[ info ] [ SESSION ] INIT array (
  'id' => '',
  'var_session_id' => '',
  'prefix' => 'think',
  'type' => '',
  'auto_start' => true,
)
[ info ] [ DB ] INIT mysql
[ info ] [ VIEW ] C:\thinkphp/application/index\view\index\index.html [ array (
  0 => 'event',
) ]
[ info ] [ LOG ] INIT File
[ sql ] [ DB ] CONNECT:[ UseTime:0.000000s ] mysql:dbname=tp5;host=127.0.0.1;charset=utf8
[ sql ] [ SQL ] SHOW COLUMNS FROM `qs_event` [ RunTime:0.000000s ]
[ sql ] [ SQL ] SELECT * FROM `qs_event` ORDER BY id asc [ RunTime:0.000000s ]
---------------------------------------------------------------
[ 2018-11-06T09:20:20+08:00 ] 172.24.189.12 123.124.147.109 GET /index/index/user.html
[ info ] 39.104.67.26:8901/index/index/user.html [运行时间：0.046875s][吞吐率：21.33req/s] [内存消耗：1,292.70kb] [文件加载：33]
[ info ] [ LANG ] C:\thinkphp\thinkphp\lang\zh-cn.php
[ info ] [ ROUTE ] array (
  'type' => 'module',
  'module' => 
  array (
    0 => 'index',
    1 => 'index',
    2 => 'user',
  ),
)
[ info ] [ HEADER ] array (
  'host' => '39.104.67.26:8901',
  'connection' => 'keep-alive',
  'upgrade-insecure-requests' => '1',
  'user-agent' => 'Mozilla/5.0 (Windows NT 10.0; WOW64) AppleWebKit/537.36 (KHTML, like Gecko) Chrome/63.0.3239.132 Safari/537.36',
  'accept' => 'text/html,application/xhtml+xml,application/xml;q=0.9,image/webp,image/apng,*/*;q=0.8',
  'referer' => 'http://39.104.67.26:8901/index/index/index.html',
  'accept-encoding' => 'gzip, deflate',
  'accept-language' => 'zh-CN,zh;q=0.9',
  'cookie' => '__guid=43106535.4499321681082214000.1528426612654.6343; UM_distinctid=16696e795a754e-026dce5d1f394f-3c604504-1fa400-16696e795a8977; CNZZDATA155540=cnzz_eid%3D2126708505-1540125548-http%253A%252F%252F39.104.67.26%253A8901%252F%26ntime%3D1540125548; PHPSESSID=frftmgcmqkir75g2uabrcak267; monitor_count=20',
)
[ info ] [ PARAM ] array (
)
[ info ] [ RUN ] app\index\controller\Index->user[ C:\thinkphp\application\index\controller\Index.php ]
[ info ] [ VIEW ] C:\thinkphp/application/index\view\index\login.html [ array (
) ]
[ info ] [ SESSION ] INIT array (
  'id' => '',
  'var_session_id' => '',
  'prefix' => 'think',
  'type' => '',
  'auto_start' => true,
)
[ info ] [ LOG ] INIT File
---------------------------------------------------------------
[ 2018-11-06T09:20:22+08:00 ] 172.24.189.12 123.124.147.109 POST /index/index/login
[ info ] 39.104.67.26:8901/index/index/login [运行时间：0.109375s][吞吐率：9.14req/s] [内存消耗：2,279.05kb] [文件加载：44]
[ info ] [ LANG ] C:\thinkphp\thinkphp\lang\zh-cn.php
[ info ] [ ROUTE ] array (
  'type' => 'module',
  'module' => 
  array (
    0 => 'index',
    1 => 'index',
    2 => 'login',
  ),
)
[ info ] [ HEADER ] array (
  'host' => '39.104.67.26:8901',
  'connection' => 'keep-alive',
  'content-length' => '30',
  'accept' => 'application/json, text/javascript, */*; q=0.01',
  'origin' => 'http://39.104.67.26:8901',
  'x-requested-with' => 'XMLHttpRequest',
  'user-agent' => 'Mozilla/5.0 (Windows NT 10.0; WOW64) AppleWebKit/537.36 (KHTML, like Gecko) Chrome/63.0.3239.132 Safari/537.36',
  'content-type' => 'application/x-www-form-urlencoded; charset=UTF-8',
  'referer' => 'http://39.104.67.26:8901/index/index/user.html',
  'accept-encoding' => 'gzip, deflate',
  'accept-language' => 'zh-CN,zh;q=0.9',
  'cookie' => '__guid=43106535.4499321681082214000.1528426612654.6343; UM_distinctid=16696e795a754e-026dce5d1f394f-3c604504-1fa400-16696e795a8977; CNZZDATA155540=cnzz_eid%3D2126708505-1540125548-http%253A%252F%252F39.104.67.26%253A8901%252F%26ntime%3D1540125548; PHPSESSID=frftmgcmqkir75g2uabrcak267; monitor_count=21',
)
[ info ] [ PARAM ] array (
  'username' => 'USTB',
  'password' => 'iot1024',
)
[ info ] [ RUN ] app\index\controller\Index->login[ C:\thinkphp\application\index\controller\Index.php ]
[ info ] [ DB ] INIT mysql
[ info ] [ SESSION ] INIT array (
  'id' => '',
  'var_session_id' => '',
  'prefix' => 'think',
  'type' => '',
  'auto_start' => true,
)
[ info ] [ LOG ] INIT File
[ sql ] [ DB ] CONNECT:[ UseTime:0.015625s ] mysql:dbname=tp5;host=127.0.0.1;charset=utf8
[ sql ] [ SQL ] SHOW COLUMNS FROM `qs_user` [ RunTime:0.015625s ]
[ sql ] [ SQL ] SELECT `id` FROM `qs_user` WHERE  `username` = 'USTB' LIMIT 1 [ RunTime:0.031250s ]
[ sql ] [ SQL ] SELECT `password` FROM `qs_user` WHERE  `username` = 'USTB' LIMIT 1 [ RunTime:0.000000s ]
[ sql ] [ SQL ] UPDATE `qs_user`  SET `last_login_ip`='123.124.147.109',`last_login_time`='2018-11-06 09:20:22'  WHERE  `username` = 'USTB' [ RunTime:0.000000s ]
---------------------------------------------------------------
[ 2018-11-06T09:20:25+08:00 ] 172.24.189.12 123.124.147.109 GET /index/index/index/login
[ info ] 39.104.67.26:8901/index/index/index/login [运行时间：0.078125s][吞吐率：12.80req/s] [内存消耗：2,117.71kb] [文件加载：41]
[ info ] [ LANG ] C:\thinkphp\thinkphp\lang\zh-cn.php
[ info ] [ ROUTE ] array (
  'type' => 'module',
  'module' => 
  array (
    0 => 'index',
    1 => 'index',
    2 => 'index',
  ),
)
[ info ] [ HEADER ] array (
  'host' => '39.104.67.26:8901',
  'connection' => 'keep-alive',
  'upgrade-insecure-requests' => '1',
  'user-agent' => 'Mozilla/5.0 (Windows NT 10.0; WOW64) AppleWebKit/537.36 (KHTML, like Gecko) Chrome/63.0.3239.132 Safari/537.36',
  'accept' => 'text/html,application/xhtml+xml,application/xml;q=0.9,image/webp,image/apng,*/*;q=0.8',
  'referer' => 'http://39.104.67.26:8901/index/index/user.html',
  'accept-encoding' => 'gzip, deflate',
  'accept-language' => 'zh-CN,zh;q=0.9',
  'cookie' => '__guid=43106535.4499321681082214000.1528426612654.6343; UM_distinctid=16696e795a754e-026dce5d1f394f-3c604504-1fa400-16696e795a8977; CNZZDATA155540=cnzz_eid%3D2126708505-1540125548-http%253A%252F%252F39.104.67.26%253A8901%252F%26ntime%3D1540125548; PHPSESSID=frftmgcmqkir75g2uabrcak267; monitor_count=21',
)
[ info ] [ PARAM ] array (
)
[ info ] [ RUN ] app\index\controller\Index->index[ C:\thinkphp\application\index\controller\Index.php ]
[ info ] [ SESSION ] INIT array (
  'id' => '',
  'var_session_id' => '',
  'prefix' => 'think',
  'type' => '',
  'auto_start' => true,
)
[ info ] [ DB ] INIT mysql
[ info ] [ VIEW ] C:\thinkphp/application/index\view\index\index.html [ array (
  0 => 'userdata',
  1 => 'event',
) ]
[ info ] [ LOG ] INIT File
[ sql ] [ DB ] CONNECT:[ UseTime:0.015625s ] mysql:dbname=tp5;host=127.0.0.1;charset=utf8
[ sql ] [ SQL ] SHOW COLUMNS FROM `qs_user` [ RunTime:0.000000s ]
[ sql ] [ SQL ] SELECT * FROM `qs_user` WHERE  `id` = 1 LIMIT 1 [ RunTime:0.000000s ]
[ sql ] [ SQL ] SHOW COLUMNS FROM `qs_event` [ RunTime:0.000000s ]
[ sql ] [ SQL ] SELECT * FROM `qs_event` ORDER BY id asc [ RunTime:0.000000s ]
---------------------------------------------------------------
[ 2018-11-06T09:20:30+08:00 ] 172.24.189.12 123.124.147.109 GET /platform/user/index.html
[ info ] 39.104.67.26:8901/platform/user/index.html [运行时间：0.062500s][吞吐率：16.00req/s] [内存消耗：1,367.70kb] [文件加载：34]
[ info ] [ LANG ] C:\thinkphp\thinkphp\lang\zh-cn.php
[ info ] [ ROUTE ] array (
  'type' => 'module',
  'module' => 
  array (
    0 => 'platform',
    1 => 'user',
    2 => 'index',
  ),
)
[ info ] [ HEADER ] array (
  'host' => '39.104.67.26:8901',
  'connection' => 'keep-alive',
  'upgrade-insecure-requests' => '1',
  'user-agent' => 'Mozilla/5.0 (Windows NT 10.0; WOW64) AppleWebKit/537.36 (KHTML, like Gecko) Chrome/63.0.3239.132 Safari/537.36',
  'accept' => 'text/html,application/xhtml+xml,application/xml;q=0.9,image/webp,image/apng,*/*;q=0.8',
  'referer' => 'http://39.104.67.26:8901/index/index/index/login',
  'accept-encoding' => 'gzip, deflate',
  'accept-language' => 'zh-CN,zh;q=0.9',
  'cookie' => '__guid=43106535.4499321681082214000.1528426612654.6343; UM_distinctid=16696e795a754e-026dce5d1f394f-3c604504-1fa400-16696e795a8977; CNZZDATA155540=cnzz_eid%3D2126708505-1540125548-http%253A%252F%252F39.104.67.26%253A8901%252F%26ntime%3D1540125548; PHPSESSID=frftmgcmqkir75g2uabrcak267; monitor_count=22',
)
[ info ] [ PARAM ] array (
)
[ info ] [ RUN ] app\platform\controller\User->index[ C:\thinkphp\application\platform\controller\User.php ]
[ info ] [ VIEW ] C:\thinkphp/application/platform\view\user\login.html [ array (
) ]
[ info ] [ SESSION ] INIT array (
  'id' => '',
  'var_session_id' => '',
  'prefix' => 'think',
  'type' => '',
  'auto_start' => true,
)
[ info ] [ LOG ] INIT File
---------------------------------------------------------------
[ 2018-11-06T09:20:31+08:00 ] 172.24.189.12 123.124.147.109 GET /platform/index/index.html
[ info ] 39.104.67.26:8901/platform/index/index.html [运行时间：0.140625s][吞吐率：7.11req/s] [内存消耗：2,109.70kb] [文件加载：42]
[ info ] [ LANG ] C:\thinkphp\thinkphp\lang\zh-cn.php
[ info ] [ ROUTE ] array (
  'type' => 'module',
  'module' => 
  array (
    0 => 'platform',
    1 => 'index',
    2 => 'index',
  ),
)
[ info ] [ HEADER ] array (
  'host' => '39.104.67.26:8901',
  'connection' => 'keep-alive',
  'upgrade-insecure-requests' => '1',
  'user-agent' => 'Mozilla/5.0 (Windows NT 10.0; WOW64) AppleWebKit/537.36 (KHTML, like Gecko) Chrome/63.0.3239.132 Safari/537.36',
  'accept' => 'text/html,application/xhtml+xml,application/xml;q=0.9,image/webp,image/apng,*/*;q=0.8',
  'referer' => 'http://39.104.67.26:8901/platform/user/index.html',
  'accept-encoding' => 'gzip, deflate',
  'accept-language' => 'zh-CN,zh;q=0.9',
  'cookie' => '__guid=43106535.4499321681082214000.1528426612654.6343; UM_distinctid=16696e795a754e-026dce5d1f394f-3c604504-1fa400-16696e795a8977; CNZZDATA155540=cnzz_eid%3D2126708505-1540125548-http%253A%252F%252F39.104.67.26%253A8901%252F%26ntime%3D1540125548; PHPSESSID=frftmgcmqkir75g2uabrcak267; monitor_count=23',
)
[ info ] [ PARAM ] array (
)
[ info ] [ SESSION ] INIT array (
  'id' => '',
  'var_session_id' => '',
  'prefix' => 'think',
  'type' => '',
  'auto_start' => true,
)
[ info ] [ DB ] INIT mysql
[ info ] [ RUN ] app\platform\controller\Index->index[ C:\thinkphp\application\platform\controller\Index.php ]
[ info ] [ VIEW ] C:\thinkphp/application/platform\view\index\index.html [ array (
  0 => 'menu',
) ]
[ info ] [ LOG ] INIT File
[ sql ] [ DB ] CONNECT:[ UseTime:0.000000s ] mysql:dbname=tp5;host=127.0.0.1;charset=utf8
[ sql ] [ SQL ] SHOW COLUMNS FROM `qs_experiment_application` [ RunTime:0.031250s ]
[ sql ] [ SQL ] SELECT * FROM `qs_experiment_application` WHERE  `uid` = 1 ORDER BY `id`  ASC [ RunTime:0.015625s ]
[ sql ] [ SQL ] SHOW COLUMNS FROM `qs_experiment_device` [ RunTime:0.015625s ]
[ sql ] [ SQL ] SELECT * FROM `qs_experiment_device` WHERE  `aid` = 4 ORDER BY `id`  ASC [ RunTime:0.000000s ]
[ sql ] [ SQL ] SELECT * FROM `qs_experiment_device` WHERE  `aid` = 10 ORDER BY `id`  ASC [ RunTime:0.000000s ]
[ sql ] [ SQL ] SELECT * FROM `qs_experiment_device` WHERE  `aid` = 26 ORDER BY `id`  ASC [ RunTime:0.000000s ]
---------------------------------------------------------------
[ 2018-11-06T09:20:31+08:00 ] 172.24.189.12 123.124.147.109 GET /platform/index/welcome.html
[ info ] 39.104.67.26:8901/platform/index/welcome.html [运行时间：0.093750s][吞吐率：10.67req/s] [内存消耗：2,048.04kb] [文件加载：41]
[ info ] [ LANG ] C:\thinkphp\thinkphp\lang\zh-cn.php
[ info ] [ ROUTE ] array (
  'type' => 'module',
  'module' => 
  array (
    0 => 'platform',
    1 => 'index',
    2 => 'welcome',
  ),
)
[ info ] [ HEADER ] array (
  'host' => '39.104.67.26:8901',
  'connection' => 'keep-alive',
  'upgrade-insecure-requests' => '1',
  'user-agent' => 'Mozilla/5.0 (Windows NT 10.0; WOW64) AppleWebKit/537.36 (KHTML, like Gecko) Chrome/63.0.3239.132 Safari/537.36',
  'accept' => 'text/html,application/xhtml+xml,application/xml;q=0.9,image/webp,image/apng,*/*;q=0.8',
  'referer' => 'http://39.104.67.26:8901/platform/index/index.html',
  'accept-encoding' => 'gzip, deflate',
  'accept-language' => 'zh-CN,zh;q=0.9',
  'cookie' => '__guid=43106535.4499321681082214000.1528426612654.6343; UM_distinctid=16696e795a754e-026dce5d1f394f-3c604504-1fa400-16696e795a8977; CNZZDATA155540=cnzz_eid%3D2126708505-1540125548-http%253A%252F%252F39.104.67.26%253A8901%252F%26ntime%3D1540125548; PHPSESSID=frftmgcmqkir75g2uabrcak267; monitor_count=24',
)
[ info ] [ PARAM ] array (
)
[ info ] [ SESSION ] INIT array (
  'id' => '',
  'var_session_id' => '',
  'prefix' => 'think',
  'type' => '',
  'auto_start' => true,
)
[ info ] [ DB ] INIT mysql
[ info ] [ RUN ] app\platform\controller\Index->welcome[ C:\thinkphp\application\platform\controller\Index.php ]
[ info ] [ VIEW ] C:\thinkphp/application/platform\view\index\welcome.html [ array (
  0 => 'menu',
) ]
[ info ] [ LOG ] INIT File
[ sql ] [ DB ] CONNECT:[ UseTime:0.000000s ] mysql:dbname=tp5;host=127.0.0.1;charset=utf8
[ sql ] [ SQL ] SHOW COLUMNS FROM `qs_experiment_application` [ RunTime:0.015625s ]
[ sql ] [ SQL ] SELECT * FROM `qs_experiment_application` WHERE  `uid` = 1 ORDER BY `id`  ASC [ RunTime:0.000000s ]
[ sql ] [ SQL ] SHOW COLUMNS FROM `qs_experiment_device` [ RunTime:0.000000s ]
[ sql ] [ SQL ] SELECT * FROM `qs_experiment_device` WHERE  `aid` = 4 ORDER BY `id`  ASC [ RunTime:0.000000s ]
[ sql ] [ SQL ] SELECT * FROM `qs_experiment_device` WHERE  `aid` = 10 ORDER BY `id`  ASC [ RunTime:0.000000s ]
[ sql ] [ SQL ] SELECT * FROM `qs_experiment_device` WHERE  `aid` = 26 ORDER BY `id`  ASC [ RunTime:0.000000s ]
---------------------------------------------------------------
[ 2018-11-06T09:20:35+08:00 ] 172.24.189.12 123.124.147.109 GET /platform/show/select/serial/QLr5dTZ4/devicetype/5.html
[ info ] 39.104.67.26:8901/platform/show/select/serial/QLr5dTZ4/devicetype/5.html [运行时间：0.500000s][吞吐率：2.00req/s] [内存消耗：2,266.91kb] [文件加载：44]
[ info ] [ LANG ] C:\thinkphp\thinkphp\lang\zh-cn.php
[ info ] [ ROUTE ] array (
  'type' => 'module',
  'module' => 
  array (
    0 => 'platform',
    1 => 'show',
    2 => 'select',
  ),
)
[ info ] [ HEADER ] array (
  'host' => '39.104.67.26:8901',
  'connection' => 'keep-alive',
  'upgrade-insecure-requests' => '1',
  'user-agent' => 'Mozilla/5.0 (Windows NT 10.0; WOW64) AppleWebKit/537.36 (KHTML, like Gecko) Chrome/63.0.3239.132 Safari/537.36',
  'accept' => 'text/html,application/xhtml+xml,application/xml;q=0.9,image/webp,image/apng,*/*;q=0.8',
  'referer' => 'http://39.104.67.26:8901/platform/index/index.html',
  'accept-encoding' => 'gzip, deflate',
  'accept-language' => 'zh-CN,zh;q=0.9',
  'cookie' => '__guid=43106535.4499321681082214000.1528426612654.6343; UM_distinctid=16696e795a754e-026dce5d1f394f-3c604504-1fa400-16696e795a8977; CNZZDATA155540=cnzz_eid%3D2126708505-1540125548-http%253A%252F%252F39.104.67.26%253A8901%252F%26ntime%3D1540125548; PHPSESSID=frftmgcmqkir75g2uabrcak267; monitor_count=24',
)
[ info ] [ PARAM ] array (
  'serial' => 'QLr5dTZ4',
  'devicetype' => '5',
)
[ info ] [ RUN ] app\platform\controller\Show->select[ C:\thinkphp\application\platform\controller\Show.php ]
[ info ] [ DB ] INIT mysql
[ info ] [ VIEW ] C:\thinkphp/application/platform\view\show\show5.html [ array (
  0 => 'datas',
  1 => 'type',
  2 => 'serial',
) ]
[ info ] [ LOG ] INIT File
[ sql ] [ DB ] CONNECT:[ UseTime:0.000000s ] mysql:dbname=tp5;host=127.0.0.1;charset=utf8
[ sql ] [ SQL ] SHOW COLUMNS FROM `qs_experiment_type_store` [ RunTime:0.031250s ]
[ sql ] [ SQL ] SELECT * FROM `qs_experiment_type_store` WHERE  `id` = 5 LIMIT 1 [ RunTime:0.015625s ]
[ sql ] [ SQL ] SHOW COLUMNS FROM `qs_wendu` [ RunTime:0.031250s ]
[ sql ] [ SQL ] SELECT COUNT(*) AS tp_count FROM `qs_wendu` WHERE  `serial` = 'QLr5dTZ4' LIMIT 1 [ RunTime:0.218750s ]
[ sql ] [ SQL ] SELECT * FROM `qs_wendu` WHERE  `serial` = 'QLr5dTZ4' ORDER BY id desc LIMIT 0,10 [ RunTime:0.078125s ]
---------------------------------------------------------------
[ 2018-11-06T09:20:41+08:00 ] 172.24.189.12 123.124.147.109 GET /platform/show/select/serial/8/devicetype/1.html
[ info ] 39.104.67.26:8901/platform/show/select/serial/8/devicetype/1.html [运行时间：0.109375s][吞吐率：9.14req/s] [内存消耗：2,264.03kb] [文件加载：44]
[ info ] [ LANG ] C:\thinkphp\thinkphp\lang\zh-cn.php
[ info ] [ ROUTE ] array (
  'type' => 'module',
  'module' => 
  array (
    0 => 'platform',
    1 => 'show',
    2 => 'select',
  ),
)
[ info ] [ HEADER ] array (
  'host' => '39.104.67.26:8901',
  'connection' => 'keep-alive',
  'upgrade-insecure-requests' => '1',
  'user-agent' => 'Mozilla/5.0 (Windows NT 10.0; WOW64) AppleWebKit/537.36 (KHTML, like Gecko) Chrome/63.0.3239.132 Safari/537.36',
  'accept' => 'text/html,application/xhtml+xml,application/xml;q=0.9,image/webp,image/apng,*/*;q=0.8',
  'referer' => 'http://39.104.67.26:8901/platform/index/index.html',
  'accept-encoding' => 'gzip, deflate',
  'accept-language' => 'zh-CN,zh;q=0.9',
  'cookie' => '__guid=43106535.4499321681082214000.1528426612654.6343; UM_distinctid=16696e795a754e-026dce5d1f394f-3c604504-1fa400-16696e795a8977; CNZZDATA155540=cnzz_eid%3D2126708505-1540125548-http%253A%252F%252F39.104.67.26%253A8901%252F%26ntime%3D1540125548; PHPSESSID=frftmgcmqkir75g2uabrcak267; monitor_count=24',
)
[ info ] [ PARAM ] array (
  'serial' => '8',
  'devicetype' => '1',
)
[ info ] [ RUN ] app\platform\controller\Show->select[ C:\thinkphp\application\platform\controller\Show.php ]
[ info ] [ DB ] INIT mysql
[ info ] [ VIEW ] C:\thinkphp/application/platform\view\show\show1.html [ array (
  0 => 'datas',
  1 => 'type',
  2 => 'serial',
) ]
[ info ] [ LOG ] INIT File
[ sql ] [ DB ] CONNECT:[ UseTime:0.015625s ] mysql:dbname=tp5;host=127.0.0.1;charset=utf8
[ sql ] [ SQL ] SHOW COLUMNS FROM `qs_experiment_type_store` [ RunTime:0.000000s ]
[ sql ] [ SQL ] SELECT * FROM `qs_experiment_type_store` WHERE  `id` = 1 LIMIT 1 [ RunTime:0.000000s ]
[ sql ] [ SQL ] SHOW COLUMNS FROM `qs_sensor` [ RunTime:0.015625s ]
[ sql ] [ SQL ] SELECT COUNT(*) AS tp_count FROM `qs_sensor` WHERE  `nodenum` = 8 LIMIT 1 [ RunTime:0.000000s ]
[ sql ] [ SQL ] SELECT * FROM `qs_sensor` WHERE  `nodenum` = 8 ORDER BY id desc LIMIT 0,10 [ RunTime:0.000000s ]
---------------------------------------------------------------
[ 2018-11-06T09:40:07+08:00 ] 172.24.189.12 42.236.10.92 GET /
[ info ] 39.104.67.26:8901/ [运行时间：0.093750s][吞吐率：10.67req/s] [内存消耗：2,105.45kb] [文件加载：41]
[ info ] [ LANG ] C:\thinkphp\thinkphp\lang\zh-cn.php
[ info ] [ ROUTE ] array (
  'type' => 'module',
  'module' => 
  array (
    0 => '',
    1 => NULL,
    2 => NULL,
  ),
)
[ info ] [ HEADER ] array (
  'host' => '39.104.67.26:8901',
  'user-agent' => 'Mozilla/5.0 (Windows NT 6.1) AppleWebKit/537.36 (KHTML, like Gecko) Chrome/36.0.1985.125 Safari/537.36',
  'accept' => 'text/html,application/xhtml+xml,application/xml;q=0.9,image/webp,image/apng,*/*;q=0.8',
  'accept-encoding' => 'gzip, deflate',
  'upgrade-insecure-requests' => '1',
)
[ info ] [ PARAM ] array (
)
[ info ] [ RUN ] app\index\controller\Index->index[ C:\thinkphp\application\index\controller\Index.php ]
[ info ] [ SESSION ] INIT array (
  'id' => '',
  'var_session_id' => '',
  'prefix' => 'think',
  'type' => '',
  'auto_start' => true,
)
[ info ] [ DB ] INIT mysql
[ info ] [ VIEW ] C:\thinkphp/application/index\view\index\index.html [ array (
  0 => 'event',
) ]
[ info ] [ LOG ] INIT File
[ sql ] [ DB ] CONNECT:[ UseTime:0.000000s ] mysql:dbname=tp5;host=127.0.0.1;charset=utf8
[ sql ] [ SQL ] SHOW COLUMNS FROM `qs_event` [ RunTime:0.015625s ]
[ sql ] [ SQL ] SELECT * FROM `qs_event` ORDER BY id asc [ RunTime:0.000000s ]
---------------------------------------------------------------
[ 2018-11-06T09:40:37+08:00 ] 172.24.189.12 180.163.220.68 GET /download/index/windows.html
[ info ] 39.104.67.26:8901/download/index/windows.html [运行时间：0.093751s][吞吐率：10.67req/s] [内存消耗：2,201.77kb] [文件加载：44]
[ info ] [ LANG ] C:\thinkphp\thinkphp\lang\zh-cn.php
[ info ] [ ROUTE ] array (
  'type' => 'module',
  'module' => 
  array (
    0 => 'download',
    1 => 'index',
    2 => 'windows',
  ),
)
[ info ] [ HEADER ] array (
  'host' => '39.104.67.26:8901',
  'user-agent' => 'Mozilla/5.0 (Windows NT 6.1) AppleWebKit/537.36 (KHTML, like Gecko) Chrome/36.0.1985.125 Safari/537.36',
  'accept' => 'text/html,application/xhtml+xml,application/xml;q=0.9,image/webp,image/apng,*/*;q=0.8',
  'accept-encoding' => 'gzip, deflate',
  'upgrade-insecure-requests' => '1',
)
[ info ] [ PARAM ] array (
)
[ info ] [ RUN ] app\download\controller\Index->windows[ C:\thinkphp\application\download\controller\Index.php ]
[ info ] [ DB ] INIT mysql
[ info ] [ SESSION ] INIT array (
  'id' => '',
  'var_session_id' => '',
  'prefix' => 'think',
  'type' => '',
  'auto_start' => true,
)
[ info ] [ VIEW ] C:\thinkphp/application/download\view\index\windows.html [ array (
  0 => 'data',
) ]
[ info ] [ LOG ] INIT File
[ sql ] [ DB ] CONNECT:[ UseTime:0.000000s ] mysql:dbname=tp5;host=127.0.0.1;charset=utf8
[ sql ] [ SQL ] SHOW COLUMNS FROM `qs_downloadwindowsfile` [ RunTime:0.000000s ]
[ sql ] [ SQL ] SELECT COUNT(*) AS tp_count FROM `qs_downloadwindowsfile` LIMIT 1 [ RunTime:0.000000s ]
[ sql ] [ SQL ] SELECT * FROM `qs_downloadwindowsfile` ORDER BY id asc LIMIT 0,6 [ RunTime:0.015625s ]
---------------------------------------------------------------
[ 2018-11-06T09:40:53+08:00 ] 172.24.189.12 113.10.156.104 GET /platform/index/index.html
[ info ] 39.104.67.26:8901/platform/index/index.html [运行时间：0.078125s][吞吐率：12.80req/s] [内存消耗：1,365.37kb] [文件加载：36]
[ info ] [ LANG ] C:\thinkphp\thinkphp\lang\zh-cn.php
[ info ] [ ROUTE ] array (
  'type' => 'module',
  'module' => 
  array (
    0 => 'platform',
    1 => 'index',
    2 => 'index',
  ),
)
[ info ] [ HEADER ] array (
  'host' => '39.104.67.26:8901',
  'user-agent' => 'Mozilla/5.0 (Windows NT 6.1) AppleWebKit/537.36 (KHTML, like Gecko) Chrome/36.0.1985.125 Safari/537.36',
  'accept' => 'text/html,application/xhtml+xml,application/xml;q=0.9,image/webp,image/apng,*/*;q=0.8',
  'accept-encoding' => 'gzip, deflate',
  'upgrade-insecure-requests' => '1',
)
[ info ] [ PARAM ] array (
)
[ info ] [ SESSION ] INIT array (
  'id' => '',
  'var_session_id' => '',
  'prefix' => 'think',
  'type' => '',
  'auto_start' => true,
)
[ info ] [ LOG ] INIT File
---------------------------------------------------------------
[ 2018-11-06T09:41:09+08:00 ] 172.24.189.12 42.236.10.92 GET /index/index/index/login
[ info ] 39.104.67.26:8901/index/index/index/login [运行时间：0.109375s][吞吐率：9.14req/s] [内存消耗：2,105.60kb] [文件加载：41]
[ info ] [ LANG ] C:\thinkphp\thinkphp\lang\zh-cn.php
[ info ] [ ROUTE ] array (
  'type' => 'module',
  'module' => 
  array (
    0 => 'index',
    1 => 'index',
    2 => 'index',
  ),
)
[ info ] [ HEADER ] array (
  'host' => '39.104.67.26:8901',
  'user-agent' => 'Mozilla/5.0 (Windows NT 6.1) AppleWebKit/537.36 (KHTML, like Gecko) Chrome/36.0.1985.125 Safari/537.36',
  'accept' => 'text/html,application/xhtml+xml,application/xml;q=0.9,image/webp,image/apng,*/*;q=0.8',
  'accept-encoding' => 'gzip, deflate',
  'upgrade-insecure-requests' => '1',
)
[ info ] [ PARAM ] array (
)
[ info ] [ RUN ] app\index\controller\Index->index[ C:\thinkphp\application\index\controller\Index.php ]
[ info ] [ SESSION ] INIT array (
  'id' => '',
  'var_session_id' => '',
  'prefix' => 'think',
  'type' => '',
  'auto_start' => true,
)
[ info ] [ DB ] INIT mysql
[ info ] [ VIEW ] C:\thinkphp/application/index\view\index\index.html [ array (
  0 => 'event',
) ]
[ info ] [ LOG ] INIT File
[ sql ] [ DB ] CONNECT:[ UseTime:0.000000s ] mysql:dbname=tp5;host=127.0.0.1;charset=utf8
[ sql ] [ SQL ] SHOW COLUMNS FROM `qs_event` [ RunTime:0.000000s ]
[ sql ] [ SQL ] SELECT * FROM `qs_event` ORDER BY id asc [ RunTime:0.000000s ]
---------------------------------------------------------------
[ 2018-11-06T09:42:14+08:00 ] 172.24.189.12 42.236.10.92 GET /index/index/user.html
[ info ] 39.104.67.26:8901/index/index/user.html [运行时间：0.062501s][吞吐率：16.00req/s] [内存消耗：1,290.74kb] [文件加载：33]
[ info ] [ LANG ] C:\thinkphp\thinkphp\lang\zh-cn.php
[ info ] [ ROUTE ] array (
  'type' => 'module',
  'module' => 
  array (
    0 => 'index',
    1 => 'index',
    2 => 'user',
  ),
)
[ info ] [ HEADER ] array (
  'host' => '39.104.67.26:8901',
  'user-agent' => 'Mozilla/5.0 (Windows NT 6.1) AppleWebKit/537.36 (KHTML, like Gecko) Chrome/36.0.1985.125 Safari/537.36',
  'accept' => 'text/html,application/xhtml+xml,application/xml;q=0.9,image/webp,image/apng,*/*;q=0.8',
  'accept-encoding' => 'gzip, deflate',
  'upgrade-insecure-requests' => '1',
)
[ info ] [ PARAM ] array (
)
[ info ] [ RUN ] app\index\controller\Index->user[ C:\thinkphp\application\index\controller\Index.php ]
[ info ] [ VIEW ] C:\thinkphp/application/index\view\index\login.html [ array (
) ]
[ info ] [ SESSION ] INIT array (
  'id' => '',
  'var_session_id' => '',
  'prefix' => 'think',
  'type' => '',
  'auto_start' => true,
)
[ info ] [ LOG ] INIT File
---------------------------------------------------------------
[ 2018-11-06T09:51:56+08:00 ] 172.24.189.12 123.124.147.109 GET /
[ info ] 39.104.67.26:8901/ [运行时间：0.046875s][吞吐率：21.33req/s] [内存消耗：2,117.18kb] [文件加载：41]
[ info ] [ LANG ] C:\thinkphp\thinkphp\lang\zh-cn.php
[ info ] [ ROUTE ] array (
  'type' => 'module',
  'module' => 
  array (
    0 => '',
    1 => NULL,
    2 => NULL,
  ),
)
[ info ] [ HEADER ] array (
  'host' => '39.104.67.26:8901',
  'connection' => 'keep-alive',
  'upgrade-insecure-requests' => '1',
  'user-agent' => 'Mozilla/5.0 (Windows NT 10.0; WOW64) AppleWebKit/537.36 (KHTML, like Gecko) Chrome/63.0.3239.132 Safari/537.36',
  'accept' => 'text/html,application/xhtml+xml,application/xml;q=0.9,image/webp,image/apng,*/*;q=0.8',
  'accept-encoding' => 'gzip, deflate',
  'accept-language' => 'zh-CN,zh;q=0.9',
  'cookie' => '__guid=43106535.4499321681082214000.1528426612654.6343; UM_distinctid=16696e795a754e-026dce5d1f394f-3c604504-1fa400-16696e795a8977; CNZZDATA155540=cnzz_eid%3D2126708505-1540125548-http%253A%252F%252F39.104.67.26%253A8901%252F%26ntime%3D1540125548; PHPSESSID=frftmgcmqkir75g2uabrcak267; monitor_count=24',
)
[ info ] [ PARAM ] array (
)
[ info ] [ RUN ] app\index\controller\Index->index[ C:\thinkphp\application\index\controller\Index.php ]
[ info ] [ SESSION ] INIT array (
  'id' => '',
  'var_session_id' => '',
  'prefix' => 'think',
  'type' => '',
  'auto_start' => true,
)
[ info ] [ DB ] INIT mysql
[ info ] [ VIEW ] C:\thinkphp/application/index\view\index\index.html [ array (
  0 => 'userdata',
  1 => 'event',
) ]
[ info ] [ LOG ] INIT File
[ sql ] [ DB ] CONNECT:[ UseTime:0.000000s ] mysql:dbname=tp5;host=127.0.0.1;charset=utf8
[ sql ] [ SQL ] SHOW COLUMNS FROM `qs_user` [ RunTime:0.015625s ]
[ sql ] [ SQL ] SELECT * FROM `qs_user` WHERE  `id` = 1 LIMIT 1 [ RunTime:0.000000s ]
[ sql ] [ SQL ] SHOW COLUMNS FROM `qs_event` [ RunTime:0.000000s ]
[ sql ] [ SQL ] SELECT * FROM `qs_event` ORDER BY id asc [ RunTime:0.000000s ]
---------------------------------------------------------------
[ 2018-11-06T09:59:39+08:00 ] 172.24.189.12 123.124.147.109 GET /course/index/index.html
[ info ] 39.104.67.26:8901/course/index/index.html [运行时间：0.328127s][吞吐率：3.05req/s] [内存消耗：2,174.63kb] [文件加载：43]
[ info ] [ LANG ] C:\thinkphp\thinkphp\lang\zh-cn.php
[ info ] [ ROUTE ] array (
  'type' => 'module',
  'module' => 
  array (
    0 => 'course',
    1 => 'index',
    2 => 'index',
  ),
)
[ info ] [ HEADER ] array (
  'host' => '39.104.67.26:8901',
  'connection' => 'keep-alive',
  'upgrade-insecure-requests' => '1',
  'user-agent' => 'Mozilla/5.0 (Windows NT 10.0; WOW64) AppleWebKit/537.36 (KHTML, like Gecko) Chrome/63.0.3239.132 Safari/537.36',
  'accept' => 'text/html,application/xhtml+xml,application/xml;q=0.9,image/webp,image/apng,*/*;q=0.8',
  'referer' => 'http://39.104.67.26:8901/',
  'accept-encoding' => 'gzip, deflate',
  'accept-language' => 'zh-CN,zh;q=0.9',
  'cookie' => '__guid=43106535.4499321681082214000.1528426612654.6343; UM_distinctid=16696e795a754e-026dce5d1f394f-3c604504-1fa400-16696e795a8977; CNZZDATA155540=cnzz_eid%3D2126708505-1540125548-http%253A%252F%252F39.104.67.26%253A8901%252F%26ntime%3D1540125548; PHPSESSID=frftmgcmqkir75g2uabrcak267; monitor_count=25',
)
[ info ] [ PARAM ] array (
)
[ info ] [ SESSION ] INIT array (
  'id' => '',
  'var_session_id' => '',
  'prefix' => 'think',
  'type' => '',
  'auto_start' => true,
)
[ info ] [ DB ] INIT mysql
[ info ] [ RUN ] app\course\controller\Index->index[ C:\thinkphp\application\course\controller\Index.php ]
[ info ] [ VIEW ] C:\thinkphp/application/course\view\index\index.html [ array (
  0 => 'menu',
  1 => 'userdata',
) ]
[ info ] [ LOG ] INIT File
[ sql ] [ DB ] CONNECT:[ UseTime:0.000000s ] mysql:dbname=tp5;host=127.0.0.1;charset=utf8
[ sql ] [ SQL ] SHOW COLUMNS FROM `qs_auth_rule` [ RunTime:0.078126s ]
[ sql ] [ SQL ] SELECT * FROM `qs_auth_rule` WHERE  `status` = 1 ORDER BY `sort`  DESC,`id`  ASC [ RunTime:0.046875s ]
[ sql ] [ SQL ] SHOW COLUMNS FROM `qs_auth_group_access` [ RunTime:0.015625s ]
[ sql ] [ SQL ] SELECT `AuthGroupAccess`.`uid`,`AuthGroupAccess`.`group_id`,`AuthGroup`.`title`,`AuthGroup`.`rules` FROM `qs_auth_group_access` `AuthGroupAccess` LEFT JOIN `qs_auth_group` `AuthGroup` ON `AuthGroupAccess`.`group_id`=`AuthGroup`.`id` WHERE  (  AuthGroupAccess.uid='1' and AuthGroup.status='1' ) [ RunTime:0.015625s ]
[ sql ] [ SQL ] SELECT `condition`,`name` FROM `qs_auth_rule` WHERE  `id` IN (1,3,5,6,7,101,102,103,301,302,501,601,602)  AND `type` = 1 [ RunTime:0.000000s ]
[ sql ] [ SQL ] SHOW COLUMNS FROM `qs_user` [ RunTime:0.000000s ]
[ sql ] [ SQL ] SELECT * FROM `qs_user` WHERE  `id` = 1 LIMIT 1 [ RunTime:0.000000s ]
---------------------------------------------------------------
[ 2018-11-06T09:59:43+08:00 ] 172.24.189.12 123.124.147.109 GET /course/index/course1.html
[ info ] 39.104.67.26:8901/course/index/course1.html [运行时间：0.218751s][吞吐率：4.57req/s] [内存消耗：2,290.43kb] [文件加载：46]
[ info ] [ LANG ] C:\thinkphp\thinkphp\lang\zh-cn.php
[ info ] [ ROUTE ] array (
  'type' => 'module',
  'module' => 
  array (
    0 => 'course',
    1 => 'index',
    2 => 'course1',
  ),
)
[ info ] [ HEADER ] array (
  'host' => '39.104.67.26:8901',
  'connection' => 'keep-alive',
  'upgrade-insecure-requests' => '1',
  'user-agent' => 'Mozilla/5.0 (Windows NT 10.0; WOW64) AppleWebKit/537.36 (KHTML, like Gecko) Chrome/63.0.3239.132 Safari/537.36',
  'accept' => 'text/html,application/xhtml+xml,application/xml;q=0.9,image/webp,image/apng,*/*;q=0.8',
  'referer' => 'http://39.104.67.26:8901/course/index/index.html',
  'accept-encoding' => 'gzip, deflate',
  'accept-language' => 'zh-CN,zh;q=0.9',
  'cookie' => '__guid=43106535.4499321681082214000.1528426612654.6343; UM_distinctid=16696e795a754e-026dce5d1f394f-3c604504-1fa400-16696e795a8977; CNZZDATA155540=cnzz_eid%3D2126708505-1540125548-http%253A%252F%252F39.104.67.26%253A8901%252F%26ntime%3D1540125548; PHPSESSID=frftmgcmqkir75g2uabrcak267; monitor_count=26',
)
[ info ] [ PARAM ] array (
)
[ info ] [ SESSION ] INIT array (
  'id' => '',
  'var_session_id' => '',
  'prefix' => 'think',
  'type' => '',
  'auto_start' => true,
)
[ info ] [ DB ] INIT mysql
[ info ] [ RUN ] app\course\controller\Index->course1[ C:\thinkphp\application\course\controller\Index.php ]
[ info ] [ VIEW ] C:\thinkphp/application/course\view\index\course1.html [ array (
  0 => 'menu',
  1 => 'userdata',
  2 => 'data',
) ]
[ info ] [ LOG ] INIT File
[ sql ] [ DB ] CONNECT:[ UseTime:0.000000s ] mysql:dbname=tp5;host=127.0.0.1;charset=utf8
[ sql ] [ SQL ] SHOW COLUMNS FROM `qs_auth_rule` [ RunTime:0.000000s ]
[ sql ] [ SQL ] SELECT * FROM `qs_auth_rule` WHERE  `status` = 1 ORDER BY `sort`  DESC,`id`  ASC [ RunTime:0.000000s ]
[ sql ] [ SQL ] SHOW COLUMNS FROM `qs_auth_group_access` [ RunTime:0.000000s ]
[ sql ] [ SQL ] SELECT `AuthGroupAccess`.`uid`,`AuthGroupAccess`.`group_id`,`AuthGroup`.`title`,`AuthGroup`.`rules` FROM `qs_auth_group_access` `AuthGroupAccess` LEFT JOIN `qs_auth_group` `AuthGroup` ON `AuthGroupAccess`.`group_id`=`AuthGroup`.`id` WHERE  (  AuthGroupAccess.uid='1' and AuthGroup.status='1' ) [ RunTime:0.000000s ]
[ sql ] [ SQL ] SELECT `condition`,`name` FROM `qs_auth_rule` WHERE  `id` IN (1,3,5,6,7,101,102,103,301,302,501,601,602)  AND `type` = 1 [ RunTime:0.000000s ]
[ sql ] [ SQL ] SHOW COLUMNS FROM `qs_user` [ RunTime:0.000000s ]
[ sql ] [ SQL ] SELECT * FROM `qs_user` WHERE  `id` = 1 LIMIT 1 [ RunTime:0.000000s ]
[ sql ] [ SQL ] SHOW COLUMNS FROM `qs_course1` [ RunTime:0.031251s ]
[ sql ] [ SQL ] SELECT COUNT(*) AS tp_count FROM `qs_course1` LIMIT 1 [ RunTime:0.000000s ]
[ sql ] [ SQL ] SELECT * FROM `qs_course1` ORDER BY id asc LIMIT 0,9 [ RunTime:0.062500s ]
---------------------------------------------------------------
[ 2018-11-06T10:08:26+08:00 ] 172.24.189.12 123.124.147.109 GET /course/index/study1/course/3.html
[ info ] 39.104.67.26:8901/course/index/study1/course/3.html [运行时间：0.109376s][吞吐率：9.14req/s] [内存消耗：2,180.27kb] [文件加载：43]
[ info ] [ LANG ] C:\thinkphp\thinkphp\lang\zh-cn.php
[ info ] [ ROUTE ] array (
  'type' => 'module',
  'module' => 
  array (
    0 => 'course',
    1 => 'index',
    2 => 'study1',
  ),
)
[ info ] [ HEADER ] array (
  'host' => '39.104.67.26:8901',
  'connection' => 'keep-alive',
  'upgrade-insecure-requests' => '1',
  'user-agent' => 'Mozilla/5.0 (Windows NT 10.0; WOW64) AppleWebKit/537.36 (KHTML, like Gecko) Chrome/63.0.3239.132 Safari/537.36',
  'accept' => 'text/html,application/xhtml+xml,application/xml;q=0.9,image/webp,image/apng,*/*;q=0.8',
  'referer' => 'http://39.104.67.26:8901/course/index/course1.html',
  'accept-encoding' => 'gzip, deflate',
  'accept-language' => 'zh-CN,zh;q=0.9',
  'cookie' => '__guid=43106535.4499321681082214000.1528426612654.6343; UM_distinctid=16696e795a754e-026dce5d1f394f-3c604504-1fa400-16696e795a8977; CNZZDATA155540=cnzz_eid%3D2126708505-1540125548-http%253A%252F%252F39.104.67.26%253A8901%252F%26ntime%3D1540125548; PHPSESSID=frftmgcmqkir75g2uabrcak267; monitor_count=27',
)
[ info ] [ PARAM ] array (
  'course' => '3',
)
[ info ] [ SESSION ] INIT array (
  'id' => '',
  'var_session_id' => '',
  'prefix' => 'think',
  'type' => '',
  'auto_start' => true,
)
[ info ] [ DB ] INIT mysql
[ info ] [ RUN ] app\course\controller\Index->study1[ C:\thinkphp\application\course\controller\Index.php ]
[ info ] [ VIEW ] C:\thinkphp/application/course\view\index\study1.html [ array (
  0 => 'menu',
  1 => 'userdata',
  2 => 'data',
) ]
[ info ] [ LOG ] INIT File
[ sql ] [ DB ] CONNECT:[ UseTime:0.000000s ] mysql:dbname=tp5;host=127.0.0.1;charset=utf8
[ sql ] [ SQL ] SHOW COLUMNS FROM `qs_auth_rule` [ RunTime:0.000000s ]
[ sql ] [ SQL ] SELECT * FROM `qs_auth_rule` WHERE  `status` = 1 ORDER BY `sort`  DESC,`id`  ASC [ RunTime:0.000000s ]
[ sql ] [ SQL ] SHOW COLUMNS FROM `qs_auth_group_access` [ RunTime:0.015625s ]
[ sql ] [ SQL ] SELECT `AuthGroupAccess`.`uid`,`AuthGroupAccess`.`group_id`,`AuthGroup`.`title`,`AuthGroup`.`rules` FROM `qs_auth_group_access` `AuthGroupAccess` LEFT JOIN `qs_auth_group` `AuthGroup` ON `AuthGroupAccess`.`group_id`=`AuthGroup`.`id` WHERE  (  AuthGroupAccess.uid='1' and AuthGroup.status='1' ) [ RunTime:0.000000s ]
[ sql ] [ SQL ] SELECT `condition`,`name` FROM `qs_auth_rule` WHERE  `id` IN (1,3,5,6,7,101,102,103,301,302,501,601,602)  AND `type` = 1 [ RunTime:0.000000s ]
[ sql ] [ SQL ] SHOW COLUMNS FROM `qs_user` [ RunTime:0.000000s ]
[ sql ] [ SQL ] SELECT * FROM `qs_user` WHERE  `id` = 1 LIMIT 1 [ RunTime:0.000000s ]
[ sql ] [ SQL ] SHOW COLUMNS FROM `qs_course1` [ RunTime:0.015625s ]
[ sql ] [ SQL ] SELECT * FROM `qs_course1` WHERE  `id` = 3 LIMIT 1 [ RunTime:0.000000s ]
---------------------------------------------------------------
[ 2018-11-06T10:30:28+08:00 ] 172.24.189.12 123.124.147.109 GET /admin/user/index.html
[ info ] 39.104.67.26:8901/admin/user/index.html [运行时间：0.078125s][吞吐率：12.80req/s] [内存消耗：1,386.15kb] [文件加载：34]
[ info ] [ LANG ] C:\thinkphp\thinkphp\lang\zh-cn.php
[ info ] [ ROUTE ] array (
  'type' => 'module',
  'module' => 
  array (
    0 => 'admin',
    1 => 'user',
    2 => 'index',
  ),
)
[ info ] [ HEADER ] array (
  'host' => '39.104.67.26:8901',
  'connection' => 'keep-alive',
  'upgrade-insecure-requests' => '1',
  'user-agent' => 'Mozilla/5.0 (Windows NT 10.0; WOW64) AppleWebKit/537.36 (KHTML, like Gecko) Chrome/63.0.3239.132 Safari/537.36',
  'accept' => 'text/html,application/xhtml+xml,application/xml;q=0.9,image/webp,image/apng,*/*;q=0.8',
  'referer' => 'http://39.104.67.26:8901/course/index/study1/course/3.html',
  'accept-encoding' => 'gzip, deflate',
  'accept-language' => 'zh-CN,zh;q=0.9',
  'cookie' => '__guid=43106535.4499321681082214000.1528426612654.6343; UM_distinctid=16696e795a754e-026dce5d1f394f-3c604504-1fa400-16696e795a8977; CNZZDATA155540=cnzz_eid%3D2126708505-1540125548-http%253A%252F%252F39.104.67.26%253A8901%252F%26ntime%3D1540125548; PHPSESSID=frftmgcmqkir75g2uabrcak267; monitor_count=28',
)
[ info ] [ PARAM ] array (
)
[ info ] [ RUN ] app\admin\controller\User->index[ C:\thinkphp\application\admin\controller\User.php ]
[ info ] [ VIEW ] C:\thinkphp/application/admin\view\user\login.html [ array (
) ]
[ info ] [ SESSION ] INIT array (
  'id' => '',
  'var_session_id' => '',
  'prefix' => 'think',
  'type' => '',
  'auto_start' => true,
)
[ info ] [ LOG ] INIT File
---------------------------------------------------------------
[ 2018-11-06T10:30:28+08:00 ] 172.24.189.12 123.124.147.109 GET /admin/index/index.html
[ info ] 39.104.67.26:8901/admin/index/index.html [运行时间：0.109375s][吞吐率：9.14req/s] [内存消耗：2,147.44kb] [文件加载：43]
[ info ] [ LANG ] C:\thinkphp\thinkphp\lang\zh-cn.php
[ info ] [ ROUTE ] array (
  'type' => 'module',
  'module' => 
  array (
    0 => 'admin',
    1 => 'index',
    2 => 'index',
  ),
)
[ info ] [ HEADER ] array (
  'host' => '39.104.67.26:8901',
  'connection' => 'keep-alive',
  'upgrade-insecure-requests' => '1',
  'user-agent' => 'Mozilla/5.0 (Windows NT 10.0; WOW64) AppleWebKit/537.36 (KHTML, like Gecko) Chrome/63.0.3239.132 Safari/537.36',
  'accept' => 'text/html,application/xhtml+xml,application/xml;q=0.9,image/webp,image/apng,*/*;q=0.8',
  'referer' => 'http://39.104.67.26:8901/admin/user/index.html',
  'accept-encoding' => 'gzip, deflate',
  'accept-language' => 'zh-CN,zh;q=0.9',
  'cookie' => '__guid=43106535.4499321681082214000.1528426612654.6343; UM_distinctid=16696e795a754e-026dce5d1f394f-3c604504-1fa400-16696e795a8977; CNZZDATA155540=cnzz_eid%3D2126708505-1540125548-http%253A%252F%252F39.104.67.26%253A8901%252F%26ntime%3D1540125548; PHPSESSID=frftmgcmqkir75g2uabrcak267; monitor_count=29',
)
[ info ] [ PARAM ] array (
)
[ info ] [ SESSION ] INIT array (
  'id' => '',
  'var_session_id' => '',
  'prefix' => 'think',
  'type' => '',
  'auto_start' => true,
)
[ info ] [ DB ] INIT mysql
[ info ] [ RUN ] app\admin\controller\Index->index[ C:\thinkphp\application\admin\controller\Index.php ]
[ info ] [ VIEW ] C:\thinkphp/application/admin\view\index\index.html [ array (
  0 => 'menu',
) ]
[ info ] [ LOG ] INIT File
[ sql ] [ DB ] CONNECT:[ UseTime:0.000000s ] mysql:dbname=tp5;host=127.0.0.1;charset=utf8
[ sql ] [ SQL ] SHOW COLUMNS FROM `qs_auth_rule` [ RunTime:0.015625s ]
[ sql ] [ SQL ] SELECT * FROM `qs_auth_rule` WHERE  `status` = 1 ORDER BY `sort`  DESC,`id`  ASC [ RunTime:0.000000s ]
[ sql ] [ SQL ] SHOW COLUMNS FROM `qs_auth_group_access` [ RunTime:0.000000s ]
[ sql ] [ SQL ] SELECT `AuthGroupAccess`.`uid`,`AuthGroupAccess`.`group_id`,`AuthGroup`.`title`,`AuthGroup`.`rules` FROM `qs_auth_group_access` `AuthGroupAccess` LEFT JOIN `qs_auth_group` `AuthGroup` ON `AuthGroupAccess`.`group_id`=`AuthGroup`.`id` WHERE  (  AuthGroupAccess.uid='1' and AuthGroup.status='1' ) [ RunTime:0.000000s ]
[ sql ] [ SQL ] SELECT `condition`,`name` FROM `qs_auth_rule` WHERE  `id` IN (1,3,5,6,7,101,102,103,301,302,501,601,602)  AND `type` = 1 [ RunTime:0.000000s ]
---------------------------------------------------------------
[ 2018-11-06T10:30:29+08:00 ] 172.24.189.12 123.124.147.109 GET /admin/index/welcome.html
[ info ] 39.104.67.26:8901/admin/index/welcome.html [运行时间：0.062500s][吞吐率：16.00req/s] [内存消耗：2,085.66kb] [文件加载：42]
[ info ] [ LANG ] C:\thinkphp\thinkphp\lang\zh-cn.php
[ info ] [ ROUTE ] array (
  'type' => 'module',
  'module' => 
  array (
    0 => 'admin',
    1 => 'index',
    2 => 'welcome',
  ),
)
[ info ] [ HEADER ] array (
  'host' => '39.104.67.26:8901',
  'connection' => 'keep-alive',
  'upgrade-insecure-requests' => '1',
  'user-agent' => 'Mozilla/5.0 (Windows NT 10.0; WOW64) AppleWebKit/537.36 (KHTML, like Gecko) Chrome/63.0.3239.132 Safari/537.36',
  'accept' => 'text/html,application/xhtml+xml,application/xml;q=0.9,image/webp,image/apng,*/*;q=0.8',
  'referer' => 'http://39.104.67.26:8901/admin/index/index.html',
  'accept-encoding' => 'gzip, deflate',
  'accept-language' => 'zh-CN,zh;q=0.9',
  'cookie' => '__guid=43106535.4499321681082214000.1528426612654.6343; UM_distinctid=16696e795a754e-026dce5d1f394f-3c604504-1fa400-16696e795a8977; CNZZDATA155540=cnzz_eid%3D2126708505-1540125548-http%253A%252F%252F39.104.67.26%253A8901%252F%26ntime%3D1540125548; PHPSESSID=frftmgcmqkir75g2uabrcak267; monitor_count=30',
)
[ info ] [ PARAM ] array (
)
[ info ] [ SESSION ] INIT array (
  'id' => '',
  'var_session_id' => '',
  'prefix' => 'think',
  'type' => '',
  'auto_start' => true,
)
[ info ] [ DB ] INIT mysql
[ info ] [ RUN ] app\admin\controller\Index->welcome[ C:\thinkphp\application\admin\controller\Index.php ]
[ info ] [ VIEW ] C:\thinkphp/application/admin\view\index\welcome.html [ array (
  0 => 'menu',
) ]
[ info ] [ LOG ] INIT File
[ sql ] [ DB ] CONNECT:[ UseTime:0.000000s ] mysql:dbname=tp5;host=127.0.0.1;charset=utf8
[ sql ] [ SQL ] SHOW COLUMNS FROM `qs_auth_rule` [ RunTime:0.000000s ]
[ sql ] [ SQL ] SELECT * FROM `qs_auth_rule` WHERE  `status` = 1 ORDER BY `sort`  DESC,`id`  ASC [ RunTime:0.000000s ]
[ sql ] [ SQL ] SHOW COLUMNS FROM `qs_auth_group_access` [ RunTime:0.000000s ]
[ sql ] [ SQL ] SELECT `AuthGroupAccess`.`uid`,`AuthGroupAccess`.`group_id`,`AuthGroup`.`title`,`AuthGroup`.`rules` FROM `qs_auth_group_access` `AuthGroupAccess` LEFT JOIN `qs_auth_group` `AuthGroup` ON `AuthGroupAccess`.`group_id`=`AuthGroup`.`id` WHERE  (  AuthGroupAccess.uid='1' and AuthGroup.status='1' ) [ RunTime:0.000000s ]
[ sql ] [ SQL ] SELECT `condition`,`name` FROM `qs_auth_rule` WHERE  `id` IN (1,3,5,6,7,101,102,103,301,302,501,601,602)  AND `type` = 1 [ RunTime:0.000000s ]
---------------------------------------------------------------
[ 2018-11-06T10:30:32+08:00 ] 172.24.189.12 123.124.147.109 GET /admin/db_manage/manage.html
[ info ] 39.104.67.26:8901/admin/db_manage/manage.html [运行时间：0.125001s][吞吐率：8.00req/s] [内存消耗：2,219.68kb] [文件加载：43]
[ info ] [ LANG ] C:\thinkphp\thinkphp\lang\zh-cn.php
[ info ] [ ROUTE ] array (
  'type' => 'module',
  'module' => 
  array (
    0 => 'admin',
    1 => 'db_manage',
    2 => 'manage',
  ),
)
[ info ] [ HEADER ] array (
  'host' => '39.104.67.26:8901',
  'connection' => 'keep-alive',
  'upgrade-insecure-requests' => '1',
  'user-agent' => 'Mozilla/5.0 (Windows NT 10.0; WOW64) AppleWebKit/537.36 (KHTML, like Gecko) Chrome/63.0.3239.132 Safari/537.36',
  'accept' => 'text/html,application/xhtml+xml,application/xml;q=0.9,image/webp,image/apng,*/*;q=0.8',
  'referer' => 'http://39.104.67.26:8901/admin/index/index.html',
  'accept-encoding' => 'gzip, deflate',
  'accept-language' => 'zh-CN,zh;q=0.9',
  'cookie' => '__guid=43106535.4499321681082214000.1528426612654.6343; UM_distinctid=16696e795a754e-026dce5d1f394f-3c604504-1fa400-16696e795a8977; CNZZDATA155540=cnzz_eid%3D2126708505-1540125548-http%253A%252F%252F39.104.67.26%253A8901%252F%26ntime%3D1540125548; PHPSESSID=frftmgcmqkir75g2uabrcak267; monitor_count=30',
)
[ info ] [ PARAM ] array (
)
[ info ] [ SESSION ] INIT array (
  'id' => '',
  'var_session_id' => '',
  'prefix' => 'think',
  'type' => '',
  'auto_start' => true,
)
[ info ] [ DB ] INIT mysql
[ info ] [ RUN ] app\admin\controller\DbManage->manage[ C:\thinkphp\application\admin\controller\DbManage.php ]
[ info ] [ VIEW ] C:\thinkphp/application/admin\view\db_manage\manage.html [ array (
  0 => 'menu',
  1 => 'db_names',
  2 => 'count',
) ]
[ info ] [ LOG ] INIT File
[ sql ] [ DB ] CONNECT:[ UseTime:0.000000s ] mysql:dbname=tp5;host=127.0.0.1;charset=utf8
[ sql ] [ SQL ] SHOW COLUMNS FROM `qs_auth_rule` [ RunTime:0.000000s ]
[ sql ] [ SQL ] SELECT * FROM `qs_auth_rule` WHERE  `status` = 1 ORDER BY `sort`  DESC,`id`  ASC [ RunTime:0.000000s ]
[ sql ] [ SQL ] SHOW COLUMNS FROM `qs_auth_group_access` [ RunTime:0.015625s ]
[ sql ] [ SQL ] SELECT `AuthGroupAccess`.`uid`,`AuthGroupAccess`.`group_id`,`AuthGroup`.`title`,`AuthGroup`.`rules` FROM `qs_auth_group_access` `AuthGroupAccess` LEFT JOIN `qs_auth_group` `AuthGroup` ON `AuthGroupAccess`.`group_id`=`AuthGroup`.`id` WHERE  (  AuthGroupAccess.uid='1' and AuthGroup.status='1' ) [ RunTime:0.000000s ]
[ sql ] [ SQL ] SELECT `condition`,`name` FROM `qs_auth_rule` WHERE  `id` IN (1,3,5,6,7,101,102,103,301,302,501,601,602)  AND `type` = 1 [ RunTime:0.000000s ]
[ sql ] [ SQL ] SHOW COLUMNS FROM `qs_experiment_type_store` [ RunTime:0.000000s ]
[ sql ] [ SQL ] SELECT * FROM `qs_experiment_type_store` [ RunTime:0.000000s ]
---------------------------------------------------------------
[ 2018-11-06T14:38:54+08:00 ] 172.24.189.12 123.124.147.60 GET /
[ info ] 39.104.67.26:8901/ [运行时间：0.046875s][吞吐率：21.33req/s] [内存消耗：2,106.59kb] [文件加载：41]
[ info ] [ LANG ] C:\thinkphp\thinkphp\lang\zh-cn.php
[ info ] [ ROUTE ] array (
  'type' => 'module',
  'module' => 
  array (
    0 => '',
    1 => NULL,
    2 => NULL,
  ),
)
[ info ] [ HEADER ] array (
  'host' => '39.104.67.26:8901',
  'connection' => 'keep-alive',
  'upgrade-insecure-requests' => '1',
  'user-agent' => 'Mozilla/5.0 (Windows NT 10.0; WOW64) AppleWebKit/537.36 (KHTML, like Gecko) Chrome/63.0.3239.132 Safari/537.36',
  'accept' => 'text/html,application/xhtml+xml,application/xml;q=0.9,image/webp,image/apng,*/*;q=0.8',
  'accept-encoding' => 'gzip, deflate',
  'accept-language' => 'zh-CN,zh;q=0.9',
  'cookie' => '__guid=43106535.4499321681082214000.1528426612654.6343; UM_distinctid=16696e795a754e-026dce5d1f394f-3c604504-1fa400-16696e795a8977; CNZZDATA155540=cnzz_eid%3D2126708505-1540125548-http%253A%252F%252F39.104.67.26%253A8901%252F%26ntime%3D1540125548; monitor_count=30',
)
[ info ] [ PARAM ] array (
)
[ info ] [ RUN ] app\index\controller\Index->index[ C:\thinkphp\application\index\controller\Index.php ]
[ info ] [ SESSION ] INIT array (
  'id' => '',
  'var_session_id' => '',
  'prefix' => 'think',
  'type' => '',
  'auto_start' => true,
)
[ info ] [ DB ] INIT mysql
[ info ] [ VIEW ] C:\thinkphp/application/index\view\index\index.html [ array (
  0 => 'event',
) ]
[ info ] [ LOG ] INIT File
[ sql ] [ DB ] CONNECT:[ UseTime:0.000000s ] mysql:dbname=tp5;host=127.0.0.1;charset=utf8
[ sql ] [ SQL ] SHOW COLUMNS FROM `qs_event` [ RunTime:0.015625s ]
[ sql ] [ SQL ] SELECT * FROM `qs_event` ORDER BY id asc [ RunTime:0.000000s ]
---------------------------------------------------------------
[ 2018-11-06T18:39:06+08:00 ] 172.24.189.12 101.199.120.145 GET /
[ info ] 39.104.67.26:8901/ [运行时间：0.078124s][吞吐率：12.80req/s] [内存消耗：2,105.66kb] [文件加载：41]
[ info ] [ LANG ] C:\thinkphp\thinkphp\lang\zh-cn.php
[ info ] [ ROUTE ] array (
  'type' => 'module',
  'module' => 
  array (
    0 => '',
    1 => NULL,
    2 => NULL,
  ),
)
[ info ] [ HEADER ] array (
  'host' => '39.104.67.26:8901',
  'connection' => 'keep-alive',
  'upgrade-insecure-requests' => '1',
  'user-agent' => 'Mozilla/5.0 (X11; Linux x86_64) AppleWebKit/537.36 (KHTML, like Gecko) HeadlessChrome/64.0.3282.119 Safari/537.36',
  'accept' => 'text/html,application/xhtml+xml,application/xml;q=0.9,image/webp,image/apng,*/*;q=0.8',
  'accept-encoding' => 'gzip, deflate',
)
[ info ] [ PARAM ] array (
)
[ info ] [ RUN ] app\index\controller\Index->index[ C:\thinkphp\application\index\controller\Index.php ]
[ info ] [ SESSION ] INIT array (
  'id' => '',
  'var_session_id' => '',
  'prefix' => 'think',
  'type' => '',
  'auto_start' => true,
)
[ info ] [ DB ] INIT mysql
[ info ] [ VIEW ] C:\thinkphp/application/index\view\index\index.html [ array (
  0 => 'event',
) ]
[ info ] [ LOG ] INIT File
[ sql ] [ DB ] CONNECT:[ UseTime:0.000000s ] mysql:dbname=tp5;host=127.0.0.1;charset=utf8
[ sql ] [ SQL ] SHOW COLUMNS FROM `qs_event` [ RunTime:0.000000s ]
[ sql ] [ SQL ] SELECT * FROM `qs_event` ORDER BY id asc [ RunTime:0.000000s ]
