---------------------------------------------------------------
[ 2018-12-04T16:48:41+08:00 ] 172.24.189.12 123.122.82.206 GET /
[ info ] 39.104.67.26:8901/ [运行时间：0.062499s][吞吐率：16.00req/s] [内存消耗：2,105.82kb] [文件加载：41]
[ info ] [ LANG ] C:\thinkphp\thinkphp\lang\zh-cn.php
[ info ] [ ROUTE ] array (
  'type' => 'module',
  'module' => 
  array (
    0 => '',
    1 => NULL,
    2 => NULL,
  ),
)
[ info ] [ HEADER ] array (
  'host' => '39.104.67.26:8901',
  'connection' => 'keep-alive',
  'upgrade-insecure-requests' => '1',
  'user-agent' => 'Mozilla/5.0 (Windows NT 6.1; WOW64) AppleWebKit/537.36 (KHTML, like Gecko) Chrome/67.0.3396.99 Safari/537.36',
  'accept' => 'text/html,application/xhtml+xml,application/xml;q=0.9,image/webp,image/apng,*/*;q=0.8',
  'accept-encoding' => 'gzip, deflate',
  'accept-language' => 'zh-CN,zh;q=0.9',
)
[ info ] [ PARAM ] array (
)
[ info ] [ RUN ] app\index\controller\Index->index[ C:\thinkphp\application\index\controller\Index.php ]
[ info ] [ SESSION ] INIT array (
  'id' => '',
  'var_session_id' => '',
  'prefix' => 'think',
  'type' => '',
  'auto_start' => true,
)
[ info ] [ DB ] INIT mysql
[ info ] [ VIEW ] C:\thinkphp/application/index\view\index\index.html [ array (
  0 => 'event',
) ]
[ info ] [ LOG ] INIT File
[ sql ] [ DB ] CONNECT:[ UseTime:0.000000s ] mysql:dbname=tp5;host=127.0.0.1;charset=utf8
[ sql ] [ SQL ] SHOW COLUMNS FROM `qs_event` [ RunTime:0.000000s ]
[ sql ] [ SQL ] SELECT * FROM `qs_event` ORDER BY id asc [ RunTime:0.000000s ]
---------------------------------------------------------------
[ 2018-12-04T16:48:45+08:00 ] 172.24.189.12 123.122.82.206 GET /index/index/user.html
[ info ] 39.104.67.26:8901/index/index/user.html [运行时间：0.015625s][吞吐率：64.00req/s] [内存消耗：1,291.63kb] [文件加载：33]
[ info ] [ LANG ] C:\thinkphp\thinkphp\lang\zh-cn.php
[ info ] [ ROUTE ] array (
  'type' => 'module',
  'module' => 
  array (
    0 => 'index',
    1 => 'index',
    2 => 'user',
  ),
)
[ info ] [ HEADER ] array (
  'host' => '39.104.67.26:8901',
  'connection' => 'keep-alive',
  'upgrade-insecure-requests' => '1',
  'user-agent' => 'Mozilla/5.0 (Windows NT 6.1; WOW64) AppleWebKit/537.36 (KHTML, like Gecko) Chrome/67.0.3396.99 Safari/537.36',
  'accept' => 'text/html,application/xhtml+xml,application/xml;q=0.9,image/webp,image/apng,*/*;q=0.8',
  'referer' => 'http://39.104.67.26:8901/',
  'accept-encoding' => 'gzip, deflate',
  'accept-language' => 'zh-CN,zh;q=0.9',
  'cookie' => 'PHPSESSID=2ujtmj6slmerkp7l67u84fjeq0',
)
[ info ] [ PARAM ] array (
)
[ info ] [ RUN ] app\index\controller\Index->user[ C:\thinkphp\application\index\controller\Index.php ]
[ info ] [ VIEW ] C:\thinkphp/application/index\view\index\login.html [ array (
) ]
[ info ] [ SESSION ] INIT array (
  'id' => '',
  'var_session_id' => '',
  'prefix' => 'think',
  'type' => '',
  'auto_start' => true,
)
[ info ] [ LOG ] INIT File
---------------------------------------------------------------
[ 2018-12-04T16:48:47+08:00 ] 172.24.189.12 123.122.82.206 POST /index/index/login
[ info ] 39.104.67.26:8901/index/index/login [运行时间：0.078125s][吞吐率：12.80req/s] [内存消耗：2,278.40kb] [文件加载：44]
[ info ] [ LANG ] C:\thinkphp\thinkphp\lang\zh-cn.php
[ info ] [ ROUTE ] array (
  'type' => 'module',
  'module' => 
  array (
    0 => 'index',
    1 => 'index',
    2 => 'login',
  ),
)
[ info ] [ HEADER ] array (
  'host' => '39.104.67.26:8901',
  'connection' => 'keep-alive',
  'content-length' => '81',
  'accept' => 'application/json, text/javascript, */*; q=0.01',
  'origin' => 'http://39.104.67.26:8901',
  'x-requested-with' => 'XMLHttpRequest',
  'user-agent' => 'Mozilla/5.0 (Windows NT 6.1; WOW64) AppleWebKit/537.36 (KHTML, like Gecko) Chrome/67.0.3396.99 Safari/537.36',
  'content-type' => 'application/x-www-form-urlencoded; charset=UTF-8',
  'referer' => 'http://39.104.67.26:8901/index/index/user.html',
  'accept-encoding' => 'gzip, deflate',
  'accept-language' => 'zh-CN,zh;q=0.9',
  'cookie' => 'PHPSESSID=2ujtmj6slmerkp7l67u84fjeq0',
)
[ info ] [ PARAM ] array (
  'username' => '北京邮电大学',
  'password' => '12345678',
)
[ info ] [ RUN ] app\index\controller\Index->login[ C:\thinkphp\application\index\controller\Index.php ]
[ info ] [ DB ] INIT mysql
[ info ] [ SESSION ] INIT array (
  'id' => '',
  'var_session_id' => '',
  'prefix' => 'think',
  'type' => '',
  'auto_start' => true,
)
[ info ] [ LOG ] INIT File
[ sql ] [ DB ] CONNECT:[ UseTime:0.000000s ] mysql:dbname=tp5;host=127.0.0.1;charset=utf8
[ sql ] [ SQL ] SHOW COLUMNS FROM `qs_user` [ RunTime:0.031250s ]
[ sql ] [ SQL ] SELECT `id` FROM `qs_user` WHERE  `username` = '北京邮电大学' LIMIT 1 [ RunTime:0.015625s ]
[ sql ] [ SQL ] SELECT `password` FROM `qs_user` WHERE  `username` = '北京邮电大学' LIMIT 1 [ RunTime:0.000000s ]
[ sql ] [ SQL ] UPDATE `qs_user`  SET `last_login_ip`='123.122.82.206',`last_login_time`='2018-12-04 04:48:47'  WHERE  `username` = '北京邮电大学' [ RunTime:0.000000s ]
---------------------------------------------------------------
[ 2018-12-04T16:48:50+08:00 ] 172.24.189.12 123.122.82.206 GET /index/index/index/login
[ info ] 39.104.67.26:8901/index/index/index/login [运行时间：0.046875s][吞吐率：21.33req/s] [内存消耗：2,117.02kb] [文件加载：41]
[ info ] [ LANG ] C:\thinkphp\thinkphp\lang\zh-cn.php
[ info ] [ ROUTE ] array (
  'type' => 'module',
  'module' => 
  array (
    0 => 'index',
    1 => 'index',
    2 => 'index',
  ),
)
[ info ] [ HEADER ] array (
  'host' => '39.104.67.26:8901',
  'connection' => 'keep-alive',
  'upgrade-insecure-requests' => '1',
  'user-agent' => 'Mozilla/5.0 (Windows NT 6.1; WOW64) AppleWebKit/537.36 (KHTML, like Gecko) Chrome/67.0.3396.99 Safari/537.36',
  'accept' => 'text/html,application/xhtml+xml,application/xml;q=0.9,image/webp,image/apng,*/*;q=0.8',
  'referer' => 'http://39.104.67.26:8901/index/index/user.html',
  'accept-encoding' => 'gzip, deflate',
  'accept-language' => 'zh-CN,zh;q=0.9',
  'cookie' => 'PHPSESSID=2ujtmj6slmerkp7l67u84fjeq0',
)
[ info ] [ PARAM ] array (
)
[ info ] [ RUN ] app\index\controller\Index->index[ C:\thinkphp\application\index\controller\Index.php ]
[ info ] [ SESSION ] INIT array (
  'id' => '',
  'var_session_id' => '',
  'prefix' => 'think',
  'type' => '',
  'auto_start' => true,
)
[ info ] [ DB ] INIT mysql
[ info ] [ VIEW ] C:\thinkphp/application/index\view\index\index.html [ array (
  0 => 'userdata',
  1 => 'event',
) ]
[ info ] [ LOG ] INIT File
[ sql ] [ DB ] CONNECT:[ UseTime:0.000000s ] mysql:dbname=tp5;host=127.0.0.1;charset=utf8
[ sql ] [ SQL ] SHOW COLUMNS FROM `qs_user` [ RunTime:0.015625s ]
[ sql ] [ SQL ] SELECT * FROM `qs_user` WHERE  `id` = 123 LIMIT 1 [ RunTime:0.000000s ]
[ sql ] [ SQL ] SHOW COLUMNS FROM `qs_event` [ RunTime:0.000000s ]
[ sql ] [ SQL ] SELECT * FROM `qs_event` ORDER BY id asc [ RunTime:0.000000s ]
---------------------------------------------------------------
[ 2018-12-04T16:48:53+08:00 ] 172.24.189.12 123.122.82.206 GET /platform/user/index.html
[ info ] 39.104.67.26:8901/platform/user/index.html [运行时间：0.031250s][吞吐率：32.00req/s] [内存消耗：1,366.69kb] [文件加载：34]
[ info ] [ LANG ] C:\thinkphp\thinkphp\lang\zh-cn.php
[ info ] [ ROUTE ] array (
  'type' => 'module',
  'module' => 
  array (
    0 => 'platform',
    1 => 'user',
    2 => 'index',
  ),
)
[ info ] [ HEADER ] array (
  'host' => '39.104.67.26:8901',
  'connection' => 'keep-alive',
  'upgrade-insecure-requests' => '1',
  'user-agent' => 'Mozilla/5.0 (Windows NT 6.1; WOW64) AppleWebKit/537.36 (KHTML, like Gecko) Chrome/67.0.3396.99 Safari/537.36',
  'accept' => 'text/html,application/xhtml+xml,application/xml;q=0.9,image/webp,image/apng,*/*;q=0.8',
  'referer' => 'http://39.104.67.26:8901/index/index/index/login',
  'accept-encoding' => 'gzip, deflate',
  'accept-language' => 'zh-CN,zh;q=0.9',
  'cookie' => 'PHPSESSID=2ujtmj6slmerkp7l67u84fjeq0',
)
[ info ] [ PARAM ] array (
)
[ info ] [ RUN ] app\platform\controller\User->index[ C:\thinkphp\application\platform\controller\User.php ]
[ info ] [ VIEW ] C:\thinkphp/application/platform\view\user\login.html [ array (
) ]
[ info ] [ SESSION ] INIT array (
  'id' => '',
  'var_session_id' => '',
  'prefix' => 'think',
  'type' => '',
  'auto_start' => true,
)
[ info ] [ LOG ] INIT File
---------------------------------------------------------------
[ 2018-12-04T16:48:53+08:00 ] 172.24.189.12 123.122.82.206 GET /platform/index/index.html
[ info ] 39.104.67.26:8901/platform/index/index.html [运行时间：0.140624s][吞吐率：7.11req/s] [内存消耗：2,100.66kb] [文件加载：42]
[ info ] [ LANG ] C:\thinkphp\thinkphp\lang\zh-cn.php
[ info ] [ ROUTE ] array (
  'type' => 'module',
  'module' => 
  array (
    0 => 'platform',
    1 => 'index',
    2 => 'index',
  ),
)
[ info ] [ HEADER ] array (
  'host' => '39.104.67.26:8901',
  'connection' => 'keep-alive',
  'upgrade-insecure-requests' => '1',
  'user-agent' => 'Mozilla/5.0 (Windows NT 6.1; WOW64) AppleWebKit/537.36 (KHTML, like Gecko) Chrome/67.0.3396.99 Safari/537.36',
  'accept' => 'text/html,application/xhtml+xml,application/xml;q=0.9,image/webp,image/apng,*/*;q=0.8',
  'referer' => 'http://39.104.67.26:8901/platform/user/index.html',
  'accept-encoding' => 'gzip, deflate',
  'accept-language' => 'zh-CN,zh;q=0.9',
  'cookie' => 'PHPSESSID=2ujtmj6slmerkp7l67u84fjeq0',
)
[ info ] [ PARAM ] array (
)
[ info ] [ SESSION ] INIT array (
  'id' => '',
  'var_session_id' => '',
  'prefix' => 'think',
  'type' => '',
  'auto_start' => true,
)
[ info ] [ DB ] INIT mysql
[ info ] [ RUN ] app\platform\controller\Index->index[ C:\thinkphp\application\platform\controller\Index.php ]
[ info ] [ VIEW ] C:\thinkphp/application/platform\view\index\index.html [ array (
  0 => 'menu',
) ]
[ info ] [ LOG ] INIT File
[ sql ] [ DB ] CONNECT:[ UseTime:0.000000s ] mysql:dbname=tp5;host=127.0.0.1;charset=utf8
[ sql ] [ SQL ] SHOW COLUMNS FROM `qs_experiment_application` [ RunTime:0.031250s ]
[ sql ] [ SQL ] SELECT * FROM `qs_experiment_application` WHERE  `uid` = 123 ORDER BY `id`  ASC [ RunTime:0.031250s ]
[ sql ] [ SQL ] SHOW COLUMNS FROM `qs_experiment_device` [ RunTime:0.015625s ]
[ sql ] [ SQL ] SELECT * FROM `qs_experiment_device` WHERE  `aid` = 47 ORDER BY `id`  ASC [ RunTime:0.031249s ]
---------------------------------------------------------------
[ 2018-12-04T16:48:53+08:00 ] 172.24.189.12 123.122.82.206 GET /platform/index/welcome.html
[ info ] 39.104.67.26:8901/platform/index/welcome.html [运行时间：0.046874s][吞吐率：21.33req/s] [内存消耗：2,038.98kb] [文件加载：41]
[ info ] [ LANG ] C:\thinkphp\thinkphp\lang\zh-cn.php
[ info ] [ ROUTE ] array (
  'type' => 'module',
  'module' => 
  array (
    0 => 'platform',
    1 => 'index',
    2 => 'welcome',
  ),
)
[ info ] [ HEADER ] array (
  'host' => '39.104.67.26:8901',
  'connection' => 'keep-alive',
  'upgrade-insecure-requests' => '1',
  'user-agent' => 'Mozilla/5.0 (Windows NT 6.1; WOW64) AppleWebKit/537.36 (KHTML, like Gecko) Chrome/67.0.3396.99 Safari/537.36',
  'accept' => 'text/html,application/xhtml+xml,application/xml;q=0.9,image/webp,image/apng,*/*;q=0.8',
  'referer' => 'http://39.104.67.26:8901/platform/index/index.html',
  'accept-encoding' => 'gzip, deflate',
  'accept-language' => 'zh-CN,zh;q=0.9',
  'cookie' => 'PHPSESSID=2ujtmj6slmerkp7l67u84fjeq0',
)
[ info ] [ PARAM ] array (
)
[ info ] [ SESSION ] INIT array (
  'id' => '',
  'var_session_id' => '',
  'prefix' => 'think',
  'type' => '',
  'auto_start' => true,
)
[ info ] [ DB ] INIT mysql
[ info ] [ RUN ] app\platform\controller\Index->welcome[ C:\thinkphp\application\platform\controller\Index.php ]
[ info ] [ VIEW ] C:\thinkphp/application/platform\view\index\welcome.html [ array (
  0 => 'menu',
) ]
[ info ] [ LOG ] INIT File
[ sql ] [ DB ] CONNECT:[ UseTime:0.000000s ] mysql:dbname=tp5;host=127.0.0.1;charset=utf8
[ sql ] [ SQL ] SHOW COLUMNS FROM `qs_experiment_application` [ RunTime:0.000000s ]
[ sql ] [ SQL ] SELECT * FROM `qs_experiment_application` WHERE  `uid` = 123 ORDER BY `id`  ASC [ RunTime:0.000000s ]
[ sql ] [ SQL ] SHOW COLUMNS FROM `qs_experiment_device` [ RunTime:0.015625s ]
[ sql ] [ SQL ] SELECT * FROM `qs_experiment_device` WHERE  `aid` = 47 ORDER BY `id`  ASC [ RunTime:0.000000s ]
---------------------------------------------------------------
[ 2018-12-04T16:48:56+08:00 ] 172.24.189.12 123.122.82.206 GET /platform/show/select/serial/Dc0jkKSH/devicetype/17.html
[ info ] 39.104.67.26:8901/platform/show/select/serial/Dc0jkKSH/devicetype/17.html [运行时间：0.203124s][吞吐率：4.92req/s] [内存消耗：2,260.14kb] [文件加载：44]
[ info ] [ LANG ] C:\thinkphp\thinkphp\lang\zh-cn.php
[ info ] [ ROUTE ] array (
  'type' => 'module',
  'module' => 
  array (
    0 => 'platform',
    1 => 'show',
    2 => 'select',
  ),
)
[ info ] [ HEADER ] array (
  'host' => '39.104.67.26:8901',
  'connection' => 'keep-alive',
  'upgrade-insecure-requests' => '1',
  'user-agent' => 'Mozilla/5.0 (Windows NT 6.1; WOW64) AppleWebKit/537.36 (KHTML, like Gecko) Chrome/67.0.3396.99 Safari/537.36',
  'accept' => 'text/html,application/xhtml+xml,application/xml;q=0.9,image/webp,image/apng,*/*;q=0.8',
  'referer' => 'http://39.104.67.26:8901/platform/index/index.html',
  'accept-encoding' => 'gzip, deflate',
  'accept-language' => 'zh-CN,zh;q=0.9',
  'cookie' => 'PHPSESSID=2ujtmj6slmerkp7l67u84fjeq0',
)
[ info ] [ PARAM ] array (
  'serial' => 'Dc0jkKSH',
  'devicetype' => '17',
)
[ info ] [ RUN ] app\platform\controller\Show->select[ C:\thinkphp\application\platform\controller\Show.php ]
[ info ] [ DB ] INIT mysql
[ info ] [ VIEW ] C:\thinkphp/application/platform\view\show\show17.html [ array (
  0 => 'datas',
  1 => 'type',
  2 => 'serial',
) ]
[ info ] [ LOG ] INIT File
[ sql ] [ DB ] CONNECT:[ UseTime:0.000000s ] mysql:dbname=tp5;host=127.0.0.1;charset=utf8
[ sql ] [ SQL ] SHOW COLUMNS FROM `qs_experiment_type_store` [ RunTime:0.015625s ]
[ sql ] [ SQL ] SELECT * FROM `qs_experiment_type_store` WHERE  `id` = 17 LIMIT 1 [ RunTime:0.015625s ]
[ sql ] [ SQL ] SHOW COLUMNS FROM `qs_qimin` [ RunTime:0.140624s ]
[ sql ] [ SQL ] SELECT COUNT(*) AS tp_count FROM `qs_qimin` WHERE  `serial` = 'Dc0jkKSH' LIMIT 1 [ RunTime:0.000000s ]
[ sql ] [ SQL ] SELECT * FROM `qs_qimin` WHERE  `serial` = 'Dc0jkKSH' ORDER BY id desc LIMIT 0,10 [ RunTime:0.000000s ]
