---------------------------------------------------------------
[ 2018-12-08T05:05:49+08:00 ] 172.24.189.12 123.126.113.183 GET /robots.txt
[ info ] 39.104.67.26/robots.txt [运行时间：0.146115s][吞吐率：6.84req/s] [内存消耗：1,024.86kb] [文件加载：28]
[ info ] [ LANG ] C:\thinkphp\thinkphp\lang\zh-cn.php
[ info ] [ ROUTE ] array (
  'type' => 'module',
  'module' => 
  array (
    0 => 'robots.txt',
    1 => NULL,
    2 => NULL,
  ),
)
[ info ] [ HEADER ] array (
  'host' => '39.104.67.26',
  'accept' => 'text/*',
  'accept-encoding' => 'deflate',
  'user-agent' => 'Sogou web spider/4.0(+http://www.sogou.com/docs/help/webmasters.htm#07)',
  'connection' => 'close',
)
[ info ] [ PARAM ] array (
)
[ info ] [ LOG ] INIT File
---------------------------------------------------------------
[ 2018-12-08T05:05:49+08:00 ] 172.24.189.12 123.126.113.183 GET /
[ info ] 39.104.67.26:8901/ [运行时间：0.262032s][吞吐率：3.82req/s] [内存消耗：2,105.25kb] [文件加载：41]
[ info ] [ LANG ] C:\thinkphp\thinkphp\lang\zh-cn.php
[ info ] [ ROUTE ] array (
  'type' => 'module',
  'module' => 
  array (
    0 => '',
    1 => NULL,
    2 => NULL,
  ),
)
[ info ] [ HEADER ] array (
  'host' => '39.104.67.26:8901',
  'accept' => '*/*',
  'accept-language' => 'zh-cn',
  'accept-encoding' => 'gzip,deflate',
  'user-agent' => 'Sogou web spider/4.0(+http://www.sogou.com/docs/help/webmasters.htm#07)',
  'connection' => 'close',
)
[ info ] [ PARAM ] array (
)
[ info ] [ RUN ] app\index\controller\Index->index[ C:\thinkphp\application\index\controller\Index.php ]
[ info ] [ SESSION ] INIT array (
  'id' => '',
  'var_session_id' => '',
  'prefix' => 'think',
  'type' => '',
  'auto_start' => true,
)
[ info ] [ DB ] INIT mysql
[ info ] [ VIEW ] C:\thinkphp/application/index\view\index\index.html [ array (
  0 => 'event',
) ]
[ info ] [ LOG ] INIT File
[ sql ] [ DB ] CONNECT:[ UseTime:0.001948s ] mysql:dbname=tp5;host=127.0.0.1;charset=utf8
[ sql ] [ SQL ] SHOW COLUMNS FROM `qs_event` [ RunTime:0.048705s ]
[ sql ] [ SQL ] SELECT * FROM `qs_event` ORDER BY id asc [ RunTime:0.000974s ]
---------------------------------------------------------------
[ 2018-12-08T05:05:52+08:00 ] 172.24.189.12 106.120.173.148 GET /robots.txt
[ info ] 39.104.67.26/robots.txt [运行时间：0.044808s][吞吐率：22.32req/s] [内存消耗：1,024.87kb] [文件加载：28]
[ info ] [ LANG ] C:\thinkphp\thinkphp\lang\zh-cn.php
[ info ] [ ROUTE ] array (
  'type' => 'module',
  'module' => 
  array (
    0 => 'robots.txt',
    1 => NULL,
    2 => NULL,
  ),
)
[ info ] [ HEADER ] array (
  'host' => '39.104.67.26',
  'accept' => 'text/*',
  'accept-encoding' => 'deflate',
  'user-agent' => 'Sogou web spider/4.0(+http://www.sogou.com/docs/help/webmasters.htm#07)',
  'connection' => 'close',
)
[ info ] [ PARAM ] array (
)
[ info ] [ LOG ] INIT File
