---------------------------------------------------------------
[ 2018-12-10T20:09:54+08:00 ] 172.24.189.12 61.48.52.162 GET /platform/index/index.html
[ info ] 39.104.67.26:8901/platform/index/index.html [运行时间：2.579200s][吞吐率：0.39req/s] [内存消耗：1,365.88kb] [文件加载：36]
[ info ] [ LANG ] C:\thinkphp\thinkphp\lang\zh-cn.php
[ info ] [ ROUTE ] array (
  'type' => 'module',
  'module' => 
  array (
    0 => 'platform',
    1 => 'index',
    2 => 'index',
  ),
)
[ info ] [ HEADER ] array (
  'host' => '39.104.67.26:8901',
  'connection' => 'keep-alive',
  'upgrade-insecure-requests' => '1',
  'user-agent' => 'Mozilla/5.0 (Windows NT 10.0; Win64; x64) AppleWebKit/537.36 (KHTML, like Gecko) Chrome/67.0.3396.87 Safari/537.36',
  'accept' => 'text/html,application/xhtml+xml,application/xml;q=0.9,image/webp,image/apng,*/*;q=0.8',
  'accept-encoding' => 'gzip, deflate',
  'accept-language' => 'zh-CN,zh;q=0.9',
)
[ info ] [ PARAM ] array (
)
[ info ] [ SESSION ] INIT array (
  'id' => '',
  'var_session_id' => '',
  'prefix' => 'think',
  'type' => '',
  'auto_start' => true,
)
[ info ] [ LOG ] INIT File
---------------------------------------------------------------
[ 2018-12-10T20:09:55+08:00 ] 172.24.189.12 61.48.52.162 GET /platform/user/login.html
[ info ] 39.104.67.26:8901/platform/user/login.html [运行时间：0.406265s][吞吐率：2.46req/s] [内存消耗：1,333.17kb] [文件加载：34]
[ info ] [ LANG ] C:\thinkphp\thinkphp\lang\zh-cn.php
[ info ] [ ROUTE ] array (
  'type' => 'module',
  'module' => 
  array (
    0 => 'platform',
    1 => 'user',
    2 => 'login',
  ),
)
[ info ] [ HEADER ] array (
  'host' => '39.104.67.26:8901',
  'connection' => 'keep-alive',
  'upgrade-insecure-requests' => '1',
  'user-agent' => 'Mozilla/5.0 (Windows NT 10.0; Win64; x64) AppleWebKit/537.36 (KHTML, like Gecko) Chrome/67.0.3396.87 Safari/537.36',
  'accept' => 'text/html,application/xhtml+xml,application/xml;q=0.9,image/webp,image/apng,*/*;q=0.8',
  'accept-encoding' => 'gzip, deflate',
  'accept-language' => 'zh-CN,zh;q=0.9',
  'cookie' => 'PHPSESSID=g5lcpa4rhtnro055o2n9g47ai1',
)
[ info ] [ PARAM ] array (
)
[ info ] [ RUN ] app\platform\controller\User->login[ C:\thinkphp\application\platform\controller\User.php ]
[ info ] [ LOG ] INIT File
---------------------------------------------------------------
[ 2018-12-10T20:09:56+08:00 ] 172.24.189.12 61.48.52.162 GET /platform/user/index.html
[ info ] 39.104.67.26:8901/platform/user/index.html [运行时间：0.727567s][吞吐率：1.37req/s] [内存消耗：1,304.34kb] [文件加载：33]
[ info ] [ LANG ] C:\thinkphp\thinkphp\lang\zh-cn.php
[ info ] [ ROUTE ] array (
  'type' => 'module',
  'module' => 
  array (
    0 => 'platform',
    1 => 'user',
    2 => 'index',
  ),
)
[ info ] [ HEADER ] array (
  'host' => '39.104.67.26:8901',
  'connection' => 'keep-alive',
  'upgrade-insecure-requests' => '1',
  'user-agent' => 'Mozilla/5.0 (Windows NT 10.0; Win64; x64) AppleWebKit/537.36 (KHTML, like Gecko) Chrome/67.0.3396.87 Safari/537.36',
  'accept' => 'text/html,application/xhtml+xml,application/xml;q=0.9,image/webp,image/apng,*/*;q=0.8',
  'accept-encoding' => 'gzip, deflate',
  'accept-language' => 'zh-CN,zh;q=0.9',
  'cookie' => 'PHPSESSID=g5lcpa4rhtnro055o2n9g47ai1',
)
[ info ] [ PARAM ] array (
)
[ info ] [ RUN ] app\platform\controller\User->index[ C:\thinkphp\application\platform\controller\User.php ]
[ info ] [ VIEW ] C:\thinkphp/application/platform\view\user\login.html [ array (
) ]
[ info ] [ SESSION ] INIT array (
  'id' => '',
  'var_session_id' => '',
  'prefix' => 'think',
  'type' => '',
  'auto_start' => true,
)
[ info ] [ LOG ] INIT File
---------------------------------------------------------------
[ 2018-12-10T20:09:59+08:00 ] 172.24.189.12 61.48.52.162 POST /platform/user/login
[ info ] 39.104.67.26:8901/platform/user/login [运行时间：0.628931s][吞吐率：1.59req/s] [内存消耗：2,291.20kb] [文件加载：44]
[ info ] [ LANG ] C:\thinkphp\thinkphp\lang\zh-cn.php
[ info ] [ ROUTE ] array (
  'type' => 'module',
  'module' => 
  array (
    0 => 'platform',
    1 => 'user',
    2 => 'login',
  ),
)
[ info ] [ HEADER ] array (
  'host' => '39.104.67.26:8901',
  'connection' => 'keep-alive',
  'content-length' => '34',
  'accept' => 'application/json, text/javascript, */*; q=0.01',
  'origin' => 'http://39.104.67.26:8901',
  'x-requested-with' => 'XMLHttpRequest',
  'user-agent' => 'Mozilla/5.0 (Windows NT 10.0; Win64; x64) AppleWebKit/537.36 (KHTML, like Gecko) Chrome/67.0.3396.87 Safari/537.36',
  'content-type' => 'application/x-www-form-urlencoded; charset=UTF-8',
  'referer' => 'http://39.104.67.26:8901/platform/user/index.html',
  'accept-encoding' => 'gzip, deflate',
  'accept-language' => 'zh-CN,zh;q=0.9',
  'cookie' => 'PHPSESSID=g5lcpa4rhtnro055o2n9g47ai1',
)
[ info ] [ PARAM ] array (
  'username' => 'bkrciot',
  'password' => '12345678',
)
[ info ] [ RUN ] app\platform\controller\User->login[ C:\thinkphp\application\platform\controller\User.php ]
[ info ] [ DB ] INIT mysql
[ info ] [ SESSION ] INIT array (
  'id' => '',
  'var_session_id' => '',
  'prefix' => 'think',
  'type' => '',
  'auto_start' => true,
)
[ info ] [ LOG ] INIT File
[ sql ] [ DB ] CONNECT:[ UseTime:0.031251s ] mysql:dbname=tp5;host=127.0.0.1;charset=utf8
[ sql ] [ SQL ] SHOW COLUMNS FROM `qs_user` [ RunTime:0.036134s ]
[ sql ] [ SQL ] SELECT `id` FROM `qs_user` WHERE  `username` = 'bkrciot' LIMIT 1 [ RunTime:0.012696s ]
[ sql ] [ SQL ] SELECT `password` FROM `qs_user` WHERE  `username` = 'bkrciot' LIMIT 1 [ RunTime:0.001953s ]
[ sql ] [ SQL ] UPDATE `qs_user`  SET `last_login_ip`='61.48.52.162',`last_login_time`='2018-12-10 08:09:59'  WHERE  `username` = 'bkrciot' [ RunTime:0.004883s ]
---------------------------------------------------------------
[ 2018-12-10T20:10:01+08:00 ] 172.24.189.12 61.48.52.162 POST /platform/user/login
[ info ] 39.104.67.26:8901/platform/user/login [运行时间：3.840968s][吞吐率：0.26req/s] [内存消耗：2,291.18kb] [文件加载：44]
[ info ] [ LANG ] C:\thinkphp\thinkphp\lang\zh-cn.php
[ info ] [ ROUTE ] array (
  'type' => 'module',
  'module' => 
  array (
    0 => 'platform',
    1 => 'user',
    2 => 'login',
  ),
)
[ info ] [ HEADER ] array (
  'host' => '39.104.67.26:8901',
  'connection' => 'keep-alive',
  'content-length' => '34',
  'accept' => 'application/json, text/javascript, */*; q=0.01',
  'origin' => 'http://39.104.67.26:8901',
  'x-requested-with' => 'XMLHttpRequest',
  'user-agent' => 'Mozilla/5.0 (Windows NT 10.0; Win64; x64) AppleWebKit/537.36 (KHTML, like Gecko) Chrome/67.0.3396.87 Safari/537.36',
  'content-type' => 'application/x-www-form-urlencoded; charset=UTF-8',
  'referer' => 'http://39.104.67.26:8901/platform/user/index.html',
  'accept-encoding' => 'gzip, deflate',
  'accept-language' => 'zh-CN,zh;q=0.9',
  'cookie' => 'PHPSESSID=g5lcpa4rhtnro055o2n9g47ai1',
)
[ info ] [ PARAM ] array (
  'username' => 'bkrciot',
  'password' => '12345678',
)
[ info ] [ RUN ] app\platform\controller\User->login[ C:\thinkphp\application\platform\controller\User.php ]
[ info ] [ DB ] INIT mysql
[ info ] [ SESSION ] INIT array (
  'id' => '',
  'var_session_id' => '',
  'prefix' => 'think',
  'type' => '',
  'auto_start' => true,
)
[ info ] [ LOG ] INIT File
[ sql ] [ DB ] CONNECT:[ UseTime:0.008789s ] mysql:dbname=tp5;host=127.0.0.1;charset=utf8
[ sql ] [ SQL ] SHOW COLUMNS FROM `qs_user` [ RunTime:0.765654s ]
[ sql ] [ SQL ] SELECT `id` FROM `qs_user` WHERE  `username` = 'bkrciot' LIMIT 1 [ RunTime:0.005860s ]
[ sql ] [ SQL ] SELECT `password` FROM `qs_user` WHERE  `username` = 'bkrciot' LIMIT 1 [ RunTime:0.002929s ]
[ sql ] [ SQL ] UPDATE `qs_user`  SET `last_login_ip`='61.48.52.162',`last_login_time`='2018-12-10 08:09:59'  WHERE  `username` = 'bkrciot' [ RunTime:0.003906s ]
---------------------------------------------------------------
[ 2018-12-10T20:10:01+08:00 ] 172.24.189.12 61.48.52.162 GET /platform/user/index/index
[ info ] 39.104.67.26:8901/platform/user/index/index [运行时间：0.275401s][吞吐率：3.63req/s] [内存消耗：1,366.74kb] [文件加载：34]
[ info ] [ LANG ] C:\thinkphp\thinkphp\lang\zh-cn.php
[ info ] [ ROUTE ] array (
  'type' => 'module',
  'module' => 
  array (
    0 => 'platform',
    1 => 'user',
    2 => 'index',
  ),
)
[ info ] [ HEADER ] array (
  'host' => '39.104.67.26:8901',
  'connection' => 'keep-alive',
  'upgrade-insecure-requests' => '1',
  'user-agent' => 'Mozilla/5.0 (Windows NT 10.0; Win64; x64) AppleWebKit/537.36 (KHTML, like Gecko) Chrome/67.0.3396.87 Safari/537.36',
  'accept' => 'text/html,application/xhtml+xml,application/xml;q=0.9,image/webp,image/apng,*/*;q=0.8',
  'referer' => 'http://39.104.67.26:8901/platform/user/index.html',
  'accept-encoding' => 'gzip, deflate',
  'accept-language' => 'zh-CN,zh;q=0.9',
  'cookie' => 'PHPSESSID=g5lcpa4rhtnro055o2n9g47ai1',
)
[ info ] [ PARAM ] array (
)
[ info ] [ RUN ] app\platform\controller\User->index[ C:\thinkphp\application\platform\controller\User.php ]
[ info ] [ VIEW ] C:\thinkphp/application/platform\view\user\login.html [ array (
) ]
[ info ] [ SESSION ] INIT array (
  'id' => '',
  'var_session_id' => '',
  'prefix' => 'think',
  'type' => '',
  'auto_start' => true,
)
[ info ] [ LOG ] INIT File
---------------------------------------------------------------
[ 2018-12-10T20:10:03+08:00 ] 172.24.189.12 61.48.52.162 GET /platform/index/index.html
[ info ] 39.104.67.26:8901/platform/index/index.html [运行时间：1.381889s][吞吐率：0.72req/s] [内存消耗：2,105.05kb] [文件加载：42]
[ info ] [ LANG ] C:\thinkphp\thinkphp\lang\zh-cn.php
[ info ] [ ROUTE ] array (
  'type' => 'module',
  'module' => 
  array (
    0 => 'platform',
    1 => 'index',
    2 => 'index',
  ),
)
[ info ] [ HEADER ] array (
  'host' => '39.104.67.26:8901',
  'connection' => 'keep-alive',
  'upgrade-insecure-requests' => '1',
  'user-agent' => 'Mozilla/5.0 (Windows NT 10.0; Win64; x64) AppleWebKit/537.36 (KHTML, like Gecko) Chrome/67.0.3396.87 Safari/537.36',
  'accept' => 'text/html,application/xhtml+xml,application/xml;q=0.9,image/webp,image/apng,*/*;q=0.8',
  'referer' => 'http://39.104.67.26:8901/platform/user/index/index',
  'accept-encoding' => 'gzip, deflate',
  'accept-language' => 'zh-CN,zh;q=0.9',
  'cookie' => 'PHPSESSID=g5lcpa4rhtnro055o2n9g47ai1',
)
[ info ] [ PARAM ] array (
)
[ info ] [ SESSION ] INIT array (
  'id' => '',
  'var_session_id' => '',
  'prefix' => 'think',
  'type' => '',
  'auto_start' => true,
)
[ info ] [ DB ] INIT mysql
[ info ] [ RUN ] app\platform\controller\Index->index[ C:\thinkphp\application\platform\controller\Index.php ]
[ info ] [ VIEW ] C:\thinkphp/application/platform\view\index\index.html [ array (
  0 => 'menu',
) ]
[ info ] [ LOG ] INIT File
[ sql ] [ DB ] CONNECT:[ UseTime:0.005860s ] mysql:dbname=tp5;host=127.0.0.1;charset=utf8
[ sql ] [ SQL ] SHOW COLUMNS FROM `qs_experiment_application` [ RunTime:0.298840s ]
[ sql ] [ SQL ] SELECT * FROM `qs_experiment_application` WHERE  `uid` = 112 ORDER BY `id`  ASC [ RunTime:0.115238s ]
[ sql ] [ SQL ] SHOW COLUMNS FROM `qs_experiment_device` [ RunTime:0.139654s ]
[ sql ] [ SQL ] SELECT * FROM `qs_experiment_device` WHERE  `aid` = 32 ORDER BY `id`  ASC [ RunTime:0.183601s ]
---------------------------------------------------------------
[ 2018-12-10T20:10:06+08:00 ] 172.24.189.12 61.48.52.162 GET /platform/index/welcome.html
[ info ] 39.104.67.26:8901/platform/index/welcome.html [运行时间：1.135786s][吞吐率：0.88req/s] [内存消耗：2,043.30kb] [文件加载：41]
[ info ] [ LANG ] C:\thinkphp\thinkphp\lang\zh-cn.php
[ info ] [ ROUTE ] array (
  'type' => 'module',
  'module' => 
  array (
    0 => 'platform',
    1 => 'index',
    2 => 'welcome',
  ),
)
[ info ] [ HEADER ] array (
  'host' => '39.104.67.26:8901',
  'connection' => 'keep-alive',
  'upgrade-insecure-requests' => '1',
  'user-agent' => 'Mozilla/5.0 (Windows NT 10.0; Win64; x64) AppleWebKit/537.36 (KHTML, like Gecko) Chrome/67.0.3396.87 Safari/537.36',
  'accept' => 'text/html,application/xhtml+xml,application/xml;q=0.9,image/webp,image/apng,*/*;q=0.8',
  'referer' => 'http://39.104.67.26:8901/platform/index/index.html',
  'accept-encoding' => 'gzip, deflate',
  'accept-language' => 'zh-CN,zh;q=0.9',
  'cookie' => 'PHPSESSID=g5lcpa4rhtnro055o2n9g47ai1',
)
[ info ] [ PARAM ] array (
)
[ info ] [ SESSION ] INIT array (
  'id' => '',
  'var_session_id' => '',
  'prefix' => 'think',
  'type' => '',
  'auto_start' => true,
)
[ info ] [ DB ] INIT mysql
[ info ] [ RUN ] app\platform\controller\Index->welcome[ C:\thinkphp\application\platform\controller\Index.php ]
[ info ] [ VIEW ] C:\thinkphp/application/platform\view\index\welcome.html [ array (
  0 => 'menu',
) ]
[ info ] [ LOG ] INIT File
[ sql ] [ DB ] CONNECT:[ UseTime:0.015626s ] mysql:dbname=tp5;host=127.0.0.1;charset=utf8
[ sql ] [ SQL ] SHOW COLUMNS FROM `qs_experiment_application` [ RunTime:0.040041s ]
[ sql ] [ SQL ] SELECT * FROM `qs_experiment_application` WHERE  `uid` = 112 ORDER BY `id`  ASC [ RunTime:0.003906s ]
[ sql ] [ SQL ] SHOW COLUMNS FROM `qs_experiment_device` [ RunTime:0.033204s ]
[ sql ] [ SQL ] SELECT * FROM `qs_experiment_device` WHERE  `aid` = 32 ORDER BY `id`  ASC [ RunTime:0.002930s ]
---------------------------------------------------------------
[ 2018-12-10T20:10:10+08:00 ] 172.24.189.12 61.48.52.162 GET /platform/show/select/serial/b4buZqPu/devicetype/3.html
[ info ] 39.104.67.26:8901/platform/show/select/serial/b4buZqPu/devicetype/3.html [运行时间：4.168129s][吞吐率：0.24req/s] [内存消耗：2,271.89kb] [文件加载：44]
[ info ] [ LANG ] C:\thinkphp\thinkphp\lang\zh-cn.php
[ info ] [ ROUTE ] array (
  'type' => 'module',
  'module' => 
  array (
    0 => 'platform',
    1 => 'show',
    2 => 'select',
  ),
)
[ info ] [ HEADER ] array (
  'host' => '39.104.67.26:8901',
  'connection' => 'keep-alive',
  'upgrade-insecure-requests' => '1',
  'user-agent' => 'Mozilla/5.0 (Windows NT 10.0; Win64; x64) AppleWebKit/537.36 (KHTML, like Gecko) Chrome/67.0.3396.87 Safari/537.36',
  'accept' => 'text/html,application/xhtml+xml,application/xml;q=0.9,image/webp,image/apng,*/*;q=0.8',
  'referer' => 'http://39.104.67.26:8901/platform/index/index.html',
  'accept-encoding' => 'gzip, deflate',
  'accept-language' => 'zh-CN,zh;q=0.9',
  'cookie' => 'PHPSESSID=g5lcpa4rhtnro055o2n9g47ai1',
)
[ info ] [ PARAM ] array (
  'serial' => 'b4buZqPu',
  'devicetype' => '3',
)
[ info ] [ RUN ] app\platform\controller\Show->select[ C:\thinkphp\application\platform\controller\Show.php ]
[ info ] [ DB ] INIT mysql
[ info ] [ VIEW ] C:\thinkphp/application/platform\view\show\show3.html [ array (
  0 => 'datas',
  1 => 'type',
  2 => 'serial',
) ]
[ info ] [ LOG ] INIT File
[ sql ] [ DB ] CONNECT:[ UseTime:0.011719s ] mysql:dbname=tp5;host=127.0.0.1;charset=utf8
[ sql ] [ SQL ] SHOW COLUMNS FROM `qs_experiment_type_store` [ RunTime:0.326185s ]
[ sql ] [ SQL ] SELECT * FROM `qs_experiment_type_store` WHERE  `id` = 3 LIMIT 1 [ RunTime:0.305676s ]
[ sql ] [ SQL ] SHOW COLUMNS FROM `qs_tempandhum` [ RunTime:0.423844s ]
[ sql ] [ SQL ] SELECT COUNT(*) AS tp_count FROM `qs_tempandhum` WHERE  `serial` = 'b4buZqPu' LIMIT 1 [ RunTime:1.524473s ]
[ sql ] [ SQL ] SELECT * FROM `qs_tempandhum` WHERE  `serial` = 'b4buZqPu' ORDER BY id desc LIMIT 0,10 [ RunTime:0.033204s ]
---------------------------------------------------------------
[ 2018-12-10T20:10:21+08:00 ] 172.24.189.12 61.48.52.162 GET /platform/show/select/serial/LrUEPPXL/devicetype/8.html
[ info ] 39.104.67.26:8901/platform/show/select/serial/LrUEPPXL/devicetype/8.html [运行时间：2.143637s][吞吐率：0.47req/s] [内存消耗：2,270.17kb] [文件加载：44]
[ info ] [ LANG ] C:\thinkphp\thinkphp\lang\zh-cn.php
[ info ] [ ROUTE ] array (
  'type' => 'module',
  'module' => 
  array (
    0 => 'platform',
    1 => 'show',
    2 => 'select',
  ),
)
[ info ] [ HEADER ] array (
  'host' => '39.104.67.26:8901',
  'connection' => 'keep-alive',
  'upgrade-insecure-requests' => '1',
  'user-agent' => 'Mozilla/5.0 (Windows NT 10.0; Win64; x64) AppleWebKit/537.36 (KHTML, like Gecko) Chrome/67.0.3396.87 Safari/537.36',
  'accept' => 'text/html,application/xhtml+xml,application/xml;q=0.9,image/webp,image/apng,*/*;q=0.8',
  'referer' => 'http://39.104.67.26:8901/platform/index/index.html',
  'accept-encoding' => 'gzip, deflate',
  'accept-language' => 'zh-CN,zh;q=0.9',
  'cookie' => 'PHPSESSID=g5lcpa4rhtnro055o2n9g47ai1',
)
[ info ] [ PARAM ] array (
  'serial' => 'LrUEPPXL',
  'devicetype' => '8',
)
[ info ] [ RUN ] app\platform\controller\Show->select[ C:\thinkphp\application\platform\controller\Show.php ]
[ info ] [ DB ] INIT mysql
[ info ] [ VIEW ] C:\thinkphp/application/platform\view\show\show8.html [ array (
  0 => 'datas',
  1 => 'type',
  2 => 'serial',
) ]
[ info ] [ LOG ] INIT File
[ sql ] [ DB ] CONNECT:[ UseTime:0.017579s ] mysql:dbname=tp5;host=127.0.0.1;charset=utf8
[ sql ] [ SQL ] SHOW COLUMNS FROM `qs_experiment_type_store` [ RunTime:0.038087s ]
[ sql ] [ SQL ] SELECT * FROM `qs_experiment_type_store` WHERE  `id` = 8 LIMIT 1 [ RunTime:0.003906s ]
[ sql ] [ SQL ] SHOW COLUMNS FROM `qs_guangzhaodu` [ RunTime:0.399429s ]
[ sql ] [ SQL ] SELECT COUNT(*) AS tp_count FROM `qs_guangzhaodu` WHERE  `serial` = 'LrUEPPXL' LIMIT 1 [ RunTime:0.665064s ]
[ sql ] [ SQL ] SELECT * FROM `qs_guangzhaodu` WHERE  `serial` = 'LrUEPPXL' ORDER BY id desc LIMIT 0,10 [ RunTime:0.005859s ]
---------------------------------------------------------------
[ 2018-12-10T20:13:26+08:00 ] 172.24.189.12 61.48.52.162 GET /platform/show/select/serial/LrUEPPXL/devicetype/8.html?page=159
[ info ] 39.104.67.26:8901/platform/show/select/serial/LrUEPPXL/devicetype/8.html?page=159 [运行时间：0.634790s][吞吐率：1.58req/s] [内存消耗：2,262.47kb] [文件加载：44]
[ info ] [ LANG ] C:\thinkphp\thinkphp\lang\zh-cn.php
[ info ] [ ROUTE ] array (
  'type' => 'module',
  'module' => 
  array (
    0 => 'platform',
    1 => 'show',
    2 => 'select',
  ),
)
[ info ] [ HEADER ] array (
  'host' => '39.104.67.26:8901',
  'connection' => 'keep-alive',
  'upgrade-insecure-requests' => '1',
  'user-agent' => 'Mozilla/5.0 (Windows NT 10.0; Win64; x64) AppleWebKit/537.36 (KHTML, like Gecko) Chrome/67.0.3396.87 Safari/537.36',
  'accept' => 'text/html,application/xhtml+xml,application/xml;q=0.9,image/webp,image/apng,*/*;q=0.8',
  'referer' => 'http://39.104.67.26:8901/platform/show/select/serial/LrUEPPXL/devicetype/8.html',
  'accept-encoding' => 'gzip, deflate',
  'accept-language' => 'zh-CN,zh;q=0.9',
  'cookie' => 'PHPSESSID=g5lcpa4rhtnro055o2n9g47ai1',
)
[ info ] [ PARAM ] array (
  'page' => '159',
  'serial' => 'LrUEPPXL',
  'devicetype' => '8',
)
[ info ] [ RUN ] app\platform\controller\Show->select[ C:\thinkphp\application\platform\controller\Show.php ]
[ info ] [ DB ] INIT mysql
[ info ] [ VIEW ] C:\thinkphp/application/platform\view\show\show8.html [ array (
  0 => 'datas',
  1 => 'type',
  2 => 'serial',
) ]
[ info ] [ LOG ] INIT File
[ sql ] [ DB ] CONNECT:[ UseTime:0.012696s ] mysql:dbname=tp5;host=127.0.0.1;charset=utf8
[ sql ] [ SQL ] SHOW COLUMNS FROM `qs_experiment_type_store` [ RunTime:0.042970s ]
[ sql ] [ SQL ] SELECT * FROM `qs_experiment_type_store` WHERE  `id` = 8 LIMIT 1 [ RunTime:0.008789s ]
[ sql ] [ SQL ] SHOW COLUMNS FROM `qs_guangzhaodu` [ RunTime:0.047853s ]
[ sql ] [ SQL ] SELECT COUNT(*) AS tp_count FROM `qs_guangzhaodu` WHERE  `serial` = 'LrUEPPXL' LIMIT 1 [ RunTime:0.008790s ]
[ sql ] [ SQL ] SELECT * FROM `qs_guangzhaodu` WHERE  `serial` = 'LrUEPPXL' ORDER BY id desc LIMIT 1580,10 [ RunTime:0.009766s ]
---------------------------------------------------------------
[ 2018-12-10T20:13:30+08:00 ] 172.24.189.12 61.48.52.162 GET /platform/show/select/serial/LrUEPPXL/devicetype/8.html?page=157
[ info ] 39.104.67.26:8901/platform/show/select/serial/LrUEPPXL/devicetype/8.html?page=157 [运行时间：0.586936s][吞吐率：1.70req/s] [内存消耗：2,270.71kb] [文件加载：44]
[ info ] [ LANG ] C:\thinkphp\thinkphp\lang\zh-cn.php
[ info ] [ ROUTE ] array (
  'type' => 'module',
  'module' => 
  array (
    0 => 'platform',
    1 => 'show',
    2 => 'select',
  ),
)
[ info ] [ HEADER ] array (
  'host' => '39.104.67.26:8901',
  'connection' => 'keep-alive',
  'upgrade-insecure-requests' => '1',
  'user-agent' => 'Mozilla/5.0 (Windows NT 10.0; Win64; x64) AppleWebKit/537.36 (KHTML, like Gecko) Chrome/67.0.3396.87 Safari/537.36',
  'accept' => 'text/html,application/xhtml+xml,application/xml;q=0.9,image/webp,image/apng,*/*;q=0.8',
  'referer' => 'http://39.104.67.26:8901/platform/show/select/serial/LrUEPPXL/devicetype/8.html?page=159',
  'accept-encoding' => 'gzip, deflate',
  'accept-language' => 'zh-CN,zh;q=0.9',
  'cookie' => 'PHPSESSID=g5lcpa4rhtnro055o2n9g47ai1',
)
[ info ] [ PARAM ] array (
  'page' => '157',
  'serial' => 'LrUEPPXL',
  'devicetype' => '8',
)
[ info ] [ RUN ] app\platform\controller\Show->select[ C:\thinkphp\application\platform\controller\Show.php ]
[ info ] [ DB ] INIT mysql
[ info ] [ VIEW ] C:\thinkphp/application/platform\view\show\show8.html [ array (
  0 => 'datas',
  1 => 'type',
  2 => 'serial',
) ]
[ info ] [ LOG ] INIT File
[ sql ] [ DB ] CONNECT:[ UseTime:0.009766s ] mysql:dbname=tp5;host=127.0.0.1;charset=utf8
[ sql ] [ SQL ] SHOW COLUMNS FROM `qs_experiment_type_store` [ RunTime:0.045900s ]
[ sql ] [ SQL ] SELECT * FROM `qs_experiment_type_store` WHERE  `id` = 8 LIMIT 1 [ RunTime:0.002930s ]
[ sql ] [ SQL ] SHOW COLUMNS FROM `qs_guangzhaodu` [ RunTime:0.041994s ]
[ sql ] [ SQL ] SELECT COUNT(*) AS tp_count FROM `qs_guangzhaodu` WHERE  `serial` = 'LrUEPPXL' LIMIT 1 [ RunTime:0.007813s ]
[ sql ] [ SQL ] SELECT * FROM `qs_guangzhaodu` WHERE  `serial` = 'LrUEPPXL' ORDER BY id desc LIMIT 1560,10 [ RunTime:0.012695s ]
---------------------------------------------------------------
[ 2018-12-10T20:13:43+08:00 ] 172.24.189.12 61.48.52.162 GET /admin/user/index.html
[ info ] 39.104.67.26:8901/admin/user/index.html [运行时间：0.973670s][吞吐率：1.03req/s] [内存消耗：1,385.23kb] [文件加载：34]
[ info ] [ LANG ] C:\thinkphp\thinkphp\lang\zh-cn.php
[ info ] [ ROUTE ] array (
  'type' => 'module',
  'module' => 
  array (
    0 => 'admin',
    1 => 'user',
    2 => 'index',
  ),
)
[ info ] [ HEADER ] array (
  'host' => '39.104.67.26:8901',
  'connection' => 'keep-alive',
  'upgrade-insecure-requests' => '1',
  'user-agent' => 'Mozilla/5.0 (Windows NT 10.0; Win64; x64) AppleWebKit/537.36 (KHTML, like Gecko) Chrome/67.0.3396.87 Safari/537.36',
  'accept' => 'text/html,application/xhtml+xml,application/xml;q=0.9,image/webp,image/apng,*/*;q=0.8',
  'referer' => 'http://39.104.67.26:8901/platform/index/index.html',
  'accept-encoding' => 'gzip, deflate',
  'accept-language' => 'zh-CN,zh;q=0.9',
  'cookie' => 'PHPSESSID=g5lcpa4rhtnro055o2n9g47ai1',
)
[ info ] [ PARAM ] array (
)
[ info ] [ RUN ] app\admin\controller\User->index[ C:\thinkphp\application\admin\controller\User.php ]
[ info ] [ VIEW ] C:\thinkphp/application/admin\view\user\login.html [ array (
) ]
[ info ] [ SESSION ] INIT array (
  'id' => '',
  'var_session_id' => '',
  'prefix' => 'think',
  'type' => '',
  'auto_start' => true,
)
[ info ] [ LOG ] INIT File
---------------------------------------------------------------
[ 2018-12-10T20:13:45+08:00 ] 172.24.189.12 61.48.52.162 GET /admin/index/index.html
[ info ] 39.104.67.26:8901/admin/index/index.html [运行时间：1.932691s][吞吐率：0.52req/s] [内存消耗：2,128.79kb] [文件加载：43]
[ info ] [ LANG ] C:\thinkphp\thinkphp\lang\zh-cn.php
[ info ] [ ROUTE ] array (
  'type' => 'module',
  'module' => 
  array (
    0 => 'admin',
    1 => 'index',
    2 => 'index',
  ),
)
[ info ] [ HEADER ] array (
  'host' => '39.104.67.26:8901',
  'connection' => 'keep-alive',
  'upgrade-insecure-requests' => '1',
  'user-agent' => 'Mozilla/5.0 (Windows NT 10.0; Win64; x64) AppleWebKit/537.36 (KHTML, like Gecko) Chrome/67.0.3396.87 Safari/537.36',
  'accept' => 'text/html,application/xhtml+xml,application/xml;q=0.9,image/webp,image/apng,*/*;q=0.8',
  'referer' => 'http://39.104.67.26:8901/admin/user/index.html',
  'accept-encoding' => 'gzip, deflate',
  'accept-language' => 'zh-CN,zh;q=0.9',
  'cookie' => 'PHPSESSID=g5lcpa4rhtnro055o2n9g47ai1',
)
[ info ] [ PARAM ] array (
)
[ info ] [ SESSION ] INIT array (
  'id' => '',
  'var_session_id' => '',
  'prefix' => 'think',
  'type' => '',
  'auto_start' => true,
)
[ info ] [ DB ] INIT mysql
[ info ] [ RUN ] app\admin\controller\Index->index[ C:\thinkphp\application\admin\controller\Index.php ]
[ info ] [ VIEW ] C:\thinkphp/application/admin\view\index\index.html [ array (
  0 => 'menu',
) ]
[ info ] [ LOG ] INIT File
[ sql ] [ DB ] CONNECT:[ UseTime:0.006836s ] mysql:dbname=tp5;host=127.0.0.1;charset=utf8
[ sql ] [ SQL ] SHOW COLUMNS FROM `qs_auth_rule` [ RunTime:0.383804s ]
[ sql ] [ SQL ] SELECT * FROM `qs_auth_rule` WHERE  `status` = 1 ORDER BY `sort`  DESC,`id`  ASC [ RunTime:0.139653s ]
[ sql ] [ SQL ] SHOW COLUMNS FROM `qs_auth_group_access` [ RunTime:0.119146s ]
[ sql ] [ SQL ] SELECT `AuthGroupAccess`.`uid`,`AuthGroupAccess`.`group_id`,`AuthGroup`.`title`,`AuthGroup`.`rules` FROM `qs_auth_group_access` `AuthGroupAccess` LEFT JOIN `qs_auth_group` `AuthGroup` ON `AuthGroupAccess`.`group_id`=`AuthGroup`.`id` WHERE  (  AuthGroupAccess.uid='112' and AuthGroup.status='1' ) [ RunTime:0.160162s ]
[ sql ] [ SQL ] SELECT `condition`,`name` FROM `qs_auth_rule` WHERE  `id` IN (6,601,602,7)  AND `type` = 1 [ RunTime:0.003906s ]
---------------------------------------------------------------
[ 2018-12-10T20:13:47+08:00 ] 172.24.189.12 61.48.52.162 GET /admin/index/welcome.html
[ info ] 39.104.67.26:8901/admin/index/welcome.html [运行时间：0.748075s][吞吐率：1.34req/s] [内存消耗：2,067.02kb] [文件加载：42]
[ info ] [ LANG ] C:\thinkphp\thinkphp\lang\zh-cn.php
[ info ] [ ROUTE ] array (
  'type' => 'module',
  'module' => 
  array (
    0 => 'admin',
    1 => 'index',
    2 => 'welcome',
  ),
)
[ info ] [ HEADER ] array (
  'host' => '39.104.67.26:8901',
  'connection' => 'keep-alive',
  'upgrade-insecure-requests' => '1',
  'user-agent' => 'Mozilla/5.0 (Windows NT 10.0; Win64; x64) AppleWebKit/537.36 (KHTML, like Gecko) Chrome/67.0.3396.87 Safari/537.36',
  'accept' => 'text/html,application/xhtml+xml,application/xml;q=0.9,image/webp,image/apng,*/*;q=0.8',
  'referer' => 'http://39.104.67.26:8901/admin/index/index.html',
  'accept-encoding' => 'gzip, deflate',
  'accept-language' => 'zh-CN,zh;q=0.9',
  'cookie' => 'PHPSESSID=g5lcpa4rhtnro055o2n9g47ai1',
)
[ info ] [ PARAM ] array (
)
[ info ] [ SESSION ] INIT array (
  'id' => '',
  'var_session_id' => '',
  'prefix' => 'think',
  'type' => '',
  'auto_start' => true,
)
[ info ] [ DB ] INIT mysql
[ info ] [ RUN ] app\admin\controller\Index->welcome[ C:\thinkphp\application\admin\controller\Index.php ]
[ info ] [ VIEW ] C:\thinkphp/application/admin\view\index\welcome.html [ array (
  0 => 'menu',
) ]
[ info ] [ LOG ] INIT File
[ sql ] [ DB ] CONNECT:[ UseTime:0.006836s ] mysql:dbname=tp5;host=127.0.0.1;charset=utf8
[ sql ] [ SQL ] SHOW COLUMNS FROM `qs_auth_rule` [ RunTime:0.055666s ]
[ sql ] [ SQL ] SELECT * FROM `qs_auth_rule` WHERE  `status` = 1 ORDER BY `sort`  DESC,`id`  ASC [ RunTime:0.006836s ]
[ sql ] [ SQL ] SHOW COLUMNS FROM `qs_auth_group_access` [ RunTime:0.034181s ]
[ sql ] [ SQL ] SELECT `AuthGroupAccess`.`uid`,`AuthGroupAccess`.`group_id`,`AuthGroup`.`title`,`AuthGroup`.`rules` FROM `qs_auth_group_access` `AuthGroupAccess` LEFT JOIN `qs_auth_group` `AuthGroup` ON `AuthGroupAccess`.`group_id`=`AuthGroup`.`id` WHERE  (  AuthGroupAccess.uid='112' and AuthGroup.status='1' ) [ RunTime:0.005859s ]
[ sql ] [ SQL ] SELECT `condition`,`name` FROM `qs_auth_rule` WHERE  `id` IN (6,601,602,7)  AND `type` = 1 [ RunTime:0.005860s ]
---------------------------------------------------------------
[ 2018-12-10T20:13:50+08:00 ] 172.24.189.12 61.48.52.162 GET /admin/user/logout.html
[ info ] 39.104.67.26:8901/admin/user/logout.html [运行时间：0.353529s][吞吐率：2.83req/s] [内存消耗：1,402.55kb] [文件加载：35]
[ info ] [ LANG ] C:\thinkphp\thinkphp\lang\zh-cn.php
[ info ] [ ROUTE ] array (
  'type' => 'module',
  'module' => 
  array (
    0 => 'admin',
    1 => 'user',
    2 => 'logout',
  ),
)
[ info ] [ HEADER ] array (
  'host' => '39.104.67.26:8901',
  'connection' => 'keep-alive',
  'upgrade-insecure-requests' => '1',
  'user-agent' => 'Mozilla/5.0 (Windows NT 10.0; Win64; x64) AppleWebKit/537.36 (KHTML, like Gecko) Chrome/67.0.3396.87 Safari/537.36',
  'accept' => 'text/html,application/xhtml+xml,application/xml;q=0.9,image/webp,image/apng,*/*;q=0.8',
  'referer' => 'http://39.104.67.26:8901/admin/index/index.html',
  'accept-encoding' => 'gzip, deflate',
  'accept-language' => 'zh-CN,zh;q=0.9',
  'cookie' => 'PHPSESSID=g5lcpa4rhtnro055o2n9g47ai1',
)
[ info ] [ PARAM ] array (
)
[ info ] [ RUN ] app\admin\controller\User->logout[ C:\thinkphp\application\admin\controller\User.php ]
[ info ] [ SESSION ] INIT array (
  'id' => '',
  'var_session_id' => '',
  'prefix' => 'think',
  'type' => '',
  'auto_start' => true,
)
[ info ] [ LOG ] INIT File
---------------------------------------------------------------
[ 2018-12-10T20:13:50+08:00 ] 172.24.189.12 61.48.52.162 GET /admin/user/index.html
[ info ] 39.104.67.26:8901/admin/user/index.html [运行时间：0.287120s][吞吐率：3.48req/s] [内存消耗：1,323.34kb] [文件加载：33]
[ info ] [ LANG ] C:\thinkphp\thinkphp\lang\zh-cn.php
[ info ] [ ROUTE ] array (
  'type' => 'module',
  'module' => 
  array (
    0 => 'admin',
    1 => 'user',
    2 => 'index',
  ),
)
[ info ] [ HEADER ] array (
  'host' => '39.104.67.26:8901',
  'connection' => 'keep-alive',
  'upgrade-insecure-requests' => '1',
  'user-agent' => 'Mozilla/5.0 (Windows NT 10.0; Win64; x64) AppleWebKit/537.36 (KHTML, like Gecko) Chrome/67.0.3396.87 Safari/537.36',
  'accept' => 'text/html,application/xhtml+xml,application/xml;q=0.9,image/webp,image/apng,*/*;q=0.8',
  'referer' => 'http://39.104.67.26:8901/admin/index/index.html',
  'accept-encoding' => 'gzip, deflate',
  'accept-language' => 'zh-CN,zh;q=0.9',
  'cookie' => 'PHPSESSID=g5lcpa4rhtnro055o2n9g47ai1',
)
[ info ] [ PARAM ] array (
)
[ info ] [ RUN ] app\admin\controller\User->index[ C:\thinkphp\application\admin\controller\User.php ]
[ info ] [ VIEW ] C:\thinkphp/application/admin\view\user\login.html [ array (
) ]
[ info ] [ SESSION ] INIT array (
  'id' => '',
  'var_session_id' => '',
  'prefix' => 'think',
  'type' => '',
  'auto_start' => true,
)
[ info ] [ LOG ] INIT File
---------------------------------------------------------------
[ 2018-12-10T20:13:55+08:00 ] 172.24.189.12 61.48.52.162 POST /admin/user/login
[ info ] 39.104.67.26:8901/admin/user/login [运行时间：0.615258s][吞吐率：1.63req/s] [内存消耗：2,309.45kb] [文件加载：44]
[ info ] [ LANG ] C:\thinkphp\thinkphp\lang\zh-cn.php
[ info ] [ ROUTE ] array (
  'type' => 'module',
  'module' => 
  array (
    0 => 'admin',
    1 => 'user',
    2 => 'login',
  ),
)
[ info ] [ HEADER ] array (
  'host' => '39.104.67.26:8901',
  'connection' => 'keep-alive',
  'content-length' => '30',
  'accept' => 'application/json, text/javascript, */*; q=0.01',
  'origin' => 'http://39.104.67.26:8901',
  'x-requested-with' => 'XMLHttpRequest',
  'user-agent' => 'Mozilla/5.0 (Windows NT 10.0; Win64; x64) AppleWebKit/537.36 (KHTML, like Gecko) Chrome/67.0.3396.87 Safari/537.36',
  'content-type' => 'application/x-www-form-urlencoded; charset=UTF-8',
  'referer' => 'http://39.104.67.26:8901/admin/user/index.html',
  'accept-encoding' => 'gzip, deflate',
  'accept-language' => 'zh-CN,zh;q=0.9',
  'cookie' => 'PHPSESSID=g5lcpa4rhtnro055o2n9g47ai1',
)
[ info ] [ PARAM ] array (
  'username' => 'USTB',
  'password' => 'iot1024',
)
[ info ] [ RUN ] app\admin\controller\User->login[ C:\thinkphp\application\admin\controller\User.php ]
[ info ] [ DB ] INIT mysql
[ info ] [ SESSION ] INIT array (
  'id' => '',
  'var_session_id' => '',
  'prefix' => 'think',
  'type' => '',
  'auto_start' => true,
)
[ info ] [ LOG ] INIT File
[ sql ] [ DB ] CONNECT:[ UseTime:0.007813s ] mysql:dbname=tp5;host=127.0.0.1;charset=utf8
[ sql ] [ SQL ] SHOW COLUMNS FROM `qs_user` [ RunTime:0.039064s ]
[ sql ] [ SQL ] SELECT `id` FROM `qs_user` WHERE  `username` = 'USTB' LIMIT 1 [ RunTime:0.003906s ]
[ sql ] [ SQL ] SELECT `password` FROM `qs_user` WHERE  `username` = 'USTB' LIMIT 1 [ RunTime:0.003906s ]
[ sql ] [ SQL ] UPDATE `qs_user`  SET `last_login_ip`='61.48.52.162',`last_login_time`='2018-12-10 08:13:55'  WHERE  `username` = 'USTB' [ RunTime:0.002930s ]
---------------------------------------------------------------
[ 2018-12-10T20:13:58+08:00 ] 172.24.189.12 61.48.52.162 GET /admin/user/index/index
[ info ] 39.104.67.26:8901/admin/user/index/index [运行时间：0.317395s][吞吐率：3.15req/s] [内存消耗：1,385.23kb] [文件加载：34]
[ info ] [ LANG ] C:\thinkphp\thinkphp\lang\zh-cn.php
[ info ] [ ROUTE ] array (
  'type' => 'module',
  'module' => 
  array (
    0 => 'admin',
    1 => 'user',
    2 => 'index',
  ),
)
[ info ] [ HEADER ] array (
  'host' => '39.104.67.26:8901',
  'connection' => 'keep-alive',
  'upgrade-insecure-requests' => '1',
  'user-agent' => 'Mozilla/5.0 (Windows NT 10.0; Win64; x64) AppleWebKit/537.36 (KHTML, like Gecko) Chrome/67.0.3396.87 Safari/537.36',
  'accept' => 'text/html,application/xhtml+xml,application/xml;q=0.9,image/webp,image/apng,*/*;q=0.8',
  'referer' => 'http://39.104.67.26:8901/admin/user/index.html',
  'accept-encoding' => 'gzip, deflate',
  'accept-language' => 'zh-CN,zh;q=0.9',
  'cookie' => 'PHPSESSID=g5lcpa4rhtnro055o2n9g47ai1',
)
[ info ] [ PARAM ] array (
)
[ info ] [ RUN ] app\admin\controller\User->index[ C:\thinkphp\application\admin\controller\User.php ]
[ info ] [ VIEW ] C:\thinkphp/application/admin\view\user\login.html [ array (
) ]
[ info ] [ SESSION ] INIT array (
  'id' => '',
  'var_session_id' => '',
  'prefix' => 'think',
  'type' => '',
  'auto_start' => true,
)
[ info ] [ LOG ] INIT File
---------------------------------------------------------------
[ 2018-12-10T20:13:59+08:00 ] 172.24.189.12 61.48.52.162 GET /admin/index/index.html
[ info ] 39.104.67.26:8901/admin/index/index.html [运行时间：0.648463s][吞吐率：1.54req/s] [内存消耗：2,146.66kb] [文件加载：43]
[ info ] [ LANG ] C:\thinkphp\thinkphp\lang\zh-cn.php
[ info ] [ ROUTE ] array (
  'type' => 'module',
  'module' => 
  array (
    0 => 'admin',
    1 => 'index',
    2 => 'index',
  ),
)
[ info ] [ HEADER ] array (
  'host' => '39.104.67.26:8901',
  'connection' => 'keep-alive',
  'upgrade-insecure-requests' => '1',
  'user-agent' => 'Mozilla/5.0 (Windows NT 10.0; Win64; x64) AppleWebKit/537.36 (KHTML, like Gecko) Chrome/67.0.3396.87 Safari/537.36',
  'accept' => 'text/html,application/xhtml+xml,application/xml;q=0.9,image/webp,image/apng,*/*;q=0.8',
  'referer' => 'http://39.104.67.26:8901/admin/user/index/index',
  'accept-encoding' => 'gzip, deflate',
  'accept-language' => 'zh-CN,zh;q=0.9',
  'cookie' => 'PHPSESSID=g5lcpa4rhtnro055o2n9g47ai1',
)
[ info ] [ PARAM ] array (
)
[ info ] [ SESSION ] INIT array (
  'id' => '',
  'var_session_id' => '',
  'prefix' => 'think',
  'type' => '',
  'auto_start' => true,
)
[ info ] [ DB ] INIT mysql
[ info ] [ RUN ] app\admin\controller\Index->index[ C:\thinkphp\application\admin\controller\Index.php ]
[ info ] [ VIEW ] C:\thinkphp/application/admin\view\index\index.html [ array (
  0 => 'menu',
) ]
[ info ] [ LOG ] INIT File
[ sql ] [ DB ] CONNECT:[ UseTime:0.006836s ] mysql:dbname=tp5;host=127.0.0.1;charset=utf8
[ sql ] [ SQL ] SHOW COLUMNS FROM `qs_auth_rule` [ RunTime:0.040040s ]
[ sql ] [ SQL ] SELECT * FROM `qs_auth_rule` WHERE  `status` = 1 ORDER BY `sort`  DESC,`id`  ASC [ RunTime:0.003907s ]
[ sql ] [ SQL ] SHOW COLUMNS FROM `qs_auth_group_access` [ RunTime:0.041017s ]
[ sql ] [ SQL ] SELECT `AuthGroupAccess`.`uid`,`AuthGroupAccess`.`group_id`,`AuthGroup`.`title`,`AuthGroup`.`rules` FROM `qs_auth_group_access` `AuthGroupAccess` LEFT JOIN `qs_auth_group` `AuthGroup` ON `AuthGroupAccess`.`group_id`=`AuthGroup`.`id` WHERE  (  AuthGroupAccess.uid='1' and AuthGroup.status='1' ) [ RunTime:0.005860s ]
[ sql ] [ SQL ] SELECT `condition`,`name` FROM `qs_auth_rule` WHERE  `id` IN (1,3,5,6,7,101,102,103,301,302,501,601,602)  AND `type` = 1 [ RunTime:0.005859s ]
---------------------------------------------------------------
[ 2018-12-10T20:14:00+08:00 ] 172.24.189.12 61.48.52.162 GET /admin/index/welcome.html
[ info ] 39.104.67.26:8901/admin/index/welcome.html [运行时间：0.637720s][吞吐率：1.57req/s] [内存消耗：2,084.84kb] [文件加载：42]
[ info ] [ LANG ] C:\thinkphp\thinkphp\lang\zh-cn.php
[ info ] [ ROUTE ] array (
  'type' => 'module',
  'module' => 
  array (
    0 => 'admin',
    1 => 'index',
    2 => 'welcome',
  ),
)
[ info ] [ HEADER ] array (
  'host' => '39.104.67.26:8901',
  'connection' => 'keep-alive',
  'upgrade-insecure-requests' => '1',
  'user-agent' => 'Mozilla/5.0 (Windows NT 10.0; Win64; x64) AppleWebKit/537.36 (KHTML, like Gecko) Chrome/67.0.3396.87 Safari/537.36',
  'accept' => 'text/html,application/xhtml+xml,application/xml;q=0.9,image/webp,image/apng,*/*;q=0.8',
  'referer' => 'http://39.104.67.26:8901/admin/index/index.html',
  'accept-encoding' => 'gzip, deflate',
  'accept-language' => 'zh-CN,zh;q=0.9',
  'cookie' => 'PHPSESSID=g5lcpa4rhtnro055o2n9g47ai1',
)
[ info ] [ PARAM ] array (
)
[ info ] [ SESSION ] INIT array (
  'id' => '',
  'var_session_id' => '',
  'prefix' => 'think',
  'type' => '',
  'auto_start' => true,
)
[ info ] [ DB ] INIT mysql
[ info ] [ RUN ] app\admin\controller\Index->welcome[ C:\thinkphp\application\admin\controller\Index.php ]
[ info ] [ VIEW ] C:\thinkphp/application/admin\view\index\welcome.html [ array (
  0 => 'menu',
) ]
[ info ] [ LOG ] INIT File
[ sql ] [ DB ] CONNECT:[ UseTime:0.010742s ] mysql:dbname=tp5;host=127.0.0.1;charset=utf8
[ sql ] [ SQL ] SHOW COLUMNS FROM `qs_auth_rule` [ RunTime:0.052737s ]
[ sql ] [ SQL ] SELECT * FROM `qs_auth_rule` WHERE  `status` = 1 ORDER BY `sort`  DESC,`id`  ASC [ RunTime:0.004883s ]
[ sql ] [ SQL ] SHOW COLUMNS FROM `qs_auth_group_access` [ RunTime:0.053713s ]
[ sql ] [ SQL ] SELECT `AuthGroupAccess`.`uid`,`AuthGroupAccess`.`group_id`,`AuthGroup`.`title`,`AuthGroup`.`rules` FROM `qs_auth_group_access` `AuthGroupAccess` LEFT JOIN `qs_auth_group` `AuthGroup` ON `AuthGroupAccess`.`group_id`=`AuthGroup`.`id` WHERE  (  AuthGroupAccess.uid='1' and AuthGroup.status='1' ) [ RunTime:0.006836s ]
[ sql ] [ SQL ] SELECT `condition`,`name` FROM `qs_auth_rule` WHERE  `id` IN (1,3,5,6,7,101,102,103,301,302,501,601,602)  AND `type` = 1 [ RunTime:0.007813s ]
---------------------------------------------------------------
[ 2018-12-10T20:14:09+08:00 ] 172.24.189.12 61.48.52.162 GET /admin/db_manage/manage.html
[ info ] 39.104.67.26:8901/admin/db_manage/manage.html [运行时间：0.716825s][吞吐率：1.40req/s] [内存消耗：2,219.02kb] [文件加载：43]
[ info ] [ LANG ] C:\thinkphp\thinkphp\lang\zh-cn.php
[ info ] [ ROUTE ] array (
  'type' => 'module',
  'module' => 
  array (
    0 => 'admin',
    1 => 'db_manage',
    2 => 'manage',
  ),
)
[ info ] [ HEADER ] array (
  'host' => '39.104.67.26:8901',
  'connection' => 'keep-alive',
  'upgrade-insecure-requests' => '1',
  'user-agent' => 'Mozilla/5.0 (Windows NT 10.0; Win64; x64) AppleWebKit/537.36 (KHTML, like Gecko) Chrome/67.0.3396.87 Safari/537.36',
  'accept' => 'text/html,application/xhtml+xml,application/xml;q=0.9,image/webp,image/apng,*/*;q=0.8',
  'referer' => 'http://39.104.67.26:8901/admin/index/index.html',
  'accept-encoding' => 'gzip, deflate',
  'accept-language' => 'zh-CN,zh;q=0.9',
  'cookie' => 'PHPSESSID=g5lcpa4rhtnro055o2n9g47ai1',
)
[ info ] [ PARAM ] array (
)
[ info ] [ SESSION ] INIT array (
  'id' => '',
  'var_session_id' => '',
  'prefix' => 'think',
  'type' => '',
  'auto_start' => true,
)
[ info ] [ DB ] INIT mysql
[ info ] [ RUN ] app\admin\controller\DbManage->manage[ C:\thinkphp\application\admin\controller\DbManage.php ]
[ info ] [ VIEW ] C:\thinkphp/application/admin\view\db_manage\manage.html [ array (
  0 => 'menu',
  1 => 'db_names',
  2 => 'count',
) ]
[ info ] [ LOG ] INIT File
[ sql ] [ DB ] CONNECT:[ UseTime:0.018556s ] mysql:dbname=tp5;host=127.0.0.1;charset=utf8
[ sql ] [ SQL ] SHOW COLUMNS FROM `qs_auth_rule` [ RunTime:0.040040s ]
[ sql ] [ SQL ] SELECT * FROM `qs_auth_rule` WHERE  `status` = 1 ORDER BY `sort`  DESC,`id`  ASC [ RunTime:0.005860s ]
[ sql ] [ SQL ] SHOW COLUMNS FROM `qs_auth_group_access` [ RunTime:0.045900s ]
[ sql ] [ SQL ] SELECT `AuthGroupAccess`.`uid`,`AuthGroupAccess`.`group_id`,`AuthGroup`.`title`,`AuthGroup`.`rules` FROM `qs_auth_group_access` `AuthGroupAccess` LEFT JOIN `qs_auth_group` `AuthGroup` ON `AuthGroupAccess`.`group_id`=`AuthGroup`.`id` WHERE  (  AuthGroupAccess.uid='1' and AuthGroup.status='1' ) [ RunTime:0.005860s ]
[ sql ] [ SQL ] SELECT `condition`,`name` FROM `qs_auth_rule` WHERE  `id` IN (1,3,5,6,7,101,102,103,301,302,501,601,602)  AND `type` = 1 [ RunTime:0.003907s ]
[ sql ] [ SQL ] SHOW COLUMNS FROM `qs_experiment_type_store` [ RunTime:0.040040s ]
[ sql ] [ SQL ] SELECT * FROM `qs_experiment_type_store` [ RunTime:0.007812s ]
---------------------------------------------------------------
[ 2018-12-10T20:14:28+08:00 ] 172.24.189.12 61.48.52.162 GET /admin/dc_manage/manage.html
[ info ] 39.104.67.26:8901/admin/dc_manage/manage.html [运行时间：1.215867s][吞吐率：0.82req/s] [内存消耗：2,217.20kb] [文件加载：43]
[ info ] [ LANG ] C:\thinkphp\thinkphp\lang\zh-cn.php
[ info ] [ ROUTE ] array (
  'type' => 'module',
  'module' => 
  array (
    0 => 'admin',
    1 => 'dc_manage',
    2 => 'manage',
  ),
)
[ info ] [ HEADER ] array (
  'host' => '39.104.67.26:8901',
  'connection' => 'keep-alive',
  'upgrade-insecure-requests' => '1',
  'user-agent' => 'Mozilla/5.0 (Windows NT 10.0; Win64; x64) AppleWebKit/537.36 (KHTML, like Gecko) Chrome/67.0.3396.87 Safari/537.36',
  'accept' => 'text/html,application/xhtml+xml,application/xml;q=0.9,image/webp,image/apng,*/*;q=0.8',
  'referer' => 'http://39.104.67.26:8901/admin/index/index.html',
  'accept-encoding' => 'gzip, deflate',
  'accept-language' => 'zh-CN,zh;q=0.9',
  'cookie' => 'PHPSESSID=g5lcpa4rhtnro055o2n9g47ai1',
)
[ info ] [ PARAM ] array (
)
[ info ] [ SESSION ] INIT array (
  'id' => '',
  'var_session_id' => '',
  'prefix' => 'think',
  'type' => '',
  'auto_start' => true,
)
[ info ] [ DB ] INIT mysql
[ info ] [ RUN ] app\admin\controller\DcManage->manage[ C:\thinkphp\application\admin\controller\DcManage.php ]
[ info ] [ VIEW ] C:\thinkphp/application/admin\view\dc_manage\manage.html [ array (
  0 => 'menu',
  1 => 'db_names',
  2 => 'count',
) ]
[ info ] [ LOG ] INIT File
[ sql ] [ DB ] CONNECT:[ UseTime:0.006836s ] mysql:dbname=tp5;host=127.0.0.1;charset=utf8
[ sql ] [ SQL ] SHOW COLUMNS FROM `qs_auth_rule` [ RunTime:0.055666s ]
[ sql ] [ SQL ] SELECT * FROM `qs_auth_rule` WHERE  `status` = 1 ORDER BY `sort`  DESC,`id`  ASC [ RunTime:0.009766s ]
[ sql ] [ SQL ] SHOW COLUMNS FROM `qs_auth_group_access` [ RunTime:0.047853s ]
[ sql ] [ SQL ] SELECT `AuthGroupAccess`.`uid`,`AuthGroupAccess`.`group_id`,`AuthGroup`.`title`,`AuthGroup`.`rules` FROM `qs_auth_group_access` `AuthGroupAccess` LEFT JOIN `qs_auth_group` `AuthGroup` ON `AuthGroupAccess`.`group_id`=`AuthGroup`.`id` WHERE  (  AuthGroupAccess.uid='1' and AuthGroup.status='1' ) [ RunTime:0.006836s ]
[ sql ] [ SQL ] SELECT `condition`,`name` FROM `qs_auth_rule` WHERE  `id` IN (1,3,5,6,7,101,102,103,301,302,501,601,602)  AND `type` = 1 [ RunTime:0.008789s ]
[ sql ] [ SQL ] SHOW COLUMNS FROM `qs_experiment_type_store` [ RunTime:0.046877s ]
[ sql ] [ SQL ] SELECT * FROM `qs_experiment_type_store` [ RunTime:0.004883s ]
