---------------------------------------------------------------
[ 2019-02-05T00:00:46+08:00 ] 172.26.72.2 42.156.254.54 GET /download/index/download/fileid/OBD%E7%9B%91%E6%8E%A7%E8%BD%AF%E4%BB%B6.html
[ info ] 47.92.249.234/download/index/download/fileid/OBD%E7%9B%91%E6%8E%A7%E8%BD%AF%E4%BB%B6.html [运行时间：0.093751s][吞吐率：10.67req/s] [内存消耗：2,506.82kb] [文件加载：39]
[ info ] [ LANG ] C:\thinkphp\thinkphp\lang\zh-cn.php
[ info ] [ ROUTE ] array (
  'type' => 'module',
  'module' => 
  array (
    0 => 'download',
    1 => 'index',
    2 => 'download',
  ),
)
[ info ] [ HEADER ] array (
  'accept' => 'text/html,application/xhtml+xml,application/xml;q=0.9,image/webp,image/apng,*/*;q=0.8',
  'accept-encoding' => 'gzip, deflate',
  'host' => '47.92.249.234',
  'upgrade-insecure-requests' => '1',
  'user-agent' => 'Mozilla/5.0 (Windows NT 6.1; Win64; x64) AppleWebKit/537.36 (KHTML, like Gecko) Chrome/69.0.3497.81 YisouSpider/5.0 Safari/537.36',
  'connection' => 'close',
)
[ info ] [ PARAM ] array (
  'fileid' => 'OBD监控软件',
)
[ info ] [ RUN ] app\download\controller\Index->download[ C:\thinkphp\application\download\controller\Index.php ]
[ info ] [ DB ] INIT mysql
[ info ] [ LOG ] INIT File
[ sql ] [ DB ] CONNECT:[ UseTime:0.015626s ] mysql:dbname=tp5;host=127.0.0.1;charset=utf8
[ sql ] [ SQL ] SHOW COLUMNS FROM `qs_downloadwindowsfile` [ RunTime:0.000000s ]
[ sql ] [ SQL ] SELECT `address` FROM `qs_downloadwindowsfile` WHERE  `name` = 'OBD监控软件' LIMIT 1 [ RunTime:0.015625s ]
---------------------------------------------------------------
[ 2019-02-05T01:21:57+08:00 ] 172.26.72.2 179.97.3.72 GET /
[ info ] 47.92.249.234:80/ [运行时间：0.078124s][吞吐率：12.80req/s] [内存消耗：2,089.74kb] [文件加载：41]
[ info ] [ LANG ] C:\thinkphp\thinkphp\lang\zh-cn.php
[ info ] [ ROUTE ] array (
  'type' => 'module',
  'module' => 
  array (
    0 => '',
    1 => NULL,
    2 => NULL,
  ),
)
[ info ] [ HEADER ] array (
  'host' => '47.92.249.234:80',
  'user-agent' => 'Mozilla/5.0 (Windows NT 10.0; WOW64) AppleWebKit/537.36 (KHTML, like Gecko) Chrome/52.0.2743.116 Safari/537.36',
  'content-length' => '0',
)
[ info ] [ PARAM ] array (
)
[ info ] [ RUN ] app\index\controller\Index->index[ C:\thinkphp\application\index\controller\Index.php ]
[ info ] [ SESSION ] INIT array (
  'id' => '',
  'var_session_id' => '',
  'prefix' => 'think',
  'type' => '',
  'auto_start' => true,
)
[ info ] [ DB ] INIT mysql
[ info ] [ VIEW ] C:\thinkphp/application/index\view\index\index.html [ array (
  0 => 'event',
) ]
[ info ] [ LOG ] INIT File
[ sql ] [ DB ] CONNECT:[ UseTime:0.000000s ] mysql:dbname=tp5;host=127.0.0.1;charset=utf8
[ sql ] [ SQL ] SHOW COLUMNS FROM `qs_event` [ RunTime:0.015625s ]
[ sql ] [ SQL ] SELECT * FROM `qs_event` ORDER BY id asc [ RunTime:0.000000s ]
---------------------------------------------------------------
[ 2019-02-05T01:38:59+08:00 ] 172.26.72.2 191.6.248.69 GET /
[ info ] 47.92.249.234:80/ [运行时间：0.078124s][吞吐率：12.80req/s] [内存消耗：2,089.77kb] [文件加载：41]
[ info ] [ LANG ] C:\thinkphp\thinkphp\lang\zh-cn.php
[ info ] [ ROUTE ] array (
  'type' => 'module',
  'module' => 
  array (
    0 => '',
    1 => NULL,
    2 => NULL,
  ),
)
[ info ] [ HEADER ] array (
  'host' => '47.92.249.234:80',
  'user-agent' => 'Mozilla/5.0 (Windows NT 6.1; WOW64) AppleWebKit/537.36 (KHTML, like Gecko) Chrome/52.0.2743.116 Safari/537.36',
  'content-length' => '0',
)
[ info ] [ PARAM ] array (
)
[ info ] [ RUN ] app\index\controller\Index->index[ C:\thinkphp\application\index\controller\Index.php ]
[ info ] [ SESSION ] INIT array (
  'id' => '',
  'var_session_id' => '',
  'prefix' => 'think',
  'type' => '',
  'auto_start' => true,
)
[ info ] [ DB ] INIT mysql
[ info ] [ VIEW ] C:\thinkphp/application/index\view\index\index.html [ array (
  0 => 'event',
) ]
[ info ] [ LOG ] INIT File
[ sql ] [ DB ] CONNECT:[ UseTime:0.015624s ] mysql:dbname=tp5;host=127.0.0.1;charset=utf8
[ sql ] [ SQL ] SHOW COLUMNS FROM `qs_event` [ RunTime:0.015625s ]
[ sql ] [ SQL ] SELECT * FROM `qs_event` ORDER BY id asc [ RunTime:0.000000s ]
---------------------------------------------------------------
[ 2019-02-05T02:30:17+08:00 ] 172.26.72.2 157.55.39.26 GET /robots.txt
[ info ] 47.92.249.234/robots.txt [运行时间：0.031249s][吞吐率：32.00req/s] [内存消耗：1,026.32kb] [文件加载：28]
[ info ] [ LANG ] C:\thinkphp\thinkphp\lang\zh-cn.php
[ info ] [ ROUTE ] array (
  'type' => 'module',
  'module' => 
  array (
    0 => 'robots.txt',
    1 => NULL,
    2 => NULL,
  ),
)
[ info ] [ HEADER ] array (
  'cache-control' => 'no-cache',
  'connection' => 'Keep-Alive',
  'pragma' => 'no-cache',
  'accept' => '*/*',
  'accept-encoding' => 'gzip, deflate',
  'host' => '47.92.249.234',
  'user-agent' => 'Mozilla/5.0 (compatible; bingbot/2.0; +http://www.bing.com/bingbot.htm)',
)
[ info ] [ PARAM ] array (
)
[ info ] [ LOG ] INIT File
---------------------------------------------------------------
[ 2019-02-05T03:25:45+08:00 ] 172.26.72.2 104.131.144.158 GET /
[ info ] 47.92.249.234/ [运行时间：0.078124s][吞吐率：12.80req/s] [内存消耗：2,089.69kb] [文件加载：41]
[ info ] [ LANG ] C:\thinkphp\thinkphp\lang\zh-cn.php
[ info ] [ ROUTE ] array (
  'type' => 'module',
  'module' => 
  array (
    0 => '',
    1 => NULL,
    2 => NULL,
  ),
)
[ info ] [ HEADER ] array (
  'host' => '47.92.249.234',
  'user-agent' => 'Mozilla/5.0 zgrab/0.x',
  'accept' => '*/*',
  'accept-encoding' => 'gzip',
)
[ info ] [ PARAM ] array (
)
[ info ] [ RUN ] app\index\controller\Index->index[ C:\thinkphp\application\index\controller\Index.php ]
[ info ] [ SESSION ] INIT array (
  'id' => '',
  'var_session_id' => '',
  'prefix' => 'think',
  'type' => '',
  'auto_start' => true,
)
[ info ] [ DB ] INIT mysql
[ info ] [ VIEW ] C:\thinkphp/application/index\view\index\index.html [ array (
  0 => 'event',
) ]
[ info ] [ LOG ] INIT File
[ sql ] [ DB ] CONNECT:[ UseTime:0.000000s ] mysql:dbname=tp5;host=127.0.0.1;charset=utf8
[ sql ] [ SQL ] SHOW COLUMNS FROM `qs_event` [ RunTime:0.015624s ]
[ sql ] [ SQL ] SELECT * FROM `qs_event` ORDER BY id asc [ RunTime:0.000000s ]
---------------------------------------------------------------
[ 2019-02-05T04:52:02+08:00 ] 172.26.72.2 179.99.125.9 GET /
[ info ] 47.92.249.234:80/ [运行时间：0.078127s][吞吐率：12.80req/s] [内存消耗：2,089.74kb] [文件加载：41]
[ info ] [ LANG ] C:\thinkphp\thinkphp\lang\zh-cn.php
[ info ] [ ROUTE ] array (
  'type' => 'module',
  'module' => 
  array (
    0 => '',
    1 => NULL,
    2 => NULL,
  ),
)
[ info ] [ HEADER ] array (
  'host' => '47.92.249.234:80',
  'user-agent' => 'Mozilla/5.0 (Windows NT 10.0; WOW64) AppleWebKit/537.36 (KHTML, like Gecko) Chrome/51.0.2704.103 Safari/537.36',
  'content-length' => '0',
)
[ info ] [ PARAM ] array (
)
[ info ] [ RUN ] app\index\controller\Index->index[ C:\thinkphp\application\index\controller\Index.php ]
[ info ] [ SESSION ] INIT array (
  'id' => '',
  'var_session_id' => '',
  'prefix' => 'think',
  'type' => '',
  'auto_start' => true,
)
[ info ] [ DB ] INIT mysql
[ info ] [ VIEW ] C:\thinkphp/application/index\view\index\index.html [ array (
  0 => 'event',
) ]
[ info ] [ LOG ] INIT File
[ sql ] [ DB ] CONNECT:[ UseTime:0.000000s ] mysql:dbname=tp5;host=127.0.0.1;charset=utf8
[ sql ] [ SQL ] SHOW COLUMNS FROM `qs_event` [ RunTime:0.015626s ]
[ sql ] [ SQL ] SELECT * FROM `qs_event` ORDER BY id asc [ RunTime:0.000000s ]
---------------------------------------------------------------
[ 2019-02-05T05:16:22+08:00 ] 172.26.72.2 157.55.39.242 GET /
[ info ] 47.92.249.234/ [运行时间：0.078127s][吞吐率：12.80req/s] [内存消耗：2,090.54kb] [文件加载：41]
[ info ] [ LANG ] C:\thinkphp\thinkphp\lang\zh-cn.php
[ info ] [ ROUTE ] array (
  'type' => 'module',
  'module' => 
  array (
    0 => '',
    1 => NULL,
    2 => NULL,
  ),
)
[ info ] [ HEADER ] array (
  'cache-control' => 'no-cache',
  'connection' => 'Keep-Alive',
  'pragma' => 'no-cache',
  'accept' => '*/*',
  'accept-encoding' => 'gzip, deflate',
  'from' => 'bingbot(at)microsoft.com',
  'host' => '47.92.249.234',
  'user-agent' => 'Mozilla/5.0 (compatible; bingbot/2.0; +http://www.bing.com/bingbot.htm)',
)
[ info ] [ PARAM ] array (
)
[ info ] [ RUN ] app\index\controller\Index->index[ C:\thinkphp\application\index\controller\Index.php ]
[ info ] [ SESSION ] INIT array (
  'id' => '',
  'var_session_id' => '',
  'prefix' => 'think',
  'type' => '',
  'auto_start' => true,
)
[ info ] [ DB ] INIT mysql
[ info ] [ VIEW ] C:\thinkphp/application/index\view\index\index.html [ array (
  0 => 'event',
) ]
[ info ] [ LOG ] INIT File
[ sql ] [ DB ] CONNECT:[ UseTime:0.000000s ] mysql:dbname=tp5;host=127.0.0.1;charset=utf8
[ sql ] [ SQL ] SHOW COLUMNS FROM `qs_event` [ RunTime:0.015626s ]
[ sql ] [ SQL ] SELECT * FROM `qs_event` ORDER BY id asc [ RunTime:0.000000s ]
---------------------------------------------------------------
[ 2019-02-05T05:19:19+08:00 ] 172.26.72.2 80.82.70.187 GET http://www.baidu.com/cache/global/img/gs.gif
[ info ] www.baidu.comhttp://www.baidu.com/cache/global/img/gs.gif [运行时间：0.031251s][吞吐率：32.00req/s] [内存消耗：1,025.45kb] [文件加载：28]
[ info ] [ LANG ] C:\thinkphp\thinkphp\lang\zh-cn.php
[ info ] [ ROUTE ] array (
  'type' => 'module',
  'module' => 
  array (
    0 => 'cache',
    1 => 'global',
    2 => 'img',
  ),
)
[ info ] [ HEADER ] array (
  'host' => 'www.baidu.com',
  'user-agent' => 'Mozilla',
  'if-modified-since' => 'Thu, 19 Apr 2012 09:51:20 GMT',
)
[ info ] [ PARAM ] array (
)
[ info ] [ LOG ] INIT File
---------------------------------------------------------------
[ 2019-02-05T05:38:37+08:00 ] 172.26.72.2 111.118.153.30 GET /
[ info ] 47.92.249.234:80/ [运行时间：0.078125s][吞吐率：12.80req/s] [内存消耗：2,089.74kb] [文件加载：41]
[ info ] [ LANG ] C:\thinkphp\thinkphp\lang\zh-cn.php
[ info ] [ ROUTE ] array (
  'type' => 'module',
  'module' => 
  array (
    0 => '',
    1 => NULL,
    2 => NULL,
  ),
)
[ info ] [ HEADER ] array (
  'host' => '47.92.249.234:80',
  'user-agent' => 'Mozilla/5.0 (Windows NT 10.0; WOW64) AppleWebKit/537.36 (KHTML, like Gecko) Chrome/52.0.2743.116 Safari/537.36',
  'content-length' => '0',
)
[ info ] [ PARAM ] array (
)
[ info ] [ RUN ] app\index\controller\Index->index[ C:\thinkphp\application\index\controller\Index.php ]
[ info ] [ SESSION ] INIT array (
  'id' => '',
  'var_session_id' => '',
  'prefix' => 'think',
  'type' => '',
  'auto_start' => true,
)
[ info ] [ DB ] INIT mysql
[ info ] [ VIEW ] C:\thinkphp/application/index\view\index\index.html [ array (
  0 => 'event',
) ]
[ info ] [ LOG ] INIT File
[ sql ] [ DB ] CONNECT:[ UseTime:0.000000s ] mysql:dbname=tp5;host=127.0.0.1;charset=utf8
[ sql ] [ SQL ] SHOW COLUMNS FROM `qs_event` [ RunTime:0.015625s ]
[ sql ] [ SQL ] SELECT * FROM `qs_event` ORDER BY id asc [ RunTime:0.000000s ]
---------------------------------------------------------------
[ 2019-02-05T07:14:03+08:00 ] 172.26.72.2 60.170.122.185 GET /
[ info ] 47.92.249.234:80/ [运行时间：0.078124s][吞吐率：12.80req/s] [内存消耗：2,090.02kb] [文件加载：41]
[ info ] [ LANG ] C:\thinkphp\thinkphp\lang\zh-cn.php
[ info ] [ ROUTE ] array (
  'type' => 'module',
  'module' => 
  array (
    0 => '',
    1 => NULL,
    2 => NULL,
  ),
)
[ info ] [ HEADER ] array (
  'host' => '47.92.249.234:80',
  'user-agent' => 'Mozilla/5.0 (Windows NT 6.1) AppleWebKit/537.36 (KHTML, like Gecko) Chrome/38.0.2125.122 Safari/537.36 SE 2.X MetaSr 1.0',
  'connection' => 'close',
  'accept-encoding' => 'gzip',
)
[ info ] [ PARAM ] array (
)
[ info ] [ RUN ] app\index\controller\Index->index[ C:\thinkphp\application\index\controller\Index.php ]
[ info ] [ SESSION ] INIT array (
  'id' => '',
  'var_session_id' => '',
  'prefix' => 'think',
  'type' => '',
  'auto_start' => true,
)
[ info ] [ DB ] INIT mysql
[ info ] [ VIEW ] C:\thinkphp/application/index\view\index\index.html [ array (
  0 => 'event',
) ]
[ info ] [ LOG ] INIT File
[ sql ] [ DB ] CONNECT:[ UseTime:0.000000s ] mysql:dbname=tp5;host=127.0.0.1;charset=utf8
[ sql ] [ SQL ] SHOW COLUMNS FROM `qs_event` [ RunTime:0.015624s ]
[ sql ] [ SQL ] SELECT * FROM `qs_event` ORDER BY id asc [ RunTime:0.000000s ]
---------------------------------------------------------------
[ 2019-02-05T10:11:26+08:00 ] 172.26.72.2 60.170.122.185 GET /
[ info ] 47.92.249.234:80/ [运行时间：0.078125s][吞吐率：12.80req/s] [内存消耗：2,090.02kb] [文件加载：41]
[ info ] [ LANG ] C:\thinkphp\thinkphp\lang\zh-cn.php
[ info ] [ ROUTE ] array (
  'type' => 'module',
  'module' => 
  array (
    0 => '',
    1 => NULL,
    2 => NULL,
  ),
)
[ info ] [ HEADER ] array (
  'host' => '47.92.249.234:80',
  'user-agent' => 'Mozilla/5.0 (Windows NT 6.1) AppleWebKit/537.36 (KHTML, like Gecko) Chrome/38.0.2125.122 Safari/537.36 SE 2.X MetaSr 1.0',
  'connection' => 'close',
  'accept-encoding' => 'gzip',
)
[ info ] [ PARAM ] array (
)
[ info ] [ RUN ] app\index\controller\Index->index[ C:\thinkphp\application\index\controller\Index.php ]
[ info ] [ SESSION ] INIT array (
  'id' => '',
  'var_session_id' => '',
  'prefix' => 'think',
  'type' => '',
  'auto_start' => true,
)
[ info ] [ DB ] INIT mysql
[ info ] [ VIEW ] C:\thinkphp/application/index\view\index\index.html [ array (
  0 => 'event',
) ]
[ info ] [ LOG ] INIT File
[ sql ] [ DB ] CONNECT:[ UseTime:0.000000s ] mysql:dbname=tp5;host=127.0.0.1;charset=utf8
[ sql ] [ SQL ] SHOW COLUMNS FROM `qs_event` [ RunTime:0.015625s ]
[ sql ] [ SQL ] SELECT * FROM `qs_event` ORDER BY id asc [ RunTime:0.000000s ]
---------------------------------------------------------------
[ 2019-02-05T10:26:54+08:00 ] 172.26.72.2 92.113.46.57 GET /
[ info ] 47.92.249.234:80/ [运行时间：0.078125s][吞吐率：12.80req/s] [内存消耗：2,089.77kb] [文件加载：41]
[ info ] [ LANG ] C:\thinkphp\thinkphp\lang\zh-cn.php
[ info ] [ ROUTE ] array (
  'type' => 'module',
  'module' => 
  array (
    0 => '',
    1 => NULL,
    2 => NULL,
  ),
)
[ info ] [ HEADER ] array (
  'host' => '47.92.249.234:80',
  'user-agent' => 'Mozilla/5.0 (Windows NT 6.1; WOW64) AppleWebKit/537.36 (KHTML, like Gecko) Chrome/51.0.2704.103 Safari/537.36',
  'content-length' => '0',
)
[ info ] [ PARAM ] array (
)
[ info ] [ RUN ] app\index\controller\Index->index[ C:\thinkphp\application\index\controller\Index.php ]
[ info ] [ SESSION ] INIT array (
  'id' => '',
  'var_session_id' => '',
  'prefix' => 'think',
  'type' => '',
  'auto_start' => true,
)
[ info ] [ DB ] INIT mysql
[ info ] [ VIEW ] C:\thinkphp/application/index\view\index\index.html [ array (
  0 => 'event',
) ]
[ info ] [ LOG ] INIT File
[ sql ] [ DB ] CONNECT:[ UseTime:0.015625s ] mysql:dbname=tp5;host=127.0.0.1;charset=utf8
[ sql ] [ SQL ] SHOW COLUMNS FROM `qs_event` [ RunTime:0.000000s ]
[ sql ] [ SQL ] SELECT * FROM `qs_event` ORDER BY id asc [ RunTime:0.000000s ]
---------------------------------------------------------------
[ 2019-02-05T13:22:24+08:00 ] 172.26.72.2 47.92.98.215 GET /
[ info ] 47.92.249.234/ [运行时间：0.078126s][吞吐率：12.80req/s] [内存消耗：2,089.93kb] [文件加载：41]
[ info ] [ LANG ] C:\thinkphp\thinkphp\lang\zh-cn.php
[ info ] [ ROUTE ] array (
  'type' => 'module',
  'module' => 
  array (
    0 => '',
    1 => NULL,
    2 => NULL,
  ),
)
[ info ] [ HEADER ] array (
  'user-agent' => 'Mozilla/5.0 (Linux; Android 4.1.1; Nexus 7 Build/JRO03D))',
  'host' => '47.92.249.234',
  'accept' => 'text/html, image/gif, image/jpeg, *; q=.2, */*; q=.2',
  'connection' => 'keep-alive',
)
[ info ] [ PARAM ] array (
)
[ info ] [ RUN ] app\index\controller\Index->index[ C:\thinkphp\application\index\controller\Index.php ]
[ info ] [ SESSION ] INIT array (
  'id' => '',
  'var_session_id' => '',
  'prefix' => 'think',
  'type' => '',
  'auto_start' => true,
)
[ info ] [ DB ] INIT mysql
[ info ] [ VIEW ] C:\thinkphp/application/index\view\index\index.html [ array (
  0 => 'event',
) ]
[ info ] [ LOG ] INIT File
[ sql ] [ DB ] CONNECT:[ UseTime:0.015626s ] mysql:dbname=tp5;host=127.0.0.1;charset=utf8
[ sql ] [ SQL ] SHOW COLUMNS FROM `qs_event` [ RunTime:0.015625s ]
[ sql ] [ SQL ] SELECT * FROM `qs_event` ORDER BY id asc [ RunTime:0.000000s ]
---------------------------------------------------------------
[ 2019-02-05T13:54:59+08:00 ] 172.26.72.2 157.55.39.9 GET /
[ info ] 47.92.249.234/ [运行时间：0.078125s][吞吐率：12.80req/s] [内存消耗：2,090.54kb] [文件加载：41]
[ info ] [ LANG ] C:\thinkphp\thinkphp\lang\zh-cn.php
[ info ] [ ROUTE ] array (
  'type' => 'module',
  'module' => 
  array (
    0 => '',
    1 => NULL,
    2 => NULL,
  ),
)
[ info ] [ HEADER ] array (
  'cache-control' => 'no-cache',
  'connection' => 'Keep-Alive',
  'pragma' => 'no-cache',
  'accept' => '*/*',
  'accept-encoding' => 'gzip, deflate',
  'from' => 'bingbot(at)microsoft.com',
  'host' => '47.92.249.234',
  'user-agent' => 'Mozilla/5.0 (compatible; bingbot/2.0; +http://www.bing.com/bingbot.htm)',
)
[ info ] [ PARAM ] array (
)
[ info ] [ RUN ] app\index\controller\Index->index[ C:\thinkphp\application\index\controller\Index.php ]
[ info ] [ SESSION ] INIT array (
  'id' => '',
  'var_session_id' => '',
  'prefix' => 'think',
  'type' => '',
  'auto_start' => true,
)
[ info ] [ DB ] INIT mysql
[ info ] [ VIEW ] C:\thinkphp/application/index\view\index\index.html [ array (
  0 => 'event',
) ]
[ info ] [ LOG ] INIT File
[ sql ] [ DB ] CONNECT:[ UseTime:0.000000s ] mysql:dbname=tp5;host=127.0.0.1;charset=utf8
[ sql ] [ SQL ] SHOW COLUMNS FROM `qs_event` [ RunTime:0.015625s ]
[ sql ] [ SQL ] SELECT * FROM `qs_event` ORDER BY id asc [ RunTime:0.000000s ]
---------------------------------------------------------------
[ 2019-02-05T14:48:45+08:00 ] 172.26.72.2 39.107.121.196 GET /
[ info ] 47.92.249.234/ [运行时间：0.078124s][吞吐率：12.80req/s] [内存消耗：2,090.03kb] [文件加载：41]
[ info ] [ LANG ] C:\thinkphp\thinkphp\lang\zh-cn.php
[ info ] [ ROUTE ] array (
  'type' => 'module',
  'module' => 
  array (
    0 => '',
    1 => NULL,
    2 => NULL,
  ),
)
[ info ] [ HEADER ] array (
  'user-agent' => 'Mozilla/5.0 (X11; Ubuntu; Linux x86_64; rv:36.0) Gecko/20100101 Firefox/36.0',
  'host' => '47.92.249.234',
  'accept' => 'text/html, image/gif, image/jpeg, *; q=.2, */*; q=.2',
  'connection' => 'keep-alive',
)
[ info ] [ PARAM ] array (
)
[ info ] [ RUN ] app\index\controller\Index->index[ C:\thinkphp\application\index\controller\Index.php ]
[ info ] [ SESSION ] INIT array (
  'id' => '',
  'var_session_id' => '',
  'prefix' => 'think',
  'type' => '',
  'auto_start' => true,
)
[ info ] [ DB ] INIT mysql
[ info ] [ VIEW ] C:\thinkphp/application/index\view\index\index.html [ array (
  0 => 'event',
) ]
[ info ] [ LOG ] INIT File
[ sql ] [ DB ] CONNECT:[ UseTime:0.000000s ] mysql:dbname=tp5;host=127.0.0.1;charset=utf8
[ sql ] [ SQL ] SHOW COLUMNS FROM `qs_event` [ RunTime:0.015625s ]
[ sql ] [ SQL ] SELECT * FROM `qs_event` ORDER BY id asc [ RunTime:0.000000s ]
---------------------------------------------------------------
[ 2019-02-05T15:15:28+08:00 ] 172.26.72.2 168.232.12.90 GET /
[ info ] 47.92.249.234:80/ [运行时间：0.078125s][吞吐率：12.80req/s] [内存消耗：2,089.74kb] [文件加载：41]
[ info ] [ LANG ] C:\thinkphp\thinkphp\lang\zh-cn.php
[ info ] [ ROUTE ] array (
  'type' => 'module',
  'module' => 
  array (
    0 => '',
    1 => NULL,
    2 => NULL,
  ),
)
[ info ] [ HEADER ] array (
  'host' => '47.92.249.234:80',
  'user-agent' => 'Mozilla/5.0 (Windows NT 10.0; WOW64) AppleWebKit/537.36 (KHTML, like Gecko) Chrome/51.0.2704.103 Safari/537.36',
  'content-length' => '0',
)
[ info ] [ PARAM ] array (
)
[ info ] [ RUN ] app\index\controller\Index->index[ C:\thinkphp\application\index\controller\Index.php ]
[ info ] [ SESSION ] INIT array (
  'id' => '',
  'var_session_id' => '',
  'prefix' => 'think',
  'type' => '',
  'auto_start' => true,
)
[ info ] [ DB ] INIT mysql
[ info ] [ VIEW ] C:\thinkphp/application/index\view\index\index.html [ array (
  0 => 'event',
) ]
[ info ] [ LOG ] INIT File
[ sql ] [ DB ] CONNECT:[ UseTime:0.000000s ] mysql:dbname=tp5;host=127.0.0.1;charset=utf8
[ sql ] [ SQL ] SHOW COLUMNS FROM `qs_event` [ RunTime:0.015625s ]
[ sql ] [ SQL ] SELECT * FROM `qs_event` ORDER BY id asc [ RunTime:0.000000s ]
---------------------------------------------------------------
[ 2019-02-05T16:10:59+08:00 ] 172.26.72.2 80.82.70.187 GET http://www.baidu.com/cache/global/img/gs.gif
[ info ] www.baidu.comhttp://www.baidu.com/cache/global/img/gs.gif [运行时间：0.046876s][吞吐率：21.33req/s] [内存消耗：1,025.46kb] [文件加载：28]
[ info ] [ LANG ] C:\thinkphp\thinkphp\lang\zh-cn.php
[ info ] [ ROUTE ] array (
  'type' => 'module',
  'module' => 
  array (
    0 => 'cache',
    1 => 'global',
    2 => 'img',
  ),
)
[ info ] [ HEADER ] array (
  'host' => 'www.baidu.com',
  'user-agent' => 'Mozilla',
  'if-modified-since' => 'Thu, 19 Apr 2012 09:51:20 GMT',
)
[ info ] [ PARAM ] array (
)
[ info ] [ LOG ] INIT File
---------------------------------------------------------------
[ 2019-02-05T16:42:30+08:00 ] 172.26.72.2 89.25.214.254 GET /
[ info ] 47.92.249.234:80/ [运行时间：0.078125s][吞吐率：12.80req/s] [内存消耗：2,089.84kb] [文件加载：41]
[ info ] [ LANG ] C:\thinkphp\thinkphp\lang\zh-cn.php
[ info ] [ ROUTE ] array (
  'type' => 'module',
  'module' => 
  array (
    0 => '',
    1 => NULL,
    2 => NULL,
  ),
)
[ info ] [ HEADER ] array (
  'host' => '47.92.249.234:80',
  'user-agent' => 'Mozilla/5.0 (Macintosh; Intel Mac OS X 10_11_6) AppleWebKit/601.7.7 (KHTML, like Gecko) Version/9.1.2 Safari/601.7.7',
  'content-length' => '0',
)
[ info ] [ PARAM ] array (
)
[ info ] [ RUN ] app\index\controller\Index->index[ C:\thinkphp\application\index\controller\Index.php ]
[ info ] [ SESSION ] INIT array (
  'id' => '',
  'var_session_id' => '',
  'prefix' => 'think',
  'type' => '',
  'auto_start' => true,
)
[ info ] [ DB ] INIT mysql
[ info ] [ VIEW ] C:\thinkphp/application/index\view\index\index.html [ array (
  0 => 'event',
) ]
[ info ] [ LOG ] INIT File
[ sql ] [ DB ] CONNECT:[ UseTime:0.000000s ] mysql:dbname=tp5;host=127.0.0.1;charset=utf8
[ sql ] [ SQL ] SHOW COLUMNS FROM `qs_event` [ RunTime:0.015625s ]
[ sql ] [ SQL ] SELECT * FROM `qs_event` ORDER BY id asc [ RunTime:0.000000s ]
---------------------------------------------------------------
[ 2019-02-05T17:03:16+08:00 ] 172.26.72.2 176.102.48.105 GET /
[ info ] 47.92.249.234:80/ [运行时间：0.078125s][吞吐率：12.80req/s] [内存消耗：2,089.74kb] [文件加载：41]
[ info ] [ LANG ] C:\thinkphp\thinkphp\lang\zh-cn.php
[ info ] [ ROUTE ] array (
  'type' => 'module',
  'module' => 
  array (
    0 => '',
    1 => NULL,
    2 => NULL,
  ),
)
[ info ] [ HEADER ] array (
  'host' => '47.92.249.234:80',
  'user-agent' => 'Mozilla/5.0 (Windows NT 10.0; WOW64) AppleWebKit/537.36 (KHTML, like Gecko) Chrome/51.0.2704.103 Safari/537.36',
  'content-length' => '0',
)
[ info ] [ PARAM ] array (
)
[ info ] [ RUN ] app\index\controller\Index->index[ C:\thinkphp\application\index\controller\Index.php ]
[ info ] [ SESSION ] INIT array (
  'id' => '',
  'var_session_id' => '',
  'prefix' => 'think',
  'type' => '',
  'auto_start' => true,
)
[ info ] [ DB ] INIT mysql
[ info ] [ VIEW ] C:\thinkphp/application/index\view\index\index.html [ array (
  0 => 'event',
) ]
[ info ] [ LOG ] INIT File
[ sql ] [ DB ] CONNECT:[ UseTime:0.000000s ] mysql:dbname=tp5;host=127.0.0.1;charset=utf8
[ sql ] [ SQL ] SHOW COLUMNS FROM `qs_event` [ RunTime:0.000000s ]
[ sql ] [ SQL ] SELECT * FROM `qs_event` ORDER BY id asc [ RunTime:0.015625s ]
---------------------------------------------------------------
[ 2019-02-05T17:29:01+08:00 ] 172.26.72.2 185.248.100.159 GET /dns/style.css
[ info ] 47.92.249.234/dns/style.css [运行时间：0.031250s][吞吐率：32.00req/s] [内存消耗：1,025.72kb] [文件加载：28]
[ info ] [ LANG ] C:\thinkphp\thinkphp\lang\zh-cn.php
[ info ] [ ROUTE ] array (
  'type' => 'module',
  'module' => 
  array (
    0 => 'dns',
    1 => 'style.css',
    2 => NULL,
  ),
)
[ info ] [ HEADER ] array (
  'host' => '47.92.249.234',
  'user-agent' => 'Mozilla/5.0 (Windows NT 6.1; Win64; x64; rv:60.0) Gecko/20100101 Firefox/60.0',
  'accept' => '*/*',
  'accept-encoding' => 'gzip',
)
[ info ] [ PARAM ] array (
)
[ info ] [ LOG ] INIT File
---------------------------------------------------------------
[ 2019-02-05T17:36:38+08:00 ] 172.26.72.2 170.245.131.221 GET /
[ info ] 47.92.249.234:80/ [运行时间：0.078124s][吞吐率：12.80req/s] [内存消耗：2,089.74kb] [文件加载：41]
[ info ] [ LANG ] C:\thinkphp\thinkphp\lang\zh-cn.php
[ info ] [ ROUTE ] array (
  'type' => 'module',
  'module' => 
  array (
    0 => '',
    1 => NULL,
    2 => NULL,
  ),
)
[ info ] [ HEADER ] array (
  'host' => '47.92.249.234:80',
  'user-agent' => 'Mozilla/5.0 (Windows NT 10.0; WOW64) AppleWebKit/537.36 (KHTML, like Gecko) Chrome/52.0.2743.116 Safari/537.36',
  'content-length' => '0',
)
[ info ] [ PARAM ] array (
)
[ info ] [ RUN ] app\index\controller\Index->index[ C:\thinkphp\application\index\controller\Index.php ]
[ info ] [ SESSION ] INIT array (
  'id' => '',
  'var_session_id' => '',
  'prefix' => 'think',
  'type' => '',
  'auto_start' => true,
)
[ info ] [ DB ] INIT mysql
[ info ] [ VIEW ] C:\thinkphp/application/index\view\index\index.html [ array (
  0 => 'event',
) ]
[ info ] [ LOG ] INIT File
[ sql ] [ DB ] CONNECT:[ UseTime:0.000000s ] mysql:dbname=tp5;host=127.0.0.1;charset=utf8
[ sql ] [ SQL ] SHOW COLUMNS FROM `qs_event` [ RunTime:0.015625s ]
[ sql ] [ SQL ] SELECT * FROM `qs_event` ORDER BY id asc [ RunTime:0.000000s ]
---------------------------------------------------------------
[ 2019-02-05T17:37:59+08:00 ] 172.26.72.2 106.11.159.174 GET /
[ info ] 47.92.249.234/ [运行时间：0.078124s][吞吐率：12.80req/s] [内存消耗：2,090.50kb] [文件加载：41]
[ info ] [ LANG ] C:\thinkphp\thinkphp\lang\zh-cn.php
[ info ] [ ROUTE ] array (
  'type' => 'module',
  'module' => 
  array (
    0 => '',
    1 => NULL,
    2 => NULL,
  ),
)
[ info ] [ HEADER ] array (
  'host' => '47.92.249.234',
  'accept' => '*/*',
  'accept-language' => 'zh-cn,en-us,zh-tw,en-gb,en;',
  'accept-encoding' => 'gzip',
  'user-agent' => 'Mozilla/5.0 (iPhone; CPU iPhone OS 10_3 like Mac OS X) AppleWebKit/602.1.50 (KHTML, like Gecko) CriOS/56.0.2924.75 Mobile/14E5239e YisouSpider/5.0 Safari/602.1',
  'connection' => 'Keep-Alive',
)
[ info ] [ PARAM ] array (
)
[ info ] [ RUN ] app\index\controller\Index->index[ C:\thinkphp\application\index\controller\Index.php ]
[ info ] [ SESSION ] INIT array (
  'id' => '',
  'var_session_id' => '',
  'prefix' => 'think',
  'type' => '',
  'auto_start' => true,
)
[ info ] [ DB ] INIT mysql
[ info ] [ VIEW ] C:\thinkphp/application/index\view\index\index.html [ array (
  0 => 'event',
) ]
[ info ] [ LOG ] INIT File
[ sql ] [ DB ] CONNECT:[ UseTime:0.015625s ] mysql:dbname=tp5;host=127.0.0.1;charset=utf8
[ sql ] [ SQL ] SHOW COLUMNS FROM `qs_event` [ RunTime:0.000000s ]
[ sql ] [ SQL ] SELECT * FROM `qs_event` ORDER BY id asc [ RunTime:0.000000s ]
---------------------------------------------------------------
[ 2019-02-05T18:10:09+08:00 ] 172.26.72.2 91.109.199.90 GET /
[ info ] 47.92.249.234:80/ [运行时间：0.078126s][吞吐率：12.80req/s] [内存消耗：2,089.84kb] [文件加载：41]
[ info ] [ LANG ] C:\thinkphp\thinkphp\lang\zh-cn.php
[ info ] [ ROUTE ] array (
  'type' => 'module',
  'module' => 
  array (
    0 => '',
    1 => NULL,
    2 => NULL,
  ),
)
[ info ] [ HEADER ] array (
  'host' => '47.92.249.234:80',
  'user-agent' => 'Mozilla/5.0 (Macintosh; Intel Mac OS X 10_11_6) AppleWebKit/601.7.7 (KHTML, like Gecko) Version/9.1.2 Safari/601.7.7',
  'content-length' => '0',
)
[ info ] [ PARAM ] array (
)
[ info ] [ RUN ] app\index\controller\Index->index[ C:\thinkphp\application\index\controller\Index.php ]
[ info ] [ SESSION ] INIT array (
  'id' => '',
  'var_session_id' => '',
  'prefix' => 'think',
  'type' => '',
  'auto_start' => true,
)
[ info ] [ DB ] INIT mysql
[ info ] [ VIEW ] C:\thinkphp/application/index\view\index\index.html [ array (
  0 => 'event',
) ]
[ info ] [ LOG ] INIT File
[ sql ] [ DB ] CONNECT:[ UseTime:0.015625s ] mysql:dbname=tp5;host=127.0.0.1;charset=utf8
[ sql ] [ SQL ] SHOW COLUMNS FROM `qs_event` [ RunTime:0.015625s ]
[ sql ] [ SQL ] SELECT * FROM `qs_event` ORDER BY id asc [ RunTime:0.000000s ]
---------------------------------------------------------------
[ 2019-02-05T18:18:13+08:00 ] 172.26.72.2 120.132.3.65 GET http://www.qq.com/404/search_children.js
[ info ] www.qq.comhttp://www.qq.com/404/search_children.js [运行时间：0.031251s][吞吐率：32.00req/s] [内存消耗：1,025.85kb] [文件加载：28]
[ info ] [ LANG ] C:\thinkphp\thinkphp\lang\zh-cn.php
[ info ] [ ROUTE ] array (
  'type' => 'module',
  'module' => 
  array (
    0 => '404',
    1 => 'search_children.js',
    2 => NULL,
  ),
)
[ info ] [ HEADER ] array (
  'host' => 'www.qq.com',
  'accept' => '*/*',
  'pragma' => 'no-cache',
  'user-agent' => 'Mozilla/5.0 (X11; Linux x86_64) AppleWebKit/537.36 (KHTML, like Gecko) Chrome/35.0.1916.114 Safari/537.36',
)
[ info ] [ PARAM ] array (
)
[ info ] [ LOG ] INIT File
---------------------------------------------------------------
[ 2019-02-05T18:38:47+08:00 ] 172.26.72.2 202.166.207.35 GET /
[ info ] 47.92.249.234:80/ [运行时间：0.078126s][吞吐率：12.80req/s] [内存消耗：2,089.77kb] [文件加载：41]
[ info ] [ LANG ] C:\thinkphp\thinkphp\lang\zh-cn.php
[ info ] [ ROUTE ] array (
  'type' => 'module',
  'module' => 
  array (
    0 => '',
    1 => NULL,
    2 => NULL,
  ),
)
[ info ] [ HEADER ] array (
  'host' => '47.92.249.234:80',
  'user-agent' => 'Mozilla/5.0 (Windows NT 6.1; WOW64) AppleWebKit/537.36 (KHTML, like Gecko) Chrome/52.0.2743.116 Safari/537.36',
  'content-length' => '0',
)
[ info ] [ PARAM ] array (
)
[ info ] [ RUN ] app\index\controller\Index->index[ C:\thinkphp\application\index\controller\Index.php ]
[ info ] [ SESSION ] INIT array (
  'id' => '',
  'var_session_id' => '',
  'prefix' => 'think',
  'type' => '',
  'auto_start' => true,
)
[ info ] [ DB ] INIT mysql
[ info ] [ VIEW ] C:\thinkphp/application/index\view\index\index.html [ array (
  0 => 'event',
) ]
[ info ] [ LOG ] INIT File
[ sql ] [ DB ] CONNECT:[ UseTime:0.000000s ] mysql:dbname=tp5;host=127.0.0.1;charset=utf8
[ sql ] [ SQL ] SHOW COLUMNS FROM `qs_event` [ RunTime:0.015625s ]
[ sql ] [ SQL ] SELECT * FROM `qs_event` ORDER BY id asc [ RunTime:0.000000s ]
---------------------------------------------------------------
[ 2019-02-05T18:40:17+08:00 ] 172.26.72.2 201.158.24.8 GET /
[ info ] 47.92.249.234:80/ [运行时间：0.062500s][吞吐率：16.00req/s] [内存消耗：2,089.74kb] [文件加载：41]
[ info ] [ LANG ] C:\thinkphp\thinkphp\lang\zh-cn.php
[ info ] [ ROUTE ] array (
  'type' => 'module',
  'module' => 
  array (
    0 => '',
    1 => NULL,
    2 => NULL,
  ),
)
[ info ] [ HEADER ] array (
  'host' => '47.92.249.234:80',
  'user-agent' => 'Mozilla/5.0 (Windows NT 10.0; WOW64) AppleWebKit/537.36 (KHTML, like Gecko) Chrome/51.0.2704.103 Safari/537.36',
  'content-length' => '0',
)
[ info ] [ PARAM ] array (
)
[ info ] [ RUN ] app\index\controller\Index->index[ C:\thinkphp\application\index\controller\Index.php ]
[ info ] [ SESSION ] INIT array (
  'id' => '',
  'var_session_id' => '',
  'prefix' => 'think',
  'type' => '',
  'auto_start' => true,
)
[ info ] [ DB ] INIT mysql
[ info ] [ VIEW ] C:\thinkphp/application/index\view\index\index.html [ array (
  0 => 'event',
) ]
[ info ] [ LOG ] INIT File
[ sql ] [ DB ] CONNECT:[ UseTime:0.000000s ] mysql:dbname=tp5;host=127.0.0.1;charset=utf8
[ sql ] [ SQL ] SHOW COLUMNS FROM `qs_event` [ RunTime:0.015625s ]
[ sql ] [ SQL ] SELECT * FROM `qs_event` ORDER BY id asc [ RunTime:0.000000s ]
---------------------------------------------------------------
[ 2019-02-05T19:25:02+08:00 ] 172.26.72.2 2.187.85.250 GET /
[ info ] 47.92.249.234:80/ [运行时间：0.078125s][吞吐率：12.80req/s] [内存消耗：2,089.74kb] [文件加载：41]
[ info ] [ LANG ] C:\thinkphp\thinkphp\lang\zh-cn.php
[ info ] [ ROUTE ] array (
  'type' => 'module',
  'module' => 
  array (
    0 => '',
    1 => NULL,
    2 => NULL,
  ),
)
[ info ] [ HEADER ] array (
  'host' => '47.92.249.234:80',
  'user-agent' => 'Mozilla/5.0 (Windows NT 10.0; WOW64) AppleWebKit/537.36 (KHTML, like Gecko) Chrome/51.0.2704.103 Safari/537.36',
  'content-length' => '0',
)
[ info ] [ PARAM ] array (
)
[ info ] [ RUN ] app\index\controller\Index->index[ C:\thinkphp\application\index\controller\Index.php ]
[ info ] [ SESSION ] INIT array (
  'id' => '',
  'var_session_id' => '',
  'prefix' => 'think',
  'type' => '',
  'auto_start' => true,
)
[ info ] [ DB ] INIT mysql
[ info ] [ VIEW ] C:\thinkphp/application/index\view\index\index.html [ array (
  0 => 'event',
) ]
[ info ] [ LOG ] INIT File
[ sql ] [ DB ] CONNECT:[ UseTime:0.000000s ] mysql:dbname=tp5;host=127.0.0.1;charset=utf8
[ sql ] [ SQL ] SHOW COLUMNS FROM `qs_event` [ RunTime:0.015625s ]
[ sql ] [ SQL ] SELECT * FROM `qs_event` ORDER BY id asc [ RunTime:0.000000s ]
---------------------------------------------------------------
[ 2019-02-05T19:36:45+08:00 ] 172.26.72.2 78.132.172.246 GET /
[ info ] 47.92.249.234:80/ [运行时间：0.078124s][吞吐率：12.80req/s] [内存消耗：2,089.74kb] [文件加载：41]
[ info ] [ LANG ] C:\thinkphp\thinkphp\lang\zh-cn.php
[ info ] [ ROUTE ] array (
  'type' => 'module',
  'module' => 
  array (
    0 => '',
    1 => NULL,
    2 => NULL,
  ),
)
[ info ] [ HEADER ] array (
  'host' => '47.92.249.234:80',
  'user-agent' => 'Mozilla/5.0 (Windows NT 10.0; WOW64) AppleWebKit/537.36 (KHTML, like Gecko) Chrome/52.0.2743.116 Safari/537.36',
  'content-length' => '0',
)
[ info ] [ PARAM ] array (
)
[ info ] [ RUN ] app\index\controller\Index->index[ C:\thinkphp\application\index\controller\Index.php ]
[ info ] [ SESSION ] INIT array (
  'id' => '',
  'var_session_id' => '',
  'prefix' => 'think',
  'type' => '',
  'auto_start' => true,
)
[ info ] [ DB ] INIT mysql
[ info ] [ VIEW ] C:\thinkphp/application/index\view\index\index.html [ array (
  0 => 'event',
) ]
[ info ] [ LOG ] INIT File
[ sql ] [ DB ] CONNECT:[ UseTime:0.015624s ] mysql:dbname=tp5;host=127.0.0.1;charset=utf8
[ sql ] [ SQL ] SHOW COLUMNS FROM `qs_event` [ RunTime:0.015625s ]
[ sql ] [ SQL ] SELECT * FROM `qs_event` ORDER BY id asc [ RunTime:0.000000s ]
---------------------------------------------------------------
[ 2019-02-05T19:45:07+08:00 ] 172.26.72.2 179.109.85.162 GET /
[ info ] 47.92.249.234:80/ [运行时间：0.078124s][吞吐率：12.80req/s] [内存消耗：2,089.74kb] [文件加载：41]
[ info ] [ LANG ] C:\thinkphp\thinkphp\lang\zh-cn.php
[ info ] [ ROUTE ] array (
  'type' => 'module',
  'module' => 
  array (
    0 => '',
    1 => NULL,
    2 => NULL,
  ),
)
[ info ] [ HEADER ] array (
  'host' => '47.92.249.234:80',
  'user-agent' => 'Mozilla/5.0 (Windows NT 10.0; WOW64) AppleWebKit/537.36 (KHTML, like Gecko) Chrome/51.0.2704.103 Safari/537.36',
  'content-length' => '0',
)
[ info ] [ PARAM ] array (
)
[ info ] [ RUN ] app\index\controller\Index->index[ C:\thinkphp\application\index\controller\Index.php ]
[ info ] [ SESSION ] INIT array (
  'id' => '',
  'var_session_id' => '',
  'prefix' => 'think',
  'type' => '',
  'auto_start' => true,
)
[ info ] [ DB ] INIT mysql
[ info ] [ VIEW ] C:\thinkphp/application/index\view\index\index.html [ array (
  0 => 'event',
) ]
[ info ] [ LOG ] INIT File
[ sql ] [ DB ] CONNECT:[ UseTime:0.000000s ] mysql:dbname=tp5;host=127.0.0.1;charset=utf8
[ sql ] [ SQL ] SHOW COLUMNS FROM `qs_event` [ RunTime:0.015625s ]
[ sql ] [ SQL ] SELECT * FROM `qs_event` ORDER BY id asc [ RunTime:0.000000s ]
---------------------------------------------------------------
[ 2019-02-05T19:52:12+08:00 ] 172.26.72.2 185.62.21.169 GET /
[ info ] 47.92.249.234:80/ [运行时间：0.078124s][吞吐率：12.80req/s] [内存消耗：2,089.77kb] [文件加载：41]
[ info ] [ LANG ] C:\thinkphp\thinkphp\lang\zh-cn.php
[ info ] [ ROUTE ] array (
  'type' => 'module',
  'module' => 
  array (
    0 => '',
    1 => NULL,
    2 => NULL,
  ),
)
[ info ] [ HEADER ] array (
  'host' => '47.92.249.234:80',
  'user-agent' => 'Mozilla/5.0 (Windows NT 6.1; WOW64) AppleWebKit/537.36 (KHTML, like Gecko) Chrome/52.0.2743.116 Safari/537.36',
  'content-length' => '0',
)
[ info ] [ PARAM ] array (
)
[ info ] [ RUN ] app\index\controller\Index->index[ C:\thinkphp\application\index\controller\Index.php ]
[ info ] [ SESSION ] INIT array (
  'id' => '',
  'var_session_id' => '',
  'prefix' => 'think',
  'type' => '',
  'auto_start' => true,
)
[ info ] [ DB ] INIT mysql
[ info ] [ VIEW ] C:\thinkphp/application/index\view\index\index.html [ array (
  0 => 'event',
) ]
[ info ] [ LOG ] INIT File
[ sql ] [ DB ] CONNECT:[ UseTime:0.015624s ] mysql:dbname=tp5;host=127.0.0.1;charset=utf8
[ sql ] [ SQL ] SHOW COLUMNS FROM `qs_event` [ RunTime:0.000000s ]
[ sql ] [ SQL ] SELECT * FROM `qs_event` ORDER BY id asc [ RunTime:0.000000s ]
---------------------------------------------------------------
[ 2019-02-05T19:56:53+08:00 ] 172.26.72.2 89.203.220.98 GET /
[ info ] 47.92.249.234:80/ [运行时间：0.093750s][吞吐率：10.67req/s] [内存消耗：2,089.84kb] [文件加载：41]
[ info ] [ LANG ] C:\thinkphp\thinkphp\lang\zh-cn.php
[ info ] [ ROUTE ] array (
  'type' => 'module',
  'module' => 
  array (
    0 => '',
    1 => NULL,
    2 => NULL,
  ),
)
[ info ] [ HEADER ] array (
  'host' => '47.92.249.234:80',
  'user-agent' => 'Mozilla/5.0 (Macintosh; Intel Mac OS X 10_11_6) AppleWebKit/601.7.7 (KHTML, like Gecko) Version/9.1.2 Safari/601.7.7',
  'content-length' => '0',
)
[ info ] [ PARAM ] array (
)
[ info ] [ RUN ] app\index\controller\Index->index[ C:\thinkphp\application\index\controller\Index.php ]
[ info ] [ SESSION ] INIT array (
  'id' => '',
  'var_session_id' => '',
  'prefix' => 'think',
  'type' => '',
  'auto_start' => true,
)
[ info ] [ DB ] INIT mysql
[ info ] [ VIEW ] C:\thinkphp/application/index\view\index\index.html [ array (
  0 => 'event',
) ]
[ info ] [ LOG ] INIT File
[ sql ] [ DB ] CONNECT:[ UseTime:0.015625s ] mysql:dbname=tp5;host=127.0.0.1;charset=utf8
[ sql ] [ SQL ] SHOW COLUMNS FROM `qs_event` [ RunTime:0.000000s ]
[ sql ] [ SQL ] SELECT * FROM `qs_event` ORDER BY id asc [ RunTime:0.000000s ]
---------------------------------------------------------------
[ 2019-02-05T22:04:58+08:00 ] 172.26.72.2 51.38.12.21 GET /
[ info ] 47.92.249.234/ [运行时间：0.078124s][吞吐率：12.80req/s] [内存消耗：2,089.78kb] [文件加载：41]
[ info ] [ LANG ] C:\thinkphp\thinkphp\lang\zh-cn.php
[ info ] [ ROUTE ] array (
  'type' => 'module',
  'module' => 
  array (
    0 => '',
    1 => NULL,
    2 => NULL,
  ),
)
[ info ] [ HEADER ] array (
  'host' => '47.92.249.234',
  'connection' => 'close',
  'user-agent' => 'Mozilla/5.0 (Windows NT 6.1) AppleWebKit/537.36 (KHTML, like Gecko) Chrome/41.0.2228.0 Safari/537.36',
)
[ info ] [ PARAM ] array (
)
[ info ] [ RUN ] app\index\controller\Index->index[ C:\thinkphp\application\index\controller\Index.php ]
[ info ] [ SESSION ] INIT array (
  'id' => '',
  'var_session_id' => '',
  'prefix' => 'think',
  'type' => '',
  'auto_start' => true,
)
[ info ] [ DB ] INIT mysql
[ info ] [ VIEW ] C:\thinkphp/application/index\view\index\index.html [ array (
  0 => 'event',
) ]
[ info ] [ LOG ] INIT File
[ sql ] [ DB ] CONNECT:[ UseTime:0.000000s ] mysql:dbname=tp5;host=127.0.0.1;charset=utf8
[ sql ] [ SQL ] SHOW COLUMNS FROM `qs_event` [ RunTime:0.015625s ]
[ sql ] [ SQL ] SELECT * FROM `qs_event` ORDER BY id asc [ RunTime:0.000000s ]
---------------------------------------------------------------
[ 2019-02-05T22:06:09+08:00 ] 172.26.72.2 186.219.243.59 GET /
[ info ] 47.92.249.234:80/ [运行时间：0.078124s][吞吐率：12.80req/s] [内存消耗：2,089.77kb] [文件加载：41]
[ info ] [ LANG ] C:\thinkphp\thinkphp\lang\zh-cn.php
[ info ] [ ROUTE ] array (
  'type' => 'module',
  'module' => 
  array (
    0 => '',
    1 => NULL,
    2 => NULL,
  ),
)
[ info ] [ HEADER ] array (
  'host' => '47.92.249.234:80',
  'user-agent' => 'Mozilla/5.0 (Windows NT 6.1; WOW64) AppleWebKit/537.36 (KHTML, like Gecko) Chrome/51.0.2704.103 Safari/537.36',
  'content-length' => '0',
)
[ info ] [ PARAM ] array (
)
[ info ] [ RUN ] app\index\controller\Index->index[ C:\thinkphp\application\index\controller\Index.php ]
[ info ] [ SESSION ] INIT array (
  'id' => '',
  'var_session_id' => '',
  'prefix' => 'think',
  'type' => '',
  'auto_start' => true,
)
[ info ] [ DB ] INIT mysql
[ info ] [ VIEW ] C:\thinkphp/application/index\view\index\index.html [ array (
  0 => 'event',
) ]
[ info ] [ LOG ] INIT File
[ sql ] [ DB ] CONNECT:[ UseTime:0.000000s ] mysql:dbname=tp5;host=127.0.0.1;charset=utf8
[ sql ] [ SQL ] SHOW COLUMNS FROM `qs_event` [ RunTime:0.000000s ]
[ sql ] [ SQL ] SELECT * FROM `qs_event` ORDER BY id asc [ RunTime:0.000000s ]
---------------------------------------------------------------
[ 2019-02-05T22:51:02+08:00 ] 172.26.72.2 189.46.141.120 GET /
[ info ] 47.92.249.234:80/ [运行时间：0.093751s][吞吐率：10.67req/s] [内存消耗：2,089.74kb] [文件加载：41]
[ info ] [ LANG ] C:\thinkphp\thinkphp\lang\zh-cn.php
[ info ] [ ROUTE ] array (
  'type' => 'module',
  'module' => 
  array (
    0 => '',
    1 => NULL,
    2 => NULL,
  ),
)
[ info ] [ HEADER ] array (
  'host' => '47.92.249.234:80',
  'user-agent' => 'Mozilla/5.0 (Windows NT 10.0; WOW64) AppleWebKit/537.36 (KHTML, like Gecko) Chrome/51.0.2704.103 Safari/537.36',
  'content-length' => '0',
)
[ info ] [ PARAM ] array (
)
[ info ] [ RUN ] app\index\controller\Index->index[ C:\thinkphp\application\index\controller\Index.php ]
[ info ] [ SESSION ] INIT array (
  'id' => '',
  'var_session_id' => '',
  'prefix' => 'think',
  'type' => '',
  'auto_start' => true,
)
[ info ] [ DB ] INIT mysql
[ info ] [ VIEW ] C:\thinkphp/application/index\view\index\index.html [ array (
  0 => 'event',
) ]
[ info ] [ LOG ] INIT File
[ sql ] [ DB ] CONNECT:[ UseTime:0.000000s ] mysql:dbname=tp5;host=127.0.0.1;charset=utf8
[ sql ] [ SQL ] SHOW COLUMNS FROM `qs_event` [ RunTime:0.015625s ]
[ sql ] [ SQL ] SELECT * FROM `qs_event` ORDER BY id asc [ RunTime:0.000000s ]
---------------------------------------------------------------
[ 2019-02-05T22:51:02+08:00 ] 172.26.72.2 189.46.141.120 GET /
[ info ] 47.92.249.234:80/ [运行时间：0.078125s][吞吐率：12.80req/s] [内存消耗：2,089.74kb] [文件加载：41]
[ info ] [ LANG ] C:\thinkphp\thinkphp\lang\zh-cn.php
[ info ] [ ROUTE ] array (
  'type' => 'module',
  'module' => 
  array (
    0 => '',
    1 => NULL,
    2 => NULL,
  ),
)
[ info ] [ HEADER ] array (
  'host' => '47.92.249.234:80',
  'user-agent' => 'Mozilla/5.0 (Windows NT 10.0; WOW64) AppleWebKit/537.36 (KHTML, like Gecko) Chrome/51.0.2704.103 Safari/537.36',
  'content-length' => '0',
)
[ info ] [ PARAM ] array (
)
[ info ] [ RUN ] app\index\controller\Index->index[ C:\thinkphp\application\index\controller\Index.php ]
[ info ] [ SESSION ] INIT array (
  'id' => '',
  'var_session_id' => '',
  'prefix' => 'think',
  'type' => '',
  'auto_start' => true,
)
[ info ] [ DB ] INIT mysql
[ info ] [ VIEW ] C:\thinkphp/application/index\view\index\index.html [ array (
  0 => 'event',
) ]
[ info ] [ LOG ] INIT File
[ sql ] [ DB ] CONNECT:[ UseTime:0.015625s ] mysql:dbname=tp5;host=127.0.0.1;charset=utf8
[ sql ] [ SQL ] SHOW COLUMNS FROM `qs_event` [ RunTime:0.000000s ]
[ sql ] [ SQL ] SELECT * FROM `qs_event` ORDER BY id asc [ RunTime:0.000000s ]
---------------------------------------------------------------
[ 2019-02-05T22:59:42+08:00 ] 172.26.72.2 178.134.174.22 GET /
[ info ] 47.92.249.234:80/ [运行时间：0.078125s][吞吐率：12.80req/s] [内存消耗：2,089.74kb] [文件加载：41]
[ info ] [ LANG ] C:\thinkphp\thinkphp\lang\zh-cn.php
[ info ] [ ROUTE ] array (
  'type' => 'module',
  'module' => 
  array (
    0 => '',
    1 => NULL,
    2 => NULL,
  ),
)
[ info ] [ HEADER ] array (
  'host' => '47.92.249.234:80',
  'user-agent' => 'Mozilla/5.0 (Windows NT 10.0; WOW64) AppleWebKit/537.36 (KHTML, like Gecko) Chrome/52.0.2743.116 Safari/537.36',
  'content-length' => '0',
)
[ info ] [ PARAM ] array (
)
[ info ] [ RUN ] app\index\controller\Index->index[ C:\thinkphp\application\index\controller\Index.php ]
[ info ] [ SESSION ] INIT array (
  'id' => '',
  'var_session_id' => '',
  'prefix' => 'think',
  'type' => '',
  'auto_start' => true,
)
[ info ] [ DB ] INIT mysql
[ info ] [ VIEW ] C:\thinkphp/application/index\view\index\index.html [ array (
  0 => 'event',
) ]
[ info ] [ LOG ] INIT File
[ sql ] [ DB ] CONNECT:[ UseTime:0.000000s ] mysql:dbname=tp5;host=127.0.0.1;charset=utf8
[ sql ] [ SQL ] SHOW COLUMNS FROM `qs_event` [ RunTime:0.015625s ]
[ sql ] [ SQL ] SELECT * FROM `qs_event` ORDER BY id asc [ RunTime:0.000000s ]
---------------------------------------------------------------
[ 2019-02-05T23:25:02+08:00 ] 172.26.72.2 176.119.134.161 GET /
[ info ] 47.92.249.234:80/ [运行时间：0.078125s][吞吐率：12.80req/s] [内存消耗：2,089.74kb] [文件加载：41]
[ info ] [ LANG ] C:\thinkphp\thinkphp\lang\zh-cn.php
[ info ] [ ROUTE ] array (
  'type' => 'module',
  'module' => 
  array (
    0 => '',
    1 => NULL,
    2 => NULL,
  ),
)
[ info ] [ HEADER ] array (
  'host' => '47.92.249.234:80',
  'user-agent' => 'Mozilla/5.0 (Windows NT 10.0; WOW64) AppleWebKit/537.36 (KHTML, like Gecko) Chrome/52.0.2743.116 Safari/537.36',
  'content-length' => '0',
)
[ info ] [ PARAM ] array (
)
[ info ] [ RUN ] app\index\controller\Index->index[ C:\thinkphp\application\index\controller\Index.php ]
[ info ] [ SESSION ] INIT array (
  'id' => '',
  'var_session_id' => '',
  'prefix' => 'think',
  'type' => '',
  'auto_start' => true,
)
[ info ] [ DB ] INIT mysql
[ info ] [ VIEW ] C:\thinkphp/application/index\view\index\index.html [ array (
  0 => 'event',
) ]
[ info ] [ LOG ] INIT File
[ sql ] [ DB ] CONNECT:[ UseTime:0.015625s ] mysql:dbname=tp5;host=127.0.0.1;charset=utf8
[ sql ] [ SQL ] SHOW COLUMNS FROM `qs_event` [ RunTime:0.015625s ]
[ sql ] [ SQL ] SELECT * FROM `qs_event` ORDER BY id asc [ RunTime:0.000000s ]
---------------------------------------------------------------
[ 2019-02-05T23:40:21+08:00 ] 172.26.72.2 42.156.254.14 GET /
[ info ] 47.92.249.234/ [运行时间：0.078125s][吞吐率：12.80req/s] [内存消耗：2,090.55kb] [文件加载：41]
[ info ] [ LANG ] C:\thinkphp\thinkphp\lang\zh-cn.php
[ info ] [ ROUTE ] array (
  'type' => 'module',
  'module' => 
  array (
    0 => '',
    1 => NULL,
    2 => NULL,
  ),
)
[ info ] [ HEADER ] array (
  'accept' => 'text/html,application/xhtml+xml,application/xml;q=0.9,image/webp,image/apng,*/*;q=0.8',
  'accept-encoding' => 'gzip, deflate',
  'host' => '47.92.249.234',
  'upgrade-insecure-requests' => '1',
  'user-agent' => 'Mozilla/5.0 (Windows NT 6.1; Win64; x64) AppleWebKit/537.36 (KHTML, like Gecko) Chrome/69.0.3497.81 YisouSpider/5.0 Safari/537.36',
  'connection' => 'close',
)
[ info ] [ PARAM ] array (
)
[ info ] [ RUN ] app\index\controller\Index->index[ C:\thinkphp\application\index\controller\Index.php ]
[ info ] [ SESSION ] INIT array (
  'id' => '',
  'var_session_id' => '',
  'prefix' => 'think',
  'type' => '',
  'auto_start' => true,
)
[ info ] [ DB ] INIT mysql
[ info ] [ VIEW ] C:\thinkphp/application/index\view\index\index.html [ array (
  0 => 'event',
) ]
[ info ] [ LOG ] INIT File
[ sql ] [ DB ] CONNECT:[ UseTime:0.015625s ] mysql:dbname=tp5;host=127.0.0.1;charset=utf8
[ sql ] [ SQL ] SHOW COLUMNS FROM `qs_event` [ RunTime:0.015625s ]
[ sql ] [ SQL ] SELECT * FROM `qs_event` ORDER BY id asc [ RunTime:0.000000s ]
