---------------------------------------------------------------
[ 2019-01-09T00:12:17+08:00 ] 172.26.72.2 198.108.66.48 GET /
[ info ] 47.92.249.234/ [运行时间：0.078128s][吞吐率：12.80req/s] [内存消耗：2,089.48kb] [文件加载：41]
[ info ] [ LANG ] C:\thinkphp\thinkphp\lang\zh-cn.php
[ info ] [ ROUTE ] array (
  'type' => 'module',
  'module' => 
  array (
    0 => '',
    1 => NULL,
    2 => NULL,
  ),
)
[ info ] [ HEADER ] array (
  'host' => '47.92.249.234',
  'user-agent' => 'Mozilla/5.0 zgrab/0.x',
  'accept' => '*/*',
  'accept-encoding' => 'gzip',
)
[ info ] [ PARAM ] array (
)
[ info ] [ RUN ] app\index\controller\Index->index[ C:\thinkphp\application\index\controller\Index.php ]
[ info ] [ SESSION ] INIT array (
  'id' => '',
  'var_session_id' => '',
  'prefix' => 'think',
  'type' => '',
  'auto_start' => true,
)
[ info ] [ DB ] INIT mysql
[ info ] [ VIEW ] C:\thinkphp/application/index\view\index\index.html [ array (
  0 => 'event',
) ]
[ info ] [ LOG ] INIT File
[ sql ] [ DB ] CONNECT:[ UseTime:0.000000s ] mysql:dbname=tp5;host=127.0.0.1;charset=utf8
[ sql ] [ SQL ] SHOW COLUMNS FROM `qs_event` [ RunTime:0.015625s ]
[ sql ] [ SQL ] SELECT * FROM `qs_event` ORDER BY id asc [ RunTime:0.000000s ]
---------------------------------------------------------------
[ 2019-01-09T00:51:45+08:00 ] 172.26.72.2 106.11.154.112 GET /download/index/download/fileid/PuTTY_0.67.0.0.html
[ info ] 47.92.249.234/download/index/download/fileid/PuTTY_0.67.0.0.html [运行时间：0.078126s][吞吐率：12.80req/s] [内存消耗：2,286.77kb] [文件加载：39]
[ info ] [ LANG ] C:\thinkphp\thinkphp\lang\zh-cn.php
[ info ] [ ROUTE ] array (
  'type' => 'module',
  'module' => 
  array (
    0 => 'download',
    1 => 'index',
    2 => 'download',
  ),
)
[ info ] [ HEADER ] array (
  'accept' => 'text/html,application/xhtml+xml,application/xml;q=0.9,image/webp,image/apng,*/*;q=0.8',
  'accept-encoding' => 'gzip, deflate',
  'host' => '47.92.249.234',
  'upgrade-insecure-requests' => '1',
  'user-agent' => 'Mozilla/5.0 (Windows NT 6.1; Win64; x64) AppleWebKit/537.36 (KHTML, like Gecko) Chrome/69.0.3497.81 YisouSpider/5.0 Safari/537.36',
  'connection' => 'close',
)
[ info ] [ PARAM ] array (
  'fileid' => 'PuTTY_0.67.0.0',
)
[ info ] [ RUN ] app\download\controller\Index->download[ C:\thinkphp\application\download\controller\Index.php ]
[ info ] [ DB ] INIT mysql
[ info ] [ LOG ] INIT File
[ sql ] [ DB ] CONNECT:[ UseTime:0.000000s ] mysql:dbname=tp5;host=127.0.0.1;charset=utf8
[ sql ] [ SQL ] SHOW COLUMNS FROM `qs_downloadwindowsfile` [ RunTime:0.015625s ]
[ sql ] [ SQL ] SELECT `address` FROM `qs_downloadwindowsfile` WHERE  `name` = 'PuTTY_0.67.0.0' LIMIT 1 [ RunTime:0.000000s ]
---------------------------------------------------------------
[ 2019-01-09T01:05:58+08:00 ] 172.26.72.2 110.52.29.10 GET /
[ info ] 47.92.249.234/ [运行时间：0.078127s][吞吐率：12.80req/s] [内存消耗：2,089.00kb] [文件加载：41]
[ info ] [ LANG ] C:\thinkphp\thinkphp\lang\zh-cn.php
[ info ] [ ROUTE ] array (
  'type' => 'module',
  'module' => 
  array (
    0 => '',
    1 => NULL,
    2 => NULL,
  ),
)
[ info ] [ HEADER ] array (
  'host' => '47.92.249.234',
)
[ info ] [ PARAM ] array (
)
[ info ] [ RUN ] app\index\controller\Index->index[ C:\thinkphp\application\index\controller\Index.php ]
[ info ] [ SESSION ] INIT array (
  'id' => '',
  'var_session_id' => '',
  'prefix' => 'think',
  'type' => '',
  'auto_start' => true,
)
[ info ] [ DB ] INIT mysql
[ info ] [ VIEW ] C:\thinkphp/application/index\view\index\index.html [ array (
  0 => 'event',
) ]
[ info ] [ LOG ] INIT File
[ sql ] [ DB ] CONNECT:[ UseTime:0.000000s ] mysql:dbname=tp5;host=127.0.0.1;charset=utf8
[ sql ] [ SQL ] SHOW COLUMNS FROM `qs_event` [ RunTime:0.015626s ]
[ sql ] [ SQL ] SELECT * FROM `qs_event` ORDER BY id asc [ RunTime:0.000000s ]
---------------------------------------------------------------
[ 2019-01-09T01:19:57+08:00 ] 172.26.72.2 110.52.29.10 GET /
[ info ] 47.92.249.234/ [运行时间：0.078126s][吞吐率：12.80req/s] [内存消耗：2,089.00kb] [文件加载：41]
[ info ] [ LANG ] C:\thinkphp\thinkphp\lang\zh-cn.php
[ info ] [ ROUTE ] array (
  'type' => 'module',
  'module' => 
  array (
    0 => '',
    1 => NULL,
    2 => NULL,
  ),
)
[ info ] [ HEADER ] array (
  'host' => '47.92.249.234',
)
[ info ] [ PARAM ] array (
)
[ info ] [ RUN ] app\index\controller\Index->index[ C:\thinkphp\application\index\controller\Index.php ]
[ info ] [ SESSION ] INIT array (
  'id' => '',
  'var_session_id' => '',
  'prefix' => 'think',
  'type' => '',
  'auto_start' => true,
)
[ info ] [ DB ] INIT mysql
[ info ] [ VIEW ] C:\thinkphp/application/index\view\index\index.html [ array (
  0 => 'event',
) ]
[ info ] [ LOG ] INIT File
[ sql ] [ DB ] CONNECT:[ UseTime:0.000000s ] mysql:dbname=tp5;host=127.0.0.1;charset=utf8
[ sql ] [ SQL ] SHOW COLUMNS FROM `qs_event` [ RunTime:0.015625s ]
[ sql ] [ SQL ] SELECT * FROM `qs_event` ORDER BY id asc [ RunTime:0.000000s ]
---------------------------------------------------------------
[ 2019-01-09T01:20:13+08:00 ] 172.26.72.2 110.52.28.114 GET /
[ info ] 47.92.249.234/ [运行时间：0.078127s][吞吐率：12.80req/s] [内存消耗：2,089.00kb] [文件加载：41]
[ info ] [ LANG ] C:\thinkphp\thinkphp\lang\zh-cn.php
[ info ] [ ROUTE ] array (
  'type' => 'module',
  'module' => 
  array (
    0 => '',
    1 => NULL,
    2 => NULL,
  ),
)
[ info ] [ HEADER ] array (
  'host' => '47.92.249.234',
)
[ info ] [ PARAM ] array (
)
[ info ] [ RUN ] app\index\controller\Index->index[ C:\thinkphp\application\index\controller\Index.php ]
[ info ] [ SESSION ] INIT array (
  'id' => '',
  'var_session_id' => '',
  'prefix' => 'think',
  'type' => '',
  'auto_start' => true,
)
[ info ] [ DB ] INIT mysql
[ info ] [ VIEW ] C:\thinkphp/application/index\view\index\index.html [ array (
  0 => 'event',
) ]
[ info ] [ LOG ] INIT File
[ sql ] [ DB ] CONNECT:[ UseTime:0.015625s ] mysql:dbname=tp5;host=127.0.0.1;charset=utf8
[ sql ] [ SQL ] SHOW COLUMNS FROM `qs_event` [ RunTime:0.000000s ]
[ sql ] [ SQL ] SELECT * FROM `qs_event` ORDER BY id asc [ RunTime:0.000000s ]
---------------------------------------------------------------
[ 2019-01-09T01:20:56+08:00 ] 172.26.72.2 110.52.28.85 GET /
[ info ] 47.92.249.234/ [运行时间：0.078126s][吞吐率：12.80req/s] [内存消耗：2,089.00kb] [文件加载：41]
[ info ] [ LANG ] C:\thinkphp\thinkphp\lang\zh-cn.php
[ info ] [ ROUTE ] array (
  'type' => 'module',
  'module' => 
  array (
    0 => '',
    1 => NULL,
    2 => NULL,
  ),
)
[ info ] [ HEADER ] array (
  'host' => '47.92.249.234',
)
[ info ] [ PARAM ] array (
)
[ info ] [ RUN ] app\index\controller\Index->index[ C:\thinkphp\application\index\controller\Index.php ]
[ info ] [ SESSION ] INIT array (
  'id' => '',
  'var_session_id' => '',
  'prefix' => 'think',
  'type' => '',
  'auto_start' => true,
)
[ info ] [ DB ] INIT mysql
[ info ] [ VIEW ] C:\thinkphp/application/index\view\index\index.html [ array (
  0 => 'event',
) ]
[ info ] [ LOG ] INIT File
[ sql ] [ DB ] CONNECT:[ UseTime:0.000000s ] mysql:dbname=tp5;host=127.0.0.1;charset=utf8
[ sql ] [ SQL ] SHOW COLUMNS FROM `qs_event` [ RunTime:0.000000s ]
[ sql ] [ SQL ] SELECT * FROM `qs_event` ORDER BY id asc [ RunTime:0.000000s ]
---------------------------------------------------------------
[ 2019-01-09T01:22:25+08:00 ] 172.26.72.2 110.52.28.124 GET /
[ info ] 47.92.249.234/ [运行时间：0.078127s][吞吐率：12.80req/s] [内存消耗：2,089.00kb] [文件加载：41]
[ info ] [ LANG ] C:\thinkphp\thinkphp\lang\zh-cn.php
[ info ] [ ROUTE ] array (
  'type' => 'module',
  'module' => 
  array (
    0 => '',
    1 => NULL,
    2 => NULL,
  ),
)
[ info ] [ HEADER ] array (
  'host' => '47.92.249.234',
)
[ info ] [ PARAM ] array (
)
[ info ] [ RUN ] app\index\controller\Index->index[ C:\thinkphp\application\index\controller\Index.php ]
[ info ] [ SESSION ] INIT array (
  'id' => '',
  'var_session_id' => '',
  'prefix' => 'think',
  'type' => '',
  'auto_start' => true,
)
[ info ] [ DB ] INIT mysql
[ info ] [ VIEW ] C:\thinkphp/application/index\view\index\index.html [ array (
  0 => 'event',
) ]
[ info ] [ LOG ] INIT File
[ sql ] [ DB ] CONNECT:[ UseTime:0.015625s ] mysql:dbname=tp5;host=127.0.0.1;charset=utf8
[ sql ] [ SQL ] SHOW COLUMNS FROM `qs_event` [ RunTime:0.000000s ]
[ sql ] [ SQL ] SELECT * FROM `qs_event` ORDER BY id asc [ RunTime:0.015626s ]
---------------------------------------------------------------
[ 2019-01-09T01:22:33+08:00 ] 172.26.72.2 110.52.28.85 GET /
[ info ] 47.92.249.234/ [运行时间：0.078127s][吞吐率：12.80req/s] [内存消耗：2,089.00kb] [文件加载：41]
[ info ] [ LANG ] C:\thinkphp\thinkphp\lang\zh-cn.php
[ info ] [ ROUTE ] array (
  'type' => 'module',
  'module' => 
  array (
    0 => '',
    1 => NULL,
    2 => NULL,
  ),
)
[ info ] [ HEADER ] array (
  'host' => '47.92.249.234',
)
[ info ] [ PARAM ] array (
)
[ info ] [ RUN ] app\index\controller\Index->index[ C:\thinkphp\application\index\controller\Index.php ]
[ info ] [ SESSION ] INIT array (
  'id' => '',
  'var_session_id' => '',
  'prefix' => 'think',
  'type' => '',
  'auto_start' => true,
)
[ info ] [ DB ] INIT mysql
[ info ] [ VIEW ] C:\thinkphp/application/index\view\index\index.html [ array (
  0 => 'event',
) ]
[ info ] [ LOG ] INIT File
[ sql ] [ DB ] CONNECT:[ UseTime:0.000000s ] mysql:dbname=tp5;host=127.0.0.1;charset=utf8
[ sql ] [ SQL ] SHOW COLUMNS FROM `qs_event` [ RunTime:0.000000s ]
[ sql ] [ SQL ] SELECT * FROM `qs_event` ORDER BY id asc [ RunTime:0.000000s ]
---------------------------------------------------------------
[ 2019-01-09T01:34:04+08:00 ] 172.26.72.2 110.52.28.114 GET /
[ info ] 47.92.249.234/ [运行时间：0.078127s][吞吐率：12.80req/s] [内存消耗：2,089.00kb] [文件加载：41]
[ info ] [ LANG ] C:\thinkphp\thinkphp\lang\zh-cn.php
[ info ] [ ROUTE ] array (
  'type' => 'module',
  'module' => 
  array (
    0 => '',
    1 => NULL,
    2 => NULL,
  ),
)
[ info ] [ HEADER ] array (
  'host' => '47.92.249.234',
)
[ info ] [ PARAM ] array (
)
[ info ] [ RUN ] app\index\controller\Index->index[ C:\thinkphp\application\index\controller\Index.php ]
[ info ] [ SESSION ] INIT array (
  'id' => '',
  'var_session_id' => '',
  'prefix' => 'think',
  'type' => '',
  'auto_start' => true,
)
[ info ] [ DB ] INIT mysql
[ info ] [ VIEW ] C:\thinkphp/application/index\view\index\index.html [ array (
  0 => 'event',
) ]
[ info ] [ LOG ] INIT File
[ sql ] [ DB ] CONNECT:[ UseTime:0.000000s ] mysql:dbname=tp5;host=127.0.0.1;charset=utf8
[ sql ] [ SQL ] SHOW COLUMNS FROM `qs_event` [ RunTime:0.015625s ]
[ sql ] [ SQL ] SELECT * FROM `qs_event` ORDER BY id asc [ RunTime:0.000000s ]
---------------------------------------------------------------
[ 2019-01-09T01:37:05+08:00 ] 172.26.72.2 110.52.29.47 GET /
[ info ] 47.92.249.234/ [运行时间：0.078126s][吞吐率：12.80req/s] [内存消耗：2,089.00kb] [文件加载：41]
[ info ] [ LANG ] C:\thinkphp\thinkphp\lang\zh-cn.php
[ info ] [ ROUTE ] array (
  'type' => 'module',
  'module' => 
  array (
    0 => '',
    1 => NULL,
    2 => NULL,
  ),
)
[ info ] [ HEADER ] array (
  'host' => '47.92.249.234',
)
[ info ] [ PARAM ] array (
)
[ info ] [ RUN ] app\index\controller\Index->index[ C:\thinkphp\application\index\controller\Index.php ]
[ info ] [ SESSION ] INIT array (
  'id' => '',
  'var_session_id' => '',
  'prefix' => 'think',
  'type' => '',
  'auto_start' => true,
)
[ info ] [ DB ] INIT mysql
[ info ] [ VIEW ] C:\thinkphp/application/index\view\index\index.html [ array (
  0 => 'event',
) ]
[ info ] [ LOG ] INIT File
[ sql ] [ DB ] CONNECT:[ UseTime:0.015625s ] mysql:dbname=tp5;host=127.0.0.1;charset=utf8
[ sql ] [ SQL ] SHOW COLUMNS FROM `qs_event` [ RunTime:0.000000s ]
[ sql ] [ SQL ] SELECT * FROM `qs_event` ORDER BY id asc [ RunTime:0.000000s ]
---------------------------------------------------------------
[ 2019-01-09T02:41:29+08:00 ] 172.26.72.2 95.170.145.231 GET /
[ info ] 47.92.249.234:80/ [运行时间：0.078127s][吞吐率：12.80req/s] [内存消耗：2,089.60kb] [文件加载：41]
[ info ] [ LANG ] C:\thinkphp\thinkphp\lang\zh-cn.php
[ info ] [ ROUTE ] array (
  'type' => 'module',
  'module' => 
  array (
    0 => '',
    1 => NULL,
    2 => NULL,
  ),
)
[ info ] [ HEADER ] array (
  'host' => '47.92.249.234:80',
  'user-agent' => 'Mozilla/5.0 (Windows NT 10.0; WOW64) AppleWebKit/537.36 (KHTML, like Gecko) Chrome/51.0.2704.103 Safari/537.36',
  'content-length' => '0',
)
[ info ] [ PARAM ] array (
)
[ info ] [ RUN ] app\index\controller\Index->index[ C:\thinkphp\application\index\controller\Index.php ]
[ info ] [ SESSION ] INIT array (
  'id' => '',
  'var_session_id' => '',
  'prefix' => 'think',
  'type' => '',
  'auto_start' => true,
)
[ info ] [ DB ] INIT mysql
[ info ] [ VIEW ] C:\thinkphp/application/index\view\index\index.html [ array (
  0 => 'event',
) ]
[ info ] [ LOG ] INIT File
[ sql ] [ DB ] CONNECT:[ UseTime:0.000000s ] mysql:dbname=tp5;host=127.0.0.1;charset=utf8
[ sql ] [ SQL ] SHOW COLUMNS FROM `qs_event` [ RunTime:0.015626s ]
[ sql ] [ SQL ] SELECT * FROM `qs_event` ORDER BY id asc [ RunTime:0.000000s ]
---------------------------------------------------------------
[ 2019-01-09T02:47:08+08:00 ] 172.26.72.2 120.77.213.254 GET /
[ info ] 47.92.249.234/ [运行时间：0.062502s][吞吐率：16.00req/s] [内存消耗：2,089.77kb] [文件加载：41]
[ info ] [ LANG ] C:\thinkphp\thinkphp\lang\zh-cn.php
[ info ] [ ROUTE ] array (
  'type' => 'module',
  'module' => 
  array (
    0 => '',
    1 => NULL,
    2 => NULL,
  ),
)
[ info ] [ HEADER ] array (
  'user-agent' => 'Mozilla/5.0 (Linux; Android 4.1.1; Nexus 7 Build/JRO03D))',
  'host' => '47.92.249.234',
  'accept' => 'text/html, image/gif, image/jpeg, *; q=.2, */*; q=.2',
  'connection' => 'keep-alive',
)
[ info ] [ PARAM ] array (
)
[ info ] [ RUN ] app\index\controller\Index->index[ C:\thinkphp\application\index\controller\Index.php ]
[ info ] [ SESSION ] INIT array (
  'id' => '',
  'var_session_id' => '',
  'prefix' => 'think',
  'type' => '',
  'auto_start' => true,
)
[ info ] [ DB ] INIT mysql
[ info ] [ VIEW ] C:\thinkphp/application/index\view\index\index.html [ array (
  0 => 'event',
) ]
[ info ] [ LOG ] INIT File
[ sql ] [ DB ] CONNECT:[ UseTime:0.000000s ] mysql:dbname=tp5;host=127.0.0.1;charset=utf8
[ sql ] [ SQL ] SHOW COLUMNS FROM `qs_event` [ RunTime:0.015626s ]
[ sql ] [ SQL ] SELECT * FROM `qs_event` ORDER BY id asc [ RunTime:0.000000s ]
---------------------------------------------------------------
[ 2019-01-09T03:04:35+08:00 ] 172.26.72.2 189.18.204.235 GET /
[ info ] 47.92.249.234:80/ [运行时间：0.078127s][吞吐率：12.80req/s] [内存消耗：2,089.60kb] [文件加载：41]
[ info ] [ LANG ] C:\thinkphp\thinkphp\lang\zh-cn.php
[ info ] [ ROUTE ] array (
  'type' => 'module',
  'module' => 
  array (
    0 => '',
    1 => NULL,
    2 => NULL,
  ),
)
[ info ] [ HEADER ] array (
  'host' => '47.92.249.234:80',
  'user-agent' => 'Mozilla/5.0 (Windows NT 10.0; WOW64) AppleWebKit/537.36 (KHTML, like Gecko) Chrome/52.0.2743.116 Safari/537.36',
  'content-length' => '0',
)
[ info ] [ PARAM ] array (
)
[ info ] [ RUN ] app\index\controller\Index->index[ C:\thinkphp\application\index\controller\Index.php ]
[ info ] [ SESSION ] INIT array (
  'id' => '',
  'var_session_id' => '',
  'prefix' => 'think',
  'type' => '',
  'auto_start' => true,
)
[ info ] [ DB ] INIT mysql
[ info ] [ VIEW ] C:\thinkphp/application/index\view\index\index.html [ array (
  0 => 'event',
) ]
[ info ] [ LOG ] INIT File
[ sql ] [ DB ] CONNECT:[ UseTime:0.015625s ] mysql:dbname=tp5;host=127.0.0.1;charset=utf8
[ sql ] [ SQL ] SHOW COLUMNS FROM `qs_event` [ RunTime:0.015626s ]
[ sql ] [ SQL ] SELECT * FROM `qs_event` ORDER BY id asc [ RunTime:0.000000s ]
---------------------------------------------------------------
[ 2019-01-09T03:22:27+08:00 ] 172.26.72.2 192.227.144.211 GET /servlet?p=login&q=loginForm&jumpto=status
[ info ] 47.92.249.234/servlet?p=login&q=loginForm&jumpto=status [运行时间：0.031250s][吞吐率：32.00req/s] [内存消耗：1,025.51kb] [文件加载：28]
[ info ] [ LANG ] C:\thinkphp\thinkphp\lang\zh-cn.php
[ info ] [ ROUTE ] array (
  'type' => 'module',
  'module' => 
  array (
    0 => 'servlet',
    1 => NULL,
    2 => NULL,
  ),
)
[ info ] [ HEADER ] array (
  'host' => '47.92.249.234',
  'connection' => 'Keep-Alive',
)
[ info ] [ PARAM ] array (
  'p' => 'login',
  'q' => 'loginForm',
  'jumpto' => 'status',
)
[ info ] [ LOG ] INIT File
---------------------------------------------------------------
[ 2019-01-09T03:26:57+08:00 ] 172.26.72.2 106.15.229.102 GET /
[ info ] 47.92.249.234/ [运行时间：0.062501s][吞吐率：16.00req/s] [内存消耗：2,089.77kb] [文件加载：41]
[ info ] [ LANG ] C:\thinkphp\thinkphp\lang\zh-cn.php
[ info ] [ ROUTE ] array (
  'type' => 'module',
  'module' => 
  array (
    0 => '',
    1 => NULL,
    2 => NULL,
  ),
)
[ info ] [ HEADER ] array (
  'user-agent' => 'Mozilla/5.0 (Linux; Android 4.1.1; Nexus 7 Build/JRO03D))',
  'host' => '47.92.249.234',
  'accept' => 'text/html, image/gif, image/jpeg, *; q=.2, */*; q=.2',
  'connection' => 'keep-alive',
)
[ info ] [ PARAM ] array (
)
[ info ] [ RUN ] app\index\controller\Index->index[ C:\thinkphp\application\index\controller\Index.php ]
[ info ] [ SESSION ] INIT array (
  'id' => '',
  'var_session_id' => '',
  'prefix' => 'think',
  'type' => '',
  'auto_start' => true,
)
[ info ] [ DB ] INIT mysql
[ info ] [ VIEW ] C:\thinkphp/application/index\view\index\index.html [ array (
  0 => 'event',
) ]
[ info ] [ LOG ] INIT File
[ sql ] [ DB ] CONNECT:[ UseTime:0.000000s ] mysql:dbname=tp5;host=127.0.0.1;charset=utf8
[ sql ] [ SQL ] SHOW COLUMNS FROM `qs_event` [ RunTime:0.015625s ]
[ sql ] [ SQL ] SELECT * FROM `qs_event` ORDER BY id asc [ RunTime:0.000000s ]
---------------------------------------------------------------
[ 2019-01-09T03:33:43+08:00 ] 172.26.72.2 179.97.137.35 GET /
[ info ] 47.92.249.234:80/ [运行时间：0.078126s][吞吐率：12.80req/s] [内存消耗：2,089.60kb] [文件加载：41]
[ info ] [ LANG ] C:\thinkphp\thinkphp\lang\zh-cn.php
[ info ] [ ROUTE ] array (
  'type' => 'module',
  'module' => 
  array (
    0 => '',
    1 => NULL,
    2 => NULL,
  ),
)
[ info ] [ HEADER ] array (
  'host' => '47.92.249.234:80',
  'user-agent' => 'Mozilla/5.0 (Windows NT 10.0; WOW64) AppleWebKit/537.36 (KHTML, like Gecko) Chrome/52.0.2743.116 Safari/537.36',
  'content-length' => '0',
)
[ info ] [ PARAM ] array (
)
[ info ] [ RUN ] app\index\controller\Index->index[ C:\thinkphp\application\index\controller\Index.php ]
[ info ] [ SESSION ] INIT array (
  'id' => '',
  'var_session_id' => '',
  'prefix' => 'think',
  'type' => '',
  'auto_start' => true,
)
[ info ] [ DB ] INIT mysql
[ info ] [ VIEW ] C:\thinkphp/application/index\view\index\index.html [ array (
  0 => 'event',
) ]
[ info ] [ LOG ] INIT File
[ sql ] [ DB ] CONNECT:[ UseTime:0.000000s ] mysql:dbname=tp5;host=127.0.0.1;charset=utf8
[ sql ] [ SQL ] SHOW COLUMNS FROM `qs_event` [ RunTime:0.015626s ]
[ sql ] [ SQL ] SELECT * FROM `qs_event` ORDER BY id asc [ RunTime:0.000000s ]
---------------------------------------------------------------
[ 2019-01-09T03:40:01+08:00 ] 172.26.72.2 80.82.78.50 GET http://www.baidu.com/cache/global/img/gs.gif
[ info ] www.baidu.comhttp://www.baidu.com/cache/global/img/gs.gif [运行时间：0.031250s][吞吐率：32.00req/s] [内存消耗：1,025.24kb] [文件加载：28]
[ info ] [ LANG ] C:\thinkphp\thinkphp\lang\zh-cn.php
[ info ] [ ROUTE ] array (
  'type' => 'module',
  'module' => 
  array (
    0 => 'cache',
    1 => 'global',
    2 => 'img',
  ),
)
[ info ] [ HEADER ] array (
  'host' => 'www.baidu.com',
  'user-agent' => 'Mozilla',
  'if-modified-since' => 'Thu, 19 Apr 2012 09:51:20 GMT',
)
[ info ] [ PARAM ] array (
)
[ info ] [ LOG ] INIT File
---------------------------------------------------------------
[ 2019-01-09T05:03:00+08:00 ] 172.26.72.2 125.25.32.238 GET /
[ info ] 47.92.249.234:80/ [运行时间：0.062501s][吞吐率：16.00req/s] [内存消耗：2,089.60kb] [文件加载：41]
[ info ] [ LANG ] C:\thinkphp\thinkphp\lang\zh-cn.php
[ info ] [ ROUTE ] array (
  'type' => 'module',
  'module' => 
  array (
    0 => '',
    1 => NULL,
    2 => NULL,
  ),
)
[ info ] [ HEADER ] array (
  'host' => '47.92.249.234:80',
  'user-agent' => 'Mozilla/5.0 (Windows NT 10.0; WOW64) AppleWebKit/537.36 (KHTML, like Gecko) Chrome/52.0.2743.116 Safari/537.36',
  'content-length' => '0',
)
[ info ] [ PARAM ] array (
)
[ info ] [ RUN ] app\index\controller\Index->index[ C:\thinkphp\application\index\controller\Index.php ]
[ info ] [ SESSION ] INIT array (
  'id' => '',
  'var_session_id' => '',
  'prefix' => 'think',
  'type' => '',
  'auto_start' => true,
)
[ info ] [ DB ] INIT mysql
[ info ] [ VIEW ] C:\thinkphp/application/index\view\index\index.html [ array (
  0 => 'event',
) ]
[ info ] [ LOG ] INIT File
[ sql ] [ DB ] CONNECT:[ UseTime:0.000000s ] mysql:dbname=tp5;host=127.0.0.1;charset=utf8
[ sql ] [ SQL ] SHOW COLUMNS FROM `qs_event` [ RunTime:0.015625s ]
[ sql ] [ SQL ] SELECT * FROM `qs_event` ORDER BY id asc [ RunTime:0.000000s ]
---------------------------------------------------------------
[ 2019-01-09T06:33:23+08:00 ] 172.26.72.2 103.57.176.18 GET /
[ info ] 47.92.249.234:80/ [运行时间：0.078125s][吞吐率：12.80req/s] [内存消耗：2,089.60kb] [文件加载：41]
[ info ] [ LANG ] C:\thinkphp\thinkphp\lang\zh-cn.php
[ info ] [ ROUTE ] array (
  'type' => 'module',
  'module' => 
  array (
    0 => '',
    1 => NULL,
    2 => NULL,
  ),
)
[ info ] [ HEADER ] array (
  'host' => '47.92.249.234:80',
  'user-agent' => 'Mozilla/5.0 (Windows NT 10.0; WOW64) AppleWebKit/537.36 (KHTML, like Gecko) Chrome/51.0.2704.103 Safari/537.36',
  'content-length' => '0',
)
[ info ] [ PARAM ] array (
)
[ info ] [ RUN ] app\index\controller\Index->index[ C:\thinkphp\application\index\controller\Index.php ]
[ info ] [ SESSION ] INIT array (
  'id' => '',
  'var_session_id' => '',
  'prefix' => 'think',
  'type' => '',
  'auto_start' => true,
)
[ info ] [ DB ] INIT mysql
[ info ] [ VIEW ] C:\thinkphp/application/index\view\index\index.html [ array (
  0 => 'event',
) ]
[ info ] [ LOG ] INIT File
[ sql ] [ DB ] CONNECT:[ UseTime:0.000000s ] mysql:dbname=tp5;host=127.0.0.1;charset=utf8
[ sql ] [ SQL ] SHOW COLUMNS FROM `qs_event` [ RunTime:0.015625s ]
[ sql ] [ SQL ] SELECT * FROM `qs_event` ORDER BY id asc [ RunTime:0.000000s ]
---------------------------------------------------------------
[ 2019-01-09T07:00:04+08:00 ] 172.26.72.2 50.24.54.9 GET /
[ info ] 47.92.249.234:80/ [运行时间：0.078125s][吞吐率：12.80req/s] [内存消耗：2,089.60kb] [文件加载：41]
[ info ] [ LANG ] C:\thinkphp\thinkphp\lang\zh-cn.php
[ info ] [ ROUTE ] array (
  'type' => 'module',
  'module' => 
  array (
    0 => '',
    1 => NULL,
    2 => NULL,
  ),
)
[ info ] [ HEADER ] array (
  'host' => '47.92.249.234:80',
  'user-agent' => 'Mozilla/5.0 (Windows NT 6.1; WOW64) AppleWebKit/537.36 (KHTML, like Gecko) Chrome/51.0.2704.103 Safari/537.36',
  'content-length' => '0',
)
[ info ] [ PARAM ] array (
)
[ info ] [ RUN ] app\index\controller\Index->index[ C:\thinkphp\application\index\controller\Index.php ]
[ info ] [ SESSION ] INIT array (
  'id' => '',
  'var_session_id' => '',
  'prefix' => 'think',
  'type' => '',
  'auto_start' => true,
)
[ info ] [ DB ] INIT mysql
[ info ] [ VIEW ] C:\thinkphp/application/index\view\index\index.html [ array (
  0 => 'event',
) ]
[ info ] [ LOG ] INIT File
[ sql ] [ DB ] CONNECT:[ UseTime:0.000000s ] mysql:dbname=tp5;host=127.0.0.1;charset=utf8
[ sql ] [ SQL ] SHOW COLUMNS FROM `qs_event` [ RunTime:0.015625s ]
[ sql ] [ SQL ] SELECT * FROM `qs_event` ORDER BY id asc [ RunTime:0.000000s ]
---------------------------------------------------------------
[ 2019-01-09T07:07:13+08:00 ] 172.26.72.2 39.107.86.51 GET /index/index/index.html
[ info ] 47.92.249.234/index/index/index.html [运行时间：0.078125s][吞吐率：12.80req/s] [内存消耗：2,090.00kb] [文件加载：41]
[ info ] [ LANG ] C:\thinkphp\thinkphp\lang\zh-cn.php
[ info ] [ ROUTE ] array (
  'type' => 'module',
  'module' => 
  array (
    0 => 'index',
    1 => 'index',
    2 => 'index',
  ),
)
[ info ] [ HEADER ] array (
  'user-agent' => 'Mozilla/5.0 (X11; Ubuntu; Linux x86_64; rv:36.0) Gecko/20100101 Firefox/36.0',
  'host' => '47.92.249.234',
  'accept' => 'text/html, image/gif, image/jpeg, *; q=.2, */*; q=.2',
  'connection' => 'keep-alive',
)
[ info ] [ PARAM ] array (
)
[ info ] [ RUN ] app\index\controller\Index->index[ C:\thinkphp\application\index\controller\Index.php ]
[ info ] [ SESSION ] INIT array (
  'id' => '',
  'var_session_id' => '',
  'prefix' => 'think',
  'type' => '',
  'auto_start' => true,
)
[ info ] [ DB ] INIT mysql
[ info ] [ VIEW ] C:\thinkphp/application/index\view\index\index.html [ array (
  0 => 'event',
) ]
[ info ] [ LOG ] INIT File
[ sql ] [ DB ] CONNECT:[ UseTime:0.015625s ] mysql:dbname=tp5;host=127.0.0.1;charset=utf8
[ sql ] [ SQL ] SHOW COLUMNS FROM `qs_event` [ RunTime:0.015625s ]
[ sql ] [ SQL ] SELECT * FROM `qs_event` ORDER BY id asc [ RunTime:0.000000s ]
---------------------------------------------------------------
[ 2019-01-09T07:08:39+08:00 ] 172.26.72.2 47.96.12.13 GET /platform/user/logout.html
[ info ] 47.92.249.234/platform/user/logout.html [运行时间：0.031250s][吞吐率：32.00req/s] [内存消耗：1,383.11kb] [文件加载：35]
[ info ] [ LANG ] C:\thinkphp\thinkphp\lang\zh-cn.php
[ info ] [ ROUTE ] array (
  'type' => 'module',
  'module' => 
  array (
    0 => 'platform',
    1 => 'user',
    2 => 'logout',
  ),
)
[ info ] [ HEADER ] array (
  'user-agent' => 'Mozilla/5.0 (X11; Ubuntu; Linux x86_64; rv:36.0) Gecko/20100101 Firefox/36.0',
  'host' => '47.92.249.234',
  'accept' => 'text/html, image/gif, image/jpeg, *; q=.2, */*; q=.2',
  'connection' => 'keep-alive',
)
[ info ] [ PARAM ] array (
)
[ info ] [ RUN ] app\platform\controller\User->logout[ C:\thinkphp\application\platform\controller\User.php ]
[ info ] [ SESSION ] INIT array (
  'id' => '',
  'var_session_id' => '',
  'prefix' => 'think',
  'type' => '',
  'auto_start' => true,
)
[ info ] [ LOG ] INIT File
---------------------------------------------------------------
[ 2019-01-09T07:08:39+08:00 ] 172.26.72.2 47.96.12.13 GET /platform/user/index.html
[ info ] 47.92.249.234/platform/user/index.html [运行时间：0.046875s][吞吐率：21.33req/s] [内存消耗：1,365.64kb] [文件加载：34]
[ info ] [ LANG ] C:\thinkphp\thinkphp\lang\zh-cn.php
[ info ] [ ROUTE ] array (
  'type' => 'module',
  'module' => 
  array (
    0 => 'platform',
    1 => 'user',
    2 => 'index',
  ),
)
[ info ] [ HEADER ] array (
  'user-agent' => 'Mozilla/5.0 (X11; Ubuntu; Linux x86_64; rv:36.0) Gecko/20100101 Firefox/36.0',
  'host' => '47.92.249.234',
  'accept' => 'text/html, image/gif, image/jpeg, *; q=.2, */*; q=.2',
  'connection' => 'keep-alive',
)
[ info ] [ PARAM ] array (
)
[ info ] [ RUN ] app\platform\controller\User->index[ C:\thinkphp\application\platform\controller\User.php ]
[ info ] [ VIEW ] C:\thinkphp/application/platform\view\user\login.html [ array (
) ]
[ info ] [ SESSION ] INIT array (
  'id' => '',
  'var_session_id' => '',
  'prefix' => 'think',
  'type' => '',
  'auto_start' => true,
)
[ info ] [ LOG ] INIT File
---------------------------------------------------------------
[ 2019-01-09T07:28:19+08:00 ] 172.26.72.2 47.92.115.203 GET /download/index/windows.html?page=2
[ info ] 47.92.249.234/download/index/windows.html?page=2 [运行时间：0.078125s][吞吐率：12.80req/s] [内存消耗：2,196.44kb] [文件加载：44]
[ info ] [ LANG ] C:\thinkphp\thinkphp\lang\zh-cn.php
[ info ] [ ROUTE ] array (
  'type' => 'module',
  'module' => 
  array (
    0 => 'download',
    1 => 'index',
    2 => 'windows',
  ),
)
[ info ] [ HEADER ] array (
  'user-agent' => 'Mozilla/5.0 (X11; Ubuntu; Linux x86_64; rv:36.0) Gecko/20100101 Firefox/36.0',
  'host' => '47.92.249.234',
  'accept' => 'text/html, image/gif, image/jpeg, *; q=.2, */*; q=.2',
  'connection' => 'keep-alive',
)
[ info ] [ PARAM ] array (
  'page' => '2',
)
[ info ] [ RUN ] app\download\controller\Index->windows[ C:\thinkphp\application\download\controller\Index.php ]
[ info ] [ DB ] INIT mysql
[ info ] [ SESSION ] INIT array (
  'id' => '',
  'var_session_id' => '',
  'prefix' => 'think',
  'type' => '',
  'auto_start' => true,
)
[ info ] [ VIEW ] C:\thinkphp/application/download\view\index\windows.html [ array (
  0 => 'data',
) ]
[ info ] [ LOG ] INIT File
[ sql ] [ DB ] CONNECT:[ UseTime:0.000000s ] mysql:dbname=tp5;host=127.0.0.1;charset=utf8
[ sql ] [ SQL ] SHOW COLUMNS FROM `qs_downloadwindowsfile` [ RunTime:0.015625s ]
[ sql ] [ SQL ] SELECT COUNT(*) AS tp_count FROM `qs_downloadwindowsfile` LIMIT 1 [ RunTime:0.000000s ]
[ sql ] [ SQL ] SELECT * FROM `qs_downloadwindowsfile` ORDER BY id asc LIMIT 6,6 [ RunTime:0.000000s ]
---------------------------------------------------------------
[ 2019-01-09T07:34:36+08:00 ] 172.26.72.2 39.107.86.51 GET /admin/user/edit.html?id=112
[ info ] 47.92.249.234/admin/user/edit.html?id=112 [运行时间：0.093750s][吞吐率：10.67req/s] [内存消耗：2,060.62kb] [文件加载：40]
[ info ] [ LANG ] C:\thinkphp\thinkphp\lang\zh-cn.php
[ info ] [ ROUTE ] array (
  'type' => 'module',
  'module' => 
  array (
    0 => 'admin',
    1 => 'user',
    2 => 'edit',
  ),
)
[ info ] [ HEADER ] array (
  'user-agent' => 'Mozilla/5.0 (X11; Ubuntu; Linux x86_64; rv:36.0) Gecko/20100101 Firefox/36.0',
  'host' => '47.92.249.234',
  'accept' => 'text/html, image/gif, image/jpeg, *; q=.2, */*; q=.2',
  'connection' => 'keep-alive',
)
[ info ] [ PARAM ] array (
  'id' => '112',
)
[ info ] [ RUN ] app\admin\controller\User->edit[ C:\thinkphp\application\admin\controller\User.php ]
[ info ] [ DB ] INIT mysql
[ info ] [ VIEW ] C:\thinkphp/application/admin\view\user\edit.html [ array (
  0 => 'auth_group',
  1 => 'data',
) ]
[ info ] [ LOG ] INIT File
[ sql ] [ DB ] CONNECT:[ UseTime:0.000000s ] mysql:dbname=tp5;host=127.0.0.1;charset=utf8
[ sql ] [ SQL ] SHOW COLUMNS FROM `qs_user` [ RunTime:0.015625s ]
[ sql ] [ SQL ] SELECT `a`.*,`b`.`group_id` FROM `qs_user` `a` LEFT JOIN `qs_auth_group_access` `b` ON `b`.`uid`=`a`.`id` WHERE  `id` = 112 LIMIT 1 [ RunTime:0.015625s ]
[ sql ] [ SQL ] SHOW COLUMNS FROM `qs_auth_group` [ RunTime:0.000000s ]
[ sql ] [ SQL ] SELECT `id`,`title` FROM `qs_auth_group` ORDER BY id desc [ RunTime:0.000000s ]
---------------------------------------------------------------
[ 2019-01-09T07:54:57+08:00 ] 172.26.72.2 62.90.212.124 GET /
[ info ] 47.92.249.234/ [运行时间：0.062500s][吞吐率：16.00req/s] [内存消耗：2,089.00kb] [文件加载：41]
[ info ] [ LANG ] C:\thinkphp\thinkphp\lang\zh-cn.php
[ info ] [ ROUTE ] array (
  'type' => 'module',
  'module' => 
  array (
    0 => '',
    1 => NULL,
    2 => NULL,
  ),
)
[ info ] [ HEADER ] array (
  'host' => '47.92.249.234',
)
[ info ] [ PARAM ] array (
)
[ info ] [ RUN ] app\index\controller\Index->index[ C:\thinkphp\application\index\controller\Index.php ]
[ info ] [ SESSION ] INIT array (
  'id' => '',
  'var_session_id' => '',
  'prefix' => 'think',
  'type' => '',
  'auto_start' => true,
)
[ info ] [ DB ] INIT mysql
[ info ] [ VIEW ] C:\thinkphp/application/index\view\index\index.html [ array (
  0 => 'event',
) ]
[ info ] [ LOG ] INIT File
[ sql ] [ DB ] CONNECT:[ UseTime:0.000000s ] mysql:dbname=tp5;host=127.0.0.1;charset=utf8
[ sql ] [ SQL ] SHOW COLUMNS FROM `qs_event` [ RunTime:0.015625s ]
[ sql ] [ SQL ] SELECT * FROM `qs_event` ORDER BY id asc [ RunTime:0.000000s ]
---------------------------------------------------------------
[ 2019-01-09T07:58:29+08:00 ] 172.26.72.2 51.38.12.21 GET /
[ info ] 47.92.249.234/ [运行时间：0.078125s][吞吐率：12.80req/s] [内存消耗：2,089.61kb] [文件加载：41]
[ info ] [ LANG ] C:\thinkphp\thinkphp\lang\zh-cn.php
[ info ] [ ROUTE ] array (
  'type' => 'module',
  'module' => 
  array (
    0 => '',
    1 => NULL,
    2 => NULL,
  ),
)
[ info ] [ HEADER ] array (
  'user-agent' => 'Mozilla/5.0 (Windows NT 6.1) AppleWebKit/537.36 (KHTML, like Gecko) Chrome/41.0.2228.0 Safari/537.36',
  'connection' => 'close',
  'host' => '47.92.249.234',
)
[ info ] [ PARAM ] array (
)
[ info ] [ RUN ] app\index\controller\Index->index[ C:\thinkphp\application\index\controller\Index.php ]
[ info ] [ SESSION ] INIT array (
  'id' => '',
  'var_session_id' => '',
  'prefix' => 'think',
  'type' => '',
  'auto_start' => true,
)
[ info ] [ DB ] INIT mysql
[ info ] [ VIEW ] C:\thinkphp/application/index\view\index\index.html [ array (
  0 => 'event',
) ]
[ info ] [ LOG ] INIT File
[ sql ] [ DB ] CONNECT:[ UseTime:0.015625s ] mysql:dbname=tp5;host=127.0.0.1;charset=utf8
[ sql ] [ SQL ] SHOW COLUMNS FROM `qs_event` [ RunTime:0.000000s ]
[ sql ] [ SQL ] SELECT * FROM `qs_event` ORDER BY id asc [ RunTime:0.000000s ]
---------------------------------------------------------------
[ 2019-01-09T08:29:05+08:00 ] 172.26.72.2 221.203.151.177 GET /otsmobile/app/mds/mgw.htm
[ info ] mobile.12306.cn/otsmobile/app/mds/mgw.htm [运行时间：0.031250s][吞吐率：32.00req/s] [内存消耗：1,027.81kb] [文件加载：28]
[ info ] [ LANG ] C:\thinkphp\thinkphp\lang\zh-cn.php
[ info ] [ ROUTE ] array (
  'type' => 'module',
  'module' => 
  array (
    0 => 'otsmobile',
    1 => 'app',
    2 => 'mds',
  ),
)
[ info ] [ HEADER ] array (
  'host' => 'mobile.12306.cn',
  'accept' => '*/*',
  'user-agent' => 'Mozilla/5.0 (Windows NT 6.1; WOW64) AppleWebKit/537.36 (KHTML, like Gecko) Chrome/55.0.2883.87 Safari/537.36',
  'x-forwarded-for' => '18.110.198.70',
  'client-ip' => '18.110.198.70',
  'x-real-ip' => '18.110.198.70',
  'cdn-src-ip' => '18.110.198.70',
  'http_x_forwarded_for' => '18.110.198.70',
  'http_client_ip' => '18.110.198.70',
  'wl-proxy-client-ip' => '18.110.198.70',
  'proxy-client-ip' => '18.110.198.70',
  'remote_addr' => '18.110.198.70',
  'connection' => 'close',
)
[ info ] [ PARAM ] array (
)
[ info ] [ LOG ] INIT File
---------------------------------------------------------------
[ 2019-01-09T08:31:50+08:00 ] 172.26.72.2 80.82.70.187 GET http://www.baidu.com/cache/global/img/gs.gif
[ info ] www.baidu.comhttp://www.baidu.com/cache/global/img/gs.gif [运行时间：0.031250s][吞吐率：32.00req/s] [内存消耗：1,025.23kb] [文件加载：28]
[ info ] [ LANG ] C:\thinkphp\thinkphp\lang\zh-cn.php
[ info ] [ ROUTE ] array (
  'type' => 'module',
  'module' => 
  array (
    0 => 'cache',
    1 => 'global',
    2 => 'img',
  ),
)
[ info ] [ HEADER ] array (
  'host' => 'www.baidu.com',
  'user-agent' => 'Mozilla',
  'if-modified-since' => 'Thu, 19 Apr 2012 09:51:20 GMT',
)
[ info ] [ PARAM ] array (
)
[ info ] [ LOG ] INIT File
---------------------------------------------------------------
[ 2019-01-09T10:27:35+08:00 ] 172.26.72.2 47.92.31.65 GET /platform/user/logout.html
[ info ] 47.92.249.234/platform/user/logout.html [运行时间：0.046875s][吞吐率：21.33req/s] [内存消耗：1,383.11kb] [文件加载：35]
[ info ] [ LANG ] C:\thinkphp\thinkphp\lang\zh-cn.php
[ info ] [ ROUTE ] array (
  'type' => 'module',
  'module' => 
  array (
    0 => 'platform',
    1 => 'user',
    2 => 'logout',
  ),
)
[ info ] [ HEADER ] array (
  'user-agent' => 'Mozilla/5.0 (X11; Ubuntu; Linux x86_64; rv:36.0) Gecko/20100101 Firefox/36.0',
  'host' => '47.92.249.234',
  'accept' => 'text/html, image/gif, image/jpeg, *; q=.2, */*; q=.2',
  'connection' => 'keep-alive',
)
[ info ] [ PARAM ] array (
)
[ info ] [ RUN ] app\platform\controller\User->logout[ C:\thinkphp\application\platform\controller\User.php ]
[ info ] [ SESSION ] INIT array (
  'id' => '',
  'var_session_id' => '',
  'prefix' => 'think',
  'type' => '',
  'auto_start' => true,
)
[ info ] [ LOG ] INIT File
---------------------------------------------------------------
[ 2019-01-09T10:27:35+08:00 ] 172.26.72.2 47.92.31.65 GET /platform/user/index.html
[ info ] 47.92.249.234/platform/user/index.html [运行时间：0.031250s][吞吐率：32.00req/s] [内存消耗：1,365.64kb] [文件加载：34]
[ info ] [ LANG ] C:\thinkphp\thinkphp\lang\zh-cn.php
[ info ] [ ROUTE ] array (
  'type' => 'module',
  'module' => 
  array (
    0 => 'platform',
    1 => 'user',
    2 => 'index',
  ),
)
[ info ] [ HEADER ] array (
  'user-agent' => 'Mozilla/5.0 (X11; Ubuntu; Linux x86_64; rv:36.0) Gecko/20100101 Firefox/36.0',
  'host' => '47.92.249.234',
  'accept' => 'text/html, image/gif, image/jpeg, *; q=.2, */*; q=.2',
  'connection' => 'keep-alive',
)
[ info ] [ PARAM ] array (
)
[ info ] [ RUN ] app\platform\controller\User->index[ C:\thinkphp\application\platform\controller\User.php ]
[ info ] [ VIEW ] C:\thinkphp/application/platform\view\user\login.html [ array (
) ]
[ info ] [ SESSION ] INIT array (
  'id' => '',
  'var_session_id' => '',
  'prefix' => 'think',
  'type' => '',
  'auto_start' => true,
)
[ info ] [ LOG ] INIT File
---------------------------------------------------------------
[ 2019-01-09T10:53:45+08:00 ] 172.26.72.2 81.248.233.151 GET /
[ info ] 47.92.249.234/ [运行时间：0.078125s][吞吐率：12.80req/s] [内存消耗：2,089.00kb] [文件加载：41]
[ info ] [ LANG ] C:\thinkphp\thinkphp\lang\zh-cn.php
[ info ] [ ROUTE ] array (
  'type' => 'module',
  'module' => 
  array (
    0 => '',
    1 => NULL,
    2 => NULL,
  ),
)
[ info ] [ HEADER ] array (
  'host' => '47.92.249.234',
)
[ info ] [ PARAM ] array (
)
[ info ] [ RUN ] app\index\controller\Index->index[ C:\thinkphp\application\index\controller\Index.php ]
[ info ] [ SESSION ] INIT array (
  'id' => '',
  'var_session_id' => '',
  'prefix' => 'think',
  'type' => '',
  'auto_start' => true,
)
[ info ] [ DB ] INIT mysql
[ info ] [ VIEW ] C:\thinkphp/application/index\view\index\index.html [ array (
  0 => 'event',
) ]
[ info ] [ LOG ] INIT File
[ sql ] [ DB ] CONNECT:[ UseTime:0.000000s ] mysql:dbname=tp5;host=127.0.0.1;charset=utf8
[ sql ] [ SQL ] SHOW COLUMNS FROM `qs_event` [ RunTime:0.000000s ]
[ sql ] [ SQL ] SELECT * FROM `qs_event` ORDER BY id asc [ RunTime:0.000000s ]
---------------------------------------------------------------
[ 2019-01-09T11:37:43+08:00 ] 172.26.72.2 111.31.248.237 GET /
[ info ] 47.92.249.234/ [运行时间：0.078125s][吞吐率：12.80req/s] [内存消耗：2,090.50kb] [文件加载：41]
[ info ] [ LANG ] C:\thinkphp\thinkphp\lang\zh-cn.php
[ info ] [ ROUTE ] array (
  'type' => 'module',
  'module' => 
  array (
    0 => '',
    1 => NULL,
    2 => NULL,
  ),
)
[ info ] [ HEADER ] array (
  'accept' => 'text/html, application/xhtml+xml, image/jxr, */*',
  'accept-language' => 'zh-CN',
  'referer' => 'http://www.r8c.com/',
  'user-agent' => 'Mozilla/5.0 (Windows NT 10.0; Win64; x64) AppleWebKit/537.36 (KHTML, like Gecko) Chrome/58.0.3029.110 Safari/537.36 Edge/16.16299',
  'accept-encoding' => 'gzip, deflate',
  'host' => '47.92.249.234',
  'connection' => 'Keep-Alive',
)
[ info ] [ PARAM ] array (
)
[ info ] [ RUN ] app\index\controller\Index->index[ C:\thinkphp\application\index\controller\Index.php ]
[ info ] [ SESSION ] INIT array (
  'id' => '',
  'var_session_id' => '',
  'prefix' => 'think',
  'type' => '',
  'auto_start' => true,
)
[ info ] [ DB ] INIT mysql
[ info ] [ VIEW ] C:\thinkphp/application/index\view\index\index.html [ array (
  0 => 'event',
) ]
[ info ] [ LOG ] INIT File
[ sql ] [ DB ] CONNECT:[ UseTime:0.000000s ] mysql:dbname=tp5;host=127.0.0.1;charset=utf8
[ sql ] [ SQL ] SHOW COLUMNS FROM `qs_event` [ RunTime:0.015625s ]
[ sql ] [ SQL ] SELECT * FROM `qs_event` ORDER BY id asc [ RunTime:0.000000s ]
---------------------------------------------------------------
[ 2019-01-09T11:37:50+08:00 ] 172.26.72.2 111.31.248.237 GET /
[ info ] 47.92.249.234/ [运行时间：0.078126s][吞吐率：12.80req/s] [内存消耗：2,090.41kb] [文件加载：41]
[ info ] [ LANG ] C:\thinkphp\thinkphp\lang\zh-cn.php
[ info ] [ ROUTE ] array (
  'type' => 'module',
  'module' => 
  array (
    0 => '',
    1 => NULL,
    2 => NULL,
  ),
)
[ info ] [ HEADER ] array (
  'accept' => 'text/html, application/xhtml+xml, image/jxr, */*',
  'referer' => 'http://www.r8c.com/',
  'accept-language' => 'zh-CN',
  'user-agent' => 'Mozilla/5.0 (Windows NT 10.0; Win64; x64) AppleWebKit/537.36 (KHTML, like Gecko) Chrome/58.0.3029.110 Safari/537.36 Edge/16.16299',
  'accept-encoding' => 'gzip, deflate',
  'host' => '47.92.249.234',
  'connection' => 'Keep-Alive',
  'cookie' => 'PHPSESSID=u2b4bfsnslscljpt10nh91rtq0',
)
[ info ] [ PARAM ] array (
)
[ info ] [ RUN ] app\index\controller\Index->index[ C:\thinkphp\application\index\controller\Index.php ]
[ info ] [ SESSION ] INIT array (
  'id' => '',
  'var_session_id' => '',
  'prefix' => 'think',
  'type' => '',
  'auto_start' => true,
)
[ info ] [ DB ] INIT mysql
[ info ] [ VIEW ] C:\thinkphp/application/index\view\index\index.html [ array (
  0 => 'event',
) ]
[ info ] [ LOG ] INIT File
[ sql ] [ DB ] CONNECT:[ UseTime:0.015625s ] mysql:dbname=tp5;host=127.0.0.1;charset=utf8
[ sql ] [ SQL ] SHOW COLUMNS FROM `qs_event` [ RunTime:0.000000s ]
[ sql ] [ SQL ] SELECT * FROM `qs_event` ORDER BY id asc [ RunTime:0.000000s ]
---------------------------------------------------------------
[ 2019-01-09T11:38:08+08:00 ] 172.26.72.2 111.31.248.237 GET /
[ info ] 47.92.249.234/ [运行时间：0.062501s][吞吐率：16.00req/s] [内存消耗：2,090.40kb] [文件加载：41]
[ info ] [ LANG ] C:\thinkphp\thinkphp\lang\zh-cn.php
[ info ] [ ROUTE ] array (
  'type' => 'module',
  'module' => 
  array (
    0 => '',
    1 => NULL,
    2 => NULL,
  ),
)
[ info ] [ HEADER ] array (
  'accept' => 'text/html, application/xhtml+xml, image/jxr, */*',
  'accept-language' => 'zh-CN',
  'referer' => 'http://www.r8c.com/',
  'user-agent' => 'Mozilla/5.0 (Windows NT 10.0; Win64; x64) AppleWebKit/537.36 (KHTML, like Gecko) Chrome/58.0.3029.110 Safari/537.36 Edge/16.16299',
  'accept-encoding' => 'gzip, deflate',
  'host' => '47.92.249.234',
  'connection' => 'Keep-Alive',
  'cookie' => 'PHPSESSID=u2b4bfsnslscljpt10nh91rtq0',
)
[ info ] [ PARAM ] array (
)
[ info ] [ RUN ] app\index\controller\Index->index[ C:\thinkphp\application\index\controller\Index.php ]
[ info ] [ SESSION ] INIT array (
  'id' => '',
  'var_session_id' => '',
  'prefix' => 'think',
  'type' => '',
  'auto_start' => true,
)
[ info ] [ DB ] INIT mysql
[ info ] [ VIEW ] C:\thinkphp/application/index\view\index\index.html [ array (
  0 => 'event',
) ]
[ info ] [ LOG ] INIT File
[ sql ] [ DB ] CONNECT:[ UseTime:0.000000s ] mysql:dbname=tp5;host=127.0.0.1;charset=utf8
[ sql ] [ SQL ] SHOW COLUMNS FROM `qs_event` [ RunTime:0.015625s ]
[ sql ] [ SQL ] SELECT * FROM `qs_event` ORDER BY id asc [ RunTime:0.000000s ]
---------------------------------------------------------------
[ 2019-01-09T11:38:33+08:00 ] 172.26.72.2 111.31.248.237 GET /
[ info ] 47.92.249.234/ [运行时间：0.078126s][吞吐率：12.80req/s] [内存消耗：2,090.40kb] [文件加载：41]
[ info ] [ LANG ] C:\thinkphp\thinkphp\lang\zh-cn.php
[ info ] [ ROUTE ] array (
  'type' => 'module',
  'module' => 
  array (
    0 => '',
    1 => NULL,
    2 => NULL,
  ),
)
[ info ] [ HEADER ] array (
  'accept' => 'text/html, application/xhtml+xml, image/jxr, */*',
  'accept-language' => 'zh-CN',
  'referer' => 'http://www.r8c.com/',
  'user-agent' => 'Mozilla/5.0 (Windows NT 10.0; Win64; x64) AppleWebKit/537.36 (KHTML, like Gecko) Chrome/58.0.3029.110 Safari/537.36 Edge/16.16299',
  'accept-encoding' => 'gzip, deflate',
  'host' => '47.92.249.234',
  'connection' => 'Keep-Alive',
  'cookie' => 'PHPSESSID=u2b4bfsnslscljpt10nh91rtq0',
)
[ info ] [ PARAM ] array (
)
[ info ] [ RUN ] app\index\controller\Index->index[ C:\thinkphp\application\index\controller\Index.php ]
[ info ] [ SESSION ] INIT array (
  'id' => '',
  'var_session_id' => '',
  'prefix' => 'think',
  'type' => '',
  'auto_start' => true,
)
[ info ] [ DB ] INIT mysql
[ info ] [ VIEW ] C:\thinkphp/application/index\view\index\index.html [ array (
  0 => 'event',
) ]
[ info ] [ LOG ] INIT File
[ sql ] [ DB ] CONNECT:[ UseTime:0.000000s ] mysql:dbname=tp5;host=127.0.0.1;charset=utf8
[ sql ] [ SQL ] SHOW COLUMNS FROM `qs_event` [ RunTime:0.015625s ]
[ sql ] [ SQL ] SELECT * FROM `qs_event` ORDER BY id asc [ RunTime:0.000000s ]
---------------------------------------------------------------
[ 2019-01-09T11:43:20+08:00 ] 172.26.72.2 111.31.248.237 GET /
[ info ] 47.92.249.234/ [运行时间：0.078126s][吞吐率：12.80req/s] [内存消耗：2,090.45kb] [文件加载：41]
[ info ] [ LANG ] C:\thinkphp\thinkphp\lang\zh-cn.php
[ info ] [ ROUTE ] array (
  'type' => 'module',
  'module' => 
  array (
    0 => '',
    1 => NULL,
    2 => NULL,
  ),
)
[ info ] [ HEADER ] array (
  'accept' => 'text/html, application/xhtml+xml, image/jxr, */*',
  'accept-language' => 'zh-CN',
  'referer' => 'http://www.r8c.com/news/list-4-cn.html',
  'user-agent' => 'Mozilla/5.0 (Windows NT 10.0; Win64; x64) AppleWebKit/537.36 (KHTML, like Gecko) Chrome/58.0.3029.110 Safari/537.36 Edge/16.16299',
  'accept-encoding' => 'gzip, deflate',
  'host' => '47.92.249.234',
  'connection' => 'Keep-Alive',
  'cookie' => 'PHPSESSID=u2b4bfsnslscljpt10nh91rtq0',
)
[ info ] [ PARAM ] array (
)
[ info ] [ RUN ] app\index\controller\Index->index[ C:\thinkphp\application\index\controller\Index.php ]
[ info ] [ SESSION ] INIT array (
  'id' => '',
  'var_session_id' => '',
  'prefix' => 'think',
  'type' => '',
  'auto_start' => true,
)
[ info ] [ DB ] INIT mysql
[ info ] [ VIEW ] C:\thinkphp/application/index\view\index\index.html [ array (
  0 => 'event',
) ]
[ info ] [ LOG ] INIT File
[ sql ] [ DB ] CONNECT:[ UseTime:0.015625s ] mysql:dbname=tp5;host=127.0.0.1;charset=utf8
[ sql ] [ SQL ] SHOW COLUMNS FROM `qs_event` [ RunTime:0.000000s ]
[ sql ] [ SQL ] SELECT * FROM `qs_event` ORDER BY id asc [ RunTime:0.015625s ]
---------------------------------------------------------------
[ 2019-01-09T12:09:15+08:00 ] 172.26.72.2 42.156.254.56 GET /data/user/index.html
[ info ] 47.92.249.234/data/user/index.html [运行时间：0.031250s][吞吐率：32.00req/s] [内存消耗：1,304.57kb] [文件加载：33]
[ info ] [ LANG ] C:\thinkphp\thinkphp\lang\zh-cn.php
[ info ] [ ROUTE ] array (
  'type' => 'module',
  'module' => 
  array (
    0 => 'data',
    1 => 'user',
    2 => 'index',
  ),
)
[ info ] [ HEADER ] array (
  'accept' => 'text/html,application/xhtml+xml,application/xml;q=0.9,image/webp,image/apng,*/*;q=0.8',
  'accept-encoding' => 'gzip, deflate',
  'host' => '47.92.249.234',
  'upgrade-insecure-requests' => '1',
  'user-agent' => 'Mozilla/5.0 (Windows NT 6.1; Win64; x64) AppleWebKit/537.36 (KHTML, like Gecko) Chrome/69.0.3497.81 YisouSpider/5.0 Safari/537.36',
  'connection' => 'close',
)
[ info ] [ PARAM ] array (
)
[ info ] [ RUN ] app\data\controller\User->index[ C:\thinkphp\application\data\controller\User.php ]
[ info ] [ VIEW ] C:\thinkphp/application/data\view\user\login.html [ array (
) ]
[ info ] [ SESSION ] INIT array (
  'id' => '',
  'var_session_id' => '',
  'prefix' => 'think',
  'type' => '',
  'auto_start' => true,
)
[ info ] [ LOG ] INIT File
---------------------------------------------------------------
[ 2019-01-09T12:36:30+08:00 ] 172.26.72.2 112.132.159.2 GET /favicon.ico
[ info ] 47.92.249.234/favicon.ico [运行时间：0.031250s][吞吐率：32.00req/s] [内存消耗：1,025.95kb] [文件加载：28]
[ info ] [ LANG ] C:\thinkphp\thinkphp\lang\zh-cn.php
[ info ] [ ROUTE ] array (
  'type' => 'module',
  'module' => 
  array (
    0 => 'favicon.ico',
    1 => NULL,
    2 => NULL,
  ),
)
[ info ] [ HEADER ] array (
  'host' => '47.92.249.234',
  'connection' => 'keep-alive',
  'user-agent' => 'Mozilla/5.0 (Windows NT 6.1; WOW64) AppleWebKit/537.36 (KHTML, like Gecko) Chrome/63.0.3239.132 Safari/537.36',
  'accept-encoding' => 'gzip, deflate',
  'accept-language' => 'zh-CN,zh;q=0.9',
)
[ info ] [ PARAM ] array (
)
[ info ] [ LOG ] INIT File
---------------------------------------------------------------
[ 2019-01-09T13:23:09+08:00 ] 172.26.72.2 119.85.103.46 GET /
[ info ] 47.92.249.234/ [运行时间：0.062500s][吞吐率：16.00req/s] [内存消耗：2,090.59kb] [文件加载：41]
[ info ] [ LANG ] C:\thinkphp\thinkphp\lang\zh-cn.php
[ info ] [ ROUTE ] array (
  'type' => 'module',
  'module' => 
  array (
    0 => '',
    1 => NULL,
    2 => NULL,
  ),
)
[ info ] [ HEADER ] array (
  'accept' => '*/*',
  'referer' => 'http://www.r8c.com/product/83-cn.html',
  'accept-language' => 'zh-cn',
  'user-agent' => 'Mozilla/4.0 (compatible; MSIE 8.0; Windows NT 6.1; WOW64; Trident/4.0; SLCC2; .NET CLR 2.0.50727; .NET CLR 3.5.30729; .NET CLR 3.0.30729; .NET4.0C; .NET4.0E; InfoPath.2)',
  'accept-encoding' => 'gzip, deflate',
  'host' => '47.92.249.234',
  'connection' => 'Keep-Alive',
)
[ info ] [ PARAM ] array (
)
[ info ] [ RUN ] app\index\controller\Index->index[ C:\thinkphp\application\index\controller\Index.php ]
[ info ] [ SESSION ] INIT array (
  'id' => '',
  'var_session_id' => '',
  'prefix' => 'think',
  'type' => '',
  'auto_start' => true,
)
[ info ] [ DB ] INIT mysql
[ info ] [ VIEW ] C:\thinkphp/application/index\view\index\index.html [ array (
  0 => 'event',
) ]
[ info ] [ LOG ] INIT File
[ sql ] [ DB ] CONNECT:[ UseTime:0.000000s ] mysql:dbname=tp5;host=127.0.0.1;charset=utf8
[ sql ] [ SQL ] SHOW COLUMNS FROM `qs_event` [ RunTime:0.015625s ]
[ sql ] [ SQL ] SELECT * FROM `qs_event` ORDER BY id asc [ RunTime:0.000000s ]
---------------------------------------------------------------
[ 2019-01-09T14:28:23+08:00 ] 172.26.72.2 113.139.88.142 GET /
[ info ] 47.92.249.234/ [运行时间：0.078126s][吞吐率：12.80req/s] [内存消耗：2,090.66kb] [文件加载：41]
[ info ] [ LANG ] C:\thinkphp\thinkphp\lang\zh-cn.php
[ info ] [ ROUTE ] array (
  'type' => 'module',
  'module' => 
  array (
    0 => '',
    1 => NULL,
    2 => NULL,
  ),
)
[ info ] [ HEADER ] array (
  'host' => '47.92.249.234',
  'connection' => 'keep-alive',
  'upgrade-insecure-requests' => '1',
  'accept' => 'text/html,application/xhtml+xml,application/xml;q=0.9,*/*;q=0.8',
  'user-agent' => 'Mozilla/5.0 (Macintosh; Intel Mac OS X 10_14_2) AppleWebKit/605.1.15 (KHTML, like Gecko) Version/12.0.2 Safari/605.1.15',
  'referer' => 'http://www.r8c.com/product/2-cn.html',
  'accept-language' => 'zh-cn',
  'accept-encoding' => 'gzip, deflate',
)
[ info ] [ PARAM ] array (
)
[ info ] [ RUN ] app\index\controller\Index->index[ C:\thinkphp\application\index\controller\Index.php ]
[ info ] [ SESSION ] INIT array (
  'id' => '',
  'var_session_id' => '',
  'prefix' => 'think',
  'type' => '',
  'auto_start' => true,
)
[ info ] [ DB ] INIT mysql
[ info ] [ VIEW ] C:\thinkphp/application/index\view\index\index.html [ array (
  0 => 'event',
) ]
[ info ] [ LOG ] INIT File
[ sql ] [ DB ] CONNECT:[ UseTime:0.000000s ] mysql:dbname=tp5;host=127.0.0.1;charset=utf8
[ sql ] [ SQL ] SHOW COLUMNS FROM `qs_event` [ RunTime:0.015625s ]
[ sql ] [ SQL ] SELECT * FROM `qs_event` ORDER BY id asc [ RunTime:0.000000s ]
---------------------------------------------------------------
[ 2019-01-09T14:30:26+08:00 ] 172.26.72.2 113.139.88.142 GET /platform/user/index.html
[ info ] 47.92.249.234/platform/user/index.html [运行时间：0.046875s][吞吐率：21.33req/s] [内存消耗：1,366.87kb] [文件加载：34]
[ info ] [ LANG ] C:\thinkphp\thinkphp\lang\zh-cn.php
[ info ] [ ROUTE ] array (
  'type' => 'module',
  'module' => 
  array (
    0 => 'platform',
    1 => 'user',
    2 => 'index',
  ),
)
[ info ] [ HEADER ] array (
  'host' => '47.92.249.234',
  'cookie' => 'PHPSESSID=ig7f0m571am9v0tbk3qe830ef7',
  'connection' => 'keep-alive',
  'upgrade-insecure-requests' => '1',
  'accept' => 'text/html,application/xhtml+xml,application/xml;q=0.9,*/*;q=0.8',
  'user-agent' => 'Mozilla/5.0 (Macintosh; Intel Mac OS X 10_14_2) AppleWebKit/605.1.15 (KHTML, like Gecko) Version/12.0.2 Safari/605.1.15',
  'referer' => 'http://47.92.249.234/',
  'accept-language' => 'zh-cn',
  'accept-encoding' => 'gzip, deflate',
)
[ info ] [ PARAM ] array (
)
[ info ] [ RUN ] app\platform\controller\User->index[ C:\thinkphp\application\platform\controller\User.php ]
[ info ] [ VIEW ] C:\thinkphp/application/platform\view\user\login.html [ array (
) ]
[ info ] [ SESSION ] INIT array (
  'id' => '',
  'var_session_id' => '',
  'prefix' => 'think',
  'type' => '',
  'auto_start' => true,
)
[ info ] [ LOG ] INIT File
---------------------------------------------------------------
[ 2019-01-09T14:30:26+08:00 ] 172.26.72.2 113.139.88.142 GET /favicon.ico
[ info ] 47.92.249.234/favicon.ico [运行时间：0.031251s][吞吐率：32.00req/s] [内存消耗：1,026.74kb] [文件加载：28]
[ info ] [ LANG ] C:\thinkphp\thinkphp\lang\zh-cn.php
[ info ] [ ROUTE ] array (
  'type' => 'module',
  'module' => 
  array (
    0 => 'favicon.ico',
    1 => NULL,
    2 => NULL,
  ),
)
[ info ] [ HEADER ] array (
  'host' => '47.92.249.234',
  'accept' => '*/*',
  'connection' => 'keep-alive',
  'cookie' => 'PHPSESSID=ig7f0m571am9v0tbk3qe830ef7',
  'user-agent' => 'Mozilla/5.0 (Macintosh; Intel Mac OS X 10_14_2) AppleWebKit/605.1.15 (KHTML, like Gecko) Version/12.0.2 Safari/605.1.15',
  'accept-language' => 'zh-cn',
  'referer' => 'http://47.92.249.234/platform/user/index.html',
  'accept-encoding' => 'gzip, deflate',
)
[ info ] [ PARAM ] array (
)
[ info ] [ LOG ] INIT File
---------------------------------------------------------------
[ 2019-01-09T14:30:43+08:00 ] 172.26.72.2 113.139.88.142 GET /
[ info ] 47.92.249.234/ [运行时间：0.078126s][吞吐率：12.80req/s] [内存消耗：2,090.70kb] [文件加载：41]
[ info ] [ LANG ] C:\thinkphp\thinkphp\lang\zh-cn.php
[ info ] [ ROUTE ] array (
  'type' => 'module',
  'module' => 
  array (
    0 => '',
    1 => NULL,
    2 => NULL,
  ),
)
[ info ] [ HEADER ] array (
  'host' => '47.92.249.234',
  'cookie' => 'PHPSESSID=ig7f0m571am9v0tbk3qe830ef7',
  'connection' => 'keep-alive',
  'upgrade-insecure-requests' => '1',
  'accept' => 'text/html,application/xhtml+xml,application/xml;q=0.9,*/*;q=0.8',
  'user-agent' => 'Mozilla/5.0 (Macintosh; Intel Mac OS X 10_14_2) AppleWebKit/605.1.15 (KHTML, like Gecko) Version/12.0.2 Safari/605.1.15',
  'referer' => 'http://www.r8c.com/product/list-9-cn.html',
  'accept-language' => 'zh-cn',
  'accept-encoding' => 'gzip, deflate',
)
[ info ] [ PARAM ] array (
)
[ info ] [ RUN ] app\index\controller\Index->index[ C:\thinkphp\application\index\controller\Index.php ]
[ info ] [ SESSION ] INIT array (
  'id' => '',
  'var_session_id' => '',
  'prefix' => 'think',
  'type' => '',
  'auto_start' => true,
)
[ info ] [ DB ] INIT mysql
[ info ] [ VIEW ] C:\thinkphp/application/index\view\index\index.html [ array (
  0 => 'event',
) ]
[ info ] [ LOG ] INIT File
[ sql ] [ DB ] CONNECT:[ UseTime:0.015625s ] mysql:dbname=tp5;host=127.0.0.1;charset=utf8
[ sql ] [ SQL ] SHOW COLUMNS FROM `qs_event` [ RunTime:0.000000s ]
[ sql ] [ SQL ] SELECT * FROM `qs_event` ORDER BY id asc [ RunTime:0.000000s ]
---------------------------------------------------------------
[ 2019-01-09T14:30:45+08:00 ] 172.26.72.2 113.139.88.142 GET /admin/user/index.html
[ info ] 47.92.249.234/admin/user/index.html [运行时间：0.046875s][吞吐率：21.33req/s] [内存消耗：1,385.24kb] [文件加载：34]
[ info ] [ LANG ] C:\thinkphp\thinkphp\lang\zh-cn.php
[ info ] [ ROUTE ] array (
  'type' => 'module',
  'module' => 
  array (
    0 => 'admin',
    1 => 'user',
    2 => 'index',
  ),
)
[ info ] [ HEADER ] array (
  'host' => '47.92.249.234',
  'cookie' => 'PHPSESSID=ig7f0m571am9v0tbk3qe830ef7',
  'connection' => 'keep-alive',
  'upgrade-insecure-requests' => '1',
  'accept' => 'text/html,application/xhtml+xml,application/xml;q=0.9,*/*;q=0.8',
  'user-agent' => 'Mozilla/5.0 (Macintosh; Intel Mac OS X 10_14_2) AppleWebKit/605.1.15 (KHTML, like Gecko) Version/12.0.2 Safari/605.1.15',
  'referer' => 'http://47.92.249.234/',
  'accept-language' => 'zh-cn',
  'accept-encoding' => 'gzip, deflate',
)
[ info ] [ PARAM ] array (
)
[ info ] [ RUN ] app\admin\controller\User->index[ C:\thinkphp\application\admin\controller\User.php ]
[ info ] [ VIEW ] C:\thinkphp/application/admin\view\user\login.html [ array (
) ]
[ info ] [ SESSION ] INIT array (
  'id' => '',
  'var_session_id' => '',
  'prefix' => 'think',
  'type' => '',
  'auto_start' => true,
)
[ info ] [ LOG ] INIT File
---------------------------------------------------------------
[ 2019-01-09T14:30:46+08:00 ] 172.26.72.2 113.139.88.142 GET /favicon.ico
[ info ] 47.92.249.234/favicon.ico [运行时间：0.046875s][吞吐率：21.33req/s] [内存消耗：1,026.74kb] [文件加载：28]
[ info ] [ LANG ] C:\thinkphp\thinkphp\lang\zh-cn.php
[ info ] [ ROUTE ] array (
  'type' => 'module',
  'module' => 
  array (
    0 => 'favicon.ico',
    1 => NULL,
    2 => NULL,
  ),
)
[ info ] [ HEADER ] array (
  'host' => '47.92.249.234',
  'accept' => '*/*',
  'connection' => 'keep-alive',
  'cookie' => 'PHPSESSID=ig7f0m571am9v0tbk3qe830ef7',
  'user-agent' => 'Mozilla/5.0 (Macintosh; Intel Mac OS X 10_14_2) AppleWebKit/605.1.15 (KHTML, like Gecko) Version/12.0.2 Safari/605.1.15',
  'accept-language' => 'zh-cn',
  'referer' => 'http://47.92.249.234/admin/user/index.html',
  'accept-encoding' => 'gzip, deflate',
)
[ info ] [ PARAM ] array (
)
[ info ] [ LOG ] INIT File
---------------------------------------------------------------
[ 2019-01-09T14:31:00+08:00 ] 172.26.72.2 113.139.88.142 POST /admin/user/login
[ info ] 47.92.249.234/admin/user/login [运行时间：0.062500s][吞吐率：16.00req/s] [内存消耗：2,239.53kb] [文件加载：43]
[ info ] [ LANG ] C:\thinkphp\thinkphp\lang\zh-cn.php
[ info ] [ ROUTE ] array (
  'type' => 'module',
  'module' => 
  array (
    0 => 'admin',
    1 => 'user',
    2 => 'login',
  ),
)
[ info ] [ HEADER ] array (
  'host' => '47.92.249.234',
  'accept' => 'application/json, text/javascript, */*; q=0.01',
  'x-requested-with' => 'XMLHttpRequest',
  'accept-language' => 'zh-cn',
  'accept-encoding' => 'gzip, deflate',
  'content-type' => 'application/x-www-form-urlencoded; charset=UTF-8',
  'origin' => 'http://47.92.249.234',
  'user-agent' => 'Mozilla/5.0 (Macintosh; Intel Mac OS X 10_14_2) AppleWebKit/605.1.15 (KHTML, like Gecko) Version/12.0.2 Safari/605.1.15',
  'connection' => 'keep-alive',
  'referer' => 'http://47.92.249.234/admin/user/index.html',
  'content-length' => '19',
  'cookie' => 'PHPSESSID=ig7f0m571am9v0tbk3qe830ef7',
)
[ info ] [ PARAM ] array (
  'username' => '',
  'password' => '',
)
[ info ] [ RUN ] app\admin\controller\User->login[ C:\thinkphp\application\admin\controller\User.php ]
[ info ] [ DB ] INIT mysql
[ info ] [ LOG ] INIT File
[ sql ] [ DB ] CONNECT:[ UseTime:0.000000s ] mysql:dbname=tp5;host=127.0.0.1;charset=utf8
[ sql ] [ SQL ] SHOW COLUMNS FROM `qs_user` [ RunTime:0.015625s ]
[ sql ] [ SQL ] SELECT `id` FROM `qs_user` WHERE  `username` = '' LIMIT 1 [ RunTime:0.000000s ]
---------------------------------------------------------------
[ 2019-01-09T14:31:02+08:00 ] 172.26.72.2 113.139.88.142 POST /admin/user/login
[ info ] 47.92.249.234/admin/user/login [运行时间：0.078126s][吞吐率：12.80req/s] [内存消耗：2,239.53kb] [文件加载：43]
[ info ] [ LANG ] C:\thinkphp\thinkphp\lang\zh-cn.php
[ info ] [ ROUTE ] array (
  'type' => 'module',
  'module' => 
  array (
    0 => 'admin',
    1 => 'user',
    2 => 'login',
  ),
)
[ info ] [ HEADER ] array (
  'host' => '47.92.249.234',
  'accept' => 'application/json, text/javascript, */*; q=0.01',
  'x-requested-with' => 'XMLHttpRequest',
  'accept-language' => 'zh-cn',
  'accept-encoding' => 'gzip, deflate',
  'content-type' => 'application/x-www-form-urlencoded; charset=UTF-8',
  'origin' => 'http://47.92.249.234',
  'user-agent' => 'Mozilla/5.0 (Macintosh; Intel Mac OS X 10_14_2) AppleWebKit/605.1.15 (KHTML, like Gecko) Version/12.0.2 Safari/605.1.15',
  'connection' => 'keep-alive',
  'referer' => 'http://47.92.249.234/admin/user/index.html',
  'content-length' => '19',
  'cookie' => 'PHPSESSID=ig7f0m571am9v0tbk3qe830ef7',
)
[ info ] [ PARAM ] array (
  'username' => '',
  'password' => '',
)
[ info ] [ RUN ] app\admin\controller\User->login[ C:\thinkphp\application\admin\controller\User.php ]
[ info ] [ DB ] INIT mysql
[ info ] [ LOG ] INIT File
[ sql ] [ DB ] CONNECT:[ UseTime:0.015625s ] mysql:dbname=tp5;host=127.0.0.1;charset=utf8
[ sql ] [ SQL ] SHOW COLUMNS FROM `qs_user` [ RunTime:0.000000s ]
[ sql ] [ SQL ] SELECT `id` FROM `qs_user` WHERE  `username` = '' LIMIT 1 [ RunTime:0.000000s ]
---------------------------------------------------------------
[ 2019-01-09T14:31:03+08:00 ] 172.26.72.2 113.139.88.142 GET /index/index/index.html
[ info ] 47.92.249.234/index/index/index.html [运行时间：0.078125s][吞吐率：12.80req/s] [内存消耗：2,090.91kb] [文件加载：41]
[ info ] [ LANG ] C:\thinkphp\thinkphp\lang\zh-cn.php
[ info ] [ ROUTE ] array (
  'type' => 'module',
  'module' => 
  array (
    0 => 'index',
    1 => 'index',
    2 => 'index',
  ),
)
[ info ] [ HEADER ] array (
  'host' => '47.92.249.234',
  'cookie' => 'PHPSESSID=ig7f0m571am9v0tbk3qe830ef7',
  'connection' => 'keep-alive',
  'upgrade-insecure-requests' => '1',
  'accept' => 'text/html,application/xhtml+xml,application/xml;q=0.9,*/*;q=0.8',
  'user-agent' => 'Mozilla/5.0 (Macintosh; Intel Mac OS X 10_14_2) AppleWebKit/605.1.15 (KHTML, like Gecko) Version/12.0.2 Safari/605.1.15',
  'referer' => 'http://47.92.249.234/admin/user/index.html',
  'accept-language' => 'zh-cn',
  'accept-encoding' => 'gzip, deflate',
)
[ info ] [ PARAM ] array (
)
[ info ] [ RUN ] app\index\controller\Index->index[ C:\thinkphp\application\index\controller\Index.php ]
[ info ] [ SESSION ] INIT array (
  'id' => '',
  'var_session_id' => '',
  'prefix' => 'think',
  'type' => '',
  'auto_start' => true,
)
[ info ] [ DB ] INIT mysql
[ info ] [ VIEW ] C:\thinkphp/application/index\view\index\index.html [ array (
  0 => 'event',
) ]
[ info ] [ LOG ] INIT File
[ sql ] [ DB ] CONNECT:[ UseTime:0.015625s ] mysql:dbname=tp5;host=127.0.0.1;charset=utf8
[ sql ] [ SQL ] SHOW COLUMNS FROM `qs_event` [ RunTime:0.000000s ]
[ sql ] [ SQL ] SELECT * FROM `qs_event` ORDER BY id asc [ RunTime:0.000000s ]
---------------------------------------------------------------
[ 2019-01-09T14:31:21+08:00 ] 172.26.72.2 113.139.88.142 GET /platform/user/index.html
[ info ] 47.92.249.234/platform/user/index.html [运行时间：0.046875s][吞吐率：21.33req/s] [内存消耗：1,366.97kb] [文件加载：34]
[ info ] [ LANG ] C:\thinkphp\thinkphp\lang\zh-cn.php
[ info ] [ ROUTE ] array (
  'type' => 'module',
  'module' => 
  array (
    0 => 'platform',
    1 => 'user',
    2 => 'index',
  ),
)
[ info ] [ HEADER ] array (
  'host' => '47.92.249.234',
  'cookie' => 'PHPSESSID=ig7f0m571am9v0tbk3qe830ef7',
  'connection' => 'keep-alive',
  'upgrade-insecure-requests' => '1',
  'accept' => 'text/html,application/xhtml+xml,application/xml;q=0.9,*/*;q=0.8',
  'user-agent' => 'Mozilla/5.0 (Macintosh; Intel Mac OS X 10_14_2) AppleWebKit/605.1.15 (KHTML, like Gecko) Version/12.0.2 Safari/605.1.15',
  'referer' => 'http://47.92.249.234/index/index/index.html',
  'accept-language' => 'zh-cn',
  'accept-encoding' => 'gzip, deflate',
)
[ info ] [ PARAM ] array (
)
[ info ] [ RUN ] app\platform\controller\User->index[ C:\thinkphp\application\platform\controller\User.php ]
[ info ] [ VIEW ] C:\thinkphp/application/platform\view\user\login.html [ array (
) ]
[ info ] [ SESSION ] INIT array (
  'id' => '',
  'var_session_id' => '',
  'prefix' => 'think',
  'type' => '',
  'auto_start' => true,
)
[ info ] [ LOG ] INIT File
---------------------------------------------------------------
[ 2019-01-09T14:35:02+08:00 ] 172.26.72.2 113.139.88.142 GET /download/index/index.html
[ info ] 47.92.249.234/download/index/index.html [运行时间：0.046875s][吞吐率：21.33req/s] [内存消耗：1,359.38kb] [文件加载：34]
[ info ] [ LANG ] C:\thinkphp\thinkphp\lang\zh-cn.php
[ info ] [ ROUTE ] array (
  'type' => 'module',
  'module' => 
  array (
    0 => 'download',
    1 => 'index',
    2 => 'index',
  ),
)
[ info ] [ HEADER ] array (
  'host' => '47.92.249.234',
  'cookie' => 'PHPSESSID=ig7f0m571am9v0tbk3qe830ef7',
  'connection' => 'keep-alive',
  'upgrade-insecure-requests' => '1',
  'accept' => 'text/html,application/xhtml+xml,application/xml;q=0.9,*/*;q=0.8',
  'user-agent' => 'Mozilla/5.0 (Macintosh; Intel Mac OS X 10_14_2) AppleWebKit/605.1.15 (KHTML, like Gecko) Version/12.0.2 Safari/605.1.15',
  'referer' => 'http://47.92.249.234/index/index/index.html',
  'accept-language' => 'zh-cn',
  'accept-encoding' => 'gzip, deflate',
)
[ info ] [ PARAM ] array (
)
[ info ] [ RUN ] app\download\controller\Index->index[ C:\thinkphp\application\download\controller\Index.php ]
[ info ] [ SESSION ] INIT array (
  'id' => '',
  'var_session_id' => '',
  'prefix' => 'think',
  'type' => '',
  'auto_start' => true,
)
[ info ] [ VIEW ] C:\thinkphp/application/download\view\index\index.html [ array (
) ]
[ info ] [ LOG ] INIT File
---------------------------------------------------------------
[ 2019-01-09T14:36:00+08:00 ] 172.26.72.2 113.139.88.142 GET /data/user/index.html
[ info ] 47.92.249.234/data/user/index.html [运行时间：0.046876s][吞吐率：21.33req/s] [内存消耗：1,305.10kb] [文件加载：33]
[ info ] [ LANG ] C:\thinkphp\thinkphp\lang\zh-cn.php
[ info ] [ ROUTE ] array (
  'type' => 'module',
  'module' => 
  array (
    0 => 'data',
    1 => 'user',
    2 => 'index',
  ),
)
[ info ] [ HEADER ] array (
  'host' => '47.92.249.234',
  'cookie' => 'PHPSESSID=ig7f0m571am9v0tbk3qe830ef7',
  'connection' => 'keep-alive',
  'upgrade-insecure-requests' => '1',
  'accept' => 'text/html,application/xhtml+xml,application/xml;q=0.9,*/*;q=0.8',
  'user-agent' => 'Mozilla/5.0 (Macintosh; Intel Mac OS X 10_14_2) AppleWebKit/605.1.15 (KHTML, like Gecko) Version/12.0.2 Safari/605.1.15',
  'referer' => 'http://47.92.249.234/download/index/index.html',
  'accept-language' => 'zh-cn',
  'accept-encoding' => 'gzip, deflate',
)
[ info ] [ PARAM ] array (
)
[ info ] [ RUN ] app\data\controller\User->index[ C:\thinkphp\application\data\controller\User.php ]
[ info ] [ VIEW ] C:\thinkphp/application/data\view\user\login.html [ array (
) ]
[ info ] [ SESSION ] INIT array (
  'id' => '',
  'var_session_id' => '',
  'prefix' => 'think',
  'type' => '',
  'auto_start' => true,
)
[ info ] [ LOG ] INIT File
---------------------------------------------------------------
[ 2019-01-09T14:36:00+08:00 ] 172.26.72.2 113.139.88.142 GET /favicon.ico
[ info ] 47.92.249.234/favicon.ico [运行时间：0.031251s][吞吐率：32.00req/s] [内存消耗：1,026.75kb] [文件加载：28]
[ info ] [ LANG ] C:\thinkphp\thinkphp\lang\zh-cn.php
[ info ] [ ROUTE ] array (
  'type' => 'module',
  'module' => 
  array (
    0 => 'favicon.ico',
    1 => NULL,
    2 => NULL,
  ),
)
[ info ] [ HEADER ] array (
  'host' => '47.92.249.234',
  'accept' => '*/*',
  'connection' => 'keep-alive',
  'cookie' => 'PHPSESSID=ig7f0m571am9v0tbk3qe830ef7',
  'user-agent' => 'Mozilla/5.0 (Macintosh; Intel Mac OS X 10_14_2) AppleWebKit/605.1.15 (KHTML, like Gecko) Version/12.0.2 Safari/605.1.15',
  'accept-language' => 'zh-cn',
  'referer' => 'http://47.92.249.234/data/user/index.html',
  'accept-encoding' => 'gzip, deflate',
)
[ info ] [ PARAM ] array (
)
[ info ] [ LOG ] INIT File
---------------------------------------------------------------
[ 2019-01-09T14:36:10+08:00 ] 172.26.72.2 113.139.88.142 GET /platform/user/index.html
[ info ] 47.92.249.234/platform/user/index.html [运行时间：0.046875s][吞吐率：21.33req/s] [内存消耗：1,366.97kb] [文件加载：34]
[ info ] [ LANG ] C:\thinkphp\thinkphp\lang\zh-cn.php
[ info ] [ ROUTE ] array (
  'type' => 'module',
  'module' => 
  array (
    0 => 'platform',
    1 => 'user',
    2 => 'index',
  ),
)
[ info ] [ HEADER ] array (
  'host' => '47.92.249.234',
  'cookie' => 'PHPSESSID=ig7f0m571am9v0tbk3qe830ef7',
  'connection' => 'keep-alive',
  'upgrade-insecure-requests' => '1',
  'accept' => 'text/html,application/xhtml+xml,application/xml;q=0.9,*/*;q=0.8',
  'user-agent' => 'Mozilla/5.0 (Macintosh; Intel Mac OS X 10_14_2) AppleWebKit/605.1.15 (KHTML, like Gecko) Version/12.0.2 Safari/605.1.15',
  'referer' => 'http://47.92.249.234/download/index/index.html',
  'accept-language' => 'zh-cn',
  'accept-encoding' => 'gzip, deflate',
)
[ info ] [ PARAM ] array (
)
[ info ] [ RUN ] app\platform\controller\User->index[ C:\thinkphp\application\platform\controller\User.php ]
[ info ] [ VIEW ] C:\thinkphp/application/platform\view\user\login.html [ array (
) ]
[ info ] [ SESSION ] INIT array (
  'id' => '',
  'var_session_id' => '',
  'prefix' => 'think',
  'type' => '',
  'auto_start' => true,
)
[ info ] [ LOG ] INIT File
---------------------------------------------------------------
[ 2019-01-09T14:36:17+08:00 ] 172.26.72.2 113.139.88.142 GET /data/user/index.html
[ info ] 47.92.249.234/data/user/index.html [运行时间：0.046875s][吞吐率：21.33req/s] [内存消耗：1,305.10kb] [文件加载：33]
[ info ] [ LANG ] C:\thinkphp\thinkphp\lang\zh-cn.php
[ info ] [ ROUTE ] array (
  'type' => 'module',
  'module' => 
  array (
    0 => 'data',
    1 => 'user',
    2 => 'index',
  ),
)
[ info ] [ HEADER ] array (
  'host' => '47.92.249.234',
  'cookie' => 'PHPSESSID=ig7f0m571am9v0tbk3qe830ef7',
  'connection' => 'keep-alive',
  'upgrade-insecure-requests' => '1',
  'accept' => 'text/html,application/xhtml+xml,application/xml;q=0.9,*/*;q=0.8',
  'user-agent' => 'Mozilla/5.0 (Macintosh; Intel Mac OS X 10_14_2) AppleWebKit/605.1.15 (KHTML, like Gecko) Version/12.0.2 Safari/605.1.15',
  'referer' => 'http://47.92.249.234/download/index/index.html',
  'accept-language' => 'zh-cn',
  'accept-encoding' => 'gzip, deflate',
)
[ info ] [ PARAM ] array (
)
[ info ] [ RUN ] app\data\controller\User->index[ C:\thinkphp\application\data\controller\User.php ]
[ info ] [ VIEW ] C:\thinkphp/application/data\view\user\login.html [ array (
) ]
[ info ] [ SESSION ] INIT array (
  'id' => '',
  'var_session_id' => '',
  'prefix' => 'think',
  'type' => '',
  'auto_start' => true,
)
[ info ] [ LOG ] INIT File
---------------------------------------------------------------
[ 2019-01-09T14:50:31+08:00 ] 172.26.72.2 112.30.88.160 GET /
[ info ] 47.92.249.234/ [运行时间：0.062500s][吞吐率：16.00req/s] [内存消耗：2,090.43kb] [文件加载：41]
[ info ] [ LANG ] C:\thinkphp\thinkphp\lang\zh-cn.php
[ info ] [ ROUTE ] array (
  'type' => 'module',
  'module' => 
  array (
    0 => '',
    1 => NULL,
    2 => NULL,
  ),
)
[ info ] [ HEADER ] array (
  'accept' => 'text/html, application/xhtml+xml, image/jxr, */*',
  'referer' => 'http://www.r8c.com/product/87-cn.html',
  'accept-language' => 'zh-CN',
  'accept-encoding' => 'gzip, deflate',
  'host' => '47.92.249.234',
  'connection' => 'Keep-Alive',
  'user-agent' => 'Mozilla/5.0 (Windows NT 10.0; WOW64; Trident/7.0; rv:11.0) like Gecko Core/1.47.933.400 QQBrowser/9.4.8699.400',
)
[ info ] [ PARAM ] array (
)
[ info ] [ RUN ] app\index\controller\Index->index[ C:\thinkphp\application\index\controller\Index.php ]
[ info ] [ SESSION ] INIT array (
  'id' => '',
  'var_session_id' => '',
  'prefix' => 'think',
  'type' => '',
  'auto_start' => true,
)
[ info ] [ DB ] INIT mysql
[ info ] [ VIEW ] C:\thinkphp/application/index\view\index\index.html [ array (
  0 => 'event',
) ]
[ info ] [ LOG ] INIT File
[ sql ] [ DB ] CONNECT:[ UseTime:0.000000s ] mysql:dbname=tp5;host=127.0.0.1;charset=utf8
[ sql ] [ SQL ] SHOW COLUMNS FROM `qs_event` [ RunTime:0.015625s ]
[ sql ] [ SQL ] SELECT * FROM `qs_event` ORDER BY id asc [ RunTime:0.000000s ]
---------------------------------------------------------------
[ 2019-01-09T14:50:31+08:00 ] 172.26.72.2 112.30.88.160 GET /favicon.ico
[ info ] 47.92.249.234/favicon.ico [运行时间：0.031250s][吞吐率：32.00req/s] [内存消耗：1,025.89kb] [文件加载：28]
[ info ] [ LANG ] C:\thinkphp\thinkphp\lang\zh-cn.php
[ info ] [ ROUTE ] array (
  'type' => 'module',
  'module' => 
  array (
    0 => 'favicon.ico',
    1 => NULL,
    2 => NULL,
  ),
)
[ info ] [ HEADER ] array (
  'host' => '47.92.249.234',
  'connection' => 'keep-alive',
  'user-agent' => 'Mozilla/5.0 (Windows NT 10.0; WOW64) AppleWebKit/537.36 (KHTML, like Gecko) Chrome/47.0.2526.80 Safari/537.36 Core/1.47.933.400 QQBrowser/9.4.8699.400',
  'accept-encoding' => 'gzip, deflate',
)
[ info ] [ PARAM ] array (
)
[ info ] [ LOG ] INIT File
---------------------------------------------------------------
[ 2019-01-09T14:50:36+08:00 ] 172.26.72.2 112.30.88.160 GET /
[ info ] 47.92.249.234/ [运行时间：0.078125s][吞吐率：12.80req/s] [内存消耗：2,090.27kb] [文件加载：41]
[ info ] [ LANG ] C:\thinkphp\thinkphp\lang\zh-cn.php
[ info ] [ ROUTE ] array (
  'type' => 'module',
  'module' => 
  array (
    0 => '',
    1 => NULL,
    2 => NULL,
  ),
)
[ info ] [ HEADER ] array (
  'accept' => 'text/html, application/xhtml+xml, image/jxr, */*',
  'accept-language' => 'zh-CN',
  'accept-encoding' => 'gzip, deflate',
  'host' => '47.92.249.234',
  'connection' => 'Keep-Alive',
  'user-agent' => 'Mozilla/5.0 (Windows NT 10.0; WOW64; Trident/7.0; rv:11.0) like Gecko Core/1.47.933.400 QQBrowser/9.4.8699.400',
  'cookie' => 'PHPSESSID=3naad7hhgbcmai3vulu265brc7',
)
[ info ] [ PARAM ] array (
)
[ info ] [ RUN ] app\index\controller\Index->index[ C:\thinkphp\application\index\controller\Index.php ]
[ info ] [ SESSION ] INIT array (
  'id' => '',
  'var_session_id' => '',
  'prefix' => 'think',
  'type' => '',
  'auto_start' => true,
)
[ info ] [ DB ] INIT mysql
[ info ] [ VIEW ] C:\thinkphp/application/index\view\index\index.html [ array (
  0 => 'event',
) ]
[ info ] [ LOG ] INIT File
[ sql ] [ DB ] CONNECT:[ UseTime:0.000000s ] mysql:dbname=tp5;host=127.0.0.1;charset=utf8
[ sql ] [ SQL ] SHOW COLUMNS FROM `qs_event` [ RunTime:0.015625s ]
[ sql ] [ SQL ] SELECT * FROM `qs_event` ORDER BY id asc [ RunTime:0.000000s ]
---------------------------------------------------------------
[ 2019-01-09T14:51:30+08:00 ] 172.26.72.2 183.192.164.85 GET /
[ info ] 47.92.249.234/ [运行时间：0.078124s][吞吐率：12.80req/s] [内存消耗：2,090.25kb] [文件加载：41]
[ info ] [ LANG ] C:\thinkphp\thinkphp\lang\zh-cn.php
[ info ] [ ROUTE ] array (
  'type' => 'module',
  'module' => 
  array (
    0 => '',
    1 => NULL,
    2 => NULL,
  ),
)
[ info ] [ HEADER ] array (
  'user-agent' => 'Mozilla/5.0 (Windows NT 6.1; WOW64) AppleWebKit/537.36 (KHTML, like Gecko) Chrome/45.0.2454.101 Safari/537.36',
  'accept' => '*/*',
  'referer' => 'blank',
  'accept-language' => 'zh-CN,zh;q=0.8,en-US;q=0.6,en;q=0.4',
  'host' => '47.92.249.234',
  'connection' => 'keep-alive',
)
[ info ] [ PARAM ] array (
)
[ info ] [ RUN ] app\index\controller\Index->index[ C:\thinkphp\application\index\controller\Index.php ]
[ info ] [ SESSION ] INIT array (
  'id' => '',
  'var_session_id' => '',
  'prefix' => 'think',
  'type' => '',
  'auto_start' => true,
)
[ info ] [ DB ] INIT mysql
[ info ] [ VIEW ] C:\thinkphp/application/index\view\index\index.html [ array (
  0 => 'event',
) ]
[ info ] [ LOG ] INIT File
[ sql ] [ DB ] CONNECT:[ UseTime:0.015625s ] mysql:dbname=tp5;host=127.0.0.1;charset=utf8
[ sql ] [ SQL ] SHOW COLUMNS FROM `qs_event` [ RunTime:0.000000s ]
[ sql ] [ SQL ] SELECT * FROM `qs_event` ORDER BY id asc [ RunTime:0.000000s ]
---------------------------------------------------------------
[ 2019-01-09T15:43:17+08:00 ] 172.26.72.2 122.96.129.25 GET /
[ info ] 47.92.249.234/ [运行时间：0.078124s][吞吐率：12.80req/s] [内存消耗：2,089.00kb] [文件加载：41]
[ info ] [ LANG ] C:\thinkphp\thinkphp\lang\zh-cn.php
[ info ] [ ROUTE ] array (
  'type' => 'module',
  'module' => 
  array (
    0 => '',
    1 => NULL,
    2 => NULL,
  ),
)
[ info ] [ HEADER ] array (
  'host' => '47.92.249.234',
)
[ info ] [ PARAM ] array (
)
[ info ] [ RUN ] app\index\controller\Index->index[ C:\thinkphp\application\index\controller\Index.php ]
[ info ] [ SESSION ] INIT array (
  'id' => '',
  'var_session_id' => '',
  'prefix' => 'think',
  'type' => '',
  'auto_start' => true,
)
[ info ] [ DB ] INIT mysql
[ info ] [ VIEW ] C:\thinkphp/application/index\view\index\index.html [ array (
  0 => 'event',
) ]
[ info ] [ LOG ] INIT File
[ sql ] [ DB ] CONNECT:[ UseTime:0.000000s ] mysql:dbname=tp5;host=127.0.0.1;charset=utf8
[ sql ] [ SQL ] SHOW COLUMNS FROM `qs_event` [ RunTime:0.015625s ]
[ sql ] [ SQL ] SELECT * FROM `qs_event` ORDER BY id asc [ RunTime:0.000000s ]
---------------------------------------------------------------
[ 2019-01-09T16:01:34+08:00 ] 172.26.72.2 188.164.37.162 GET /
[ info ] 47.92.249.234:80/ [运行时间：0.062499s][吞吐率：16.00req/s] [内存消耗：2,089.60kb] [文件加载：41]
[ info ] [ LANG ] C:\thinkphp\thinkphp\lang\zh-cn.php
[ info ] [ ROUTE ] array (
  'type' => 'module',
  'module' => 
  array (
    0 => '',
    1 => NULL,
    2 => NULL,
  ),
)
[ info ] [ HEADER ] array (
  'host' => '47.92.249.234:80',
  'user-agent' => 'Mozilla/5.0 (Windows NT 10.0; WOW64) AppleWebKit/537.36 (KHTML, like Gecko) Chrome/52.0.2743.116 Safari/537.36',
  'content-length' => '0',
)
[ info ] [ PARAM ] array (
)
[ info ] [ RUN ] app\index\controller\Index->index[ C:\thinkphp\application\index\controller\Index.php ]
[ info ] [ SESSION ] INIT array (
  'id' => '',
  'var_session_id' => '',
  'prefix' => 'think',
  'type' => '',
  'auto_start' => true,
)
[ info ] [ DB ] INIT mysql
[ info ] [ VIEW ] C:\thinkphp/application/index\view\index\index.html [ array (
  0 => 'event',
) ]
[ info ] [ LOG ] INIT File
[ sql ] [ DB ] CONNECT:[ UseTime:0.000000s ] mysql:dbname=tp5;host=127.0.0.1;charset=utf8
[ sql ] [ SQL ] SHOW COLUMNS FROM `qs_event` [ RunTime:0.015625s ]
[ sql ] [ SQL ] SELECT * FROM `qs_event` ORDER BY id asc [ RunTime:0.000000s ]
---------------------------------------------------------------
[ 2019-01-09T17:34:01+08:00 ] 172.26.72.2 139.162.88.63 GET http://clientapi.ipip.net/echo.php?info=1234567890
[ info ] clientapi.ipip.nethttp://clientapi.ipip.net/echo.php?info=1234567890 [运行时间：0.031234s][吞吐率：32.02req/s] [内存消耗：1,025.50kb] [文件加载：28]
[ info ] [ LANG ] C:\thinkphp\thinkphp\lang\zh-cn.php
[ info ] [ ROUTE ] array (
  'type' => 'module',
  'module' => 
  array (
    0 => 'echo.php',
    1 => NULL,
    2 => NULL,
  ),
)
[ info ] [ HEADER ] array (
  'host' => 'clientapi.ipip.net',
  'user-agent' => 'Go-http-client/1.1',
  'connection' => 'close',
)
[ info ] [ PARAM ] array (
  'info' => '1234567890',
)
[ info ] [ LOG ] INIT File
---------------------------------------------------------------
[ 2019-01-09T17:40:02+08:00 ] 172.26.72.2 180.163.220.68 GET /
[ info ] 47.92.249.234/ [运行时间：0.078085s][吞吐率：12.81req/s] [内存消耗：2,090.40kb] [文件加载：41]
[ info ] [ LANG ] C:\thinkphp\thinkphp\lang\zh-cn.php
[ info ] [ ROUTE ] array (
  'type' => 'module',
  'module' => 
  array (
    0 => '',
    1 => NULL,
    2 => NULL,
  ),
)
[ info ] [ HEADER ] array (
  'host' => '47.92.249.234',
  'user-agent' => 'Mozilla/5.0 (Linux; U; Android 5.0.2; zh-CN; Redmi Note 3 Build/LRX22G) AppleWebKit/537.36 (KHTML, like Gecko) Version/4.0 OPR/11.2.3.102637 Mobile Safari/537.36',
  'accept' => 'text/html,application/xhtml+xml,application/xml;q=0.9,image/webp,image/apng,*/*;q=0.8',
  'accept-encoding' => 'gzip, deflate',
  'upgrade-insecure-requests' => '1',
)
[ info ] [ PARAM ] array (
)
[ info ] [ RUN ] app\index\controller\Index->index[ C:\thinkphp\application\index\controller\Index.php ]
[ info ] [ SESSION ] INIT array (
  'id' => '',
  'var_session_id' => '',
  'prefix' => 'think',
  'type' => '',
  'auto_start' => true,
)
[ info ] [ DB ] INIT mysql
[ info ] [ VIEW ] C:\thinkphp/application/index\view\index\index.html [ array (
  0 => 'event',
) ]
[ info ] [ LOG ] INIT File
[ sql ] [ DB ] CONNECT:[ UseTime:0.000000s ] mysql:dbname=tp5;host=127.0.0.1;charset=utf8
[ sql ] [ SQL ] SHOW COLUMNS FROM `qs_event` [ RunTime:0.015617s ]
[ sql ] [ SQL ] SELECT * FROM `qs_event` ORDER BY id asc [ RunTime:0.000000s ]
---------------------------------------------------------------
[ 2019-01-09T17:48:25+08:00 ] 172.26.72.2 131.221.193.143 GET /
[ info ] 47.92.249.234:80/ [运行时间：0.078103s][吞吐率：12.80req/s] [内存消耗：2,089.60kb] [文件加载：41]
[ info ] [ LANG ] C:\thinkphp\thinkphp\lang\zh-cn.php
[ info ] [ ROUTE ] array (
  'type' => 'module',
  'module' => 
  array (
    0 => '',
    1 => NULL,
    2 => NULL,
  ),
)
[ info ] [ HEADER ] array (
  'host' => '47.92.249.234:80',
  'user-agent' => 'Mozilla/5.0 (Windows NT 6.1; WOW64) AppleWebKit/537.36 (KHTML, like Gecko) Chrome/52.0.2743.116 Safari/537.36',
  'content-length' => '0',
)
[ info ] [ PARAM ] array (
)
[ info ] [ RUN ] app\index\controller\Index->index[ C:\thinkphp\application\index\controller\Index.php ]
[ info ] [ SESSION ] INIT array (
  'id' => '',
  'var_session_id' => '',
  'prefix' => 'think',
  'type' => '',
  'auto_start' => true,
)
[ info ] [ DB ] INIT mysql
[ info ] [ VIEW ] C:\thinkphp/application/index\view\index\index.html [ array (
  0 => 'event',
) ]
[ info ] [ LOG ] INIT File
[ sql ] [ DB ] CONNECT:[ UseTime:0.000000s ] mysql:dbname=tp5;host=127.0.0.1;charset=utf8
[ sql ] [ SQL ] SHOW COLUMNS FROM `qs_event` [ RunTime:0.015620s ]
[ sql ] [ SQL ] SELECT * FROM `qs_event` ORDER BY id asc [ RunTime:0.000000s ]
---------------------------------------------------------------
[ 2019-01-09T18:41:08+08:00 ] 172.26.72.2 80.82.70.187 GET http://www.baidu.com/cache/global/img/gs.gif
[ info ] www.baidu.comhttp://www.baidu.com/cache/global/img/gs.gif [运行时间：0.031252s][吞吐率：32.00req/s] [内存消耗：1,025.23kb] [文件加载：28]
[ info ] [ LANG ] C:\thinkphp\thinkphp\lang\zh-cn.php
[ info ] [ ROUTE ] array (
  'type' => 'module',
  'module' => 
  array (
    0 => 'cache',
    1 => 'global',
    2 => 'img',
  ),
)
[ info ] [ HEADER ] array (
  'host' => 'www.baidu.com',
  'user-agent' => 'Mozilla',
  'if-modified-since' => 'Thu, 19 Apr 2012 09:51:20 GMT',
)
[ info ] [ PARAM ] array (
)
[ info ] [ LOG ] INIT File
---------------------------------------------------------------
[ 2019-01-09T19:19:19+08:00 ] 172.26.72.2 101.132.182.68 GET /
[ info ] 47.92.249.234/ [运行时间：0.078131s][吞吐率：12.80req/s] [内存消耗：2,089.77kb] [文件加载：41]
[ info ] [ LANG ] C:\thinkphp\thinkphp\lang\zh-cn.php
[ info ] [ ROUTE ] array (
  'type' => 'module',
  'module' => 
  array (
    0 => '',
    1 => NULL,
    2 => NULL,
  ),
)
[ info ] [ HEADER ] array (
  'user-agent' => 'Mozilla/5.0 (Linux; Android 4.1.1; Nexus 7 Build/JRO03D))',
  'host' => '47.92.249.234',
  'accept' => 'text/html, image/gif, image/jpeg, *; q=.2, */*; q=.2',
  'connection' => 'keep-alive',
)
[ info ] [ PARAM ] array (
)
[ info ] [ RUN ] app\index\controller\Index->index[ C:\thinkphp\application\index\controller\Index.php ]
[ info ] [ SESSION ] INIT array (
  'id' => '',
  'var_session_id' => '',
  'prefix' => 'think',
  'type' => '',
  'auto_start' => true,
)
[ info ] [ DB ] INIT mysql
[ info ] [ VIEW ] C:\thinkphp/application/index\view\index\index.html [ array (
  0 => 'event',
) ]
[ info ] [ LOG ] INIT File
[ sql ] [ DB ] CONNECT:[ UseTime:0.000000s ] mysql:dbname=tp5;host=127.0.0.1;charset=utf8
[ sql ] [ SQL ] SHOW COLUMNS FROM `qs_event` [ RunTime:0.015626s ]
[ sql ] [ SQL ] SELECT * FROM `qs_event` ORDER BY id asc [ RunTime:0.000000s ]
---------------------------------------------------------------
[ 2019-01-09T19:28:42+08:00 ] 172.26.72.2 179.113.14.230 GET /
[ info ] 47.92.249.234:80/ [运行时间：0.062510s][吞吐率：16.00req/s] [内存消耗：2,089.66kb] [文件加载：41]
[ info ] [ LANG ] C:\thinkphp\thinkphp\lang\zh-cn.php
[ info ] [ ROUTE ] array (
  'type' => 'module',
  'module' => 
  array (
    0 => '',
    1 => NULL,
    2 => NULL,
  ),
)
[ info ] [ HEADER ] array (
  'host' => '47.92.249.234:80',
  'user-agent' => 'Mozilla/5.0 (Macintosh; Intel Mac OS X 10_11_6) AppleWebKit/601.7.7 (KHTML, like Gecko) Version/9.1.2 Safari/601.7.7',
  'content-length' => '0',
)
[ info ] [ PARAM ] array (
)
[ info ] [ RUN ] app\index\controller\Index->index[ C:\thinkphp\application\index\controller\Index.php ]
[ info ] [ SESSION ] INIT array (
  'id' => '',
  'var_session_id' => '',
  'prefix' => 'think',
  'type' => '',
  'auto_start' => true,
)
[ info ] [ DB ] INIT mysql
[ info ] [ VIEW ] C:\thinkphp/application/index\view\index\index.html [ array (
  0 => 'event',
) ]
[ info ] [ LOG ] INIT File
[ sql ] [ DB ] CONNECT:[ UseTime:0.000000s ] mysql:dbname=tp5;host=127.0.0.1;charset=utf8
[ sql ] [ SQL ] SHOW COLUMNS FROM `qs_event` [ RunTime:0.015628s ]
[ sql ] [ SQL ] SELECT * FROM `qs_event` ORDER BY id asc [ RunTime:0.000000s ]
---------------------------------------------------------------
[ 2019-01-09T20:00:04+08:00 ] 172.26.72.2 103.96.36.22 GET /
[ info ] 47.92.249.234:80/ [运行时间：0.078141s][吞吐率：12.80req/s] [内存消耗：2,089.60kb] [文件加载：41]
[ info ] [ LANG ] C:\thinkphp\thinkphp\lang\zh-cn.php
[ info ] [ ROUTE ] array (
  'type' => 'module',
  'module' => 
  array (
    0 => '',
    1 => NULL,
    2 => NULL,
  ),
)
[ info ] [ HEADER ] array (
  'host' => '47.92.249.234:80',
  'user-agent' => 'Mozilla/5.0 (Windows NT 10.0; WOW64) AppleWebKit/537.36 (KHTML, like Gecko) Chrome/52.0.2743.116 Safari/537.36',
  'content-length' => '0',
)
[ info ] [ PARAM ] array (
)
[ info ] [ RUN ] app\index\controller\Index->index[ C:\thinkphp\application\index\controller\Index.php ]
[ info ] [ SESSION ] INIT array (
  'id' => '',
  'var_session_id' => '',
  'prefix' => 'think',
  'type' => '',
  'auto_start' => true,
)
[ info ] [ DB ] INIT mysql
[ info ] [ VIEW ] C:\thinkphp/application/index\view\index\index.html [ array (
  0 => 'event',
) ]
[ info ] [ LOG ] INIT File
[ sql ] [ DB ] CONNECT:[ UseTime:0.000000s ] mysql:dbname=tp5;host=127.0.0.1;charset=utf8
[ sql ] [ SQL ] SHOW COLUMNS FROM `qs_event` [ RunTime:0.015628s ]
[ sql ] [ SQL ] SELECT * FROM `qs_event` ORDER BY id asc [ RunTime:0.000000s ]
---------------------------------------------------------------
[ 2019-01-09T20:44:00+08:00 ] 172.26.72.2 180.163.220.4 GET /
[ info ] 47.92.249.234/ [运行时间：0.078124s][吞吐率：12.80req/s] [内存消耗：2,090.40kb] [文件加载：41]
[ info ] [ LANG ] C:\thinkphp\thinkphp\lang\zh-cn.php
[ info ] [ ROUTE ] array (
  'type' => 'module',
  'module' => 
  array (
    0 => '',
    1 => NULL,
    2 => NULL,
  ),
)
[ info ] [ HEADER ] array (
  'host' => '47.92.249.234',
  'user-agent' => 'Mozilla/5.0 (Linux; U; Android 5.0.2; zh-CN; Redmi Note 3 Build/LRX22G) AppleWebKit/537.36 (KHTML, like Gecko) Version/4.0 OPR/11.2.3.102637 Mobile Safari/537.36',
  'accept' => 'text/html,application/xhtml+xml,application/xml;q=0.9,image/webp,image/apng,*/*;q=0.8',
  'accept-encoding' => 'gzip, deflate',
  'upgrade-insecure-requests' => '1',
)
[ info ] [ PARAM ] array (
)
[ info ] [ RUN ] app\index\controller\Index->index[ C:\thinkphp\application\index\controller\Index.php ]
[ info ] [ SESSION ] INIT array (
  'id' => '',
  'var_session_id' => '',
  'prefix' => 'think',
  'type' => '',
  'auto_start' => true,
)
[ info ] [ DB ] INIT mysql
[ info ] [ VIEW ] C:\thinkphp/application/index\view\index\index.html [ array (
  0 => 'event',
) ]
[ info ] [ LOG ] INIT File
[ sql ] [ DB ] CONNECT:[ UseTime:0.000000s ] mysql:dbname=tp5;host=127.0.0.1;charset=utf8
[ sql ] [ SQL ] SHOW COLUMNS FROM `qs_event` [ RunTime:0.015625s ]
[ sql ] [ SQL ] SELECT * FROM `qs_event` ORDER BY id asc [ RunTime:0.000000s ]
---------------------------------------------------------------
[ 2019-01-09T20:56:22+08:00 ] 172.26.72.2 47.100.100.21 GET /
[ info ] 47.92.249.234/ [运行时间：0.078124s][吞吐率：12.80req/s] [内存消耗：2,089.77kb] [文件加载：41]
[ info ] [ LANG ] C:\thinkphp\thinkphp\lang\zh-cn.php
[ info ] [ ROUTE ] array (
  'type' => 'module',
  'module' => 
  array (
    0 => '',
    1 => NULL,
    2 => NULL,
  ),
)
[ info ] [ HEADER ] array (
  'user-agent' => 'Mozilla/5.0 (Linux; Android 4.1.1; Nexus 7 Build/JRO03D))',
  'host' => '47.92.249.234',
  'accept' => 'text/html, image/gif, image/jpeg, *; q=.2, */*; q=.2',
  'connection' => 'keep-alive',
)
[ info ] [ PARAM ] array (
)
[ info ] [ RUN ] app\index\controller\Index->index[ C:\thinkphp\application\index\controller\Index.php ]
[ info ] [ SESSION ] INIT array (
  'id' => '',
  'var_session_id' => '',
  'prefix' => 'think',
  'type' => '',
  'auto_start' => true,
)
[ info ] [ DB ] INIT mysql
[ info ] [ VIEW ] C:\thinkphp/application/index\view\index\index.html [ array (
  0 => 'event',
) ]
[ info ] [ LOG ] INIT File
[ sql ] [ DB ] CONNECT:[ UseTime:0.000000s ] mysql:dbname=tp5;host=127.0.0.1;charset=utf8
[ sql ] [ SQL ] SHOW COLUMNS FROM `qs_event` [ RunTime:0.015625s ]
[ sql ] [ SQL ] SELECT * FROM `qs_event` ORDER BY id asc [ RunTime:0.000000s ]
---------------------------------------------------------------
[ 2019-01-09T21:01:37+08:00 ] 172.26.72.2 71.6.232.4 GET /
[ info ] 47.92.249.234/ [运行时间：0.062499s][吞吐率：16.00req/s] [内存消耗：2,089.84kb] [文件加载：41]
[ info ] [ LANG ] C:\thinkphp\thinkphp\lang\zh-cn.php
[ info ] [ ROUTE ] array (
  'type' => 'module',
  'module' => 
  array (
    0 => '',
    1 => NULL,
    2 => NULL,
  ),
)
[ info ] [ HEADER ] array (
  'host' => '47.92.249.234',
  'user-agent' => 'Mozilla/5.0 (Windows NT 10.0; Win64; x64) AppleWebKit/537.36 (KHTML, like Gecko) Chrome/57.0.2987.133 Safari/537.36',
  'accept' => '*/*',
  'accept-encoding' => 'gzip',
)
[ info ] [ PARAM ] array (
)
[ info ] [ RUN ] app\index\controller\Index->index[ C:\thinkphp\application\index\controller\Index.php ]
[ info ] [ SESSION ] INIT array (
  'id' => '',
  'var_session_id' => '',
  'prefix' => 'think',
  'type' => '',
  'auto_start' => true,
)
[ info ] [ DB ] INIT mysql
[ info ] [ VIEW ] C:\thinkphp/application/index\view\index\index.html [ array (
  0 => 'event',
) ]
[ info ] [ LOG ] INIT File
[ sql ] [ DB ] CONNECT:[ UseTime:0.000000s ] mysql:dbname=tp5;host=127.0.0.1;charset=utf8
[ sql ] [ SQL ] SHOW COLUMNS FROM `qs_event` [ RunTime:0.015625s ]
[ sql ] [ SQL ] SELECT * FROM `qs_event` ORDER BY id asc [ RunTime:0.000000s ]
---------------------------------------------------------------
[ 2019-01-09T22:14:38+08:00 ] 172.26.72.2 78.140.33.143 GET /
[ info ] 47.92.249.234:80/ [运行时间：0.078125s][吞吐率：12.80req/s] [内存消耗：2,089.66kb] [文件加载：41]
[ info ] [ LANG ] C:\thinkphp\thinkphp\lang\zh-cn.php
[ info ] [ ROUTE ] array (
  'type' => 'module',
  'module' => 
  array (
    0 => '',
    1 => NULL,
    2 => NULL,
  ),
)
[ info ] [ HEADER ] array (
  'host' => '47.92.249.234:80',
  'user-agent' => 'Mozilla/5.0 (Macintosh; Intel Mac OS X 10_11_6) AppleWebKit/601.7.7 (KHTML, like Gecko) Version/9.1.2 Safari/601.7.7',
  'content-length' => '0',
)
[ info ] [ PARAM ] array (
)
[ info ] [ RUN ] app\index\controller\Index->index[ C:\thinkphp\application\index\controller\Index.php ]
[ info ] [ SESSION ] INIT array (
  'id' => '',
  'var_session_id' => '',
  'prefix' => 'think',
  'type' => '',
  'auto_start' => true,
)
[ info ] [ DB ] INIT mysql
[ info ] [ VIEW ] C:\thinkphp/application/index\view\index\index.html [ array (
  0 => 'event',
) ]
[ info ] [ LOG ] INIT File
[ sql ] [ DB ] CONNECT:[ UseTime:0.015625s ] mysql:dbname=tp5;host=127.0.0.1;charset=utf8
[ sql ] [ SQL ] SHOW COLUMNS FROM `qs_event` [ RunTime:0.015625s ]
[ sql ] [ SQL ] SELECT * FROM `qs_event` ORDER BY id asc [ RunTime:0.000000s ]
---------------------------------------------------------------
[ 2019-01-09T22:39:00+08:00 ] 172.26.72.2 109.73.187.196 GET /
[ info ] 47.92.249.234:80/ [运行时间：0.078124s][吞吐率：12.80req/s] [内存消耗：2,089.60kb] [文件加载：41]
[ info ] [ LANG ] C:\thinkphp\thinkphp\lang\zh-cn.php
[ info ] [ ROUTE ] array (
  'type' => 'module',
  'module' => 
  array (
    0 => '',
    1 => NULL,
    2 => NULL,
  ),
)
[ info ] [ HEADER ] array (
  'host' => '47.92.249.234:80',
  'user-agent' => 'Mozilla/5.0 (Windows NT 10.0; WOW64) AppleWebKit/537.36 (KHTML, like Gecko) Chrome/51.0.2704.103 Safari/537.36',
  'content-length' => '0',
)
[ info ] [ PARAM ] array (
)
[ info ] [ RUN ] app\index\controller\Index->index[ C:\thinkphp\application\index\controller\Index.php ]
[ info ] [ SESSION ] INIT array (
  'id' => '',
  'var_session_id' => '',
  'prefix' => 'think',
  'type' => '',
  'auto_start' => true,
)
[ info ] [ DB ] INIT mysql
[ info ] [ VIEW ] C:\thinkphp/application/index\view\index\index.html [ array (
  0 => 'event',
) ]
[ info ] [ LOG ] INIT File
[ sql ] [ DB ] CONNECT:[ UseTime:0.000000s ] mysql:dbname=tp5;host=127.0.0.1;charset=utf8
[ sql ] [ SQL ] SHOW COLUMNS FROM `qs_event` [ RunTime:0.015625s ]
[ sql ] [ SQL ] SELECT * FROM `qs_event` ORDER BY id asc [ RunTime:0.000000s ]
---------------------------------------------------------------
[ 2019-01-09T23:19:32+08:00 ] 172.26.72.2 27.151.112.217 HEAD /
[ info ] 47.92.249.234/ [运行时间：0.062497s][吞吐率：16.00req/s] [内存消耗：2,089.63kb] [文件加载：41]
[ info ] [ LANG ] C:\thinkphp\thinkphp\lang\zh-cn.php
[ info ] [ ROUTE ] array (
  'type' => 'module',
  'module' => 
  array (
    0 => '',
    1 => NULL,
    2 => NULL,
  ),
)
[ info ] [ HEADER ] array (
  'user-agent' => 'Mozilla/5.0 (Windows NT 5.1; rv:22.0) Gecko/20100101 Firefox/22.0',
  'host' => '47.92.249.234',
  'accept-encoding' => 'gzip',
  'connection' => 'Keep-Alive',
)
[ info ] [ PARAM ] array (
)
[ info ] [ RUN ] app\index\controller\Index->index[ C:\thinkphp\application\index\controller\Index.php ]
[ info ] [ SESSION ] INIT array (
  'id' => '',
  'var_session_id' => '',
  'prefix' => 'think',
  'type' => '',
  'auto_start' => true,
)
[ info ] [ DB ] INIT mysql
[ info ] [ VIEW ] C:\thinkphp/application/index\view\index\index.html [ array (
  0 => 'event',
) ]
[ info ] [ LOG ] INIT File
[ sql ] [ DB ] CONNECT:[ UseTime:0.000000s ] mysql:dbname=tp5;host=127.0.0.1;charset=utf8
[ sql ] [ SQL ] SHOW COLUMNS FROM `qs_event` [ RunTime:0.015624s ]
[ sql ] [ SQL ] SELECT * FROM `qs_event` ORDER BY id asc [ RunTime:0.000000s ]
---------------------------------------------------------------
[ 2019-01-09T23:19:33+08:00 ] 172.26.72.2 27.151.112.217 OPTIONS /
[ info ] 47.92.249.234/ [运行时间：0.078122s][吞吐率：12.80req/s] [内存消耗：2,089.48kb] [文件加载：41]
[ info ] [ LANG ] C:\thinkphp\thinkphp\lang\zh-cn.php
[ info ] [ ROUTE ] array (
  'type' => 'module',
  'module' => 
  array (
    0 => '',
    1 => NULL,
    2 => NULL,
  ),
)
[ info ] [ HEADER ] array (
  'user-agent' => 'Mozilla/5.0 (Windows NT 5.1; rv:22.0) Gecko/20100101 Firefox/22.0',
  'host' => '47.92.249.234',
  'accept-encoding' => 'gzip',
)
[ info ] [ PARAM ] array (
)
[ info ] [ RUN ] app\index\controller\Index->index[ C:\thinkphp\application\index\controller\Index.php ]
[ info ] [ SESSION ] INIT array (
  'id' => '',
  'var_session_id' => '',
  'prefix' => 'think',
  'type' => '',
  'auto_start' => true,
)
[ info ] [ DB ] INIT mysql
[ info ] [ VIEW ] C:\thinkphp/application/index\view\index\index.html [ array (
  0 => 'event',
) ]
[ info ] [ LOG ] INIT File
[ sql ] [ DB ] CONNECT:[ UseTime:0.015625s ] mysql:dbname=tp5;host=127.0.0.1;charset=utf8
[ sql ] [ SQL ] SHOW COLUMNS FROM `qs_event` [ RunTime:0.000000s ]
[ sql ] [ SQL ] SELECT * FROM `qs_event` ORDER BY id asc [ RunTime:0.000000s ]
---------------------------------------------------------------
[ 2019-01-09T23:36:26+08:00 ] 172.26.72.2 181.215.47.120 GET /UserInfo/NewRegister
[ info ] api.51rqz.com/UserInfo/NewRegister [运行时间：0.031251s][吞吐率：32.00req/s] [内存消耗：1,025.41kb] [文件加载：28]
[ info ] [ LANG ] C:\thinkphp\thinkphp\lang\zh-cn.php
[ info ] [ ROUTE ] array (
  'type' => 'module',
  'module' => 
  array (
    0 => 'UserInfo',
    1 => 'NewRegister',
    2 => NULL,
  ),
)
[ info ] [ HEADER ] array (
  'host' => 'api.51rqz.com',
  'user-agent' => 'Mozilla/5.0 (Windows NT 10.0; Win64; x64) AppleWebKit/537.36 (KHTML, like Gecko) Chrome/71.0.3578.98 Safari/537.36',
)
[ info ] [ PARAM ] array (
)
[ info ] [ LOG ] INIT File
