---------------------------------------------------------------
[ 2019-01-20T00:07:19+08:00 ] 172.26.72.2 80.82.78.50 GET http://www.baidu.com/cache/global/img/gs.gif
[ info ] www.baidu.comhttp://www.baidu.com/cache/global/img/gs.gif [运行时间：0.031250s][吞吐率：32.00req/s] [内存消耗：1,025.45kb] [文件加载：28]
[ info ] [ LANG ] C:\thinkphp\thinkphp\lang\zh-cn.php
[ info ] [ ROUTE ] array (
  'type' => 'module',
  'module' => 
  array (
    0 => 'cache',
    1 => 'global',
    2 => 'img',
  ),
)
[ info ] [ HEADER ] array (
  'host' => 'www.baidu.com',
  'user-agent' => 'Mozilla',
  'if-modified-since' => 'Thu, 19 Apr 2012 09:51:20 GMT',
)
[ info ] [ PARAM ] array (
)
[ info ] [ LOG ] INIT File
---------------------------------------------------------------
[ 2019-01-20T01:30:36+08:00 ] 172.26.72.2 84.241.3.157 GET /
[ info ] 47.92.249.234/ [运行时间：0.078125s][吞吐率：12.80req/s] [内存消耗：2,090.14kb] [文件加载：41]
[ info ] [ LANG ] C:\thinkphp\thinkphp\lang\zh-cn.php
[ info ] [ ROUTE ] array (
  'type' => 'module',
  'module' => 
  array (
    0 => '',
    1 => NULL,
    2 => NULL,
  ),
)
[ info ] [ HEADER ] array (
  'user-agent' => 'Mozilla/5.0 (Windows NT 10.0; WOW64) AppleWebKit/537.36 (KHTML, like Gecko) Chrome/51.0.2704.103 Safari/537.36',
  'content-length' => '0',
  'host' => '47.92.249.234',
  'cache-control' => 'max-age=0',
  'connection' => 'keep-alive',
)
[ info ] [ PARAM ] array (
)
[ info ] [ RUN ] app\index\controller\Index->index[ C:\thinkphp\application\index\controller\Index.php ]
[ info ] [ SESSION ] INIT array (
  'id' => '',
  'var_session_id' => '',
  'prefix' => 'think',
  'type' => '',
  'auto_start' => true,
)
[ info ] [ DB ] INIT mysql
[ info ] [ VIEW ] C:\thinkphp/application/index\view\index\index.html [ array (
  0 => 'event',
) ]
[ info ] [ LOG ] INIT File
[ sql ] [ DB ] CONNECT:[ UseTime:0.015625s ] mysql:dbname=tp5;host=127.0.0.1;charset=utf8
[ sql ] [ SQL ] SHOW COLUMNS FROM `qs_event` [ RunTime:0.000000s ]
[ sql ] [ SQL ] SELECT * FROM `qs_event` ORDER BY id asc [ RunTime:0.000000s ]
---------------------------------------------------------------
[ 2019-01-20T01:49:44+08:00 ] 172.26.72.2 189.78.249.183 GET /
[ info ] 47.92.249.234:80/ [运行时间：0.078125s][吞吐率：12.80req/s] [内存消耗：2,089.84kb] [文件加载：41]
[ info ] [ LANG ] C:\thinkphp\thinkphp\lang\zh-cn.php
[ info ] [ ROUTE ] array (
  'type' => 'module',
  'module' => 
  array (
    0 => '',
    1 => NULL,
    2 => NULL,
  ),
)
[ info ] [ HEADER ] array (
  'host' => '47.92.249.234:80',
  'user-agent' => 'Mozilla/5.0 (Macintosh; Intel Mac OS X 10_11_6) AppleWebKit/601.7.7 (KHTML, like Gecko) Version/9.1.2 Safari/601.7.7',
  'content-length' => '0',
)
[ info ] [ PARAM ] array (
)
[ info ] [ RUN ] app\index\controller\Index->index[ C:\thinkphp\application\index\controller\Index.php ]
[ info ] [ SESSION ] INIT array (
  'id' => '',
  'var_session_id' => '',
  'prefix' => 'think',
  'type' => '',
  'auto_start' => true,
)
[ info ] [ DB ] INIT mysql
[ info ] [ VIEW ] C:\thinkphp/application/index\view\index\index.html [ array (
  0 => 'event',
) ]
[ info ] [ LOG ] INIT File
[ sql ] [ DB ] CONNECT:[ UseTime:0.000000s ] mysql:dbname=tp5;host=127.0.0.1;charset=utf8
[ sql ] [ SQL ] SHOW COLUMNS FROM `qs_event` [ RunTime:0.015625s ]
[ sql ] [ SQL ] SELECT * FROM `qs_event` ORDER BY id asc [ RunTime:0.000000s ]
---------------------------------------------------------------
[ 2019-01-20T02:09:53+08:00 ] 172.26.72.2 59.36.132.222 CONNECT www.baidu.com:443
[ info ] www.baidu.com:443www.baidu.com:443 [运行时间：0.078125s][吞吐率：12.80req/s] [内存消耗：2,090.63kb] [文件加载：41]
[ info ] [ LANG ] C:\thinkphp\thinkphp\lang\zh-cn.php
[ info ] [ ROUTE ] array (
  'type' => 'module',
  'module' => 
  array (
    0 => '',
    1 => NULL,
    2 => NULL,
  ),
)
[ info ] [ HEADER ] array (
  'host' => 'www.baidu.com:443',
  'user-agent' => 'Mozilla/5.0 (Windows NT 6.1; WOW64) AppleWebKit/537.36 (KHTML, like Gecko) Chrome/50.0.2661.102 Safari/537.36',
  'accept' => 'text/html,application/xhtml+xml,application/xml;q=0.9,image/webp,*/*;q=0.8',
  'accept-language' => 'zh-CN,zh;q=0.8,en;q=0.6',
  'accept-encoding' => 'gzip, deflate, sdch',
  'content-length' => '0',
  'connection' => 'keep-alive',
  'proxy-connection' => 'keep-alive',
)
[ info ] [ PARAM ] array (
)
[ info ] [ RUN ] app\index\controller\Index->index[ C:\thinkphp\application\index\controller\Index.php ]
[ info ] [ SESSION ] INIT array (
  'id' => '',
  'var_session_id' => '',
  'prefix' => 'think',
  'type' => '',
  'auto_start' => true,
)
[ info ] [ DB ] INIT mysql
[ info ] [ VIEW ] C:\thinkphp/application/index\view\index\index.html [ array (
  0 => 'event',
) ]
[ info ] [ LOG ] INIT File
[ sql ] [ DB ] CONNECT:[ UseTime:0.000000s ] mysql:dbname=tp5;host=127.0.0.1;charset=utf8
[ sql ] [ SQL ] SHOW COLUMNS FROM `qs_event` [ RunTime:0.015625s ]
[ sql ] [ SQL ] SELECT * FROM `qs_event` ORDER BY id asc [ RunTime:0.000000s ]
---------------------------------------------------------------
[ 2019-01-20T02:09:53+08:00 ] 172.26.72.2 59.36.132.222 GET http://www.baidu.com/
[ info ] www.baidu.comhttp://www.baidu.com/ [运行时间：0.078126s][吞吐率：12.80req/s] [内存消耗：2,089.90kb] [文件加载：41]
[ info ] [ LANG ] C:\thinkphp\thinkphp\lang\zh-cn.php
[ info ] [ ROUTE ] array (
  'type' => 'module',
  'module' => 
  array (
    0 => '',
    1 => NULL,
    2 => NULL,
  ),
)
[ info ] [ HEADER ] array (
  'host' => 'www.baidu.com',
  'user-agent' => 'curl/7.19.7 (x86_64-redhat-linux-gnu) libcurl/7.19.7 NSS/3.13.1.0zlib/1.2.3 libidn/1.18 libssh2/1.2.2',
  'accept' => '*/*',
  'proxy-connection' => 'Keep-Alive',
)
[ info ] [ PARAM ] array (
)
[ info ] [ RUN ] app\index\controller\Index->index[ C:\thinkphp\application\index\controller\Index.php ]
[ info ] [ SESSION ] INIT array (
  'id' => '',
  'var_session_id' => '',
  'prefix' => 'think',
  'type' => '',
  'auto_start' => true,
)
[ info ] [ DB ] INIT mysql
[ info ] [ VIEW ] C:\thinkphp/application/index\view\index\index.html [ array (
  0 => 'event',
) ]
[ info ] [ LOG ] INIT File
[ sql ] [ DB ] CONNECT:[ UseTime:0.015626s ] mysql:dbname=tp5;host=127.0.0.1;charset=utf8
[ sql ] [ SQL ] SHOW COLUMNS FROM `qs_event` [ RunTime:0.000000s ]
[ sql ] [ SQL ] SELECT * FROM `qs_event` ORDER BY id asc [ RunTime:0.000000s ]
---------------------------------------------------------------
[ 2019-01-20T02:14:36+08:00 ] 172.26.72.2 85.105.24.43 GET /
[ info ] 47.92.249.234:80/ [运行时间：0.093751s][吞吐率：10.67req/s] [内存消耗：2,089.84kb] [文件加载：41]
[ info ] [ LANG ] C:\thinkphp\thinkphp\lang\zh-cn.php
[ info ] [ ROUTE ] array (
  'type' => 'module',
  'module' => 
  array (
    0 => '',
    1 => NULL,
    2 => NULL,
  ),
)
[ info ] [ HEADER ] array (
  'host' => '47.92.249.234:80',
  'user-agent' => 'Mozilla/5.0 (Macintosh; Intel Mac OS X 10_11_6) AppleWebKit/601.7.7 (KHTML, like Gecko) Version/9.1.2 Safari/601.7.7',
  'content-length' => '0',
)
[ info ] [ PARAM ] array (
)
[ info ] [ RUN ] app\index\controller\Index->index[ C:\thinkphp\application\index\controller\Index.php ]
[ info ] [ SESSION ] INIT array (
  'id' => '',
  'var_session_id' => '',
  'prefix' => 'think',
  'type' => '',
  'auto_start' => true,
)
[ info ] [ DB ] INIT mysql
[ info ] [ VIEW ] C:\thinkphp/application/index\view\index\index.html [ array (
  0 => 'event',
) ]
[ info ] [ LOG ] INIT File
[ sql ] [ DB ] CONNECT:[ UseTime:0.015625s ] mysql:dbname=tp5;host=127.0.0.1;charset=utf8
[ sql ] [ SQL ] SHOW COLUMNS FROM `qs_event` [ RunTime:0.000000s ]
[ sql ] [ SQL ] SELECT * FROM `qs_event` ORDER BY id asc [ RunTime:0.000000s ]
---------------------------------------------------------------
[ 2019-01-20T02:31:49+08:00 ] 172.26.72.2 190.94.138.70 GET /
[ info ] 47.92.249.234/ [运行时间：0.078124s][吞吐率：12.80req/s] [内存消耗：2,089.65kb] [文件加载：41]
[ info ] [ LANG ] C:\thinkphp\thinkphp\lang\zh-cn.php
[ info ] [ ROUTE ] array (
  'type' => 'module',
  'module' => 
  array (
    0 => '',
    1 => NULL,
    2 => NULL,
  ),
)
[ info ] [ HEADER ] array (
  'user-agent' => 'Mozilla/5.0 (Windows NT 10.0; WOW64) AppleWebKit/537.36 (KHTML, like Gecko) Chrome/51.0.2704.103 Safari/537.36',
  'host' => '47.92.249.234',
)
[ info ] [ PARAM ] array (
)
[ info ] [ RUN ] app\index\controller\Index->index[ C:\thinkphp\application\index\controller\Index.php ]
[ info ] [ SESSION ] INIT array (
  'id' => '',
  'var_session_id' => '',
  'prefix' => 'think',
  'type' => '',
  'auto_start' => true,
)
[ info ] [ DB ] INIT mysql
[ info ] [ VIEW ] C:\thinkphp/application/index\view\index\index.html [ array (
  0 => 'event',
) ]
[ info ] [ LOG ] INIT File
[ sql ] [ DB ] CONNECT:[ UseTime:0.015625s ] mysql:dbname=tp5;host=127.0.0.1;charset=utf8
[ sql ] [ SQL ] SHOW COLUMNS FROM `qs_event` [ RunTime:0.000000s ]
[ sql ] [ SQL ] SELECT * FROM `qs_event` ORDER BY id asc [ RunTime:0.015624s ]
---------------------------------------------------------------
[ 2019-01-20T02:58:52+08:00 ] 172.26.72.2 103.252.252.151 HEAD /
[ info ] 47.92.249.234/ [运行时间：0.078125s][吞吐率：12.80req/s] [内存消耗：2,089.21kb] [文件加载：41]
[ info ] [ LANG ] C:\thinkphp\thinkphp\lang\zh-cn.php
[ info ] [ ROUTE ] array (
  'type' => 'module',
  'module' => 
  array (
    0 => '',
    1 => NULL,
    2 => NULL,
  ),
)
[ info ] [ HEADER ] array (
  'host' => '47.92.249.234',
)
[ info ] [ PARAM ] array (
)
[ info ] [ RUN ] app\index\controller\Index->index[ C:\thinkphp\application\index\controller\Index.php ]
[ info ] [ SESSION ] INIT array (
  'id' => '',
  'var_session_id' => '',
  'prefix' => 'think',
  'type' => '',
  'auto_start' => true,
)
[ info ] [ DB ] INIT mysql
[ info ] [ VIEW ] C:\thinkphp/application/index\view\index\index.html [ array (
  0 => 'event',
) ]
[ info ] [ LOG ] INIT File
[ sql ] [ DB ] CONNECT:[ UseTime:0.000000s ] mysql:dbname=tp5;host=127.0.0.1;charset=utf8
[ sql ] [ SQL ] SHOW COLUMNS FROM `qs_event` [ RunTime:0.015625s ]
[ sql ] [ SQL ] SELECT * FROM `qs_event` ORDER BY id asc [ RunTime:0.000000s ]
---------------------------------------------------------------
[ 2019-01-20T03:30:44+08:00 ] 172.26.72.2 60.170.122.185 GET /
[ info ] 47.92.249.234:80/ [运行时间：0.078125s][吞吐率：12.80req/s] [内存消耗：2,090.02kb] [文件加载：41]
[ info ] [ LANG ] C:\thinkphp\thinkphp\lang\zh-cn.php
[ info ] [ ROUTE ] array (
  'type' => 'module',
  'module' => 
  array (
    0 => '',
    1 => NULL,
    2 => NULL,
  ),
)
[ info ] [ HEADER ] array (
  'host' => '47.92.249.234:80',
  'user-agent' => 'Mozilla/5.0 (Windows NT 6.1) AppleWebKit/537.36 (KHTML, like Gecko) Chrome/38.0.2125.122 Safari/537.36 SE 2.X MetaSr 1.0',
  'connection' => 'close',
  'accept-encoding' => 'gzip',
)
[ info ] [ PARAM ] array (
)
[ info ] [ RUN ] app\index\controller\Index->index[ C:\thinkphp\application\index\controller\Index.php ]
[ info ] [ SESSION ] INIT array (
  'id' => '',
  'var_session_id' => '',
  'prefix' => 'think',
  'type' => '',
  'auto_start' => true,
)
[ info ] [ DB ] INIT mysql
[ info ] [ VIEW ] C:\thinkphp/application/index\view\index\index.html [ array (
  0 => 'event',
) ]
[ info ] [ LOG ] INIT File
[ sql ] [ DB ] CONNECT:[ UseTime:0.000000s ] mysql:dbname=tp5;host=127.0.0.1;charset=utf8
[ sql ] [ SQL ] SHOW COLUMNS FROM `qs_event` [ RunTime:0.015625s ]
[ sql ] [ SQL ] SELECT * FROM `qs_event` ORDER BY id asc [ RunTime:0.000000s ]
---------------------------------------------------------------
[ 2019-01-20T03:38:58+08:00 ] 172.26.72.2 5.202.37.132 GET /
[ info ] 47.92.249.234:80/ [运行时间：0.078124s][吞吐率：12.80req/s] [内存消耗：2,089.74kb] [文件加载：41]
[ info ] [ LANG ] C:\thinkphp\thinkphp\lang\zh-cn.php
[ info ] [ ROUTE ] array (
  'type' => 'module',
  'module' => 
  array (
    0 => '',
    1 => NULL,
    2 => NULL,
  ),
)
[ info ] [ HEADER ] array (
  'host' => '47.92.249.234:80',
  'user-agent' => 'Mozilla/5.0 (Windows NT 10.0; WOW64) AppleWebKit/537.36 (KHTML, like Gecko) Chrome/51.0.2704.103 Safari/537.36',
  'content-length' => '0',
)
[ info ] [ PARAM ] array (
)
[ info ] [ RUN ] app\index\controller\Index->index[ C:\thinkphp\application\index\controller\Index.php ]
[ info ] [ SESSION ] INIT array (
  'id' => '',
  'var_session_id' => '',
  'prefix' => 'think',
  'type' => '',
  'auto_start' => true,
)
[ info ] [ DB ] INIT mysql
[ info ] [ VIEW ] C:\thinkphp/application/index\view\index\index.html [ array (
  0 => 'event',
) ]
[ info ] [ LOG ] INIT File
[ sql ] [ DB ] CONNECT:[ UseTime:0.000000s ] mysql:dbname=tp5;host=127.0.0.1;charset=utf8
[ sql ] [ SQL ] SHOW COLUMNS FROM `qs_event` [ RunTime:0.015625s ]
[ sql ] [ SQL ] SELECT * FROM `qs_event` ORDER BY id asc [ RunTime:0.000000s ]
---------------------------------------------------------------
[ 2019-01-20T04:50:28+08:00 ] 172.26.72.2 201.13.54.15 GET /
[ info ] 47.92.249.234:80/ [运行时间：0.078124s][吞吐率：12.80req/s] [内存消耗：2,089.84kb] [文件加载：41]
[ info ] [ LANG ] C:\thinkphp\thinkphp\lang\zh-cn.php
[ info ] [ ROUTE ] array (
  'type' => 'module',
  'module' => 
  array (
    0 => '',
    1 => NULL,
    2 => NULL,
  ),
)
[ info ] [ HEADER ] array (
  'host' => '47.92.249.234:80',
  'user-agent' => 'Mozilla/5.0 (Macintosh; Intel Mac OS X 10_11_6) AppleWebKit/601.7.7 (KHTML, like Gecko) Version/9.1.2 Safari/601.7.7',
  'content-length' => '0',
)
[ info ] [ PARAM ] array (
)
[ info ] [ RUN ] app\index\controller\Index->index[ C:\thinkphp\application\index\controller\Index.php ]
[ info ] [ SESSION ] INIT array (
  'id' => '',
  'var_session_id' => '',
  'prefix' => 'think',
  'type' => '',
  'auto_start' => true,
)
[ info ] [ DB ] INIT mysql
[ info ] [ VIEW ] C:\thinkphp/application/index\view\index\index.html [ array (
  0 => 'event',
) ]
[ info ] [ LOG ] INIT File
[ sql ] [ DB ] CONNECT:[ UseTime:0.000000s ] mysql:dbname=tp5;host=127.0.0.1;charset=utf8
[ sql ] [ SQL ] SHOW COLUMNS FROM `qs_event` [ RunTime:0.015625s ]
[ sql ] [ SQL ] SELECT * FROM `qs_event` ORDER BY id asc [ RunTime:0.000000s ]
---------------------------------------------------------------
[ 2019-01-20T05:12:55+08:00 ] 172.26.72.2 157.55.39.31 GET /robots.txt
[ info ] 47.92.249.234/robots.txt [运行时间：0.031250s][吞吐率：32.00req/s] [内存消耗：1,026.32kb] [文件加载：28]
[ info ] [ LANG ] C:\thinkphp\thinkphp\lang\zh-cn.php
[ info ] [ ROUTE ] array (
  'type' => 'module',
  'module' => 
  array (
    0 => 'robots.txt',
    1 => NULL,
    2 => NULL,
  ),
)
[ info ] [ HEADER ] array (
  'cache-control' => 'no-cache',
  'connection' => 'Keep-Alive',
  'pragma' => 'no-cache',
  'accept' => '*/*',
  'accept-encoding' => 'gzip, deflate',
  'host' => '47.92.249.234',
  'user-agent' => 'Mozilla/5.0 (compatible; bingbot/2.0; +http://www.bing.com/bingbot.htm)',
)
[ info ] [ PARAM ] array (
)
[ info ] [ LOG ] INIT File
---------------------------------------------------------------
[ 2019-01-20T05:12:58+08:00 ] 172.26.72.2 40.77.167.91 GET /
[ info ] 47.92.249.234/ [运行时间：0.078125s][吞吐率：12.80req/s] [内存消耗：2,090.54kb] [文件加载：41]
[ info ] [ LANG ] C:\thinkphp\thinkphp\lang\zh-cn.php
[ info ] [ ROUTE ] array (
  'type' => 'module',
  'module' => 
  array (
    0 => '',
    1 => NULL,
    2 => NULL,
  ),
)
[ info ] [ HEADER ] array (
  'cache-control' => 'no-cache',
  'connection' => 'Keep-Alive',
  'pragma' => 'no-cache',
  'accept' => '*/*',
  'accept-encoding' => 'gzip, deflate',
  'from' => 'bingbot(at)microsoft.com',
  'host' => '47.92.249.234',
  'user-agent' => 'Mozilla/5.0 (compatible; bingbot/2.0; +http://www.bing.com/bingbot.htm)',
)
[ info ] [ PARAM ] array (
)
[ info ] [ RUN ] app\index\controller\Index->index[ C:\thinkphp\application\index\controller\Index.php ]
[ info ] [ SESSION ] INIT array (
  'id' => '',
  'var_session_id' => '',
  'prefix' => 'think',
  'type' => '',
  'auto_start' => true,
)
[ info ] [ DB ] INIT mysql
[ info ] [ VIEW ] C:\thinkphp/application/index\view\index\index.html [ array (
  0 => 'event',
) ]
[ info ] [ LOG ] INIT File
[ sql ] [ DB ] CONNECT:[ UseTime:0.000000s ] mysql:dbname=tp5;host=127.0.0.1;charset=utf8
[ sql ] [ SQL ] SHOW COLUMNS FROM `qs_event` [ RunTime:0.000000s ]
[ sql ] [ SQL ] SELECT * FROM `qs_event` ORDER BY id asc [ RunTime:0.000000s ]
---------------------------------------------------------------
[ 2019-01-20T05:35:48+08:00 ] 172.26.72.2 106.11.155.99 GET /download/index/bjbkrc@r8c.com
[ info ] 47.92.249.234/download/index/bjbkrc@r8c.com [运行时间：0.046875s][吞吐率：21.33req/s] [内存消耗：1,329.57kb] [文件加载：35]
[ info ] [ LANG ] C:\thinkphp\thinkphp\lang\zh-cn.php
[ info ] [ ROUTE ] array (
  'type' => 'module',
  'module' => 
  array (
    0 => 'download',
    1 => 'index',
    2 => 'bjbkrc@r8c.com',
  ),
)
[ info ] [ HEADER ] array (
  'accept' => 'text/html,application/xhtml+xml,application/xml;q=0.9,image/webp,image/apng,*/*;q=0.8',
  'accept-encoding' => 'gzip, deflate',
  'host' => '47.92.249.234',
  'upgrade-insecure-requests' => '1',
  'user-agent' => 'Mozilla/5.0 (Windows NT 6.1; Win64; x64) AppleWebKit/537.36 (KHTML, like Gecko) Chrome/69.0.3497.81 YisouSpider/5.0 Safari/537.36',
  'connection' => 'close',
)
[ info ] [ PARAM ] array (
)
[ info ] [ LOG ] INIT File
---------------------------------------------------------------
[ 2019-01-20T06:12:28+08:00 ] 172.26.72.2 60.170.122.185 GET /
[ info ] 47.92.249.234:80/ [运行时间：0.078124s][吞吐率：12.80req/s] [内存消耗：2,090.02kb] [文件加载：41]
[ info ] [ LANG ] C:\thinkphp\thinkphp\lang\zh-cn.php
[ info ] [ ROUTE ] array (
  'type' => 'module',
  'module' => 
  array (
    0 => '',
    1 => NULL,
    2 => NULL,
  ),
)
[ info ] [ HEADER ] array (
  'host' => '47.92.249.234:80',
  'user-agent' => 'Mozilla/5.0 (Windows NT 6.1) AppleWebKit/537.36 (KHTML, like Gecko) Chrome/38.0.2125.122 Safari/537.36 SE 2.X MetaSr 1.0',
  'connection' => 'close',
  'accept-encoding' => 'gzip',
)
[ info ] [ PARAM ] array (
)
[ info ] [ RUN ] app\index\controller\Index->index[ C:\thinkphp\application\index\controller\Index.php ]
[ info ] [ SESSION ] INIT array (
  'id' => '',
  'var_session_id' => '',
  'prefix' => 'think',
  'type' => '',
  'auto_start' => true,
)
[ info ] [ DB ] INIT mysql
[ info ] [ VIEW ] C:\thinkphp/application/index\view\index\index.html [ array (
  0 => 'event',
) ]
[ info ] [ LOG ] INIT File
[ sql ] [ DB ] CONNECT:[ UseTime:0.015625s ] mysql:dbname=tp5;host=127.0.0.1;charset=utf8
[ sql ] [ SQL ] SHOW COLUMNS FROM `qs_event` [ RunTime:0.015625s ]
[ sql ] [ SQL ] SELECT * FROM `qs_event` ORDER BY id asc [ RunTime:0.000000s ]
---------------------------------------------------------------
[ 2019-01-20T08:44:31+08:00 ] 172.26.72.2 80.82.70.187 GET http://www.baidu.com/cache/global/img/gs.gif
[ info ] www.baidu.comhttp://www.baidu.com/cache/global/img/gs.gif [运行时间：0.031250s][吞吐率：32.00req/s] [内存消耗：1,025.45kb] [文件加载：28]
[ info ] [ LANG ] C:\thinkphp\thinkphp\lang\zh-cn.php
[ info ] [ ROUTE ] array (
  'type' => 'module',
  'module' => 
  array (
    0 => 'cache',
    1 => 'global',
    2 => 'img',
  ),
)
[ info ] [ HEADER ] array (
  'host' => 'www.baidu.com',
  'user-agent' => 'Mozilla',
  'if-modified-since' => 'Thu, 19 Apr 2012 09:51:20 GMT',
)
[ info ] [ PARAM ] array (
)
[ info ] [ LOG ] INIT File
---------------------------------------------------------------
[ 2019-01-20T10:25:16+08:00 ] 172.26.72.2 42.236.10.106 GET /
[ info ] 47.92.249.234/ [运行时间：0.078126s][吞吐率：12.80req/s] [内存消耗：2,090.63kb] [文件加载：41]
[ info ] [ LANG ] C:\thinkphp\thinkphp\lang\zh-cn.php
[ info ] [ ROUTE ] array (
  'type' => 'module',
  'module' => 
  array (
    0 => '',
    1 => NULL,
    2 => NULL,
  ),
)
[ info ] [ HEADER ] array (
  'host' => '47.92.249.234',
  'connection' => 'keep-alive',
  'user-agent' => 'Mozilla/5.0 (Linux; U; Android 5.0.2; zh-CN; Redmi Note 3 Build/LRX22G) AppleWebKit/537.36 (KHTML, like Gecko) Version/4.0 OPR/11.2.3.102637 Mobile Safari/537.36',
  'upgrade-insecure-requests' => '1',
  'accept' => 'text/html,application/xhtml+xml,application/xml;q=0.9,image/webp,image/apng,*/*;q=0.8',
  'accept-encoding' => 'gzip, deflate',
)
[ info ] [ PARAM ] array (
)
[ info ] [ RUN ] app\index\controller\Index->index[ C:\thinkphp\application\index\controller\Index.php ]
[ info ] [ SESSION ] INIT array (
  'id' => '',
  'var_session_id' => '',
  'prefix' => 'think',
  'type' => '',
  'auto_start' => true,
)
[ info ] [ DB ] INIT mysql
[ info ] [ VIEW ] C:\thinkphp/application/index\view\index\index.html [ array (
  0 => 'event',
) ]
[ info ] [ LOG ] INIT File
[ sql ] [ DB ] CONNECT:[ UseTime:0.000000s ] mysql:dbname=tp5;host=127.0.0.1;charset=utf8
[ sql ] [ SQL ] SHOW COLUMNS FROM `qs_event` [ RunTime:0.015625s ]
[ sql ] [ SQL ] SELECT * FROM `qs_event` ORDER BY id asc [ RunTime:0.000000s ]
---------------------------------------------------------------
[ 2019-01-20T11:11:18+08:00 ] 172.26.72.2 47.100.57.133 GET /
[ info ] 47.92.249.234/ [运行时间：0.078125s][吞吐率：12.80req/s] [内存消耗：2,089.93kb] [文件加载：41]
[ info ] [ LANG ] C:\thinkphp\thinkphp\lang\zh-cn.php
[ info ] [ ROUTE ] array (
  'type' => 'module',
  'module' => 
  array (
    0 => '',
    1 => NULL,
    2 => NULL,
  ),
)
[ info ] [ HEADER ] array (
  'user-agent' => 'Mozilla/5.0 (Linux; Android 4.1.1; Nexus 7 Build/JRO03D))',
  'host' => '47.92.249.234',
  'accept' => 'text/html, image/gif, image/jpeg, *; q=.2, */*; q=.2',
  'connection' => 'keep-alive',
)
[ info ] [ PARAM ] array (
)
[ info ] [ RUN ] app\index\controller\Index->index[ C:\thinkphp\application\index\controller\Index.php ]
[ info ] [ SESSION ] INIT array (
  'id' => '',
  'var_session_id' => '',
  'prefix' => 'think',
  'type' => '',
  'auto_start' => true,
)
[ info ] [ DB ] INIT mysql
[ info ] [ VIEW ] C:\thinkphp/application/index\view\index\index.html [ array (
  0 => 'event',
) ]
[ info ] [ LOG ] INIT File
[ sql ] [ DB ] CONNECT:[ UseTime:0.015625s ] mysql:dbname=tp5;host=127.0.0.1;charset=utf8
[ sql ] [ SQL ] SHOW COLUMNS FROM `qs_event` [ RunTime:0.015625s ]
[ sql ] [ SQL ] SELECT * FROM `qs_event` ORDER BY id asc [ RunTime:0.000000s ]
---------------------------------------------------------------
[ 2019-01-20T11:24:44+08:00 ] 172.26.72.2 106.11.156.208 GET /
[ info ] 47.92.249.234/ [运行时间：0.078124s][吞吐率：12.80req/s] [内存消耗：2,090.50kb] [文件加载：41]
[ info ] [ LANG ] C:\thinkphp\thinkphp\lang\zh-cn.php
[ info ] [ ROUTE ] array (
  'type' => 'module',
  'module' => 
  array (
    0 => '',
    1 => NULL,
    2 => NULL,
  ),
)
[ info ] [ HEADER ] array (
  'host' => '47.92.249.234',
  'accept' => '*/*',
  'accept-language' => 'zh-cn,en-us,zh-tw,en-gb,en;',
  'accept-encoding' => 'gzip',
  'user-agent' => 'Mozilla/5.0 (iPhone; CPU iPhone OS 10_3 like Mac OS X) AppleWebKit/602.1.50 (KHTML, like Gecko) CriOS/56.0.2924.75 Mobile/14E5239e YisouSpider/5.0 Safari/602.1',
  'connection' => 'Keep-Alive',
)
[ info ] [ PARAM ] array (
)
[ info ] [ RUN ] app\index\controller\Index->index[ C:\thinkphp\application\index\controller\Index.php ]
[ info ] [ SESSION ] INIT array (
  'id' => '',
  'var_session_id' => '',
  'prefix' => 'think',
  'type' => '',
  'auto_start' => true,
)
[ info ] [ DB ] INIT mysql
[ info ] [ VIEW ] C:\thinkphp/application/index\view\index\index.html [ array (
  0 => 'event',
) ]
[ info ] [ LOG ] INIT File
[ sql ] [ DB ] CONNECT:[ UseTime:0.000000s ] mysql:dbname=tp5;host=127.0.0.1;charset=utf8
[ sql ] [ SQL ] SHOW COLUMNS FROM `qs_event` [ RunTime:0.015625s ]
[ sql ] [ SQL ] SELECT * FROM `qs_event` ORDER BY id asc [ RunTime:0.000000s ]
---------------------------------------------------------------
[ 2019-01-20T11:31:00+08:00 ] 172.26.72.2 47.97.120.5 GET /
[ info ] 47.92.249.234/ [运行时间：0.078125s][吞吐率：12.80req/s] [内存消耗：2,090.03kb] [文件加载：41]
[ info ] [ LANG ] C:\thinkphp\thinkphp\lang\zh-cn.php
[ info ] [ ROUTE ] array (
  'type' => 'module',
  'module' => 
  array (
    0 => '',
    1 => NULL,
    2 => NULL,
  ),
)
[ info ] [ HEADER ] array (
  'user-agent' => 'Mozilla/5.0 (X11; Ubuntu; Linux x86_64; rv:36.0) Gecko/20100101 Firefox/36.0',
  'host' => '47.92.249.234',
  'accept' => 'text/html, image/gif, image/jpeg, *; q=.2, */*; q=.2',
  'connection' => 'keep-alive',
)
[ info ] [ PARAM ] array (
)
[ info ] [ RUN ] app\index\controller\Index->index[ C:\thinkphp\application\index\controller\Index.php ]
[ info ] [ SESSION ] INIT array (
  'id' => '',
  'var_session_id' => '',
  'prefix' => 'think',
  'type' => '',
  'auto_start' => true,
)
[ info ] [ DB ] INIT mysql
[ info ] [ VIEW ] C:\thinkphp/application/index\view\index\index.html [ array (
  0 => 'event',
) ]
[ info ] [ LOG ] INIT File
[ sql ] [ DB ] CONNECT:[ UseTime:0.000000s ] mysql:dbname=tp5;host=127.0.0.1;charset=utf8
[ sql ] [ SQL ] SHOW COLUMNS FROM `qs_event` [ RunTime:0.015625s ]
[ sql ] [ SQL ] SELECT * FROM `qs_event` ORDER BY id asc [ RunTime:0.000000s ]
---------------------------------------------------------------
[ 2019-01-20T12:16:11+08:00 ] 172.26.72.2 139.224.238.50 GET /
[ info ] 47.92.249.234/ [运行时间：0.078125s][吞吐率：12.80req/s] [内存消耗：2,089.93kb] [文件加载：41]
[ info ] [ LANG ] C:\thinkphp\thinkphp\lang\zh-cn.php
[ info ] [ ROUTE ] array (
  'type' => 'module',
  'module' => 
  array (
    0 => '',
    1 => NULL,
    2 => NULL,
  ),
)
[ info ] [ HEADER ] array (
  'user-agent' => 'Mozilla/5.0 (Linux; Android 4.1.1; Nexus 7 Build/JRO03D))',
  'host' => '47.92.249.234',
  'accept' => 'text/html, image/gif, image/jpeg, *; q=.2, */*; q=.2',
  'connection' => 'keep-alive',
)
[ info ] [ PARAM ] array (
)
[ info ] [ RUN ] app\index\controller\Index->index[ C:\thinkphp\application\index\controller\Index.php ]
[ info ] [ SESSION ] INIT array (
  'id' => '',
  'var_session_id' => '',
  'prefix' => 'think',
  'type' => '',
  'auto_start' => true,
)
[ info ] [ DB ] INIT mysql
[ info ] [ VIEW ] C:\thinkphp/application/index\view\index\index.html [ array (
  0 => 'event',
) ]
[ info ] [ LOG ] INIT File
[ sql ] [ DB ] CONNECT:[ UseTime:0.000000s ] mysql:dbname=tp5;host=127.0.0.1;charset=utf8
[ sql ] [ SQL ] SHOW COLUMNS FROM `qs_event` [ RunTime:0.015625s ]
[ sql ] [ SQL ] SELECT * FROM `qs_event` ORDER BY id asc [ RunTime:0.000000s ]
---------------------------------------------------------------
[ 2019-01-20T13:28:51+08:00 ] 172.26.72.2 92.29.250.9 GET /
[ info ] 47.92.249.234:80/ [运行时间：0.078125s][吞吐率：12.80req/s] [内存消耗：2,089.77kb] [文件加载：41]
[ info ] [ LANG ] C:\thinkphp\thinkphp\lang\zh-cn.php
[ info ] [ ROUTE ] array (
  'type' => 'module',
  'module' => 
  array (
    0 => '',
    1 => NULL,
    2 => NULL,
  ),
)
[ info ] [ HEADER ] array (
  'host' => '47.92.249.234:80',
  'user-agent' => 'Mozilla/5.0 (Windows NT 6.1; WOW64) AppleWebKit/537.36 (KHTML, like Gecko) Chrome/51.0.2704.103 Safari/537.36',
  'content-length' => '0',
)
[ info ] [ PARAM ] array (
)
[ info ] [ RUN ] app\index\controller\Index->index[ C:\thinkphp\application\index\controller\Index.php ]
[ info ] [ SESSION ] INIT array (
  'id' => '',
  'var_session_id' => '',
  'prefix' => 'think',
  'type' => '',
  'auto_start' => true,
)
[ info ] [ DB ] INIT mysql
[ info ] [ VIEW ] C:\thinkphp/application/index\view\index\index.html [ array (
  0 => 'event',
) ]
[ info ] [ LOG ] INIT File
[ sql ] [ DB ] CONNECT:[ UseTime:0.000000s ] mysql:dbname=tp5;host=127.0.0.1;charset=utf8
[ sql ] [ SQL ] SHOW COLUMNS FROM `qs_event` [ RunTime:0.015625s ]
[ sql ] [ SQL ] SELECT * FROM `qs_event` ORDER BY id asc [ RunTime:0.000000s ]
---------------------------------------------------------------
[ 2019-01-20T13:30:46+08:00 ] 172.26.72.2 85.202.112.253 GET /
[ info ] 47.92.249.234:80/ [运行时间：0.078125s][吞吐率：12.80req/s] [内存消耗：2,089.77kb] [文件加载：41]
[ info ] [ LANG ] C:\thinkphp\thinkphp\lang\zh-cn.php
[ info ] [ ROUTE ] array (
  'type' => 'module',
  'module' => 
  array (
    0 => '',
    1 => NULL,
    2 => NULL,
  ),
)
[ info ] [ HEADER ] array (
  'host' => '47.92.249.234:80',
  'user-agent' => 'Mozilla/5.0 (Windows NT 6.1; WOW64) AppleWebKit/537.36 (KHTML, like Gecko) Chrome/52.0.2743.116 Safari/537.36',
  'content-length' => '0',
)
[ info ] [ PARAM ] array (
)
[ info ] [ RUN ] app\index\controller\Index->index[ C:\thinkphp\application\index\controller\Index.php ]
[ info ] [ SESSION ] INIT array (
  'id' => '',
  'var_session_id' => '',
  'prefix' => 'think',
  'type' => '',
  'auto_start' => true,
)
[ info ] [ DB ] INIT mysql
[ info ] [ VIEW ] C:\thinkphp/application/index\view\index\index.html [ array (
  0 => 'event',
) ]
[ info ] [ LOG ] INIT File
[ sql ] [ DB ] CONNECT:[ UseTime:0.015625s ] mysql:dbname=tp5;host=127.0.0.1;charset=utf8
[ sql ] [ SQL ] SHOW COLUMNS FROM `qs_event` [ RunTime:0.000000s ]
[ sql ] [ SQL ] SELECT * FROM `qs_event` ORDER BY id asc [ RunTime:0.015625s ]
---------------------------------------------------------------
[ 2019-01-20T15:08:59+08:00 ] 172.26.72.2 104.131.145.216 GET /
[ info ] 47.92.249.234/ [运行时间：0.078125s][吞吐率：12.80req/s] [内存消耗：2,089.69kb] [文件加载：41]
[ info ] [ LANG ] C:\thinkphp\thinkphp\lang\zh-cn.php
[ info ] [ ROUTE ] array (
  'type' => 'module',
  'module' => 
  array (
    0 => '',
    1 => NULL,
    2 => NULL,
  ),
)
[ info ] [ HEADER ] array (
  'host' => '47.92.249.234',
  'user-agent' => 'Mozilla/5.0 zgrab/0.x',
  'accept' => '*/*',
  'accept-encoding' => 'gzip',
)
[ info ] [ PARAM ] array (
)
[ info ] [ RUN ] app\index\controller\Index->index[ C:\thinkphp\application\index\controller\Index.php ]
[ info ] [ SESSION ] INIT array (
  'id' => '',
  'var_session_id' => '',
  'prefix' => 'think',
  'type' => '',
  'auto_start' => true,
)
[ info ] [ DB ] INIT mysql
[ info ] [ VIEW ] C:\thinkphp/application/index\view\index\index.html [ array (
  0 => 'event',
) ]
[ info ] [ LOG ] INIT File
[ sql ] [ DB ] CONNECT:[ UseTime:0.015625s ] mysql:dbname=tp5;host=127.0.0.1;charset=utf8
[ sql ] [ SQL ] SHOW COLUMNS FROM `qs_event` [ RunTime:0.015625s ]
[ sql ] [ SQL ] SELECT * FROM `qs_event` ORDER BY id asc [ RunTime:0.000000s ]
---------------------------------------------------------------
[ 2019-01-20T15:23:15+08:00 ] 172.26.72.2 62.152.34.244 GET /
[ info ] 47.92.249.234:80/ [运行时间：0.078125s][吞吐率：12.80req/s] [内存消耗：2,089.77kb] [文件加载：41]
[ info ] [ LANG ] C:\thinkphp\thinkphp\lang\zh-cn.php
[ info ] [ ROUTE ] array (
  'type' => 'module',
  'module' => 
  array (
    0 => '',
    1 => NULL,
    2 => NULL,
  ),
)
[ info ] [ HEADER ] array (
  'host' => '47.92.249.234:80',
  'user-agent' => 'Mozilla/5.0 (Windows NT 6.1; WOW64) AppleWebKit/537.36 (KHTML, like Gecko) Chrome/51.0.2704.103 Safari/537.36',
  'content-length' => '0',
)
[ info ] [ PARAM ] array (
)
[ info ] [ RUN ] app\index\controller\Index->index[ C:\thinkphp\application\index\controller\Index.php ]
[ info ] [ SESSION ] INIT array (
  'id' => '',
  'var_session_id' => '',
  'prefix' => 'think',
  'type' => '',
  'auto_start' => true,
)
[ info ] [ DB ] INIT mysql
[ info ] [ VIEW ] C:\thinkphp/application/index\view\index\index.html [ array (
  0 => 'event',
) ]
[ info ] [ LOG ] INIT File
[ sql ] [ DB ] CONNECT:[ UseTime:0.000000s ] mysql:dbname=tp5;host=127.0.0.1;charset=utf8
[ sql ] [ SQL ] SHOW COLUMNS FROM `qs_event` [ RunTime:0.015625s ]
[ sql ] [ SQL ] SELECT * FROM `qs_event` ORDER BY id asc [ RunTime:0.000000s ]
---------------------------------------------------------------
[ 2019-01-20T16:51:55+08:00 ] 172.26.72.2 125.163.217.108 GET /
[ info ] 47.92.249.234:80/ [运行时间：0.078125s][吞吐率：12.80req/s] [内存消耗：2,090.13kb] [文件加载：41]
[ info ] [ LANG ] C:\thinkphp\thinkphp\lang\zh-cn.php
[ info ] [ ROUTE ] array (
  'type' => 'module',
  'module' => 
  array (
    0 => '',
    1 => NULL,
    2 => NULL,
  ),
)
[ info ] [ HEADER ] array (
  'host' => '47.92.249.234:80',
  'user-agent' => 'Mozilla/5.0 (Windows NT 10.0; WOW64) AppleWebKit/537.36 (KHTML, like Gecko) Chrome/51.0.2704.103 Safari/537.36',
  'content-length' => '0',
  'cache-control' => 'max-stale=0',
  'connection' => 'Keep-Alive',
)
[ info ] [ PARAM ] array (
)
[ info ] [ RUN ] app\index\controller\Index->index[ C:\thinkphp\application\index\controller\Index.php ]
[ info ] [ SESSION ] INIT array (
  'id' => '',
  'var_session_id' => '',
  'prefix' => 'think',
  'type' => '',
  'auto_start' => true,
)
[ info ] [ DB ] INIT mysql
[ info ] [ VIEW ] C:\thinkphp/application/index\view\index\index.html [ array (
  0 => 'event',
) ]
[ info ] [ LOG ] INIT File
[ sql ] [ DB ] CONNECT:[ UseTime:0.000000s ] mysql:dbname=tp5;host=127.0.0.1;charset=utf8
[ sql ] [ SQL ] SHOW COLUMNS FROM `qs_event` [ RunTime:0.015625s ]
[ sql ] [ SQL ] SELECT * FROM `qs_event` ORDER BY id asc [ RunTime:0.000000s ]
---------------------------------------------------------------
[ 2019-01-20T17:04:30+08:00 ] 172.26.72.2 34.211.223.176 GET /
[ info ] 47.92.249.234/ [运行时间：0.078125s][吞吐率：12.80req/s] [内存消耗：2,089.69kb] [文件加载：41]
[ info ] [ LANG ] C:\thinkphp\thinkphp\lang\zh-cn.php
[ info ] [ ROUTE ] array (
  'type' => 'module',
  'module' => 
  array (
    0 => '',
    1 => NULL,
    2 => NULL,
  ),
)
[ info ] [ HEADER ] array (
  'host' => '47.92.249.234',
  'user-agent' => 'Mozilla/5.0 zgrab/0.x',
  'accept' => '*/*',
  'accept-encoding' => 'gzip',
)
[ info ] [ PARAM ] array (
)
[ info ] [ RUN ] app\index\controller\Index->index[ C:\thinkphp\application\index\controller\Index.php ]
[ info ] [ SESSION ] INIT array (
  'id' => '',
  'var_session_id' => '',
  'prefix' => 'think',
  'type' => '',
  'auto_start' => true,
)
[ info ] [ DB ] INIT mysql
[ info ] [ VIEW ] C:\thinkphp/application/index\view\index\index.html [ array (
  0 => 'event',
) ]
[ info ] [ LOG ] INIT File
[ sql ] [ DB ] CONNECT:[ UseTime:0.000000s ] mysql:dbname=tp5;host=127.0.0.1;charset=utf8
[ sql ] [ SQL ] SHOW COLUMNS FROM `qs_event` [ RunTime:0.015625s ]
[ sql ] [ SQL ] SELECT * FROM `qs_event` ORDER BY id asc [ RunTime:0.000000s ]
---------------------------------------------------------------
[ 2019-01-20T17:48:17+08:00 ] 172.26.72.2 186.101.193.204 GET /
[ info ] 47.92.249.234:80/ [运行时间：0.078125s][吞吐率：12.80req/s] [内存消耗：2,089.84kb] [文件加载：41]
[ info ] [ LANG ] C:\thinkphp\thinkphp\lang\zh-cn.php
[ info ] [ ROUTE ] array (
  'type' => 'module',
  'module' => 
  array (
    0 => '',
    1 => NULL,
    2 => NULL,
  ),
)
[ info ] [ HEADER ] array (
  'host' => '47.92.249.234:80',
  'user-agent' => 'Mozilla/5.0 (Macintosh; Intel Mac OS X 10_11_6) AppleWebKit/601.7.7 (KHTML, like Gecko) Version/9.1.2 Safari/601.7.7',
  'content-length' => '0',
)
[ info ] [ PARAM ] array (
)
[ info ] [ RUN ] app\index\controller\Index->index[ C:\thinkphp\application\index\controller\Index.php ]
[ info ] [ SESSION ] INIT array (
  'id' => '',
  'var_session_id' => '',
  'prefix' => 'think',
  'type' => '',
  'auto_start' => true,
)
[ info ] [ DB ] INIT mysql
[ info ] [ VIEW ] C:\thinkphp/application/index\view\index\index.html [ array (
  0 => 'event',
) ]
[ info ] [ LOG ] INIT File
[ sql ] [ DB ] CONNECT:[ UseTime:0.000000s ] mysql:dbname=tp5;host=127.0.0.1;charset=utf8
[ sql ] [ SQL ] SHOW COLUMNS FROM `qs_event` [ RunTime:0.015625s ]
[ sql ] [ SQL ] SELECT * FROM `qs_event` ORDER BY id asc [ RunTime:0.000000s ]
---------------------------------------------------------------
[ 2019-01-20T17:59:10+08:00 ] 172.26.72.2 95.70.197.138 GET /
[ info ] 47.92.249.234:80/ [运行时间：0.078124s][吞吐率：12.80req/s] [内存消耗：2,089.77kb] [文件加载：41]
[ info ] [ LANG ] C:\thinkphp\thinkphp\lang\zh-cn.php
[ info ] [ ROUTE ] array (
  'type' => 'module',
  'module' => 
  array (
    0 => '',
    1 => NULL,
    2 => NULL,
  ),
)
[ info ] [ HEADER ] array (
  'host' => '47.92.249.234:80',
  'user-agent' => 'Mozilla/5.0 (Windows NT 6.1; WOW64) AppleWebKit/537.36 (KHTML, like Gecko) Chrome/52.0.2743.116 Safari/537.36',
  'content-length' => '0',
)
[ info ] [ PARAM ] array (
)
[ info ] [ RUN ] app\index\controller\Index->index[ C:\thinkphp\application\index\controller\Index.php ]
[ info ] [ SESSION ] INIT array (
  'id' => '',
  'var_session_id' => '',
  'prefix' => 'think',
  'type' => '',
  'auto_start' => true,
)
[ info ] [ DB ] INIT mysql
[ info ] [ VIEW ] C:\thinkphp/application/index\view\index\index.html [ array (
  0 => 'event',
) ]
[ info ] [ LOG ] INIT File
[ sql ] [ DB ] CONNECT:[ UseTime:0.015625s ] mysql:dbname=tp5;host=127.0.0.1;charset=utf8
[ sql ] [ SQL ] SHOW COLUMNS FROM `qs_event` [ RunTime:0.000000s ]
[ sql ] [ SQL ] SELECT * FROM `qs_event` ORDER BY id asc [ RunTime:0.000000s ]
---------------------------------------------------------------
[ 2019-01-20T17:59:51+08:00 ] 172.26.72.2 112.205.41.244 GET /
[ info ] 47.92.249.234:80/ [运行时间：0.078125s][吞吐率：12.80req/s] [内存消耗：2,089.74kb] [文件加载：41]
[ info ] [ LANG ] C:\thinkphp\thinkphp\lang\zh-cn.php
[ info ] [ ROUTE ] array (
  'type' => 'module',
  'module' => 
  array (
    0 => '',
    1 => NULL,
    2 => NULL,
  ),
)
[ info ] [ HEADER ] array (
  'host' => '47.92.249.234:80',
  'user-agent' => 'Mozilla/5.0 (Windows NT 10.0; WOW64) AppleWebKit/537.36 (KHTML, like Gecko) Chrome/51.0.2704.103 Safari/537.36',
  'content-length' => '0',
)
[ info ] [ PARAM ] array (
)
[ info ] [ RUN ] app\index\controller\Index->index[ C:\thinkphp\application\index\controller\Index.php ]
[ info ] [ SESSION ] INIT array (
  'id' => '',
  'var_session_id' => '',
  'prefix' => 'think',
  'type' => '',
  'auto_start' => true,
)
[ info ] [ DB ] INIT mysql
[ info ] [ VIEW ] C:\thinkphp/application/index\view\index\index.html [ array (
  0 => 'event',
) ]
[ info ] [ LOG ] INIT File
[ sql ] [ DB ] CONNECT:[ UseTime:0.015625s ] mysql:dbname=tp5;host=127.0.0.1;charset=utf8
[ sql ] [ SQL ] SHOW COLUMNS FROM `qs_event` [ RunTime:0.000000s ]
[ sql ] [ SQL ] SELECT * FROM `qs_event` ORDER BY id asc [ RunTime:0.000000s ]
---------------------------------------------------------------
[ 2019-01-20T18:16:16+08:00 ] 172.26.72.2 191.13.115.28 GET /
[ info ] 47.92.249.234:80/ [运行时间：0.078124s][吞吐率：12.80req/s] [内存消耗：2,089.74kb] [文件加载：41]
[ info ] [ LANG ] C:\thinkphp\thinkphp\lang\zh-cn.php
[ info ] [ ROUTE ] array (
  'type' => 'module',
  'module' => 
  array (
    0 => '',
    1 => NULL,
    2 => NULL,
  ),
)
[ info ] [ HEADER ] array (
  'host' => '47.92.249.234:80',
  'user-agent' => 'Mozilla/5.0 (Windows NT 10.0; WOW64) AppleWebKit/537.36 (KHTML, like Gecko) Chrome/51.0.2704.103 Safari/537.36',
  'content-length' => '0',
)
[ info ] [ PARAM ] array (
)
[ info ] [ RUN ] app\index\controller\Index->index[ C:\thinkphp\application\index\controller\Index.php ]
[ info ] [ SESSION ] INIT array (
  'id' => '',
  'var_session_id' => '',
  'prefix' => 'think',
  'type' => '',
  'auto_start' => true,
)
[ info ] [ DB ] INIT mysql
[ info ] [ VIEW ] C:\thinkphp/application/index\view\index\index.html [ array (
  0 => 'event',
) ]
[ info ] [ LOG ] INIT File
[ sql ] [ DB ] CONNECT:[ UseTime:0.000000s ] mysql:dbname=tp5;host=127.0.0.1;charset=utf8
[ sql ] [ SQL ] SHOW COLUMNS FROM `qs_event` [ RunTime:0.015625s ]
[ sql ] [ SQL ] SELECT * FROM `qs_event` ORDER BY id asc [ RunTime:0.000000s ]
---------------------------------------------------------------
[ 2019-01-20T18:52:59+08:00 ] 172.26.72.2 80.82.70.187 GET http://www.baidu.com/cache/global/img/gs.gif
[ info ] www.baidu.comhttp://www.baidu.com/cache/global/img/gs.gif [运行时间：0.031250s][吞吐率：32.00req/s] [内存消耗：1,025.45kb] [文件加载：28]
[ info ] [ LANG ] C:\thinkphp\thinkphp\lang\zh-cn.php
[ info ] [ ROUTE ] array (
  'type' => 'module',
  'module' => 
  array (
    0 => 'cache',
    1 => 'global',
    2 => 'img',
  ),
)
[ info ] [ HEADER ] array (
  'host' => 'www.baidu.com',
  'user-agent' => 'Mozilla',
  'if-modified-since' => 'Thu, 19 Apr 2012 09:51:20 GMT',
)
[ info ] [ PARAM ] array (
)
[ info ] [ LOG ] INIT File
---------------------------------------------------------------
[ 2019-01-20T19:49:07+08:00 ] 172.26.72.2 106.11.153.197 GET /
[ info ] 47.92.249.234/ [运行时间：0.078125s][吞吐率：12.80req/s] [内存消耗：2,090.50kb] [文件加载：41]
[ info ] [ LANG ] C:\thinkphp\thinkphp\lang\zh-cn.php
[ info ] [ ROUTE ] array (
  'type' => 'module',
  'module' => 
  array (
    0 => '',
    1 => NULL,
    2 => NULL,
  ),
)
[ info ] [ HEADER ] array (
  'host' => '47.92.249.234',
  'accept' => '*/*',
  'accept-language' => 'zh-cn,en-us,zh-tw,en-gb,en;',
  'accept-encoding' => 'gzip',
  'user-agent' => 'Mozilla/5.0 (iPhone; CPU iPhone OS 10_3 like Mac OS X) AppleWebKit/602.1.50 (KHTML, like Gecko) CriOS/56.0.2924.75 Mobile/14E5239e YisouSpider/5.0 Safari/602.1',
  'connection' => 'Keep-Alive',
)
[ info ] [ PARAM ] array (
)
[ info ] [ RUN ] app\index\controller\Index->index[ C:\thinkphp\application\index\controller\Index.php ]
[ info ] [ SESSION ] INIT array (
  'id' => '',
  'var_session_id' => '',
  'prefix' => 'think',
  'type' => '',
  'auto_start' => true,
)
[ info ] [ DB ] INIT mysql
[ info ] [ VIEW ] C:\thinkphp/application/index\view\index\index.html [ array (
  0 => 'event',
) ]
[ info ] [ LOG ] INIT File
[ sql ] [ DB ] CONNECT:[ UseTime:0.000000s ] mysql:dbname=tp5;host=127.0.0.1;charset=utf8
[ sql ] [ SQL ] SHOW COLUMNS FROM `qs_event` [ RunTime:0.015625s ]
[ sql ] [ SQL ] SELECT * FROM `qs_event` ORDER BY id asc [ RunTime:0.000000s ]
---------------------------------------------------------------
[ 2019-01-20T21:07:51+08:00 ] 172.26.72.2 66.102.6.21 GET /
[ info ] 47.92.249.234/ [运行时间：0.078126s][吞吐率：12.80req/s] [内存消耗：2,090.55kb] [文件加载：41]
[ info ] [ LANG ] C:\thinkphp\thinkphp\lang\zh-cn.php
[ info ] [ ROUTE ] array (
  'type' => 'module',
  'module' => 
  array (
    0 => '',
    1 => NULL,
    2 => NULL,
  ),
)
[ info ] [ HEADER ] array (
  'host' => '47.92.249.234',
  'connection' => 'keep-alive',
  'accept' => 'text/html,application/xhtml+xml,application/xml;q=0.9,*/*;q=0.8',
  'user-agent' => 'Mozilla/5.0 (X11; Linux x86_64) AppleWebKit/537.36 (KHTML, like Gecko) Chrome/49.0.2623.75 Safari/537.36 Google Favicon',
  'accept-encoding' => 'gzip,deflate,br',
  'x-forwarded-for' => '104.245.190.131',
)
[ info ] [ PARAM ] array (
)
[ info ] [ RUN ] app\index\controller\Index->index[ C:\thinkphp\application\index\controller\Index.php ]
[ info ] [ SESSION ] INIT array (
  'id' => '',
  'var_session_id' => '',
  'prefix' => 'think',
  'type' => '',
  'auto_start' => true,
)
[ info ] [ DB ] INIT mysql
[ info ] [ VIEW ] C:\thinkphp/application/index\view\index\index.html [ array (
  0 => 'event',
) ]
[ info ] [ LOG ] INIT File
[ sql ] [ DB ] CONNECT:[ UseTime:0.000000s ] mysql:dbname=tp5;host=127.0.0.1;charset=utf8
[ sql ] [ SQL ] SHOW COLUMNS FROM `qs_event` [ RunTime:0.015626s ]
[ sql ] [ SQL ] SELECT * FROM `qs_event` ORDER BY id asc [ RunTime:0.000000s ]
---------------------------------------------------------------
[ 2019-01-20T21:36:30+08:00 ] 172.26.72.2 80.82.78.50 GET http://www.baidu.com/cache/global/img/gs.gif
[ info ] www.baidu.comhttp://www.baidu.com/cache/global/img/gs.gif [运行时间：0.031250s][吞吐率：32.00req/s] [内存消耗：1,025.46kb] [文件加载：28]
[ info ] [ LANG ] C:\thinkphp\thinkphp\lang\zh-cn.php
[ info ] [ ROUTE ] array (
  'type' => 'module',
  'module' => 
  array (
    0 => 'cache',
    1 => 'global',
    2 => 'img',
  ),
)
[ info ] [ HEADER ] array (
  'host' => 'www.baidu.com',
  'user-agent' => 'Mozilla',
  'if-modified-since' => 'Thu, 19 Apr 2012 09:51:20 GMT',
)
[ info ] [ PARAM ] array (
)
[ info ] [ LOG ] INIT File
