---------------------------------------------------------------
[ 2018-05-10T11:07:59+08:00 ] 172.24.189.12 114.242.248.96 GET /
[ info ] 39.104.67.26:8901/ [运行时间：0.046875s][吞吐率：21.33req/s] [内存消耗：2,093.44kb] [文件加载：41]
[ info ] [ LANG ] C:\thinkphp\thinkphp\lang\zh-cn.php
[ info ] [ ROUTE ] array (
  'type' => 'module',
  'module' => 
  array (
    0 => '',
    1 => NULL,
    2 => NULL,
  ),
)
[ info ] [ HEADER ] array (
  'accept' => 'text/html, application/xhtml+xml, image/jxr, */*',
  'accept-language' => 'zh-CN',
  'user-agent' => 'Mozilla/5.0 (Windows NT 10.0; WOW64; Trident/7.0; rv:11.0) like Gecko',
  'accept-encoding' => 'gzip, deflate',
  'host' => '39.104.67.26:8901',
  'connection' => 'Keep-Alive',
  'cookie' => 'UM_distinctid=1634528325b12c-0d54fa1b61214c8-677b7726-1fa400-1634528325cc13; CNZZDATA155540=cnzz_eid%3D234670753-1525872362-http%253A%252F%252F39.104.67.26%253A8901%252F%26ntime%3D1525872362',
)
[ info ] [ PARAM ] array (
)
[ info ] [ RUN ] app\index\controller\Index->index[ C:\thinkphp\application\index\controller\Index.php ]
[ info ] [ DB ] INIT mysql
[ info ] [ VIEW ] C:\thinkphp/application/index\view\index\index.html [ array (
  0 => 'event',
) ]
[ info ] [ LOG ] INIT File
[ sql ] [ DB ] CONNECT:[ UseTime:0.000000s ] mysql:dbname=tp5;host=127.0.0.1;charset=utf8
[ sql ] [ SQL ] SHOW COLUMNS FROM `qs_event` [ RunTime:0.000000s ]
[ sql ] [ SQL ] SELECT * FROM `qs_event` ORDER BY id asc [ RunTime:0.000000s ]
---------------------------------------------------------------
[ 2018-05-10T11:08:52+08:00 ] 172.24.189.12 114.242.248.96 GET /
[ info ] 39.104.67.26:8901/ [运行时间：0.046875s][吞吐率：21.33req/s] [内存消耗：2,093.45kb] [文件加载：41]
[ info ] [ LANG ] C:\thinkphp\thinkphp\lang\zh-cn.php
[ info ] [ ROUTE ] array (
  'type' => 'module',
  'module' => 
  array (
    0 => '',
    1 => NULL,
    2 => NULL,
  ),
)
[ info ] [ HEADER ] array (
  'accept' => 'text/html, application/xhtml+xml, image/jxr, */*',
  'accept-language' => 'zh-CN',
  'user-agent' => 'Mozilla/5.0 (Windows NT 10.0; WOW64; Trident/7.0; rv:11.0) like Gecko',
  'accept-encoding' => 'gzip, deflate',
  'host' => '39.104.67.26:8901',
  'connection' => 'Keep-Alive',
  'cookie' => 'UM_distinctid=1634528325b12c-0d54fa1b61214c8-677b7726-1fa400-1634528325cc13; CNZZDATA155540=cnzz_eid%3D234670753-1525872362-http%253A%252F%252F39.104.67.26%253A8901%252F%26ntime%3D1525872362',
)
[ info ] [ PARAM ] array (
)
[ info ] [ RUN ] app\index\controller\Index->index[ C:\thinkphp\application\index\controller\Index.php ]
[ info ] [ DB ] INIT mysql
[ info ] [ VIEW ] C:\thinkphp/application/index\view\index\index.html [ array (
  0 => 'event',
) ]
[ info ] [ LOG ] INIT File
[ sql ] [ DB ] CONNECT:[ UseTime:0.000000s ] mysql:dbname=tp5;host=127.0.0.1;charset=utf8
[ sql ] [ SQL ] SHOW COLUMNS FROM `qs_event` [ RunTime:0.000000s ]
[ sql ] [ SQL ] SELECT * FROM `qs_event` ORDER BY id asc [ RunTime:0.000000s ]
---------------------------------------------------------------
[ 2018-05-10T11:08:57+08:00 ] 172.24.189.12 114.242.248.96 GET /
[ info ] 39.104.67.26:8901/ [运行时间：0.046875s][吞吐率：21.33req/s] [内存消耗：2,093.45kb] [文件加载：41]
[ info ] [ LANG ] C:\thinkphp\thinkphp\lang\zh-cn.php
[ info ] [ ROUTE ] array (
  'type' => 'module',
  'module' => 
  array (
    0 => '',
    1 => NULL,
    2 => NULL,
  ),
)
[ info ] [ HEADER ] array (
  'accept' => 'text/html, application/xhtml+xml, image/jxr, */*',
  'accept-language' => 'zh-CN',
  'user-agent' => 'Mozilla/5.0 (Windows NT 10.0; WOW64; Trident/7.0; rv:11.0) like Gecko',
  'accept-encoding' => 'gzip, deflate',
  'host' => '39.104.67.26:8901',
  'connection' => 'Keep-Alive',
  'cookie' => 'UM_distinctid=1634528325b12c-0d54fa1b61214c8-677b7726-1fa400-1634528325cc13; CNZZDATA155540=cnzz_eid%3D234670753-1525872362-http%253A%252F%252F39.104.67.26%253A8901%252F%26ntime%3D1525872362',
)
[ info ] [ PARAM ] array (
)
[ info ] [ RUN ] app\index\controller\Index->index[ C:\thinkphp\application\index\controller\Index.php ]
[ info ] [ DB ] INIT mysql
[ info ] [ VIEW ] C:\thinkphp/application/index\view\index\index.html [ array (
  0 => 'event',
) ]
[ info ] [ LOG ] INIT File
[ sql ] [ DB ] CONNECT:[ UseTime:0.000000s ] mysql:dbname=tp5;host=127.0.0.1;charset=utf8
[ sql ] [ SQL ] SHOW COLUMNS FROM `qs_event` [ RunTime:0.000000s ]
[ sql ] [ SQL ] SELECT * FROM `qs_event` ORDER BY id asc [ RunTime:0.000000s ]
---------------------------------------------------------------
[ 2018-05-10T11:09:19+08:00 ] 172.24.189.12 114.242.248.96 GET /
[ info ] 39.104.67.26:8901/ [运行时间：0.046875s][吞吐率：21.33req/s] [内存消耗：2,093.45kb] [文件加载：41]
[ info ] [ LANG ] C:\thinkphp\thinkphp\lang\zh-cn.php
[ info ] [ ROUTE ] array (
  'type' => 'module',
  'module' => 
  array (
    0 => '',
    1 => NULL,
    2 => NULL,
  ),
)
[ info ] [ HEADER ] array (
  'accept' => 'text/html, application/xhtml+xml, image/jxr, */*',
  'accept-language' => 'zh-CN',
  'user-agent' => 'Mozilla/5.0 (Windows NT 10.0; WOW64; Trident/7.0; rv:11.0) like Gecko',
  'accept-encoding' => 'gzip, deflate',
  'host' => '39.104.67.26:8901',
  'connection' => 'Keep-Alive',
  'cookie' => 'UM_distinctid=1634528325b12c-0d54fa1b61214c8-677b7726-1fa400-1634528325cc13; CNZZDATA155540=cnzz_eid%3D234670753-1525872362-http%253A%252F%252F39.104.67.26%253A8901%252F%26ntime%3D1525872362',
)
[ info ] [ PARAM ] array (
)
[ info ] [ RUN ] app\index\controller\Index->index[ C:\thinkphp\application\index\controller\Index.php ]
[ info ] [ DB ] INIT mysql
[ info ] [ VIEW ] C:\thinkphp/application/index\view\index\index.html [ array (
  0 => 'event',
) ]
[ info ] [ LOG ] INIT File
[ sql ] [ DB ] CONNECT:[ UseTime:0.000000s ] mysql:dbname=tp5;host=127.0.0.1;charset=utf8
[ sql ] [ SQL ] SHOW COLUMNS FROM `qs_event` [ RunTime:0.000000s ]
[ sql ] [ SQL ] SELECT * FROM `qs_event` ORDER BY id asc [ RunTime:0.000000s ]
---------------------------------------------------------------
[ 2018-05-10T11:11:41+08:00 ] 172.24.189.12 114.242.248.96 GET /download/index/android.html
[ info ] 39.104.67.26:8901/download/index/android.html [运行时间：0.046875s][吞吐率：21.33req/s] [内存消耗：2,189.19kb] [文件加载：44]
[ info ] [ LANG ] C:\thinkphp\thinkphp\lang\zh-cn.php
[ info ] [ ROUTE ] array (
  'type' => 'module',
  'module' => 
  array (
    0 => 'download',
    1 => 'index',
    2 => 'android',
  ),
)
[ info ] [ HEADER ] array (
  'accept' => 'text/html, application/xhtml+xml, image/jxr, */*',
  'referer' => 'http://39.104.67.26:8901/',
  'accept-language' => 'zh-CN',
  'user-agent' => 'Mozilla/5.0 (Windows NT 10.0; WOW64; Trident/7.0; rv:11.0) like Gecko',
  'accept-encoding' => 'gzip, deflate',
  'host' => '39.104.67.26:8901',
  'connection' => 'Keep-Alive',
  'cookie' => 'UM_distinctid=1634528325b12c-0d54fa1b61214c8-677b7726-1fa400-1634528325cc13; CNZZDATA155540=cnzz_eid%3D234670753-1525872362-http%253A%252F%252F39.104.67.26%253A8901%252F%26ntime%3D1525872362',
)
[ info ] [ PARAM ] array (
)
[ info ] [ RUN ] app\download\controller\Index->android[ C:\thinkphp\application\download\controller\Index.php ]
[ info ] [ DB ] INIT mysql
[ info ] [ VIEW ] C:\thinkphp/application/download\view\index\android.html [ array (
  0 => 'data',
) ]
[ info ] [ LOG ] INIT File
[ sql ] [ DB ] CONNECT:[ UseTime:0.000000s ] mysql:dbname=tp5;host=127.0.0.1;charset=utf8
[ sql ] [ SQL ] SHOW COLUMNS FROM `qs_downloadandroidfile` [ RunTime:0.000000s ]
[ sql ] [ SQL ] SELECT COUNT(*) AS tp_count FROM `qs_downloadandroidfile` LIMIT 1 [ RunTime:0.000000s ]
[ sql ] [ SQL ] SELECT * FROM `qs_downloadandroidfile` ORDER BY id asc LIMIT 0,12 [ RunTime:0.000000s ]
---------------------------------------------------------------
[ 2018-05-10T11:11:49+08:00 ] 172.24.189.12 114.242.248.96 GET /download/index/index.html
[ info ] 39.104.67.26:8901/download/index/index.html [运行时间：0.031250s][吞吐率：32.00req/s] [内存消耗：1,507.94kb] [文件加载：36]
[ info ] [ LANG ] C:\thinkphp\thinkphp\lang\zh-cn.php
[ info ] [ ROUTE ] array (
  'type' => 'module',
  'module' => 
  array (
    0 => 'download',
    1 => 'index',
    2 => 'index',
  ),
)
[ info ] [ HEADER ] array (
  'accept' => 'text/html, application/xhtml+xml, image/jxr, */*',
  'referer' => 'http://39.104.67.26:8901/download/index/android.html',
  'accept-language' => 'zh-CN',
  'user-agent' => 'Mozilla/5.0 (Windows NT 10.0; WOW64; Trident/7.0; rv:11.0) like Gecko',
  'accept-encoding' => 'gzip, deflate',
  'host' => '39.104.67.26:8901',
  'connection' => 'Keep-Alive',
  'cookie' => 'UM_distinctid=1634528325b12c-0d54fa1b61214c8-677b7726-1fa400-1634528325cc13; CNZZDATA155540=cnzz_eid%3D234670753-1525872362-http%253A%252F%252F39.104.67.26%253A8901%252F%26ntime%3D1525872362',
)
[ info ] [ PARAM ] array (
)
[ info ] [ RUN ] app\download\controller\Index->index[ C:\thinkphp\application\download\controller\Index.php ]
[ info ] [ VIEW ] C:\thinkphp/application/download\view\index\index.html [ array (
) ]
[ info ] [ LOG ] INIT File
---------------------------------------------------------------
[ 2018-05-10T11:13:40+08:00 ] 172.24.189.12 114.242.248.96 GET /download/index/index.html
[ info ] 39.104.67.26:8901/download/index/index.html [运行时间：0.031250s][吞吐率：32.00req/s] [内存消耗：1,350.54kb] [文件加载：34]
[ info ] [ LANG ] C:\thinkphp\thinkphp\lang\zh-cn.php
[ info ] [ ROUTE ] array (
  'type' => 'module',
  'module' => 
  array (
    0 => 'download',
    1 => 'index',
    2 => 'index',
  ),
)
[ info ] [ HEADER ] array (
  'accept' => 'text/html, application/xhtml+xml, image/jxr, */*',
  'accept-language' => 'zh-CN',
  'user-agent' => 'Mozilla/5.0 (Windows NT 10.0; WOW64; Trident/7.0; rv:11.0) like Gecko',
  'accept-encoding' => 'gzip, deflate',
  'host' => '39.104.67.26:8901',
  'connection' => 'Keep-Alive',
  'cookie' => 'UM_distinctid=1634528325b12c-0d54fa1b61214c8-677b7726-1fa400-1634528325cc13; CNZZDATA155540=cnzz_eid%3D234670753-1525872362-http%253A%252F%252F39.104.67.26%253A8901%252F%26ntime%3D1525872362',
)
[ info ] [ PARAM ] array (
)
[ info ] [ RUN ] app\download\controller\Index->index[ C:\thinkphp\application\download\controller\Index.php ]
[ info ] [ VIEW ] C:\thinkphp/application/download\view\index\index.html [ array (
) ]
[ info ] [ LOG ] INIT File
---------------------------------------------------------------
[ 2018-05-10T11:15:16+08:00 ] 172.24.189.12 114.242.248.96 GET /download/index/index.html
[ info ] 39.104.67.26:8901/download/index/index.html [运行时间：0.031250s][吞吐率：32.00req/s] [内存消耗：1,505.02kb] [文件加载：36]
[ info ] [ LANG ] C:\thinkphp\thinkphp\lang\zh-cn.php
[ info ] [ ROUTE ] array (
  'type' => 'module',
  'module' => 
  array (
    0 => 'download',
    1 => 'index',
    2 => 'index',
  ),
)
[ info ] [ HEADER ] array (
  'accept' => 'text/html, application/xhtml+xml, image/jxr, */*',
  'accept-language' => 'zh-CN',
  'user-agent' => 'Mozilla/5.0 (Windows NT 10.0; WOW64; Trident/7.0; rv:11.0) like Gecko',
  'accept-encoding' => 'gzip, deflate',
  'host' => '39.104.67.26:8901',
  'connection' => 'Keep-Alive',
  'cookie' => 'UM_distinctid=1634528325b12c-0d54fa1b61214c8-677b7726-1fa400-1634528325cc13; CNZZDATA155540=cnzz_eid%3D234670753-1525872362-http%253A%252F%252F39.104.67.26%253A8901%252F%26ntime%3D1525872362',
)
[ info ] [ PARAM ] array (
)
[ info ] [ RUN ] app\download\controller\Index->index[ C:\thinkphp\application\download\controller\Index.php ]
[ info ] [ VIEW ] C:\thinkphp/application/download\view\index\index.html [ array (
) ]
[ info ] [ LOG ] INIT File
---------------------------------------------------------------
[ 2018-05-10T11:15:21+08:00 ] 172.24.189.12 114.242.248.96 GET /download/index/index.html
[ info ] 39.104.67.26:8901/download/index/index.html [运行时间：0.031250s][吞吐率：32.00req/s] [内存消耗：1,350.56kb] [文件加载：34]
[ info ] [ LANG ] C:\thinkphp\thinkphp\lang\zh-cn.php
[ info ] [ ROUTE ] array (
  'type' => 'module',
  'module' => 
  array (
    0 => 'download',
    1 => 'index',
    2 => 'index',
  ),
)
[ info ] [ HEADER ] array (
  'accept' => 'text/html, application/xhtml+xml, image/jxr, */*',
  'accept-language' => 'zh-CN',
  'user-agent' => 'Mozilla/5.0 (Windows NT 10.0; WOW64; Trident/7.0; rv:11.0) like Gecko',
  'accept-encoding' => 'gzip, deflate',
  'host' => '39.104.67.26:8901',
  'connection' => 'Keep-Alive',
  'cookie' => 'UM_distinctid=1634528325b12c-0d54fa1b61214c8-677b7726-1fa400-1634528325cc13; CNZZDATA155540=cnzz_eid%3D234670753-1525872362-http%253A%252F%252F39.104.67.26%253A8901%252F%26ntime%3D1525872362',
)
[ info ] [ PARAM ] array (
)
[ info ] [ RUN ] app\download\controller\Index->index[ C:\thinkphp\application\download\controller\Index.php ]
[ info ] [ VIEW ] C:\thinkphp/application/download\view\index\index.html [ array (
) ]
[ info ] [ LOG ] INIT File
---------------------------------------------------------------
[ 2018-05-10T11:15:32+08:00 ] 172.24.189.12 114.242.248.96 GET /download/index/index.html
[ info ] 39.104.67.26:8901/download/index/index.html [运行时间：0.031250s][吞吐率：32.00req/s] [内存消耗：1,350.56kb] [文件加载：34]
[ info ] [ LANG ] C:\thinkphp\thinkphp\lang\zh-cn.php
[ info ] [ ROUTE ] array (
  'type' => 'module',
  'module' => 
  array (
    0 => 'download',
    1 => 'index',
    2 => 'index',
  ),
)
[ info ] [ HEADER ] array (
  'accept' => 'text/html, application/xhtml+xml, image/jxr, */*',
  'accept-language' => 'zh-CN',
  'user-agent' => 'Mozilla/5.0 (Windows NT 10.0; WOW64; Trident/7.0; rv:11.0) like Gecko',
  'accept-encoding' => 'gzip, deflate',
  'host' => '39.104.67.26:8901',
  'connection' => 'Keep-Alive',
  'cookie' => 'UM_distinctid=1634528325b12c-0d54fa1b61214c8-677b7726-1fa400-1634528325cc13; CNZZDATA155540=cnzz_eid%3D234670753-1525872362-http%253A%252F%252F39.104.67.26%253A8901%252F%26ntime%3D1525872362',
)
[ info ] [ PARAM ] array (
)
[ info ] [ RUN ] app\download\controller\Index->index[ C:\thinkphp\application\download\controller\Index.php ]
[ info ] [ VIEW ] C:\thinkphp/application/download\view\index\index.html [ array (
) ]
[ info ] [ LOG ] INIT File
---------------------------------------------------------------
[ 2018-05-10T11:15:41+08:00 ] 172.24.189.12 114.242.248.96 GET /
[ info ] 39.104.67.26:8901/ [运行时间：0.046875s][吞吐率：21.33req/s] [内存消耗：2,093.45kb] [文件加载：41]
[ info ] [ LANG ] C:\thinkphp\thinkphp\lang\zh-cn.php
[ info ] [ ROUTE ] array (
  'type' => 'module',
  'module' => 
  array (
    0 => '',
    1 => NULL,
    2 => NULL,
  ),
)
[ info ] [ HEADER ] array (
  'accept' => 'text/html, application/xhtml+xml, image/jxr, */*',
  'accept-language' => 'zh-CN',
  'user-agent' => 'Mozilla/5.0 (Windows NT 10.0; WOW64; Trident/7.0; rv:11.0) like Gecko',
  'accept-encoding' => 'gzip, deflate',
  'host' => '39.104.67.26:8901',
  'connection' => 'Keep-Alive',
  'cookie' => 'UM_distinctid=1634528325b12c-0d54fa1b61214c8-677b7726-1fa400-1634528325cc13; CNZZDATA155540=cnzz_eid%3D234670753-1525872362-http%253A%252F%252F39.104.67.26%253A8901%252F%26ntime%3D1525872362',
)
[ info ] [ PARAM ] array (
)
[ info ] [ RUN ] app\index\controller\Index->index[ C:\thinkphp\application\index\controller\Index.php ]
[ info ] [ DB ] INIT mysql
[ info ] [ VIEW ] C:\thinkphp/application/index\view\index\index.html [ array (
  0 => 'event',
) ]
[ info ] [ LOG ] INIT File
[ sql ] [ DB ] CONNECT:[ UseTime:0.000000s ] mysql:dbname=tp5;host=127.0.0.1;charset=utf8
[ sql ] [ SQL ] SHOW COLUMNS FROM `qs_event` [ RunTime:0.015625s ]
[ sql ] [ SQL ] SELECT * FROM `qs_event` ORDER BY id asc [ RunTime:0.000000s ]
---------------------------------------------------------------
[ 2018-05-10T11:15:49+08:00 ] 172.24.189.12 114.242.248.96 GET /download/index/android.html
[ info ] 39.104.67.26:8901/download/index/android.html [运行时间：0.046875s][吞吐率：21.33req/s] [内存消耗：2,189.19kb] [文件加载：44]
[ info ] [ LANG ] C:\thinkphp\thinkphp\lang\zh-cn.php
[ info ] [ ROUTE ] array (
  'type' => 'module',
  'module' => 
  array (
    0 => 'download',
    1 => 'index',
    2 => 'android',
  ),
)
[ info ] [ HEADER ] array (
  'accept' => 'text/html, application/xhtml+xml, image/jxr, */*',
  'referer' => 'http://39.104.67.26:8901/',
  'accept-language' => 'zh-CN',
  'user-agent' => 'Mozilla/5.0 (Windows NT 10.0; WOW64; Trident/7.0; rv:11.0) like Gecko',
  'accept-encoding' => 'gzip, deflate',
  'host' => '39.104.67.26:8901',
  'connection' => 'Keep-Alive',
  'cookie' => 'UM_distinctid=1634528325b12c-0d54fa1b61214c8-677b7726-1fa400-1634528325cc13; CNZZDATA155540=cnzz_eid%3D234670753-1525872362-http%253A%252F%252F39.104.67.26%253A8901%252F%26ntime%3D1525872362',
)
[ info ] [ PARAM ] array (
)
[ info ] [ RUN ] app\download\controller\Index->android[ C:\thinkphp\application\download\controller\Index.php ]
[ info ] [ DB ] INIT mysql
[ info ] [ VIEW ] C:\thinkphp/application/download\view\index\android.html [ array (
  0 => 'data',
) ]
[ info ] [ LOG ] INIT File
[ sql ] [ DB ] CONNECT:[ UseTime:0.000000s ] mysql:dbname=tp5;host=127.0.0.1;charset=utf8
[ sql ] [ SQL ] SHOW COLUMNS FROM `qs_downloadandroidfile` [ RunTime:0.000000s ]
[ sql ] [ SQL ] SELECT COUNT(*) AS tp_count FROM `qs_downloadandroidfile` LIMIT 1 [ RunTime:0.000000s ]
[ sql ] [ SQL ] SELECT * FROM `qs_downloadandroidfile` ORDER BY id asc LIMIT 0,12 [ RunTime:0.000000s ]
---------------------------------------------------------------
[ 2018-05-10T11:15:52+08:00 ] 172.24.189.12 114.242.248.96 GET /download/index/index.html
[ info ] 39.104.67.26:8901/download/index/index.html [运行时间：0.015625s][吞吐率：64.00req/s] [内存消耗：1,350.88kb] [文件加载：34]
[ info ] [ LANG ] C:\thinkphp\thinkphp\lang\zh-cn.php
[ info ] [ ROUTE ] array (
  'type' => 'module',
  'module' => 
  array (
    0 => 'download',
    1 => 'index',
    2 => 'index',
  ),
)
[ info ] [ HEADER ] array (
  'accept' => 'text/html, application/xhtml+xml, image/jxr, */*',
  'referer' => 'http://39.104.67.26:8901/download/index/android.html',
  'accept-language' => 'zh-CN',
  'user-agent' => 'Mozilla/5.0 (Windows NT 10.0; WOW64; Trident/7.0; rv:11.0) like Gecko',
  'accept-encoding' => 'gzip, deflate',
  'host' => '39.104.67.26:8901',
  'connection' => 'Keep-Alive',
  'cookie' => 'UM_distinctid=1634528325b12c-0d54fa1b61214c8-677b7726-1fa400-1634528325cc13; CNZZDATA155540=cnzz_eid%3D234670753-1525872362-http%253A%252F%252F39.104.67.26%253A8901%252F%26ntime%3D1525872362',
)
[ info ] [ PARAM ] array (
)
[ info ] [ RUN ] app\download\controller\Index->index[ C:\thinkphp\application\download\controller\Index.php ]
[ info ] [ VIEW ] C:\thinkphp/application/download\view\index\index.html [ array (
) ]
[ info ] [ LOG ] INIT File
---------------------------------------------------------------
[ 2018-05-10T11:16:49+08:00 ] 172.24.189.12 114.242.248.96 GET /newdata/index/index.html
[ info ] 39.104.67.26:8901/newdata/index/index.html [运行时间：0.031250s][吞吐率：32.00req/s] [内存消耗：1,372.82kb] [文件加载：36]
[ info ] [ LANG ] C:\thinkphp\thinkphp\lang\zh-cn.php
[ info ] [ ROUTE ] array (
  'type' => 'module',
  'module' => 
  array (
    0 => 'newdata',
    1 => 'index',
    2 => 'index',
  ),
)
[ info ] [ HEADER ] array (
  'accept' => 'text/html, application/xhtml+xml, image/jxr, */*',
  'referer' => 'http://39.104.67.26:8901/download/index/index.html',
  'accept-language' => 'zh-CN',
  'user-agent' => 'Mozilla/5.0 (Windows NT 10.0; WOW64; Trident/7.0; rv:11.0) like Gecko',
  'accept-encoding' => 'gzip, deflate',
  'host' => '39.104.67.26:8901',
  'connection' => 'Keep-Alive',
  'cookie' => 'UM_distinctid=1634528325b12c-0d54fa1b61214c8-677b7726-1fa400-1634528325cc13; CNZZDATA155540=cnzz_eid%3D234670753-1525872362-http%253A%252F%252F39.104.67.26%253A8901%252F%26ntime%3D1525872362',
)
[ info ] [ PARAM ] array (
)
[ info ] [ SESSION ] INIT array (
  'id' => '',
  'var_session_id' => '',
  'prefix' => 'think',
  'type' => '',
  'auto_start' => true,
)
[ info ] [ LOG ] INIT File
---------------------------------------------------------------
[ 2018-05-10T11:16:49+08:00 ] 172.24.189.12 114.242.248.96 GET /newdata/user/login.html
[ info ] 39.104.67.26:8901/newdata/user/login.html [运行时间：0.031250s][吞吐率：32.00req/s] [内存消耗：1,333.55kb] [文件加载：34]
[ info ] [ LANG ] C:\thinkphp\thinkphp\lang\zh-cn.php
[ info ] [ ROUTE ] array (
  'type' => 'module',
  'module' => 
  array (
    0 => 'newdata',
    1 => 'user',
    2 => 'login',
  ),
)
[ info ] [ HEADER ] array (
  'accept' => 'text/html, application/xhtml+xml, image/jxr, */*',
  'referer' => 'http://39.104.67.26:8901/download/index/index.html',
  'accept-language' => 'zh-CN',
  'user-agent' => 'Mozilla/5.0 (Windows NT 10.0; WOW64; Trident/7.0; rv:11.0) like Gecko',
  'accept-encoding' => 'gzip, deflate',
  'host' => '39.104.67.26:8901',
  'connection' => 'Keep-Alive',
  'cookie' => 'UM_distinctid=1634528325b12c-0d54fa1b61214c8-677b7726-1fa400-1634528325cc13; CNZZDATA155540=cnzz_eid%3D234670753-1525872362-http%253A%252F%252F39.104.67.26%253A8901%252F%26ntime%3D1525872362; PHPSESSID=1ob45iip5ng6ul424farq17ds7',
)
[ info ] [ PARAM ] array (
)
[ info ] [ RUN ] app\newdata\controller\User->login[ C:\thinkphp\application\newdata\controller\User.php ]
[ info ] [ LOG ] INIT File
---------------------------------------------------------------
[ 2018-05-10T11:16:49+08:00 ] 172.24.189.12 114.242.248.96 GET /newdata/user/index.html
[ info ] 39.104.67.26:8901/newdata/user/index.html [运行时间：0.015625s][吞吐率：64.00req/s] [内存消耗：1,304.70kb] [文件加载：33]
[ info ] [ LANG ] C:\thinkphp\thinkphp\lang\zh-cn.php
[ info ] [ ROUTE ] array (
  'type' => 'module',
  'module' => 
  array (
    0 => 'newdata',
    1 => 'user',
    2 => 'index',
  ),
)
[ info ] [ HEADER ] array (
  'accept' => 'text/html, application/xhtml+xml, image/jxr, */*',
  'referer' => 'http://39.104.67.26:8901/download/index/index.html',
  'accept-language' => 'zh-CN',
  'user-agent' => 'Mozilla/5.0 (Windows NT 10.0; WOW64; Trident/7.0; rv:11.0) like Gecko',
  'accept-encoding' => 'gzip, deflate',
  'host' => '39.104.67.26:8901',
  'connection' => 'Keep-Alive',
  'cookie' => 'UM_distinctid=1634528325b12c-0d54fa1b61214c8-677b7726-1fa400-1634528325cc13; CNZZDATA155540=cnzz_eid%3D234670753-1525872362-http%253A%252F%252F39.104.67.26%253A8901%252F%26ntime%3D1525872362; PHPSESSID=1ob45iip5ng6ul424farq17ds7',
)
[ info ] [ PARAM ] array (
)
[ info ] [ RUN ] app\newdata\controller\User->index[ C:\thinkphp\application\newdata\controller\User.php ]
[ info ] [ VIEW ] C:\thinkphp/application/newdata\view\user\login.html [ array (
) ]
[ info ] [ SESSION ] INIT array (
  'id' => '',
  'var_session_id' => '',
  'prefix' => 'think',
  'type' => '',
  'auto_start' => true,
)
[ info ] [ LOG ] INIT File
---------------------------------------------------------------
[ 2018-05-10T11:18:34+08:00 ] 172.24.189.12 114.242.248.96 GET /download/index/index.html
[ info ] 39.104.67.26:8901/download/index/index.html [运行时间：0.031250s][吞吐率：32.00req/s] [内存消耗：1,505.48kb] [文件加载：36]
[ info ] [ LANG ] C:\thinkphp\thinkphp\lang\zh-cn.php
[ info ] [ ROUTE ] array (
  'type' => 'module',
  'module' => 
  array (
    0 => 'download',
    1 => 'index',
    2 => 'index',
  ),
)
[ info ] [ HEADER ] array (
  'accept' => 'text/html, application/xhtml+xml, image/jxr, */*',
  'referer' => 'http://39.104.67.26:8901/download/index/android.html',
  'accept-language' => 'zh-CN',
  'user-agent' => 'Mozilla/5.0 (Windows NT 10.0; WOW64; Trident/7.0; rv:11.0) like Gecko',
  'accept-encoding' => 'gzip, deflate',
  'host' => '39.104.67.26:8901',
  'connection' => 'Keep-Alive',
  'cookie' => 'UM_distinctid=1634528325b12c-0d54fa1b61214c8-677b7726-1fa400-1634528325cc13; CNZZDATA155540=cnzz_eid%3D234670753-1525872362-http%253A%252F%252F39.104.67.26%253A8901%252F%26ntime%3D1525872362; PHPSESSID=1ob45iip5ng6ul424farq17ds7',
)
[ info ] [ PARAM ] array (
)
[ info ] [ RUN ] app\download\controller\Index->index[ C:\thinkphp\application\download\controller\Index.php ]
[ info ] [ VIEW ] C:\thinkphp/application/download\view\index\index.html [ array (
) ]
[ info ] [ LOG ] INIT File
---------------------------------------------------------------
[ 2018-05-10T11:18:36+08:00 ] 172.24.189.12 114.242.248.96 GET /download/index/index.html
[ info ] 39.104.67.26:8901/download/index/index.html [运行时间：0.031250s][吞吐率：32.00req/s] [内存消耗：1,350.98kb] [文件加载：34]
[ info ] [ LANG ] C:\thinkphp\thinkphp\lang\zh-cn.php
[ info ] [ ROUTE ] array (
  'type' => 'module',
  'module' => 
  array (
    0 => 'download',
    1 => 'index',
    2 => 'index',
  ),
)
[ info ] [ HEADER ] array (
  'accept' => 'text/html, application/xhtml+xml, image/jxr, */*',
  'referer' => 'http://39.104.67.26:8901/download/index/android.html',
  'accept-language' => 'zh-CN',
  'user-agent' => 'Mozilla/5.0 (Windows NT 10.0; WOW64; Trident/7.0; rv:11.0) like Gecko',
  'accept-encoding' => 'gzip, deflate',
  'host' => '39.104.67.26:8901',
  'connection' => 'Keep-Alive',
  'cookie' => 'UM_distinctid=1634528325b12c-0d54fa1b61214c8-677b7726-1fa400-1634528325cc13; CNZZDATA155540=cnzz_eid%3D234670753-1525872362-http%253A%252F%252F39.104.67.26%253A8901%252F%26ntime%3D1525872362; PHPSESSID=1ob45iip5ng6ul424farq17ds7',
)
[ info ] [ PARAM ] array (
)
[ info ] [ RUN ] app\download\controller\Index->index[ C:\thinkphp\application\download\controller\Index.php ]
[ info ] [ VIEW ] C:\thinkphp/application/download\view\index\index.html [ array (
) ]
[ info ] [ LOG ] INIT File
---------------------------------------------------------------
[ 2018-05-10T11:18:48+08:00 ] 172.24.189.12 114.242.248.96 GET /download/index/index.html
[ info ] 39.104.67.26:8901/download/index/index.html [运行时间：0.031250s][吞吐率：32.00req/s] [内存消耗：1,350.98kb] [文件加载：34]
[ info ] [ LANG ] C:\thinkphp\thinkphp\lang\zh-cn.php
[ info ] [ ROUTE ] array (
  'type' => 'module',
  'module' => 
  array (
    0 => 'download',
    1 => 'index',
    2 => 'index',
  ),
)
[ info ] [ HEADER ] array (
  'accept' => 'text/html, application/xhtml+xml, image/jxr, */*',
  'referer' => 'http://39.104.67.26:8901/download/index/android.html',
  'accept-language' => 'zh-CN',
  'user-agent' => 'Mozilla/5.0 (Windows NT 10.0; WOW64; Trident/7.0; rv:11.0) like Gecko',
  'accept-encoding' => 'gzip, deflate',
  'host' => '39.104.67.26:8901',
  'connection' => 'Keep-Alive',
  'cookie' => 'UM_distinctid=1634528325b12c-0d54fa1b61214c8-677b7726-1fa400-1634528325cc13; CNZZDATA155540=cnzz_eid%3D234670753-1525872362-http%253A%252F%252F39.104.67.26%253A8901%252F%26ntime%3D1525872362; PHPSESSID=1ob45iip5ng6ul424farq17ds7',
)
[ info ] [ PARAM ] array (
)
[ info ] [ RUN ] app\download\controller\Index->index[ C:\thinkphp\application\download\controller\Index.php ]
[ info ] [ VIEW ] C:\thinkphp/application/download\view\index\index.html [ array (
) ]
[ info ] [ LOG ] INIT File
---------------------------------------------------------------
[ 2018-05-10T11:19:23+08:00 ] 172.24.189.12 114.242.248.96 GET /
[ info ] 39.104.67.26:8901/ [运行时间：0.046875s][吞吐率：21.33req/s] [内存消耗：2,093.45kb] [文件加载：41]
[ info ] [ LANG ] C:\thinkphp\thinkphp\lang\zh-cn.php
[ info ] [ ROUTE ] array (
  'type' => 'module',
  'module' => 
  array (
    0 => '',
    1 => NULL,
    2 => NULL,
  ),
)
[ info ] [ HEADER ] array (
  'accept' => 'text/html, application/xhtml+xml, image/jxr, */*',
  'accept-language' => 'zh-CN',
  'user-agent' => 'Mozilla/5.0 (Windows NT 10.0; WOW64; Trident/7.0; rv:11.0) like Gecko',
  'accept-encoding' => 'gzip, deflate',
  'host' => '39.104.67.26:8901',
  'connection' => 'Keep-Alive',
  'cookie' => 'UM_distinctid=1634528325b12c-0d54fa1b61214c8-677b7726-1fa400-1634528325cc13; CNZZDATA155540=cnzz_eid%3D234670753-1525872362-http%253A%252F%252F39.104.67.26%253A8901%252F%26ntime%3D1525872362',
)
[ info ] [ PARAM ] array (
)
[ info ] [ RUN ] app\index\controller\Index->index[ C:\thinkphp\application\index\controller\Index.php ]
[ info ] [ DB ] INIT mysql
[ info ] [ VIEW ] C:\thinkphp/application/index\view\index\index.html [ array (
  0 => 'event',
) ]
[ info ] [ LOG ] INIT File
[ sql ] [ DB ] CONNECT:[ UseTime:0.000000s ] mysql:dbname=tp5;host=127.0.0.1;charset=utf8
[ sql ] [ SQL ] SHOW COLUMNS FROM `qs_event` [ RunTime:0.000000s ]
[ sql ] [ SQL ] SELECT * FROM `qs_event` ORDER BY id asc [ RunTime:0.000000s ]
---------------------------------------------------------------
[ 2018-05-10T11:19:26+08:00 ] 172.24.189.12 114.242.248.96 GET /download/index/android.html
[ info ] 39.104.67.26:8901/download/index/android.html [运行时间：0.046875s][吞吐率：21.33req/s] [内存消耗：2,189.19kb] [文件加载：44]
[ info ] [ LANG ] C:\thinkphp\thinkphp\lang\zh-cn.php
[ info ] [ ROUTE ] array (
  'type' => 'module',
  'module' => 
  array (
    0 => 'download',
    1 => 'index',
    2 => 'android',
  ),
)
[ info ] [ HEADER ] array (
  'accept' => 'text/html, application/xhtml+xml, image/jxr, */*',
  'referer' => 'http://39.104.67.26:8901/',
  'accept-language' => 'zh-CN',
  'user-agent' => 'Mozilla/5.0 (Windows NT 10.0; WOW64; Trident/7.0; rv:11.0) like Gecko',
  'accept-encoding' => 'gzip, deflate',
  'host' => '39.104.67.26:8901',
  'connection' => 'Keep-Alive',
  'cookie' => 'UM_distinctid=1634528325b12c-0d54fa1b61214c8-677b7726-1fa400-1634528325cc13; CNZZDATA155540=cnzz_eid%3D234670753-1525872362-http%253A%252F%252F39.104.67.26%253A8901%252F%26ntime%3D1525872362',
)
[ info ] [ PARAM ] array (
)
[ info ] [ RUN ] app\download\controller\Index->android[ C:\thinkphp\application\download\controller\Index.php ]
[ info ] [ DB ] INIT mysql
[ info ] [ VIEW ] C:\thinkphp/application/download\view\index\android.html [ array (
  0 => 'data',
) ]
[ info ] [ LOG ] INIT File
[ sql ] [ DB ] CONNECT:[ UseTime:0.000000s ] mysql:dbname=tp5;host=127.0.0.1;charset=utf8
[ sql ] [ SQL ] SHOW COLUMNS FROM `qs_downloadandroidfile` [ RunTime:0.000000s ]
[ sql ] [ SQL ] SELECT COUNT(*) AS tp_count FROM `qs_downloadandroidfile` LIMIT 1 [ RunTime:0.000000s ]
[ sql ] [ SQL ] SELECT * FROM `qs_downloadandroidfile` ORDER BY id asc LIMIT 0,12 [ RunTime:0.000000s ]
---------------------------------------------------------------
[ 2018-05-10T11:19:30+08:00 ] 172.24.189.12 114.242.248.96 GET /download/index/index.html
[ info ] 39.104.67.26:8901/download/index/index.html [运行时间：0.046875s][吞吐率：21.33req/s] [内存消耗：1,350.88kb] [文件加载：34]
[ info ] [ LANG ] C:\thinkphp\thinkphp\lang\zh-cn.php
[ info ] [ ROUTE ] array (
  'type' => 'module',
  'module' => 
  array (
    0 => 'download',
    1 => 'index',
    2 => 'index',
  ),
)
[ info ] [ HEADER ] array (
  'accept' => 'text/html, application/xhtml+xml, image/jxr, */*',
  'referer' => 'http://39.104.67.26:8901/download/index/android.html',
  'accept-language' => 'zh-CN',
  'user-agent' => 'Mozilla/5.0 (Windows NT 10.0; WOW64; Trident/7.0; rv:11.0) like Gecko',
  'accept-encoding' => 'gzip, deflate',
  'host' => '39.104.67.26:8901',
  'connection' => 'Keep-Alive',
  'cookie' => 'UM_distinctid=1634528325b12c-0d54fa1b61214c8-677b7726-1fa400-1634528325cc13; CNZZDATA155540=cnzz_eid%3D234670753-1525872362-http%253A%252F%252F39.104.67.26%253A8901%252F%26ntime%3D1525872362',
)
[ info ] [ PARAM ] array (
)
[ info ] [ RUN ] app\download\controller\Index->index[ C:\thinkphp\application\download\controller\Index.php ]
[ info ] [ VIEW ] C:\thinkphp/application/download\view\index\index.html [ array (
) ]
[ info ] [ LOG ] INIT File
---------------------------------------------------------------
[ 2018-05-10T11:19:34+08:00 ] 172.24.189.12 114.242.248.96 GET /download/index/windows.html
[ info ] 39.104.67.26:8901/download/index/windows.html [运行时间：0.046875s][吞吐率：21.33req/s] [内存消耗：2,195.00kb] [文件加载：44]
[ info ] [ LANG ] C:\thinkphp\thinkphp\lang\zh-cn.php
[ info ] [ ROUTE ] array (
  'type' => 'module',
  'module' => 
  array (
    0 => 'download',
    1 => 'index',
    2 => 'windows',
  ),
)
[ info ] [ HEADER ] array (
  'accept' => 'text/html, application/xhtml+xml, image/jxr, */*',
  'referer' => 'http://39.104.67.26:8901/download/index/index.html',
  'accept-language' => 'zh-CN',
  'user-agent' => 'Mozilla/5.0 (Windows NT 10.0; WOW64; Trident/7.0; rv:11.0) like Gecko',
  'accept-encoding' => 'gzip, deflate',
  'host' => '39.104.67.26:8901',
  'connection' => 'Keep-Alive',
  'cookie' => 'UM_distinctid=1634528325b12c-0d54fa1b61214c8-677b7726-1fa400-1634528325cc13; CNZZDATA155540=cnzz_eid%3D234670753-1525872362-http%253A%252F%252F39.104.67.26%253A8901%252F%26ntime%3D1525872362',
)
[ info ] [ PARAM ] array (
)
[ info ] [ RUN ] app\download\controller\Index->windows[ C:\thinkphp\application\download\controller\Index.php ]
[ info ] [ DB ] INIT mysql
[ info ] [ VIEW ] C:\thinkphp/application/download\view\index\windows.html [ array (
  0 => 'data',
) ]
[ info ] [ LOG ] INIT File
[ sql ] [ DB ] CONNECT:[ UseTime:0.000000s ] mysql:dbname=tp5;host=127.0.0.1;charset=utf8
[ sql ] [ SQL ] SHOW COLUMNS FROM `qs_downloadwindowsfile` [ RunTime:0.000000s ]
[ sql ] [ SQL ] SELECT COUNT(*) AS tp_count FROM `qs_downloadwindowsfile` LIMIT 1 [ RunTime:0.000000s ]
[ sql ] [ SQL ] SELECT * FROM `qs_downloadwindowsfile` ORDER BY id asc LIMIT 0,6 [ RunTime:0.000000s ]
---------------------------------------------------------------
[ 2018-05-10T11:26:20+08:00 ] 172.24.189.12 114.242.248.96 GET /download/index/index.html
[ info ] 39.104.67.26:8901/download/index/index.html [运行时间：0.031250s][吞吐率：32.00req/s] [内存消耗：1,503.73kb] [文件加载：36]
[ info ] [ LANG ] C:\thinkphp\thinkphp\lang\zh-cn.php
[ info ] [ ROUTE ] array (
  'type' => 'module',
  'module' => 
  array (
    0 => 'download',
    1 => 'index',
    2 => 'index',
  ),
)
[ info ] [ HEADER ] array (
  'accept' => 'text/html, application/xhtml+xml, image/jxr, */*',
  'referer' => 'http://39.104.67.26:8901/download/index/windows.html',
  'accept-language' => 'zh-CN',
  'user-agent' => 'Mozilla/5.0 (Windows NT 10.0; WOW64; Trident/7.0; rv:11.0) like Gecko',
  'accept-encoding' => 'gzip, deflate',
  'host' => '39.104.67.26:8901',
  'connection' => 'Keep-Alive',
  'cookie' => 'UM_distinctid=1634528325b12c-0d54fa1b61214c8-677b7726-1fa400-1634528325cc13; CNZZDATA155540=cnzz_eid%3D234670753-1525872362-http%253A%252F%252F39.104.67.26%253A8901%252F%26ntime%3D1525872362',
)
[ info ] [ PARAM ] array (
)
[ info ] [ RUN ] app\download\controller\Index->index[ C:\thinkphp\application\download\controller\Index.php ]
[ info ] [ VIEW ] C:\thinkphp/application/download\view\index\index.html [ array (
) ]
[ info ] [ LOG ] INIT File
---------------------------------------------------------------
[ 2018-05-10T11:27:03+08:00 ] 172.24.189.12 106.120.160.109 GET /download/index/index.html
[ info ] 39.104.67.26/download/index/index.html [运行时间：0.031250s][吞吐率：32.00req/s] [内存消耗：1,349.98kb] [文件加载：34]
[ info ] [ LANG ] C:\thinkphp\thinkphp\lang\zh-cn.php
[ info ] [ ROUTE ] array (
  'type' => 'module',
  'module' => 
  array (
    0 => 'download',
    1 => 'index',
    2 => 'index',
  ),
)
[ info ] [ HEADER ] array (
  'accept-encoding' => 'identity',
  'referer' => 'http://39.104.67.26:8901/download/index/index.html',
  'host' => '39.104.67.26',
  'accept-language' => 'zh-CN,zh;q=0.8',
  'connection' => 'close',
  'user-agent' => 'Mozilla/4.0 (compatible; MSIE 8.0; Windows NT 6.1; Trident/4.0; SLCC2; .NET CLR 2.0.50727; .NET CLR 3.5.30729; .NET CLR 3.0.30729; Media Center PC 6.0; Tablet PC 2.0)',
)
[ info ] [ PARAM ] array (
)
[ info ] [ RUN ] app\download\controller\Index->index[ C:\thinkphp\application\download\controller\Index.php ]
[ info ] [ VIEW ] C:\thinkphp/application/download\view\index\index.html [ array (
) ]
[ info ] [ LOG ] INIT File
---------------------------------------------------------------
[ 2018-05-10T11:28:21+08:00 ] 172.24.189.12 114.242.248.96 GET /download/index/index.html
[ info ] 39.104.67.26:8901/download/index/index.html [运行时间：0.031250s][吞吐率：32.00req/s] [内存消耗：1,503.79kb] [文件加载：36]
[ info ] [ LANG ] C:\thinkphp\thinkphp\lang\zh-cn.php
[ info ] [ ROUTE ] array (
  'type' => 'module',
  'module' => 
  array (
    0 => 'download',
    1 => 'index',
    2 => 'index',
  ),
)
[ info ] [ HEADER ] array (
  'accept' => 'text/html, application/xhtml+xml, image/jxr, */*',
  'referer' => 'http://39.104.67.26:8901/download/index/windows.html',
  'accept-language' => 'zh-CN',
  'user-agent' => 'Mozilla/5.0 (Windows NT 10.0; WOW64; Trident/7.0; rv:11.0) like Gecko',
  'accept-encoding' => 'gzip, deflate',
  'host' => '39.104.67.26:8901',
  'connection' => 'Keep-Alive',
  'cookie' => 'UM_distinctid=1634528325b12c-0d54fa1b61214c8-677b7726-1fa400-1634528325cc13; CNZZDATA155540=cnzz_eid%3D234670753-1525872362-http%253A%252F%252F39.104.67.26%253A8901%252F%26ntime%3D1525872362',
)
[ info ] [ PARAM ] array (
)
[ info ] [ RUN ] app\download\controller\Index->index[ C:\thinkphp\application\download\controller\Index.php ]
[ info ] [ VIEW ] C:\thinkphp/application/download\view\index\index.html [ array (
) ]
[ info ] [ LOG ] INIT File
---------------------------------------------------------------
[ 2018-05-10T11:28:25+08:00 ] 172.24.189.12 114.242.248.96 GET /download/index/index.html
[ info ] 39.104.67.26:8901/download/index/index.html [运行时间：0.031250s][吞吐率：32.00req/s] [内存消耗：1,350.88kb] [文件加载：34]
[ info ] [ LANG ] C:\thinkphp\thinkphp\lang\zh-cn.php
[ info ] [ ROUTE ] array (
  'type' => 'module',
  'module' => 
  array (
    0 => 'download',
    1 => 'index',
    2 => 'index',
  ),
)
[ info ] [ HEADER ] array (
  'accept' => 'text/html, application/xhtml+xml, image/jxr, */*',
  'referer' => 'http://39.104.67.26:8901/download/index/windows.html',
  'accept-language' => 'zh-CN',
  'user-agent' => 'Mozilla/5.0 (Windows NT 10.0; WOW64; Trident/7.0; rv:11.0) like Gecko',
  'accept-encoding' => 'gzip, deflate',
  'host' => '39.104.67.26:8901',
  'connection' => 'Keep-Alive',
  'cookie' => 'UM_distinctid=1634528325b12c-0d54fa1b61214c8-677b7726-1fa400-1634528325cc13; CNZZDATA155540=cnzz_eid%3D234670753-1525872362-http%253A%252F%252F39.104.67.26%253A8901%252F%26ntime%3D1525872362',
)
[ info ] [ PARAM ] array (
)
[ info ] [ RUN ] app\download\controller\Index->index[ C:\thinkphp\application\download\controller\Index.php ]
[ info ] [ VIEW ] C:\thinkphp/application/download\view\index\index.html [ array (
) ]
[ info ] [ LOG ] INIT File
---------------------------------------------------------------
[ 2018-05-10T11:29:10+08:00 ] 172.24.189.12 114.242.248.96 GET /download/index/index.html
[ info ] 39.104.67.26:8901/download/index/index.html [运行时间：0.031250s][吞吐率：32.00req/s] [内存消耗：1,350.88kb] [文件加载：34]
[ info ] [ LANG ] C:\thinkphp\thinkphp\lang\zh-cn.php
[ info ] [ ROUTE ] array (
  'type' => 'module',
  'module' => 
  array (
    0 => 'download',
    1 => 'index',
    2 => 'index',
  ),
)
[ info ] [ HEADER ] array (
  'accept' => 'text/html, application/xhtml+xml, image/jxr, */*',
  'referer' => 'http://39.104.67.26:8901/download/index/windows.html',
  'accept-language' => 'zh-CN',
  'user-agent' => 'Mozilla/5.0 (Windows NT 10.0; WOW64; Trident/7.0; rv:11.0) like Gecko',
  'accept-encoding' => 'gzip, deflate',
  'host' => '39.104.67.26:8901',
  'connection' => 'Keep-Alive',
  'cookie' => 'UM_distinctid=1634528325b12c-0d54fa1b61214c8-677b7726-1fa400-1634528325cc13; CNZZDATA155540=cnzz_eid%3D234670753-1525872362-http%253A%252F%252F39.104.67.26%253A8901%252F%26ntime%3D1525872362',
)
[ info ] [ PARAM ] array (
)
[ info ] [ RUN ] app\download\controller\Index->index[ C:\thinkphp\application\download\controller\Index.php ]
[ info ] [ VIEW ] C:\thinkphp/application/download\view\index\index.html [ array (
) ]
[ info ] [ LOG ] INIT File
---------------------------------------------------------------
[ 2018-05-10T11:29:17+08:00 ] 172.24.189.12 114.242.248.96 GET /download/index/index.html
[ info ] 39.104.67.26:8901/download/index/index.html [运行时间：0.015625s][吞吐率：64.00req/s] [内存消耗：1,350.88kb] [文件加载：34]
[ info ] [ LANG ] C:\thinkphp\thinkphp\lang\zh-cn.php
[ info ] [ ROUTE ] array (
  'type' => 'module',
  'module' => 
  array (
    0 => 'download',
    1 => 'index',
    2 => 'index',
  ),
)
[ info ] [ HEADER ] array (
  'accept' => 'text/html, application/xhtml+xml, image/jxr, */*',
  'referer' => 'http://39.104.67.26:8901/download/index/windows.html',
  'accept-language' => 'zh-CN',
  'user-agent' => 'Mozilla/5.0 (Windows NT 10.0; WOW64; Trident/7.0; rv:11.0) like Gecko',
  'accept-encoding' => 'gzip, deflate',
  'host' => '39.104.67.26:8901',
  'connection' => 'Keep-Alive',
  'cookie' => 'UM_distinctid=1634528325b12c-0d54fa1b61214c8-677b7726-1fa400-1634528325cc13; CNZZDATA155540=cnzz_eid%3D234670753-1525872362-http%253A%252F%252F39.104.67.26%253A8901%252F%26ntime%3D1525872362',
)
[ info ] [ PARAM ] array (
)
[ info ] [ RUN ] app\download\controller\Index->index[ C:\thinkphp\application\download\controller\Index.php ]
[ info ] [ VIEW ] C:\thinkphp/application/download\view\index\index.html [ array (
) ]
[ info ] [ LOG ] INIT File
---------------------------------------------------------------
[ 2018-05-10T11:29:23+08:00 ] 172.24.189.12 114.242.248.96 GET /
[ info ] 39.104.67.26:8901/ [运行时间：0.046875s][吞吐率：21.33req/s] [内存消耗：2,093.45kb] [文件加载：41]
[ info ] [ LANG ] C:\thinkphp\thinkphp\lang\zh-cn.php
[ info ] [ ROUTE ] array (
  'type' => 'module',
  'module' => 
  array (
    0 => '',
    1 => NULL,
    2 => NULL,
  ),
)
[ info ] [ HEADER ] array (
  'accept' => 'text/html, application/xhtml+xml, image/jxr, */*',
  'accept-language' => 'zh-CN',
  'user-agent' => 'Mozilla/5.0 (Windows NT 10.0; WOW64; Trident/7.0; rv:11.0) like Gecko',
  'accept-encoding' => 'gzip, deflate',
  'host' => '39.104.67.26:8901',
  'connection' => 'Keep-Alive',
  'cookie' => 'UM_distinctid=1634528325b12c-0d54fa1b61214c8-677b7726-1fa400-1634528325cc13; CNZZDATA155540=cnzz_eid%3D234670753-1525872362-http%253A%252F%252F39.104.67.26%253A8901%252F%26ntime%3D1525872362',
)
[ info ] [ PARAM ] array (
)
[ info ] [ RUN ] app\index\controller\Index->index[ C:\thinkphp\application\index\controller\Index.php ]
[ info ] [ DB ] INIT mysql
[ info ] [ VIEW ] C:\thinkphp/application/index\view\index\index.html [ array (
  0 => 'event',
) ]
[ info ] [ LOG ] INIT File
[ sql ] [ DB ] CONNECT:[ UseTime:0.000000s ] mysql:dbname=tp5;host=127.0.0.1;charset=utf8
[ sql ] [ SQL ] SHOW COLUMNS FROM `qs_event` [ RunTime:0.000000s ]
[ sql ] [ SQL ] SELECT * FROM `qs_event` ORDER BY id asc [ RunTime:0.000000s ]
---------------------------------------------------------------
[ 2018-05-10T11:29:28+08:00 ] 172.24.189.12 114.242.248.96 GET /download/index/windows.html
[ info ] 39.104.67.26:8901/download/index/windows.html [运行时间：0.062500s][吞吐率：16.00req/s] [内存消耗：2,347.00kb] [文件加载：46]
[ info ] [ LANG ] C:\thinkphp\thinkphp\lang\zh-cn.php
[ info ] [ ROUTE ] array (
  'type' => 'module',
  'module' => 
  array (
    0 => 'download',
    1 => 'index',
    2 => 'windows',
  ),
)
[ info ] [ HEADER ] array (
  'accept' => 'text/html, application/xhtml+xml, image/jxr, */*',
  'referer' => 'http://39.104.67.26:8901/',
  'accept-language' => 'zh-CN',
  'user-agent' => 'Mozilla/5.0 (Windows NT 10.0; WOW64; Trident/7.0; rv:11.0) like Gecko',
  'accept-encoding' => 'gzip, deflate',
  'host' => '39.104.67.26:8901',
  'connection' => 'Keep-Alive',
  'cookie' => 'UM_distinctid=1634528325b12c-0d54fa1b61214c8-677b7726-1fa400-1634528325cc13; CNZZDATA155540=cnzz_eid%3D234670753-1525872362-http%253A%252F%252F39.104.67.26%253A8901%252F%26ntime%3D1525872362',
)
[ info ] [ PARAM ] array (
)
[ info ] [ RUN ] app\download\controller\Index->windows[ C:\thinkphp\application\download\controller\Index.php ]
[ info ] [ DB ] INIT mysql
[ info ] [ VIEW ] C:\thinkphp/application/download\view\index\windows.html [ array (
  0 => 'data',
) ]
[ info ] [ LOG ] INIT File
[ sql ] [ DB ] CONNECT:[ UseTime:0.000000s ] mysql:dbname=tp5;host=127.0.0.1;charset=utf8
[ sql ] [ SQL ] SHOW COLUMNS FROM `qs_downloadwindowsfile` [ RunTime:0.000000s ]
[ sql ] [ SQL ] SELECT COUNT(*) AS tp_count FROM `qs_downloadwindowsfile` LIMIT 1 [ RunTime:0.000000s ]
[ sql ] [ SQL ] SELECT * FROM `qs_downloadwindowsfile` ORDER BY id asc LIMIT 0,6 [ RunTime:0.000000s ]
---------------------------------------------------------------
[ 2018-05-10T11:29:31+08:00 ] 172.24.189.12 114.242.248.96 GET /download/index/index.html
[ info ] 39.104.67.26:8901/download/index/index.html [运行时间：0.031250s][吞吐率：32.00req/s] [内存消耗：1,350.88kb] [文件加载：34]
[ info ] [ LANG ] C:\thinkphp\thinkphp\lang\zh-cn.php
[ info ] [ ROUTE ] array (
  'type' => 'module',
  'module' => 
  array (
    0 => 'download',
    1 => 'index',
    2 => 'index',
  ),
)
[ info ] [ HEADER ] array (
  'accept' => 'text/html, application/xhtml+xml, image/jxr, */*',
  'referer' => 'http://39.104.67.26:8901/download/index/windows.html',
  'accept-language' => 'zh-CN',
  'user-agent' => 'Mozilla/5.0 (Windows NT 10.0; WOW64; Trident/7.0; rv:11.0) like Gecko',
  'accept-encoding' => 'gzip, deflate',
  'host' => '39.104.67.26:8901',
  'connection' => 'Keep-Alive',
  'cookie' => 'UM_distinctid=1634528325b12c-0d54fa1b61214c8-677b7726-1fa400-1634528325cc13; CNZZDATA155540=cnzz_eid%3D234670753-1525872362-http%253A%252F%252F39.104.67.26%253A8901%252F%26ntime%3D1525872362',
)
[ info ] [ PARAM ] array (
)
[ info ] [ RUN ] app\download\controller\Index->index[ C:\thinkphp\application\download\controller\Index.php ]
[ info ] [ VIEW ] C:\thinkphp/application/download\view\index\index.html [ array (
) ]
[ info ] [ LOG ] INIT File
---------------------------------------------------------------
[ 2018-05-10T11:31:54+08:00 ] 172.24.189.12 114.242.248.96 GET /platform/show/adddevice
[ info ] 39.104.67.26:8901/platform/show/adddevice [运行时间：0.031250s][吞吐率：32.00req/s] [内存消耗：1,317.26kb] [文件加载：35]
[ info ] [ LANG ] C:\thinkphp\thinkphp\lang\zh-cn.php
[ info ] [ ROUTE ] array (
  'type' => 'module',
  'module' => 
  array (
    0 => 'platform',
    1 => 'show',
    2 => 'adddevice',
  ),
)
[ info ] [ HEADER ] array (
  'accept' => 'text/html, application/xhtml+xml, image/jxr, */*',
  'accept-language' => 'zh-CN',
  'user-agent' => 'Mozilla/5.0 (Windows NT 10.0; WOW64; Trident/7.0; rv:11.0) like Gecko',
  'accept-encoding' => 'gzip, deflate',
  'host' => '39.104.67.26:8901',
  'connection' => 'Keep-Alive',
  'cookie' => 'UM_distinctid=1634528325b12c-0d54fa1b61214c8-677b7726-1fa400-1634528325cc13; CNZZDATA155540=cnzz_eid%3D234670753-1525872362-http%253A%252F%252F39.104.67.26%253A8901%252F%26ntime%3D1525872362',
)
[ info ] [ PARAM ] array (
)
[ info ] [ LOG ] INIT File
---------------------------------------------------------------
[ 2018-05-10T11:31:59+08:00 ] 172.24.189.12 114.242.248.96 GET /platform/show/editsubmit2
[ info ] 39.104.67.26:8901/platform/show/editsubmit2 [运行时间：0.031250s][吞吐率：32.00req/s] [内存消耗：1,317.23kb] [文件加载：35]
[ info ] [ LANG ] C:\thinkphp\thinkphp\lang\zh-cn.php
[ info ] [ ROUTE ] array (
  'type' => 'module',
  'module' => 
  array (
    0 => 'platform',
    1 => 'show',
    2 => 'editsubmit2',
  ),
)
[ info ] [ HEADER ] array (
  'accept' => 'text/html, application/xhtml+xml, image/jxr, */*',
  'accept-language' => 'zh-CN',
  'user-agent' => 'Mozilla/5.0 (Windows NT 10.0; WOW64; Trident/7.0; rv:11.0) like Gecko',
  'accept-encoding' => 'gzip, deflate',
  'host' => '39.104.67.26:8901',
  'connection' => 'Keep-Alive',
  'cookie' => 'UM_distinctid=1634528325b12c-0d54fa1b61214c8-677b7726-1fa400-1634528325cc13; CNZZDATA155540=cnzz_eid%3D234670753-1525872362-http%253A%252F%252F39.104.67.26%253A8901%252F%26ntime%3D1525872362',
)
[ info ] [ PARAM ] array (
)
[ info ] [ LOG ] INIT File
---------------------------------------------------------------
[ 2018-05-10T11:32:01+08:00 ] 172.24.189.12 114.242.248.96 GET /
[ info ] 39.104.67.26:8901/ [运行时间：0.031250s][吞吐率：32.00req/s] [内存消耗：2,093.45kb] [文件加载：41]
[ info ] [ LANG ] C:\thinkphp\thinkphp\lang\zh-cn.php
[ info ] [ ROUTE ] array (
  'type' => 'module',
  'module' => 
  array (
    0 => '',
    1 => NULL,
    2 => NULL,
  ),
)
[ info ] [ HEADER ] array (
  'accept' => 'text/html, application/xhtml+xml, image/jxr, */*',
  'accept-language' => 'zh-CN',
  'user-agent' => 'Mozilla/5.0 (Windows NT 10.0; WOW64; Trident/7.0; rv:11.0) like Gecko',
  'accept-encoding' => 'gzip, deflate',
  'host' => '39.104.67.26:8901',
  'connection' => 'Keep-Alive',
  'cookie' => 'UM_distinctid=1634528325b12c-0d54fa1b61214c8-677b7726-1fa400-1634528325cc13; CNZZDATA155540=cnzz_eid%3D234670753-1525872362-http%253A%252F%252F39.104.67.26%253A8901%252F%26ntime%3D1525872362',
)
[ info ] [ PARAM ] array (
)
[ info ] [ RUN ] app\index\controller\Index->index[ C:\thinkphp\application\index\controller\Index.php ]
[ info ] [ DB ] INIT mysql
[ info ] [ VIEW ] C:\thinkphp/application/index\view\index\index.html [ array (
  0 => 'event',
) ]
[ info ] [ LOG ] INIT File
[ sql ] [ DB ] CONNECT:[ UseTime:0.000000s ] mysql:dbname=tp5;host=127.0.0.1;charset=utf8
[ sql ] [ SQL ] SHOW COLUMNS FROM `qs_event` [ RunTime:0.000000s ]
[ sql ] [ SQL ] SELECT * FROM `qs_event` ORDER BY id asc [ RunTime:0.000000s ]
---------------------------------------------------------------
[ 2018-05-10T11:34:53+08:00 ] 172.24.189.12 106.120.161.68 GET /
[ info ] 39.104.67.26/ [运行时间：0.062500s][吞吐率：16.00req/s] [内存消耗：2,092.87kb] [文件加载：41]
[ info ] [ LANG ] C:\thinkphp\thinkphp\lang\zh-cn.php
[ info ] [ ROUTE ] array (
  'type' => 'module',
  'module' => 
  array (
    0 => '',
    1 => NULL,
    2 => NULL,
  ),
)
[ info ] [ HEADER ] array (
  'accept-encoding' => 'identity',
  'referer' => 'http://39.104.67.26:8901/',
  'host' => '39.104.67.26',
  'accept-language' => 'zh-CN,zh;q=0.8',
  'connection' => 'close',
  'user-agent' => 'Mozilla/4.0 (compatible; MSIE 8.0; Windows NT 6.1; Trident/4.0; SLCC2; .NET CLR 2.0.50727; .NET CLR 3.5.30729; .NET CLR 3.0.30729; Media Center PC 6.0; Tablet PC 2.0)',
)
[ info ] [ PARAM ] array (
)
[ info ] [ RUN ] app\index\controller\Index->index[ C:\thinkphp\application\index\controller\Index.php ]
[ info ] [ DB ] INIT mysql
[ info ] [ VIEW ] C:\thinkphp/application/index\view\index\index.html [ array (
  0 => 'event',
) ]
[ info ] [ LOG ] INIT File
[ sql ] [ DB ] CONNECT:[ UseTime:0.000000s ] mysql:dbname=tp5;host=127.0.0.1;charset=utf8
[ sql ] [ SQL ] SHOW COLUMNS FROM `qs_event` [ RunTime:0.000000s ]
[ sql ] [ SQL ] SELECT * FROM `qs_event` ORDER BY id asc [ RunTime:0.000000s ]
---------------------------------------------------------------
[ 2018-05-10T11:41:24+08:00 ] 172.24.189.12 106.120.161.68 GET /platform/show/editsubmit2
[ info ] 39.104.67.26/platform/show/editsubmit2 [运行时间：0.343750s][吞吐率：2.91req/s] [内存消耗：1,316.67kb] [文件加载：35]
[ info ] [ LANG ] C:\thinkphp\thinkphp\lang\zh-cn.php
[ info ] [ ROUTE ] array (
  'type' => 'module',
  'module' => 
  array (
    0 => 'platform',
    1 => 'show',
    2 => 'editsubmit2',
  ),
)
[ info ] [ HEADER ] array (
  'accept-encoding' => 'identity',
  'referer' => 'http://39.104.67.26:8901/platform/show/editsubmit2',
  'host' => '39.104.67.26',
  'accept-language' => 'zh-CN,zh;q=0.8',
  'connection' => 'close',
  'user-agent' => 'Mozilla/4.0 (compatible; MSIE 8.0; Windows NT 6.1; Trident/4.0; SLCC2; .NET CLR 2.0.50727; .NET CLR 3.5.30729; .NET CLR 3.0.30729; Media Center PC 6.0; Tablet PC 2.0)',
)
[ info ] [ PARAM ] array (
)
[ info ] [ LOG ] INIT File
---------------------------------------------------------------
[ 2018-05-10T11:41:24+08:00 ] 172.24.189.12 182.118.20.151 GET /platform/show/editsubmit2
[ info ] 39.104.67.26:8901/platform/show/editsubmit2 [运行时间：0.031250s][吞吐率：32.00req/s] [内存消耗：1,317.17kb] [文件加载：35]
[ info ] [ LANG ] C:\thinkphp\thinkphp\lang\zh-cn.php
[ info ] [ ROUTE ] array (
  'type' => 'module',
  'module' => 
  array (
    0 => 'platform',
    1 => 'show',
    2 => 'editsubmit2',
  ),
)
[ info ] [ HEADER ] array (
  'accept-encoding' => 'identity',
  'referer' => 'http://39.104.67.26:8901/platform/show/editsubmit2',
  'host' => '39.104.67.26:8901',
  'accept-language' => 'zh-CN,zh;q=0.8',
  'user-agent' => 'Mozilla/4.0 (compatible; MSIE 8.0; Windows NT 6.1; Trident/4.0; SLCC2; .NET CLR 2.0.50727; .NET CLR 3.5.30729; .NET CLR 3.0.30729; Media Center PC 6.0; Tablet PC 2.0)',
  'x-forwarded-for' => 'unknown',
  'cache-control' => 'max-age=259200',
  'connection' => 'keep-alive',
)
[ info ] [ PARAM ] array (
)
[ info ] [ LOG ] INIT File
---------------------------------------------------------------
[ 2018-05-10T11:41:24+08:00 ] 172.24.189.12 182.118.20.151 GET /platform/show/editsubmit2
[ info ] 39.104.67.26:8901/platform/show/editsubmit2 [运行时间：0.031250s][吞吐率：32.00req/s] [内存消耗：1,317.16kb] [文件加载：35]
[ info ] [ LANG ] C:\thinkphp\thinkphp\lang\zh-cn.php
[ info ] [ ROUTE ] array (
  'type' => 'module',
  'module' => 
  array (
    0 => 'platform',
    1 => 'show',
    2 => 'editsubmit2',
  ),
)
[ info ] [ HEADER ] array (
  'accept-encoding' => 'identity',
  'referer' => 'http://39.104.67.26:8901/platform/show/editsubmit2',
  'host' => '39.104.67.26:8901',
  'accept-language' => 'zh-CN,zh;q=0.8',
  'user-agent' => 'Mozilla/4.0 (compatible; MSIE 8.0; Windows NT 6.1; Trident/4.0; SLCC2; .NET CLR 2.0.50727; .NET CLR 3.5.30729; .NET CLR 3.0.30729; Media Center PC 6.0; Tablet PC 2.0)',
  'x-forwarded-for' => 'unknown',
  'cache-control' => 'max-age=259200',
  'connection' => 'keep-alive',
)
[ info ] [ PARAM ] array (
)
[ info ] [ LOG ] INIT File
---------------------------------------------------------------
[ 2018-05-10T11:43:55+08:00 ] 172.24.189.12 101.199.108.50 GET /
[ info ] 39.104.67.26:8901/ [运行时间：0.296877s][吞吐率：3.37req/s] [内存消耗：2,121.92kb] [文件加载：45]
[ info ] [ LANG ] C:\thinkphp\thinkphp\lang\zh-cn.php
[ info ] [ ROUTE ] array (
  'type' => 'module',
  'module' => 
  array (
    0 => '',
    1 => NULL,
    2 => NULL,
  ),
)
[ info ] [ HEADER ] array (
  'host' => '39.104.67.26:8901',
  'connection' => 'keep-alive',
  'accept-language' => 'zh-CN,zh;q=0.8',
  'user-agent' => 'Mozilla/5.0 (Windows NT 6.1) AppleWebKit/537.36 (KHTML, like Gecko) Chrome/36.0.1985.125 Safari/537.36',
  'accept' => 'text/html,application/xhtml+xml,application/xml;q=0.9,*/*;q=0.8',
  'accept-encoding' => 'gzip,deflate',
  'accept-charset' => 'iso-8859-1,*,utf-8',
)
[ info ] [ PARAM ] array (
)
[ info ] [ RUN ] app\index\controller\Index->index[ C:\thinkphp\application\index\controller\Index.php ]
[ info ] [ DB ] INIT mysql
[ info ] [ VIEW ] C:\thinkphp/application/index\view\index\index.html [ array (
  0 => 'event',
) ]
[ info ] [ LOG ] INIT File
[ sql ] [ DB ] CONNECT:[ UseTime:0.000000s ] mysql:dbname=tp5;host=127.0.0.1;charset=utf8
[ sql ] [ SQL ] SHOW COLUMNS FROM `qs_event` [ RunTime:0.000000s ]
[ sql ] [ SQL ] SELECT * FROM `qs_event` ORDER BY id asc [ RunTime:0.000000s ]
[ error ] [4]语法错误: unexpected '}'[:1]
---------------------------------------------------------------
[ 2018-05-10T11:45:30+08:00 ] 172.24.189.12 101.199.108.50 GET /download/index/index.html
[ info ] 39.104.67.26:8901/download/index/index.html [运行时间：0.046876s][吞吐率：21.33req/s] [内存消耗：1,394.35kb] [文件加载：38]
[ info ] [ LANG ] C:\thinkphp\thinkphp\lang\zh-cn.php
[ info ] [ ROUTE ] array (
  'type' => 'module',
  'module' => 
  array (
    0 => 'download',
    1 => 'index',
    2 => 'index',
  ),
)
[ info ] [ HEADER ] array (
  'host' => '39.104.67.26:8901',
  'connection' => 'keep-alive',
  'accept-language' => 'zh-CN,zh;q=0.8',
  'user-agent' => 'Mozilla/5.0 (Windows NT 6.1) AppleWebKit/537.36 (KHTML, like Gecko) Chrome/36.0.1985.125 Safari/537.36',
  'accept' => 'text/html,application/xhtml+xml,application/xml;q=0.9,*/*;q=0.8',
  'accept-encoding' => 'gzip,deflate',
  'accept-charset' => 'iso-8859-1,*,utf-8',
)
[ info ] [ PARAM ] array (
)
[ info ] [ RUN ] app\download\controller\Index->index[ C:\thinkphp\application\download\controller\Index.php ]
[ info ] [ VIEW ] C:\thinkphp/application/download\view\index\index.html [ array (
) ]
[ info ] [ LOG ] INIT File
[ error ] [4]语法错误: unexpected '}'[:1]
---------------------------------------------------------------
[ 2018-05-10T11:46:06+08:00 ] 172.24.189.12 210.209.70.54 GET /download/index/index.html
[ info ] 39.104.67.26:8901/download/index/index.html [运行时间：0.031250s][吞吐率：32.00req/s] [内存消耗：1,394.48kb] [文件加载：38]
[ info ] [ LANG ] C:\thinkphp\thinkphp\lang\zh-cn.php
[ info ] [ ROUTE ] array (
  'type' => 'module',
  'module' => 
  array (
    0 => 'download',
    1 => 'index',
    2 => 'index',
  ),
)
[ info ] [ HEADER ] array (
  'host' => '39.104.67.26:8901',
  'accept-language' => 'zh-CN,zh;q=0.8',
  'user-agent' => 'Mozilla/5.0 (Windows NT 6.1) AppleWebKit/537.36 (KHTML, like Gecko) Chrome/36.0.1985.125 Safari/537.36',
  'accept' => 'text/html,application/xhtml+xml,application/xml;q=0.9,*/*;q=0.8',
  'accept-encoding' => 'gzip,deflate',
  'accept-charset' => 'iso-8859-1,*,utf-8',
  'cache-control' => 'max-age=259200',
  'connection' => 'keep-alive',
)
[ info ] [ PARAM ] array (
)
[ info ] [ RUN ] app\download\controller\Index->index[ C:\thinkphp\application\download\controller\Index.php ]
[ info ] [ VIEW ] C:\thinkphp/application/download\view\index\index.html [ array (
) ]
[ info ] [ LOG ] INIT File
[ error ] [4]语法错误: unexpected '}'[:1]
---------------------------------------------------------------
[ 2018-05-10T11:46:59+08:00 ] 172.24.189.12 106.120.161.68 GET /download/index/index.html
[ info ] 39.104.67.26/download/index/index.html [运行时间：0.031250s][吞吐率：32.00req/s] [内存消耗：1,349.98kb] [文件加载：34]
[ info ] [ LANG ] C:\thinkphp\thinkphp\lang\zh-cn.php
[ info ] [ ROUTE ] array (
  'type' => 'module',
  'module' => 
  array (
    0 => 'download',
    1 => 'index',
    2 => 'index',
  ),
)
[ info ] [ HEADER ] array (
  'accept-encoding' => 'identity',
  'referer' => 'http://39.104.67.26:8901/download/index/index.html',
  'host' => '39.104.67.26',
  'accept-language' => 'zh-CN,zh;q=0.8',
  'connection' => 'close',
  'user-agent' => 'Mozilla/4.0 (compatible; MSIE 8.0; Windows NT 6.1; Trident/4.0; SLCC2; .NET CLR 2.0.50727; .NET CLR 3.5.30729; .NET CLR 3.0.30729; Media Center PC 6.0; Tablet PC 2.0)',
)
[ info ] [ PARAM ] array (
)
[ info ] [ RUN ] app\download\controller\Index->index[ C:\thinkphp\application\download\controller\Index.php ]
[ info ] [ VIEW ] C:\thinkphp/application/download\view\index\index.html [ array (
) ]
[ info ] [ LOG ] INIT File
---------------------------------------------------------------
[ 2018-05-10T11:47:55+08:00 ] 172.24.189.12 106.120.161.68 GET /
[ info ] 39.104.67.26/ [运行时间：0.062501s][吞吐率：16.00req/s] [内存消耗：2,092.88kb] [文件加载：41]
[ info ] [ LANG ] C:\thinkphp\thinkphp\lang\zh-cn.php
[ info ] [ ROUTE ] array (
  'type' => 'module',
  'module' => 
  array (
    0 => '',
    1 => NULL,
    2 => NULL,
  ),
)
[ info ] [ HEADER ] array (
  'accept-encoding' => 'identity',
  'referer' => 'http://39.104.67.26:8901/',
  'host' => '39.104.67.26',
  'accept-language' => 'zh-CN,zh;q=0.8',
  'connection' => 'close',
  'user-agent' => 'Mozilla/4.0 (compatible; MSIE 8.0; Windows NT 6.1; Trident/4.0; SLCC2; .NET CLR 2.0.50727; .NET CLR 3.5.30729; .NET CLR 3.0.30729; Media Center PC 6.0; Tablet PC 2.0)',
)
[ info ] [ PARAM ] array (
)
[ info ] [ RUN ] app\index\controller\Index->index[ C:\thinkphp\application\index\controller\Index.php ]
[ info ] [ DB ] INIT mysql
[ info ] [ VIEW ] C:\thinkphp/application/index\view\index\index.html [ array (
  0 => 'event',
) ]
[ info ] [ LOG ] INIT File
[ sql ] [ DB ] CONNECT:[ UseTime:0.000000s ] mysql:dbname=tp5;host=127.0.0.1;charset=utf8
[ sql ] [ SQL ] SHOW COLUMNS FROM `qs_event` [ RunTime:0.000000s ]
[ sql ] [ SQL ] SELECT * FROM `qs_event` ORDER BY id asc [ RunTime:0.000000s ]
---------------------------------------------------------------
[ 2018-05-10T11:47:56+08:00 ] 172.24.189.12 220.181.132.191 GET /platform/show/editsubmit2
[ info ] 39.104.67.26:8901/platform/show/editsubmit2 [运行时间：0.031250s][吞吐率：32.00req/s] [内存消耗：1,341.16kb] [文件加载：37]
[ info ] [ LANG ] C:\thinkphp\thinkphp\lang\zh-cn.php
[ info ] [ ROUTE ] array (
  'type' => 'module',
  'module' => 
  array (
    0 => 'platform',
    1 => 'show',
    2 => 'editsubmit2',
  ),
)
[ info ] [ HEADER ] array (
  'host' => '39.104.67.26:8901',
  'connection' => 'keep-alive',
  'accept-language' => 'zh-CN,zh;q=0.8',
  'user-agent' => 'Mozilla/5.0 (Windows NT 6.1) AppleWebKit/537.36 (KHTML, like Gecko) Chrome/36.0.1985.125 Safari/537.36',
  'accept' => 'text/html,application/xhtml+xml,application/xml;q=0.9,*/*;q=0.8',
  'accept-encoding' => 'gzip,deflate',
  'accept-charset' => 'iso-8859-1,*,utf-8',
)
[ info ] [ PARAM ] array (
)
[ info ] [ LOG ] INIT File
[ error ] [4]语法错误: unexpected '}'[:1]
---------------------------------------------------------------
[ 2018-05-10T11:47:56+08:00 ] 172.24.189.12 220.181.132.191 GET /platform/show/editsubmit2
[ info ] 39.104.67.26:8901/platform/show/editsubmit2 [运行时间：0.031250s][吞吐率：32.00req/s] [内存消耗：1,341.35kb] [文件加载：37]
[ info ] [ LANG ] C:\thinkphp\thinkphp\lang\zh-cn.php
[ info ] [ ROUTE ] array (
  'type' => 'module',
  'module' => 
  array (
    0 => 'platform',
    1 => 'show',
    2 => 'editsubmit2',
  ),
)
[ info ] [ HEADER ] array (
  'host' => '39.104.67.26:8901',
  'connection' => 'keep-alive',
  'cache-control' => 'max-age=0',
  'accept-language' => 'zh-CN,zh;q=0.8',
  'user-agent' => 'Mozilla/5.0 (Windows NT 6.1) AppleWebKit/537.36 (KHTML, like Gecko) Chrome/36.0.1985.125 Safari/537.36',
  'accept' => 'text/html,application/xhtml+xml,application/xml;q=0.9,*/*;q=0.8',
  'accept-encoding' => 'gzip,deflate',
  'accept-charset' => 'iso-8859-1,*,utf-8',
)
[ info ] [ PARAM ] array (
)
[ info ] [ LOG ] INIT File
[ error ] [4]语法错误: unexpected '}'[:1]
---------------------------------------------------------------
[ 2018-05-10T11:51:29+08:00 ] 172.24.189.12 101.199.108.120 GET /platform/show/adddevice
[ info ] 39.104.67.26:8901/platform/show/adddevice [运行时间：0.031250s][吞吐率：32.00req/s] [内存消耗：1,341.10kb] [文件加载：37]
[ info ] [ LANG ] C:\thinkphp\thinkphp\lang\zh-cn.php
[ info ] [ ROUTE ] array (
  'type' => 'module',
  'module' => 
  array (
    0 => 'platform',
    1 => 'show',
    2 => 'adddevice',
  ),
)
[ info ] [ HEADER ] array (
  'host' => '39.104.67.26:8901',
  'connection' => 'keep-alive',
  'accept-language' => 'zh-CN,zh;q=0.8',
  'user-agent' => 'Mozilla/5.0 (Windows NT 6.1) AppleWebKit/537.36 (KHTML, like Gecko) Chrome/36.0.1985.125 Safari/537.36',
  'accept' => 'text/html,application/xhtml+xml,application/xml;q=0.9,*/*;q=0.8',
  'accept-encoding' => 'gzip,deflate',
  'accept-charset' => 'iso-8859-1,*,utf-8',
)
[ info ] [ PARAM ] array (
)
[ info ] [ LOG ] INIT File
[ error ] [4]语法错误: unexpected '}'[:1]
---------------------------------------------------------------
[ 2018-05-10T11:51:29+08:00 ] 172.24.189.12 182.118.20.149 GET /platform/show/adddevice
[ info ] 39.104.67.26:8901/platform/show/adddevice [运行时间：0.031250s][吞吐率：32.00req/s] [内存消耗：1,341.56kb] [文件加载：37]
[ info ] [ LANG ] C:\thinkphp\thinkphp\lang\zh-cn.php
[ info ] [ ROUTE ] array (
  'type' => 'module',
  'module' => 
  array (
    0 => 'platform',
    1 => 'show',
    2 => 'adddevice',
  ),
)
[ info ] [ HEADER ] array (
  'host' => '39.104.67.26:8901',
  'accept-language' => 'zh-CN,zh;q=0.8',
  'user-agent' => 'Mozilla/5.0 (Windows NT 6.1) AppleWebKit/537.36 (KHTML, like Gecko) Chrome/36.0.1985.125 Safari/537.36',
  'accept' => 'text/html,application/xhtml+xml,application/xml;q=0.9,*/*;q=0.8',
  'accept-encoding' => 'gzip,deflate',
  'accept-charset' => 'iso-8859-1,*,utf-8',
  'x-forwarded-for' => 'unknown',
  'cache-control' => 'max-age=0',
  'connection' => 'keep-alive',
)
[ info ] [ PARAM ] array (
)
[ info ] [ LOG ] INIT File
[ error ] [4]语法错误: unexpected '}'[:1]
---------------------------------------------------------------
[ 2018-05-10T11:51:32+08:00 ] 172.24.189.12 113.10.156.150 GET /platform/show/adddevice
[ info ] 39.104.67.26:8901/platform/show/adddevice [运行时间：0.031250s][吞吐率：32.00req/s] [内存消耗：1,341.31kb] [文件加载：37]
[ info ] [ LANG ] C:\thinkphp\thinkphp\lang\zh-cn.php
[ info ] [ ROUTE ] array (
  'type' => 'module',
  'module' => 
  array (
    0 => 'platform',
    1 => 'show',
    2 => 'adddevice',
  ),
)
[ info ] [ HEADER ] array (
  'host' => '39.104.67.26:8901',
  'accept-language' => 'zh-CN,zh;q=0.8',
  'user-agent' => 'Mozilla/5.0 (Windows NT 6.1) AppleWebKit/537.36 (KHTML, like Gecko) Chrome/36.0.1985.125 Safari/537.36',
  'accept' => 'text/html,application/xhtml+xml,application/xml;q=0.9,*/*;q=0.8',
  'accept-encoding' => 'gzip,deflate',
  'accept-charset' => 'iso-8859-1,*,utf-8',
  'cache-control' => 'max-age=259200',
  'connection' => 'keep-alive',
)
[ info ] [ PARAM ] array (
)
[ info ] [ LOG ] INIT File
[ error ] [4]语法错误: unexpected '}'[:1]
---------------------------------------------------------------
[ 2018-05-10T11:51:33+08:00 ] 172.24.189.12 182.118.20.149 GET /platform/show/adddevice
[ info ] 39.104.67.26:8901/platform/show/adddevice [运行时间：0.031251s][吞吐率：32.00req/s] [内存消耗：1,341.56kb] [文件加载：37]
[ info ] [ LANG ] C:\thinkphp\thinkphp\lang\zh-cn.php
[ info ] [ ROUTE ] array (
  'type' => 'module',
  'module' => 
  array (
    0 => 'platform',
    1 => 'show',
    2 => 'adddevice',
  ),
)
[ info ] [ HEADER ] array (
  'host' => '39.104.67.26:8901',
  'accept-language' => 'zh-CN,zh;q=0.8',
  'user-agent' => 'Mozilla/5.0 (Windows NT 6.1) AppleWebKit/537.36 (KHTML, like Gecko) Chrome/36.0.1985.125 Safari/537.36',
  'accept' => 'text/html,application/xhtml+xml,application/xml;q=0.9,*/*;q=0.8',
  'accept-encoding' => 'gzip,deflate',
  'accept-charset' => 'iso-8859-1,*,utf-8',
  'x-forwarded-for' => 'unknown',
  'cache-control' => 'max-age=0',
  'connection' => 'keep-alive',
)
[ info ] [ PARAM ] array (
)
[ info ] [ LOG ] INIT File
[ error ] [4]语法错误: unexpected '}'[:1]
---------------------------------------------------------------
[ 2018-05-10T12:01:07+08:00 ] 172.24.189.12 101.199.108.54 GET /download/index/index.html
[ info ] 39.104.67.26:8901/download/index/index.html [运行时间：0.031250s][吞吐率：32.00req/s] [内存消耗：1,394.35kb] [文件加载：38]
[ info ] [ LANG ] C:\thinkphp\thinkphp\lang\zh-cn.php
[ info ] [ ROUTE ] array (
  'type' => 'module',
  'module' => 
  array (
    0 => 'download',
    1 => 'index',
    2 => 'index',
  ),
)
[ info ] [ HEADER ] array (
  'host' => '39.104.67.26:8901',
  'connection' => 'keep-alive',
  'accept-language' => 'zh-CN,zh;q=0.8',
  'user-agent' => 'Mozilla/5.0 (Windows NT 6.1) AppleWebKit/537.36 (KHTML, like Gecko) Chrome/36.0.1985.125 Safari/537.36',
  'accept' => 'text/html,application/xhtml+xml,application/xml;q=0.9,*/*;q=0.8',
  'accept-encoding' => 'gzip,deflate',
  'accept-charset' => 'iso-8859-1,*,utf-8',
)
[ info ] [ PARAM ] array (
)
[ info ] [ RUN ] app\download\controller\Index->index[ C:\thinkphp\application\download\controller\Index.php ]
[ info ] [ VIEW ] C:\thinkphp/application/download\view\index\index.html [ array (
) ]
[ info ] [ LOG ] INIT File
[ error ] [4]语法错误: unexpected '}'[:1]
---------------------------------------------------------------
[ 2018-05-10T12:01:08+08:00 ] 172.24.189.12 106.120.161.68 GET /download/index/android.html
[ info ] 39.104.67.26/download/index/android.html [运行时间：0.234376s][吞吐率：4.27req/s] [内存消耗：2,337.49kb] [文件加载：46]
[ info ] [ LANG ] C:\thinkphp\thinkphp\lang\zh-cn.php
[ info ] [ ROUTE ] array (
  'type' => 'module',
  'module' => 
  array (
    0 => 'download',
    1 => 'index',
    2 => 'android',
  ),
)
[ info ] [ HEADER ] array (
  'accept-encoding' => 'identity',
  'referer' => 'http://39.104.67.26:8901/download/index/android.html',
  'host' => '39.104.67.26',
  'accept-language' => 'zh-CN,zh;q=0.8',
  'connection' => 'close',
  'user-agent' => 'Mozilla/4.0 (compatible; MSIE 8.0; Windows NT 6.1; Trident/4.0; SLCC2; .NET CLR 2.0.50727; .NET CLR 3.5.30729; .NET CLR 3.0.30729; Media Center PC 6.0; Tablet PC 2.0)',
)
[ info ] [ PARAM ] array (
)
[ info ] [ RUN ] app\download\controller\Index->android[ C:\thinkphp\application\download\controller\Index.php ]
[ info ] [ DB ] INIT mysql
[ info ] [ VIEW ] C:\thinkphp/application/download\view\index\android.html [ array (
  0 => 'data',
) ]
[ info ] [ LOG ] INIT File
[ sql ] [ DB ] CONNECT:[ UseTime:0.015625s ] mysql:dbname=tp5;host=127.0.0.1;charset=utf8
[ sql ] [ SQL ] SHOW COLUMNS FROM `qs_downloadandroidfile` [ RunTime:0.000000s ]
[ sql ] [ SQL ] SELECT COUNT(*) AS tp_count FROM `qs_downloadandroidfile` LIMIT 1 [ RunTime:0.000000s ]
[ sql ] [ SQL ] SELECT * FROM `qs_downloadandroidfile` ORDER BY id asc LIMIT 0,12 [ RunTime:0.000000s ]
---------------------------------------------------------------
[ 2018-05-10T12:01:35+08:00 ] 172.24.189.12 113.10.190.222 GET /download/index/index.html
[ info ] 39.104.67.26:8901/download/index/index.html [运行时间：0.031250s][吞吐率：32.00req/s] [内存消耗：1,398.30kb] [文件加载：38]
[ info ] [ LANG ] C:\thinkphp\thinkphp\lang\zh-cn.php
[ info ] [ ROUTE ] array (
  'type' => 'module',
  'module' => 
  array (
    0 => 'download',
    1 => 'index',
    2 => 'index',
  ),
)
[ info ] [ HEADER ] array (
  'host' => '39.104.67.26:8901',
  'accept-language' => 'zh-CN,zh;q=0.8',
  'user-agent' => 'Mozilla/5.0 (Windows NT 6.1) AppleWebKit/537.36 (KHTML, like Gecko) Chrome/36.0.1985.125 Safari/537.36',
  'accept' => 'text/html,application/xhtml+xml,application/xml;q=0.9,*/*;q=0.8',
  'accept-encoding' => 'gzip,deflate',
  'accept-charset' => 'iso-8859-1,*,utf-8',
  'cache-control' => 'max-age=259200',
  'connection' => 'keep-alive',
)
[ info ] [ PARAM ] array (
)
[ info ] [ RUN ] app\download\controller\Index->index[ C:\thinkphp\application\download\controller\Index.php ]
[ info ] [ VIEW ] C:\thinkphp/application/download\view\index\index.html [ array (
) ]
[ info ] [ LOG ] INIT File
[ error ] [4]语法错误: unexpected '}'[xTnF~Hh%iRW8ƃ2?v=ԇHbRߠHa.g]&NP|}rۍ{7?\'w7r{7N_t:y~:L7!bXltVcS.<otl(iSCk[2aJYCr2RZeX2K=FKD^bk4%[ǝ kMMC_o}iWG+]K%N<ʯVcy-uE3Csx_l5E9yѬ
Ξ)y]⥐p<CS4KT[|T8gVRE=Oa؛3ˈBIiw_:kװ7m)⽷C[H{G Q5؃)(Z
cF;8x2bnԈkNɡ`q6Y+GTd
KxYsಳG6R}KK"!p0mAbܫDԗ1x̆C<~أ81x.^x%-R49#ht;4XY1$XW(s3/|gX CnֻH0/ןh:W=wYb8[TȚݠ吋eW7~*>5O)Thm@/Јnk߫\Nb>YLGs+E[HF<ow7ݮ4L<`XE~{9@-x>j~/{|
8C~Í[1hҬRƞؐlsݡr5f8q/	:J~nyS4/{wҏ:5/AnA?Z()ߏlP~\x]kNnoQ:1]
---------------------------------------------------------------
[ 2018-05-10T12:04:47+08:00 ] 172.24.189.12 106.120.160.109 GET /newdata/user/index.html
[ info ] 39.104.67.26/newdata/user/index.html [运行时间：0.328127s][吞吐率：3.05req/s] [内存消耗：1,303.77kb] [文件加载：33]
[ info ] [ LANG ] C:\thinkphp\thinkphp\lang\zh-cn.php
[ info ] [ ROUTE ] array (
  'type' => 'module',
  'module' => 
  array (
    0 => 'newdata',
    1 => 'user',
    2 => 'index',
  ),
)
[ info ] [ HEADER ] array (
  'accept-encoding' => 'identity',
  'referer' => 'http://39.104.67.26:8901/newdata/user/index.html',
  'host' => '39.104.67.26',
  'accept-language' => 'zh-CN,zh;q=0.8',
  'connection' => 'close',
  'user-agent' => 'Mozilla/4.0 (compatible; MSIE 8.0; Windows NT 6.1; Trident/4.0; SLCC2; .NET CLR 2.0.50727; .NET CLR 3.5.30729; .NET CLR 3.0.30729; Media Center PC 6.0; Tablet PC 2.0)',
)
[ info ] [ PARAM ] array (
)
[ info ] [ RUN ] app\newdata\controller\User->index[ C:\thinkphp\application\newdata\controller\User.php ]
[ info ] [ VIEW ] C:\thinkphp/application/newdata\view\user\login.html [ array (
) ]
[ info ] [ SESSION ] INIT array (
  'id' => '',
  'var_session_id' => '',
  'prefix' => 'think',
  'type' => '',
  'auto_start' => true,
)
[ info ] [ LOG ] INIT File
---------------------------------------------------------------
[ 2018-05-10T12:06:34+08:00 ] 172.24.189.12 106.120.161.68 GET /download/index/index.html
[ info ] 39.104.67.26/download/index/index.html [运行时间：0.031250s][吞吐率：32.00req/s] [内存消耗：1,350.09kb] [文件加载：34]
[ info ] [ LANG ] C:\thinkphp\thinkphp\lang\zh-cn.php
[ info ] [ ROUTE ] array (
  'type' => 'module',
  'module' => 
  array (
    0 => 'download',
    1 => 'index',
    2 => 'index',
  ),
)
[ info ] [ HEADER ] array (
  'accept-encoding' => 'identity',
  'referer' => 'http://39.104.67.26:8901/download/index/index.html#.',
  'host' => '39.104.67.26',
  'accept-language' => 'zh-CN,zh;q=0.8',
  'connection' => 'close',
  'user-agent' => 'Mozilla/4.0 (compatible; MSIE 8.0; Windows NT 6.1; Trident/4.0; SLCC2; .NET CLR 2.0.50727; .NET CLR 3.5.30729; .NET CLR 3.0.30729; Media Center PC 6.0; Tablet PC 2.0)',
)
[ info ] [ PARAM ] array (
)
[ info ] [ RUN ] app\download\controller\Index->index[ C:\thinkphp\application\download\controller\Index.php ]
[ info ] [ VIEW ] C:\thinkphp/application/download\view\index\index.html [ array (
) ]
[ info ] [ LOG ] INIT File
---------------------------------------------------------------
[ 2018-05-10T12:19:10+08:00 ] 172.24.189.12 101.199.108.58 GET /
[ info ] 39.104.67.26:8901/ [运行时间：0.062501s][吞吐率：16.00req/s] [内存消耗：2,124.05kb] [文件加载：45]
[ info ] [ LANG ] C:\thinkphp\thinkphp\lang\zh-cn.php
[ info ] [ ROUTE ] array (
  'type' => 'module',
  'module' => 
  array (
    0 => '',
    1 => NULL,
    2 => NULL,
  ),
)
[ info ] [ HEADER ] array (
  'host' => '39.104.67.26:8901',
  'connection' => 'keep-alive',
  'accept-language' => 'zh-CN,zh;q=0.8',
  'user-agent' => 'Mozilla/5.0 (Windows NT 6.1) AppleWebKit/537.36 (KHTML, like Gecko) Chrome/36.0.1985.125 Safari/537.36',
  'accept' => 'text/html,application/xhtml+xml,application/xml;q=0.9,*/*;q=0.8',
  'accept-encoding' => 'gzip,deflate',
  'accept-charset' => 'iso-8859-1,*,utf-8',
)
[ info ] [ PARAM ] array (
)
[ info ] [ RUN ] app\index\controller\Index->index[ C:\thinkphp\application\index\controller\Index.php ]
[ info ] [ DB ] INIT mysql
[ info ] [ VIEW ] C:\thinkphp/application/index\view\index\index.html [ array (
  0 => 'event',
) ]
[ info ] [ LOG ] INIT File
[ sql ] [ DB ] CONNECT:[ UseTime:0.000000s ] mysql:dbname=tp5;host=127.0.0.1;charset=utf8
[ sql ] [ SQL ] SHOW COLUMNS FROM `qs_event` [ RunTime:0.000000s ]
[ sql ] [ SQL ] SELECT * FROM `qs_event` ORDER BY id asc [ RunTime:0.000000s ]
[ error ] [4]语法错误: unexpected '}'[xTnF~Hh%iRW8ƃ2?v=ԇHbRߠHa.g]&NP|}rۍ{7?\'w7r{7N_t:y~:L7!bXltVcS.<otl(iSCk[2aJYCr2RZeX2K=FKD^bk4%[ǝ kMMC_o}iWG+]K%N<ʯVcy-uE3Csx_l5E9yѬ
Ξ)y]⥐p<CS4KT[|T8gVRE=Oa؛3ˈBIiw_:kװ7m)⽷C[H{G Q5؃)(Z
cF;8x2bnԈkNɡ`q6Y+GTd
KxYsಳG6R}KK"!p0mAbZ :1]
---------------------------------------------------------------
[ 2018-05-10T12:19:44+08:00 ] 172.24.189.12 220.181.132.200 GET /newdata/user/index.html
[ info ] 39.104.67.26:8901/newdata/user/index.html [运行时间：0.031250s][吞吐率：32.00req/s] [内存消耗：1,350.20kb] [文件加载：37]
[ info ] [ LANG ] C:\thinkphp\thinkphp\lang\zh-cn.php
[ info ] [ ROUTE ] array (
  'type' => 'module',
  'module' => 
  array (
    0 => 'newdata',
    1 => 'user',
    2 => 'index',
  ),
)
[ info ] [ HEADER ] array (
  'host' => '39.104.67.26:8901',
  'connection' => 'keep-alive',
  'accept-language' => 'zh-CN,zh;q=0.8',
  'user-agent' => 'Mozilla/5.0 (Windows NT 6.1) AppleWebKit/537.36 (KHTML, like Gecko) Chrome/36.0.1985.125 Safari/537.36',
  'accept' => 'text/html,application/xhtml+xml,application/xml;q=0.9,*/*;q=0.8',
  'accept-encoding' => 'gzip,deflate',
  'accept-charset' => 'iso-8859-1,*,utf-8',
)
[ info ] [ PARAM ] array (
)
[ info ] [ RUN ] app\newdata\controller\User->index[ C:\thinkphp\application\newdata\controller\User.php ]
[ info ] [ VIEW ] C:\thinkphp/application/newdata\view\user\login.html [ array (
) ]
[ info ] [ SESSION ] INIT array (
  'id' => '',
  'var_session_id' => '',
  'prefix' => 'think',
  'type' => '',
  'auto_start' => true,
)
[ info ] [ LOG ] INIT File
[ error ] [4]语法错误: unexpected '}'[xTnF~Hh%iRW8ƃ2?v=ԇHbRߠHa.g]&NP|}rۍ{7?\'w7r{7N_t:y~:L7!bXltVcS.<otl(iSCk[2aJYCr2RZeX2K=FKD^bk4%[ǝ kMMC_o}iWG+]K%N<ʯVcy-uE3Csx_l5E9yѬ
Ξ)y]⥐p<CS4KT[|T8gVRE=Oa؛3ˈBIiw_:kװ7m)⽷C[H{G Q5؃)(Z
cF;8x2bnԈkNɡ`q6Y+GTd
KxYsಳG6R}KK"!p0mAbZ :1]
