---------------------------------------------------------------
[ 2018-05-13T21:09:05+08:00 ] 172.24.189.12 114.242.248.171 GET /
[ info ] 39.104.67.26:8901/ [运行时间：0.031250s][吞吐率：32.00req/s] [内存消耗：2,093.50kb] [文件加载：41]
[ info ] [ LANG ] C:\thinkphp\thinkphp\lang\zh-cn.php
[ info ] [ ROUTE ] array (
  'type' => 'module',
  'module' => 
  array (
    0 => '',
    1 => NULL,
    2 => NULL,
  ),
)
[ info ] [ HEADER ] array (
  'accept' => 'text/html, application/xhtml+xml, image/jxr, */*',
  'accept-language' => 'zh-CN',
  'user-agent' => 'Mozilla/5.0 (Windows NT 10.0; WOW64; Trident/7.0; rv:11.0) like Gecko',
  'accept-encoding' => 'gzip, deflate',
  'host' => '39.104.67.26:8901',
  'connection' => 'Keep-Alive',
  'cookie' => 'UM_distinctid=1634528325b12c-0d54fa1b61214c8-677b7726-1fa400-1634528325cc13; CNZZDATA155540=cnzz_eid%3D234670753-1525872362-http%253A%252F%252F39.104.67.26%253A8901%252F%26ntime%3D1526027099',
)
[ info ] [ PARAM ] array (
)
[ info ] [ RUN ] app\index\controller\Index->index[ C:\thinkphp\application\index\controller\Index.php ]
[ info ] [ DB ] INIT mysql
[ info ] [ VIEW ] C:\thinkphp/application/index\view\index\index.html [ array (
  0 => 'event',
) ]
[ info ] [ LOG ] INIT File
[ sql ] [ DB ] CONNECT:[ UseTime:0.000000s ] mysql:dbname=tp5;host=127.0.0.1;charset=utf8
[ sql ] [ SQL ] SHOW COLUMNS FROM `qs_event` [ RunTime:0.000000s ]
[ sql ] [ SQL ] SELECT * FROM `qs_event` ORDER BY id asc [ RunTime:0.000000s ]
---------------------------------------------------------------
[ 2018-05-13T21:09:31+08:00 ] 172.24.189.12 114.242.248.171 GET /
[ info ] 39.104.67.26:8901/ [运行时间：0.031250s][吞吐率：32.00req/s] [内存消耗：2,093.51kb] [文件加载：41]
[ info ] [ LANG ] C:\thinkphp\thinkphp\lang\zh-cn.php
[ info ] [ ROUTE ] array (
  'type' => 'module',
  'module' => 
  array (
    0 => '',
    1 => NULL,
    2 => NULL,
  ),
)
[ info ] [ HEADER ] array (
  'accept' => 'text/html, application/xhtml+xml, image/jxr, */*',
  'accept-language' => 'zh-CN',
  'user-agent' => 'Mozilla/5.0 (Windows NT 10.0; WOW64; Trident/7.0; rv:11.0) like Gecko',
  'accept-encoding' => 'gzip, deflate',
  'host' => '39.104.67.26:8901',
  'connection' => 'Keep-Alive',
  'cookie' => 'UM_distinctid=1634528325b12c-0d54fa1b61214c8-677b7726-1fa400-1634528325cc13; CNZZDATA155540=cnzz_eid%3D234670753-1525872362-http%253A%252F%252F39.104.67.26%253A8901%252F%26ntime%3D1526027099',
)
[ info ] [ PARAM ] array (
)
[ info ] [ RUN ] app\index\controller\Index->index[ C:\thinkphp\application\index\controller\Index.php ]
[ info ] [ DB ] INIT mysql
[ info ] [ VIEW ] C:\thinkphp/application/index\view\index\index.html [ array (
  0 => 'event',
) ]
[ info ] [ LOG ] INIT File
[ sql ] [ DB ] CONNECT:[ UseTime:0.000000s ] mysql:dbname=tp5;host=127.0.0.1;charset=utf8
[ sql ] [ SQL ] SHOW COLUMNS FROM `qs_event` [ RunTime:0.000000s ]
[ sql ] [ SQL ] SELECT * FROM `qs_event` ORDER BY id asc [ RunTime:0.000000s ]
---------------------------------------------------------------
[ 2018-05-13T21:09:39+08:00 ] 172.24.189.12 114.242.248.171 GET /
[ info ] 39.104.67.26:8901/ [运行时间：0.046875s][吞吐率：21.33req/s] [内存消耗：2,093.51kb] [文件加载：41]
[ info ] [ LANG ] C:\thinkphp\thinkphp\lang\zh-cn.php
[ info ] [ ROUTE ] array (
  'type' => 'module',
  'module' => 
  array (
    0 => '',
    1 => NULL,
    2 => NULL,
  ),
)
[ info ] [ HEADER ] array (
  'accept' => 'text/html, application/xhtml+xml, image/jxr, */*',
  'accept-language' => 'zh-CN',
  'user-agent' => 'Mozilla/5.0 (Windows NT 10.0; WOW64; Trident/7.0; rv:11.0) like Gecko',
  'accept-encoding' => 'gzip, deflate',
  'host' => '39.104.67.26:8901',
  'connection' => 'Keep-Alive',
  'cookie' => 'UM_distinctid=1634528325b12c-0d54fa1b61214c8-677b7726-1fa400-1634528325cc13; CNZZDATA155540=cnzz_eid%3D234670753-1525872362-http%253A%252F%252F39.104.67.26%253A8901%252F%26ntime%3D1526027099',
)
[ info ] [ PARAM ] array (
)
[ info ] [ RUN ] app\index\controller\Index->index[ C:\thinkphp\application\index\controller\Index.php ]
[ info ] [ DB ] INIT mysql
[ info ] [ VIEW ] C:\thinkphp/application/index\view\index\index.html [ array (
  0 => 'event',
) ]
[ info ] [ LOG ] INIT File
[ sql ] [ DB ] CONNECT:[ UseTime:0.000000s ] mysql:dbname=tp5;host=127.0.0.1;charset=utf8
[ sql ] [ SQL ] SHOW COLUMNS FROM `qs_event` [ RunTime:0.000000s ]
[ sql ] [ SQL ] SELECT * FROM `qs_event` ORDER BY id asc [ RunTime:0.000000s ]
---------------------------------------------------------------
[ 2018-05-13T21:09:50+08:00 ] 172.24.189.12 114.242.248.171 GET /
[ info ] 39.104.67.26:8901/ [运行时间：0.046875s][吞吐率：21.33req/s] [内存消耗：2,093.51kb] [文件加载：41]
[ info ] [ LANG ] C:\thinkphp\thinkphp\lang\zh-cn.php
[ info ] [ ROUTE ] array (
  'type' => 'module',
  'module' => 
  array (
    0 => '',
    1 => NULL,
    2 => NULL,
  ),
)
[ info ] [ HEADER ] array (
  'accept' => 'text/html, application/xhtml+xml, image/jxr, */*',
  'accept-language' => 'zh-CN',
  'user-agent' => 'Mozilla/5.0 (Windows NT 10.0; WOW64; Trident/7.0; rv:11.0) like Gecko',
  'accept-encoding' => 'gzip, deflate',
  'host' => '39.104.67.26:8901',
  'connection' => 'Keep-Alive',
  'cookie' => 'UM_distinctid=1634528325b12c-0d54fa1b61214c8-677b7726-1fa400-1634528325cc13; CNZZDATA155540=cnzz_eid%3D234670753-1525872362-http%253A%252F%252F39.104.67.26%253A8901%252F%26ntime%3D1526027099',
)
[ info ] [ PARAM ] array (
)
[ info ] [ RUN ] app\index\controller\Index->index[ C:\thinkphp\application\index\controller\Index.php ]
[ info ] [ DB ] INIT mysql
[ info ] [ VIEW ] C:\thinkphp/application/index\view\index\index.html [ array (
  0 => 'event',
) ]
[ info ] [ LOG ] INIT File
[ sql ] [ DB ] CONNECT:[ UseTime:0.000000s ] mysql:dbname=tp5;host=127.0.0.1;charset=utf8
[ sql ] [ SQL ] SHOW COLUMNS FROM `qs_event` [ RunTime:0.015625s ]
[ sql ] [ SQL ] SELECT * FROM `qs_event` ORDER BY id asc [ RunTime:0.000000s ]
---------------------------------------------------------------
[ 2018-05-13T21:10:35+08:00 ] 172.24.189.12 114.242.248.171 GET /
[ info ] 39.104.67.26:8901/ [运行时间：0.046875s][吞吐率：21.33req/s] [内存消耗：2,093.51kb] [文件加载：41]
[ info ] [ LANG ] C:\thinkphp\thinkphp\lang\zh-cn.php
[ info ] [ ROUTE ] array (
  'type' => 'module',
  'module' => 
  array (
    0 => '',
    1 => NULL,
    2 => NULL,
  ),
)
[ info ] [ HEADER ] array (
  'accept' => 'text/html, application/xhtml+xml, image/jxr, */*',
  'accept-language' => 'zh-CN',
  'user-agent' => 'Mozilla/5.0 (Windows NT 10.0; WOW64; Trident/7.0; rv:11.0) like Gecko',
  'accept-encoding' => 'gzip, deflate',
  'host' => '39.104.67.26:8901',
  'connection' => 'Keep-Alive',
  'cookie' => 'UM_distinctid=1634528325b12c-0d54fa1b61214c8-677b7726-1fa400-1634528325cc13; CNZZDATA155540=cnzz_eid%3D234670753-1525872362-http%253A%252F%252F39.104.67.26%253A8901%252F%26ntime%3D1526027099',
)
[ info ] [ PARAM ] array (
)
[ info ] [ RUN ] app\index\controller\Index->index[ C:\thinkphp\application\index\controller\Index.php ]
[ info ] [ DB ] INIT mysql
[ info ] [ VIEW ] C:\thinkphp/application/index\view\index\index.html [ array (
  0 => 'event',
) ]
[ info ] [ LOG ] INIT File
[ sql ] [ DB ] CONNECT:[ UseTime:0.000000s ] mysql:dbname=tp5;host=127.0.0.1;charset=utf8
[ sql ] [ SQL ] SHOW COLUMNS FROM `qs_event` [ RunTime:0.000000s ]
[ sql ] [ SQL ] SELECT * FROM `qs_event` ORDER BY id asc [ RunTime:0.000000s ]
---------------------------------------------------------------
[ 2018-05-13T21:10:51+08:00 ] 172.24.189.12 114.242.248.171 GET /
[ info ] 39.104.67.26:8901/ [运行时间：0.031250s][吞吐率：32.00req/s] [内存消耗：2,093.51kb] [文件加载：41]
[ info ] [ LANG ] C:\thinkphp\thinkphp\lang\zh-cn.php
[ info ] [ ROUTE ] array (
  'type' => 'module',
  'module' => 
  array (
    0 => '',
    1 => NULL,
    2 => NULL,
  ),
)
[ info ] [ HEADER ] array (
  'accept' => 'text/html, application/xhtml+xml, image/jxr, */*',
  'accept-language' => 'zh-CN',
  'user-agent' => 'Mozilla/5.0 (Windows NT 10.0; WOW64; Trident/7.0; rv:11.0) like Gecko',
  'accept-encoding' => 'gzip, deflate',
  'host' => '39.104.67.26:8901',
  'connection' => 'Keep-Alive',
  'cookie' => 'UM_distinctid=1634528325b12c-0d54fa1b61214c8-677b7726-1fa400-1634528325cc13; CNZZDATA155540=cnzz_eid%3D234670753-1525872362-http%253A%252F%252F39.104.67.26%253A8901%252F%26ntime%3D1526027099',
)
[ info ] [ PARAM ] array (
)
[ info ] [ RUN ] app\index\controller\Index->index[ C:\thinkphp\application\index\controller\Index.php ]
[ info ] [ DB ] INIT mysql
[ info ] [ VIEW ] C:\thinkphp/application/index\view\index\index.html [ array (
  0 => 'event',
) ]
[ info ] [ LOG ] INIT File
[ sql ] [ DB ] CONNECT:[ UseTime:0.000000s ] mysql:dbname=tp5;host=127.0.0.1;charset=utf8
[ sql ] [ SQL ] SHOW COLUMNS FROM `qs_event` [ RunTime:0.000000s ]
[ sql ] [ SQL ] SELECT * FROM `qs_event` ORDER BY id asc [ RunTime:0.000000s ]
---------------------------------------------------------------
[ 2018-05-13T21:11:13+08:00 ] 172.24.189.12 114.242.248.171 GET /platform/user/index.html
[ info ] 39.104.67.26:8901/platform/user/index.html [运行时间：0.031250s][吞吐率：32.00req/s] [内存消耗：1,304.70kb] [文件加载：33]
[ info ] [ LANG ] C:\thinkphp\thinkphp\lang\zh-cn.php
[ info ] [ ROUTE ] array (
  'type' => 'module',
  'module' => 
  array (
    0 => 'platform',
    1 => 'user',
    2 => 'index',
  ),
)
[ info ] [ HEADER ] array (
  'accept' => 'text/html, application/xhtml+xml, image/jxr, */*',
  'referer' => 'http://39.104.67.26:8901/',
  'accept-language' => 'zh-CN',
  'user-agent' => 'Mozilla/5.0 (Windows NT 10.0; WOW64; Trident/7.0; rv:11.0) like Gecko',
  'accept-encoding' => 'gzip, deflate',
  'host' => '39.104.67.26:8901',
  'connection' => 'Keep-Alive',
  'cookie' => 'UM_distinctid=1634528325b12c-0d54fa1b61214c8-677b7726-1fa400-1634528325cc13; CNZZDATA155540=cnzz_eid%3D234670753-1525872362-http%253A%252F%252F39.104.67.26%253A8901%252F%26ntime%3D1526027099',
)
[ info ] [ PARAM ] array (
)
[ info ] [ RUN ] app\platform\controller\User->index[ C:\thinkphp\application\platform\controller\User.php ]
[ info ] [ VIEW ] C:\thinkphp/application/platform\view\user\login.html [ array (
) ]
[ info ] [ SESSION ] INIT array (
  'id' => '',
  'var_session_id' => '',
  'prefix' => 'think',
  'type' => '',
  'auto_start' => true,
)
[ info ] [ LOG ] INIT File
---------------------------------------------------------------
[ 2018-05-13T21:11:14+08:00 ] 172.24.189.12 114.242.248.171 POST /platform/user/login
[ info ] 39.104.67.26:8901/platform/user/login [运行时间：0.046875s][吞吐率：21.33req/s] [内存消耗：2,291.12kb] [文件加载：44]
[ info ] [ LANG ] C:\thinkphp\thinkphp\lang\zh-cn.php
[ info ] [ ROUTE ] array (
  'type' => 'module',
  'module' => 
  array (
    0 => 'platform',
    1 => 'user',
    2 => 'login',
  ),
)
[ info ] [ HEADER ] array (
  'content-type' => 'application/x-www-form-urlencoded; charset=UTF-8',
  'accept' => 'application/json, text/javascript, */*; q=0.01',
  'x-requested-with' => 'XMLHttpRequest',
  'referer' => 'http://39.104.67.26:8901/platform/user/index.html',
  'accept-language' => 'zh-CN',
  'accept-encoding' => 'gzip, deflate',
  'user-agent' => 'Mozilla/5.0 (Windows NT 10.0; WOW64; Trident/7.0; rv:11.0) like Gecko',
  'host' => '39.104.67.26:8901',
  'content-length' => '30',
  'connection' => 'Keep-Alive',
  'cache-control' => 'no-cache',
  'cookie' => 'UM_distinctid=1634528325b12c-0d54fa1b61214c8-677b7726-1fa400-1634528325cc13; CNZZDATA155540=cnzz_eid%3D234670753-1525872362-http%253A%252F%252F39.104.67.26%253A8901%252F%26ntime%3D1526027099; PHPSESSID=vqv44pqo6gdr0ntjmr73jqu014',
)
[ info ] [ PARAM ] array (
  'username' => 'USTB',
  'password' => 'iot1024',
)
[ info ] [ RUN ] app\platform\controller\User->login[ C:\thinkphp\application\platform\controller\User.php ]
[ info ] [ DB ] INIT mysql
[ info ] [ SESSION ] INIT array (
  'id' => '',
  'var_session_id' => '',
  'prefix' => 'think',
  'type' => '',
  'auto_start' => true,
)
[ info ] [ LOG ] INIT File
[ sql ] [ DB ] CONNECT:[ UseTime:0.000000s ] mysql:dbname=tp5;host=127.0.0.1;charset=utf8
[ sql ] [ SQL ] SHOW COLUMNS FROM `qs_user` [ RunTime:0.015625s ]
[ sql ] [ SQL ] SELECT `id` FROM `qs_user` WHERE  `username` = 'USTB' LIMIT 1 [ RunTime:0.000000s ]
[ sql ] [ SQL ] SELECT `password` FROM `qs_user` WHERE  `username` = 'USTB' LIMIT 1 [ RunTime:0.000000s ]
[ sql ] [ SQL ] UPDATE `qs_user`  SET `last_login_ip`='114.242.248.171',`last_login_time`='2018-05-13 09:11:14'  WHERE  `username` = 'USTB' [ RunTime:0.000000s ]
---------------------------------------------------------------
[ 2018-05-13T21:11:17+08:00 ] 172.24.189.12 114.242.248.171 GET /platform/user/index/index
[ info ] 39.104.67.26:8901/platform/user/index/index [运行时间：0.031250s][吞吐率：32.00req/s] [内存消耗：1,366.83kb] [文件加载：34]
[ info ] [ LANG ] C:\thinkphp\thinkphp\lang\zh-cn.php
[ info ] [ ROUTE ] array (
  'type' => 'module',
  'module' => 
  array (
    0 => 'platform',
    1 => 'user',
    2 => 'index',
  ),
)
[ info ] [ HEADER ] array (
  'accept' => 'text/html, application/xhtml+xml, image/jxr, */*',
  'referer' => 'http://39.104.67.26:8901/platform/user/index.html',
  'accept-language' => 'zh-CN',
  'user-agent' => 'Mozilla/5.0 (Windows NT 10.0; WOW64; Trident/7.0; rv:11.0) like Gecko',
  'accept-encoding' => 'gzip, deflate',
  'host' => '39.104.67.26:8901',
  'connection' => 'Keep-Alive',
  'cookie' => 'UM_distinctid=1634528325b12c-0d54fa1b61214c8-677b7726-1fa400-1634528325cc13; CNZZDATA155540=cnzz_eid%3D234670753-1525872362-http%253A%252F%252F39.104.67.26%253A8901%252F%26ntime%3D1526027099; PHPSESSID=vqv44pqo6gdr0ntjmr73jqu014',
)
[ info ] [ PARAM ] array (
)
[ info ] [ RUN ] app\platform\controller\User->index[ C:\thinkphp\application\platform\controller\User.php ]
[ info ] [ VIEW ] C:\thinkphp/application/platform\view\user\login.html [ array (
) ]
[ info ] [ SESSION ] INIT array (
  'id' => '',
  'var_session_id' => '',
  'prefix' => 'think',
  'type' => '',
  'auto_start' => true,
)
[ info ] [ LOG ] INIT File
---------------------------------------------------------------
[ 2018-05-13T21:11:18+08:00 ] 172.24.189.12 114.242.248.171 GET /platform/index/index.html
[ info ] 39.104.67.26:8901/platform/index/index.html [运行时间：0.062500s][吞吐率：16.00req/s] [内存消耗：2,097.39kb] [文件加载：42]
[ info ] [ LANG ] C:\thinkphp\thinkphp\lang\zh-cn.php
[ info ] [ ROUTE ] array (
  'type' => 'module',
  'module' => 
  array (
    0 => 'platform',
    1 => 'index',
    2 => 'index',
  ),
)
[ info ] [ HEADER ] array (
  'accept' => 'text/html, application/xhtml+xml, image/jxr, */*',
  'referer' => 'http://39.104.67.26:8901/platform/user/index/index',
  'accept-language' => 'zh-CN',
  'user-agent' => 'Mozilla/5.0 (Windows NT 10.0; WOW64; Trident/7.0; rv:11.0) like Gecko',
  'accept-encoding' => 'gzip, deflate',
  'host' => '39.104.67.26:8901',
  'connection' => 'Keep-Alive',
  'cookie' => 'UM_distinctid=1634528325b12c-0d54fa1b61214c8-677b7726-1fa400-1634528325cc13; CNZZDATA155540=cnzz_eid%3D234670753-1525872362-http%253A%252F%252F39.104.67.26%253A8901%252F%26ntime%3D1526027099; PHPSESSID=vqv44pqo6gdr0ntjmr73jqu014',
)
[ info ] [ PARAM ] array (
)
[ info ] [ SESSION ] INIT array (
  'id' => '',
  'var_session_id' => '',
  'prefix' => 'think',
  'type' => '',
  'auto_start' => true,
)
[ info ] [ DB ] INIT mysql
[ info ] [ RUN ] app\platform\controller\Index->index[ C:\thinkphp\application\platform\controller\Index.php ]
[ info ] [ VIEW ] C:\thinkphp/application/platform\view\index\index.html [ array (
  0 => 'menu',
) ]
[ info ] [ LOG ] INIT File
[ sql ] [ DB ] CONNECT:[ UseTime:0.000000s ] mysql:dbname=tp5;host=127.0.0.1;charset=utf8
[ sql ] [ SQL ] SHOW COLUMNS FROM `qs_experiment_application` [ RunTime:0.000000s ]
[ sql ] [ SQL ] SELECT * FROM `qs_experiment_application` WHERE  `uid` = 1 ORDER BY `id`  ASC [ RunTime:0.000000s ]
[ sql ] [ SQL ] SHOW COLUMNS FROM `qs_experiment_device` [ RunTime:0.000000s ]
[ sql ] [ SQL ] SELECT * FROM `qs_experiment_device` WHERE  `aid` = 4 ORDER BY `id`  ASC [ RunTime:0.000000s ]
[ sql ] [ SQL ] SELECT * FROM `qs_experiment_device` WHERE  `aid` = 10 ORDER BY `id`  ASC [ RunTime:0.000000s ]
---------------------------------------------------------------
[ 2018-05-13T21:11:18+08:00 ] 172.24.189.12 114.242.248.171 GET /platform/index/welcome.html
[ info ] 39.104.67.26:8901/platform/index/welcome.html [运行时间：0.062500s][吞吐率：16.00req/s] [内存消耗：2,035.67kb] [文件加载：41]
[ info ] [ LANG ] C:\thinkphp\thinkphp\lang\zh-cn.php
[ info ] [ ROUTE ] array (
  'type' => 'module',
  'module' => 
  array (
    0 => 'platform',
    1 => 'index',
    2 => 'welcome',
  ),
)
[ info ] [ HEADER ] array (
  'accept' => 'text/html, application/xhtml+xml, image/jxr, */*',
  'referer' => 'http://39.104.67.26:8901/platform/index/index.html',
  'accept-language' => 'zh-CN',
  'user-agent' => 'Mozilla/5.0 (Windows NT 10.0; WOW64; Trident/7.0; rv:11.0) like Gecko',
  'accept-encoding' => 'gzip, deflate',
  'host' => '39.104.67.26:8901',
  'connection' => 'Keep-Alive',
  'cookie' => 'UM_distinctid=1634528325b12c-0d54fa1b61214c8-677b7726-1fa400-1634528325cc13; CNZZDATA155540=cnzz_eid%3D234670753-1525872362-http%253A%252F%252F39.104.67.26%253A8901%252F%26ntime%3D1526027099; PHPSESSID=vqv44pqo6gdr0ntjmr73jqu014',
)
[ info ] [ PARAM ] array (
)
[ info ] [ SESSION ] INIT array (
  'id' => '',
  'var_session_id' => '',
  'prefix' => 'think',
  'type' => '',
  'auto_start' => true,
)
[ info ] [ DB ] INIT mysql
[ info ] [ RUN ] app\platform\controller\Index->welcome[ C:\thinkphp\application\platform\controller\Index.php ]
[ info ] [ VIEW ] C:\thinkphp/application/platform\view\index\welcome.html [ array (
  0 => 'menu',
) ]
[ info ] [ LOG ] INIT File
[ sql ] [ DB ] CONNECT:[ UseTime:0.000000s ] mysql:dbname=tp5;host=127.0.0.1;charset=utf8
[ sql ] [ SQL ] SHOW COLUMNS FROM `qs_experiment_application` [ RunTime:0.000000s ]
[ sql ] [ SQL ] SELECT * FROM `qs_experiment_application` WHERE  `uid` = 1 ORDER BY `id`  ASC [ RunTime:0.000000s ]
[ sql ] [ SQL ] SHOW COLUMNS FROM `qs_experiment_device` [ RunTime:0.000000s ]
[ sql ] [ SQL ] SELECT * FROM `qs_experiment_device` WHERE  `aid` = 4 ORDER BY `id`  ASC [ RunTime:0.000000s ]
[ sql ] [ SQL ] SELECT * FROM `qs_experiment_device` WHERE  `aid` = 10 ORDER BY `id`  ASC [ RunTime:0.000000s ]
---------------------------------------------------------------
[ 2018-05-13T21:11:22+08:00 ] 172.24.189.12 114.242.248.171 GET /platform/application/applicationshow.html
[ info ] 39.104.67.26:8901/platform/application/applicationshow.html [运行时间：0.046875s][吞吐率：21.33req/s] [内存消耗：2,186.99kb] [文件加载：46]
[ info ] [ LANG ] C:\thinkphp\thinkphp\lang\zh-cn.php
[ info ] [ ROUTE ] array (
  'type' => 'module',
  'module' => 
  array (
    0 => 'platform',
    1 => 'application',
    2 => 'applicationshow',
  ),
)
[ info ] [ HEADER ] array (
  'accept' => 'text/html, application/xhtml+xml, image/jxr, */*',
  'referer' => 'http://39.104.67.26:8901/platform/index/index.html',
  'accept-language' => 'zh-CN',
  'user-agent' => 'Mozilla/5.0 (Windows NT 10.0; WOW64; Trident/7.0; rv:11.0) like Gecko',
  'accept-encoding' => 'gzip, deflate',
  'host' => '39.104.67.26:8901',
  'connection' => 'Keep-Alive',
  'cookie' => 'UM_distinctid=1634528325b12c-0d54fa1b61214c8-677b7726-1fa400-1634528325cc13; CNZZDATA155540=cnzz_eid%3D234670753-1525872362-http%253A%252F%252F39.104.67.26%253A8901%252F%26ntime%3D1526027099; PHPSESSID=vqv44pqo6gdr0ntjmr73jqu014',
)
[ info ] [ PARAM ] array (
)
[ info ] [ RUN ] app\platform\controller\Application->applicationshow[ C:\thinkphp\application\platform\controller\Application.php ]
[ info ] [ SESSION ] INIT array (
  'id' => '',
  'var_session_id' => '',
  'prefix' => 'think',
  'type' => '',
  'auto_start' => true,
)
[ info ] [ DB ] INIT mysql
[ info ] [ LOG ] INIT File
[ sql ] [ DB ] CONNECT:[ UseTime:0.000000s ] mysql:dbname=tp5;host=127.0.0.1;charset=utf8
[ sql ] [ SQL ] SHOW COLUMNS FROM `qs_experiment_application` [ RunTime:0.015625s ]
[ sql ] [ SQL ] SELECT COUNT(*) AS tp_count FROM `qs_experiment_application` WHERE  `uid` = 1 LIMIT 1 [ RunTime:0.000000s ]
[ sql ] [ SQL ] SELECT * FROM `qs_experiment_application` WHERE  `uid` = 1 ORDER BY id asc LIMIT 0,10 [ RunTime:0.000000s ]
[ error ] [1]Class 'GatewayWorker\Lib\Gateway' not found[C:\thinkphp\application\platform\controller\Application.php:25]
---------------------------------------------------------------
[ 2018-05-13T21:13:06+08:00 ] 172.24.189.12 114.242.248.171 GET /platform/application/applicationshow.html
[ info ] 39.104.67.26:8901/platform/application/applicationshow.html [运行时间：0.015625s][吞吐率：64.00req/s] [内存消耗：1,043.78kb] [文件加载：29]
[ info ] [ LANG ] C:\thinkphp\thinkphp\lang\zh-cn.php
[ info ] [ ROUTE ] array (
  'type' => 'module',
  'module' => 
  array (
    0 => 'platform',
    1 => 'application',
    2 => 'applicationshow',
  ),
)
[ info ] [ HEADER ] array (
  'accept' => 'text/html, application/xhtml+xml, image/jxr, */*',
  'referer' => 'http://39.104.67.26:8901/platform/index/index.html',
  'accept-language' => 'zh-CN',
  'user-agent' => 'Mozilla/5.0 (Windows NT 10.0; WOW64; Trident/7.0; rv:11.0) like Gecko',
  'accept-encoding' => 'gzip, deflate',
  'host' => '39.104.67.26:8901',
  'connection' => 'Keep-Alive',
  'cookie' => 'UM_distinctid=1634528325b12c-0d54fa1b61214c8-677b7726-1fa400-1634528325cc13; CNZZDATA155540=cnzz_eid%3D234670753-1525872362-http%253A%252F%252F39.104.67.26%253A8901%252F%26ntime%3D1526027099; PHPSESSID=vqv44pqo6gdr0ntjmr73jqu014',
)
[ info ] [ PARAM ] array (
)
[ info ] [ LOG ] INIT File
[ error ] [4]语法错误: unexpected '-', expecting ',' or ';'[C:\thinkphp\application\platform\controller\Application.php:8]
---------------------------------------------------------------
[ 2018-05-13T21:14:01+08:00 ] 172.24.189.12 114.242.248.171 GET /platform/application/applicationshow.html
[ info ] 39.104.67.26:8901/platform/application/applicationshow.html [运行时间：0.062500s][吞吐率：16.00req/s] [内存消耗：2,186.79kb] [文件加载：46]
[ info ] [ LANG ] C:\thinkphp\thinkphp\lang\zh-cn.php
[ info ] [ ROUTE ] array (
  'type' => 'module',
  'module' => 
  array (
    0 => 'platform',
    1 => 'application',
    2 => 'applicationshow',
  ),
)
[ info ] [ HEADER ] array (
  'accept' => 'text/html, application/xhtml+xml, image/jxr, */*',
  'referer' => 'http://39.104.67.26:8901/platform/index/index.html',
  'accept-language' => 'zh-CN',
  'user-agent' => 'Mozilla/5.0 (Windows NT 10.0; WOW64; Trident/7.0; rv:11.0) like Gecko',
  'accept-encoding' => 'gzip, deflate',
  'host' => '39.104.67.26:8901',
  'connection' => 'Keep-Alive',
  'cookie' => 'UM_distinctid=1634528325b12c-0d54fa1b61214c8-677b7726-1fa400-1634528325cc13; CNZZDATA155540=cnzz_eid%3D234670753-1525872362-http%253A%252F%252F39.104.67.26%253A8901%252F%26ntime%3D1526027099; PHPSESSID=vqv44pqo6gdr0ntjmr73jqu014',
)
[ info ] [ PARAM ] array (
)
[ info ] [ RUN ] app\platform\controller\Application->applicationshow[ C:\thinkphp\application\platform\controller\Application.php ]
[ info ] [ SESSION ] INIT array (
  'id' => '',
  'var_session_id' => '',
  'prefix' => 'think',
  'type' => '',
  'auto_start' => true,
)
[ info ] [ DB ] INIT mysql
[ info ] [ LOG ] INIT File
[ sql ] [ DB ] CONNECT:[ UseTime:0.000000s ] mysql:dbname=tp5;host=127.0.0.1;charset=utf8
[ sql ] [ SQL ] SHOW COLUMNS FROM `qs_experiment_application` [ RunTime:0.000000s ]
[ sql ] [ SQL ] SELECT COUNT(*) AS tp_count FROM `qs_experiment_application` WHERE  `uid` = 1 LIMIT 1 [ RunTime:0.000000s ]
[ sql ] [ SQL ] SELECT * FROM `qs_experiment_application` WHERE  `uid` = 1 ORDER BY id asc LIMIT 0,10 [ RunTime:0.000000s ]
[ error ] [1]Class 'Gateway' not found[C:\thinkphp\application\platform\controller\Application.php:25]
---------------------------------------------------------------
[ 2018-05-13T21:14:18+08:00 ] 172.24.189.12 114.242.248.171 GET /platform/application/applicationshow.html
[ info ] 39.104.67.26:8901/platform/application/applicationshow.html [运行时间：0.062500s][吞吐率：16.00req/s] [内存消耗：2,186.79kb] [文件加载：46]
[ info ] [ LANG ] C:\thinkphp\thinkphp\lang\zh-cn.php
[ info ] [ ROUTE ] array (
  'type' => 'module',
  'module' => 
  array (
    0 => 'platform',
    1 => 'application',
    2 => 'applicationshow',
  ),
)
[ info ] [ HEADER ] array (
  'accept' => 'text/html, application/xhtml+xml, image/jxr, */*',
  'referer' => 'http://39.104.67.26:8901/platform/index/index.html',
  'accept-language' => 'zh-CN',
  'user-agent' => 'Mozilla/5.0 (Windows NT 10.0; WOW64; Trident/7.0; rv:11.0) like Gecko',
  'accept-encoding' => 'gzip, deflate',
  'host' => '39.104.67.26:8901',
  'connection' => 'Keep-Alive',
  'cookie' => 'UM_distinctid=1634528325b12c-0d54fa1b61214c8-677b7726-1fa400-1634528325cc13; CNZZDATA155540=cnzz_eid%3D234670753-1525872362-http%253A%252F%252F39.104.67.26%253A8901%252F%26ntime%3D1526027099; PHPSESSID=vqv44pqo6gdr0ntjmr73jqu014',
)
[ info ] [ PARAM ] array (
)
[ info ] [ RUN ] app\platform\controller\Application->applicationshow[ C:\thinkphp\application\platform\controller\Application.php ]
[ info ] [ SESSION ] INIT array (
  'id' => '',
  'var_session_id' => '',
  'prefix' => 'think',
  'type' => '',
  'auto_start' => true,
)
[ info ] [ DB ] INIT mysql
[ info ] [ LOG ] INIT File
[ sql ] [ DB ] CONNECT:[ UseTime:0.000000s ] mysql:dbname=tp5;host=127.0.0.1;charset=utf8
[ sql ] [ SQL ] SHOW COLUMNS FROM `qs_experiment_application` [ RunTime:0.000000s ]
[ sql ] [ SQL ] SELECT COUNT(*) AS tp_count FROM `qs_experiment_application` WHERE  `uid` = 1 LIMIT 1 [ RunTime:0.000000s ]
[ sql ] [ SQL ] SELECT * FROM `qs_experiment_application` WHERE  `uid` = 1 ORDER BY id asc LIMIT 0,10 [ RunTime:0.000000s ]
[ error ] [1]Class 'Gateway' not found[C:\thinkphp\application\platform\controller\Application.php:25]
---------------------------------------------------------------
[ 2018-05-13T21:18:43+08:00 ] 172.24.189.12 114.242.248.171 GET /platform/application/applicationshow.html
[ info ] 39.104.67.26:8901/platform/application/applicationshow.html [运行时间：0.015625s][吞吐率：64.00req/s] [内存消耗：1,185.32kb] [文件加载：31]
[ info ] [ LANG ] C:\thinkphp\thinkphp\lang\zh-cn.php
[ info ] [ ROUTE ] array (
  'type' => 'module',
  'module' => 
  array (
    0 => 'platform',
    1 => 'application',
    2 => 'applicationshow',
  ),
)
[ info ] [ HEADER ] array (
  'accept' => 'text/html, application/xhtml+xml, image/jxr, */*',
  'referer' => 'http://39.104.67.26:8901/platform/index/index.html',
  'accept-language' => 'zh-CN',
  'user-agent' => 'Mozilla/5.0 (Windows NT 10.0; WOW64; Trident/7.0; rv:11.0) like Gecko',
  'accept-encoding' => 'gzip, deflate',
  'host' => '39.104.67.26:8901',
  'connection' => 'Keep-Alive',
  'cookie' => 'UM_distinctid=1634528325b12c-0d54fa1b61214c8-677b7726-1fa400-1634528325cc13; CNZZDATA155540=cnzz_eid%3D234670753-1525872362-http%253A%252F%252F39.104.67.26%253A8901%252F%26ntime%3D1526027099; PHPSESSID=vqv44pqo6gdr0ntjmr73jqu014',
)
[ info ] [ PARAM ] array (
)
[ info ] [ LOG ] INIT File
[ error ] [2]Class 'GatewayWorker\Protocols\GatewayProtocol' not found[C:\thinkphp\application\platform\controller\vendor\workerman\gateway-worker-for-win\src\Lib\Gateway.php:918]
---------------------------------------------------------------
[ 2018-05-13T21:23:19+08:00 ] 172.24.189.12 114.242.248.171 GET /platform/application/applicationshow.html
[ info ] 39.104.67.26:8901/platform/application/applicationshow.html [运行时间：0.031250s][吞吐率：32.00req/s] [内存消耗：1,185.36kb] [文件加载：31]
[ info ] [ LANG ] C:\thinkphp\thinkphp\lang\zh-cn.php
[ info ] [ ROUTE ] array (
  'type' => 'module',
  'module' => 
  array (
    0 => 'platform',
    1 => 'application',
    2 => 'applicationshow',
  ),
)
[ info ] [ HEADER ] array (
  'accept' => 'text/html, application/xhtml+xml, image/jxr, */*',
  'referer' => 'http://39.104.67.26:8901/platform/index/index.html',
  'accept-language' => 'zh-CN',
  'user-agent' => 'Mozilla/5.0 (Windows NT 10.0; WOW64; Trident/7.0; rv:11.0) like Gecko',
  'accept-encoding' => 'gzip, deflate',
  'host' => '39.104.67.26:8901',
  'connection' => 'Keep-Alive',
  'cookie' => 'UM_distinctid=1634528325b12c-0d54fa1b61214c8-677b7726-1fa400-1634528325cc13; CNZZDATA155540=cnzz_eid%3D234670753-1525872362-http%253A%252F%252F39.104.67.26%253A8901%252F%26ntime%3D1526027099; PHPSESSID=vqv44pqo6gdr0ntjmr73jqu014',
)
[ info ] [ PARAM ] array (
)
[ info ] [ LOG ] INIT File
[ error ] [2]Class 'GatewayWorker\Protocols\GatewayProtocol' not found[C:\thinkphp\application\platform\controller\vendor\workerman\gateway-worker-for-win\src\Lib\Gateway.php:918]
---------------------------------------------------------------
[ 2018-05-13T21:25:21+08:00 ] 172.24.189.12 114.242.248.171 GET /platform/application/applicationshow.html
[ info ] 39.104.67.26:8901/platform/application/applicationshow.html [运行时间：0.031250s][吞吐率：32.00req/s] [内存消耗：1,185.39kb] [文件加载：31]
[ info ] [ LANG ] C:\thinkphp\thinkphp\lang\zh-cn.php
[ info ] [ ROUTE ] array (
  'type' => 'module',
  'module' => 
  array (
    0 => 'platform',
    1 => 'application',
    2 => 'applicationshow',
  ),
)
[ info ] [ HEADER ] array (
  'accept' => 'text/html, application/xhtml+xml, image/jxr, */*',
  'referer' => 'http://39.104.67.26:8901/platform/index/index.html',
  'accept-language' => 'zh-CN',
  'user-agent' => 'Mozilla/5.0 (Windows NT 10.0; WOW64; Trident/7.0; rv:11.0) like Gecko',
  'accept-encoding' => 'gzip, deflate',
  'host' => '39.104.67.26:8901',
  'connection' => 'Keep-Alive',
  'cookie' => 'UM_distinctid=1634528325b12c-0d54fa1b61214c8-677b7726-1fa400-1634528325cc13; CNZZDATA155540=cnzz_eid%3D234670753-1525872362-http%253A%252F%252F39.104.67.26%253A8901%252F%26ntime%3D1526027099; PHPSESSID=vqv44pqo6gdr0ntjmr73jqu014',
)
[ info ] [ PARAM ] array (
)
[ info ] [ LOG ] INIT File
[ error ] [2]Class 'C:\thinkphp\application\platform\controller\vendor\workerman\gateway-worker-for-win\src\Protocols' not found[C:\thinkphp\application\platform\controller\vendor\workerman\gateway-worker-for-win\src\Lib\Gateway.php:918]
---------------------------------------------------------------
[ 2018-05-13T21:25:47+08:00 ] 172.24.189.12 114.242.248.171 GET /platform/application/applicationshow.html
[ info ] 39.104.67.26:8901/platform/application/applicationshow.html [运行时间：0.015625s][吞吐率：64.00req/s] [内存消耗：1,185.39kb] [文件加载：31]
[ info ] [ LANG ] C:\thinkphp\thinkphp\lang\zh-cn.php
[ info ] [ ROUTE ] array (
  'type' => 'module',
  'module' => 
  array (
    0 => 'platform',
    1 => 'application',
    2 => 'applicationshow',
  ),
)
[ info ] [ HEADER ] array (
  'accept' => 'text/html, application/xhtml+xml, image/jxr, */*',
  'referer' => 'http://39.104.67.26:8901/platform/index/index.html',
  'accept-language' => 'zh-CN',
  'user-agent' => 'Mozilla/5.0 (Windows NT 10.0; WOW64; Trident/7.0; rv:11.0) like Gecko',
  'accept-encoding' => 'gzip, deflate',
  'host' => '39.104.67.26:8901',
  'connection' => 'Keep-Alive',
  'cookie' => 'UM_distinctid=1634528325b12c-0d54fa1b61214c8-677b7726-1fa400-1634528325cc13; CNZZDATA155540=cnzz_eid%3D234670753-1525872362-http%253A%252F%252F39.104.67.26%253A8901%252F%26ntime%3D1526027099; PHPSESSID=vqv44pqo6gdr0ntjmr73jqu014',
)
[ info ] [ PARAM ] array (
)
[ info ] [ LOG ] INIT File
[ error ] [2]Class 'C:\thinkphp\application\platform\controller\vendor\workerman\gateway-worker-for-win\src\Protocols\GatewayProtocol' not found[C:\thinkphp\application\platform\controller\vendor\workerman\gateway-worker-for-win\src\Lib\Gateway.php:918]
---------------------------------------------------------------
[ 2018-05-13T21:27:31+08:00 ] 172.24.189.12 114.242.248.171 GET /platform/application/applicationshow.html
[ info ] 39.104.67.26:8901/platform/application/applicationshow.html [运行时间：0.015625s][吞吐率：64.00req/s] [内存消耗：1,201.15kb] [文件加载：32]
[ info ] [ LANG ] C:\thinkphp\thinkphp\lang\zh-cn.php
[ info ] [ ROUTE ] array (
  'type' => 'module',
  'module' => 
  array (
    0 => 'platform',
    1 => 'application',
    2 => 'applicationshow',
  ),
)
[ info ] [ HEADER ] array (
  'accept' => 'text/html, application/xhtml+xml, image/jxr, */*',
  'referer' => 'http://39.104.67.26:8901/platform/index/index.html',
  'accept-language' => 'zh-CN',
  'user-agent' => 'Mozilla/5.0 (Windows NT 10.0; WOW64; Trident/7.0; rv:11.0) like Gecko',
  'accept-encoding' => 'gzip, deflate',
  'host' => '39.104.67.26:8901',
  'connection' => 'Keep-Alive',
  'cookie' => 'UM_distinctid=1634528325b12c-0d54fa1b61214c8-677b7726-1fa400-1634528325cc13; CNZZDATA155540=cnzz_eid%3D234670753-1525872362-http%253A%252F%252F39.104.67.26%253A8901%252F%26ntime%3D1526027099; PHPSESSID=vqv44pqo6gdr0ntjmr73jqu014',
)
[ info ] [ PARAM ] array (
)
[ info ] [ LOG ] INIT File
[ error ] [2]Class 'C:\thinkphp\application\platform\controller\vendor\workerman\gateway-worker-for-win\src\Protocols\GatewayProtocol' not found[C:\thinkphp\application\platform\controller\vendor\workerman\gateway-worker-for-win\src\Lib\Gateway.php:920]
---------------------------------------------------------------
[ 2018-05-13T21:27:55+08:00 ] 172.24.189.12 114.242.248.171 GET /platform/application/applicationshow.html
[ info ] 39.104.67.26:8901/platform/application/applicationshow.html [运行时间：0.046875s][吞吐率：21.33req/s] [内存消耗：1,455.86kb] [文件加载：45]
[ info ] [ LANG ] C:\thinkphp\thinkphp\lang\zh-cn.php
[ info ] [ ROUTE ] array (
  'type' => 'module',
  'module' => 
  array (
    0 => 'platform',
    1 => 'application',
    2 => 'applicationshow',
  ),
)
[ info ] [ HEADER ] array (
  'accept' => 'text/html, application/xhtml+xml, image/jxr, */*',
  'referer' => 'http://39.104.67.26:8901/platform/index/index.html',
  'accept-language' => 'zh-CN',
  'user-agent' => 'Mozilla/5.0 (Windows NT 10.0; WOW64; Trident/7.0; rv:11.0) like Gecko',
  'accept-encoding' => 'gzip, deflate',
  'host' => '39.104.67.26:8901',
  'connection' => 'Keep-Alive',
  'cookie' => 'UM_distinctid=1634528325b12c-0d54fa1b61214c8-677b7726-1fa400-1634528325cc13; CNZZDATA155540=cnzz_eid%3D234670753-1525872362-http%253A%252F%252F39.104.67.26%253A8901%252F%26ntime%3D1526027099; PHPSESSID=vqv44pqo6gdr0ntjmr73jqu014',
)
[ info ] [ PARAM ] array (
)
[ info ] [ LOG ] INIT File
[ error ] [2]Invalid argument supplied for foreach()[C:\thinkphp\application\platform\controller\vendor\workerman\workerman-for-win\Worker.php:620]
---------------------------------------------------------------
[ 2018-05-13T21:31:36+08:00 ] 172.24.189.12 114.242.248.171 GET /
[ info ] 39.104.67.26:8901/ [运行时间：0.031250s][吞吐率：32.00req/s] [内存消耗：2,093.59kb] [文件加载：41]
[ info ] [ LANG ] C:\thinkphp\thinkphp\lang\zh-cn.php
[ info ] [ ROUTE ] array (
  'type' => 'module',
  'module' => 
  array (
    0 => '',
    1 => NULL,
    2 => NULL,
  ),
)
[ info ] [ HEADER ] array (
  'accept' => 'text/html, application/xhtml+xml, image/jxr, */*',
  'accept-language' => 'zh-CN',
  'user-agent' => 'Mozilla/5.0 (Windows NT 10.0; WOW64; Trident/7.0; rv:11.0) like Gecko',
  'accept-encoding' => 'gzip, deflate',
  'host' => '39.104.67.26:8901',
  'connection' => 'Keep-Alive',
  'cookie' => 'UM_distinctid=1634528325b12c-0d54fa1b61214c8-677b7726-1fa400-1634528325cc13; CNZZDATA155540=cnzz_eid%3D234670753-1525872362-http%253A%252F%252F39.104.67.26%253A8901%252F%26ntime%3D1526027099; PHPSESSID=vqv44pqo6gdr0ntjmr73jqu014',
)
[ info ] [ PARAM ] array (
)
[ info ] [ RUN ] app\index\controller\Index->index[ C:\thinkphp\application\index\controller\Index.php ]
[ info ] [ DB ] INIT mysql
[ info ] [ VIEW ] C:\thinkphp/application/index\view\index\index.html [ array (
  0 => 'event',
) ]
[ info ] [ LOG ] INIT File
[ sql ] [ DB ] CONNECT:[ UseTime:0.000000s ] mysql:dbname=tp5;host=127.0.0.1;charset=utf8
[ sql ] [ SQL ] SHOW COLUMNS FROM `qs_event` [ RunTime:0.000000s ]
[ sql ] [ SQL ] SELECT * FROM `qs_event` ORDER BY id asc [ RunTime:0.000000s ]
---------------------------------------------------------------
[ 2018-05-13T21:31:38+08:00 ] 172.24.189.12 114.242.248.171 GET /platform/user/index.html
[ info ] 39.104.67.26:8901/platform/user/index.html [运行时间：0.031250s][吞吐率：32.00req/s] [内存消耗：1,366.76kb] [文件加载：34]
[ info ] [ LANG ] C:\thinkphp\thinkphp\lang\zh-cn.php
[ info ] [ ROUTE ] array (
  'type' => 'module',
  'module' => 
  array (
    0 => 'platform',
    1 => 'user',
    2 => 'index',
  ),
)
[ info ] [ HEADER ] array (
  'accept' => 'text/html, application/xhtml+xml, image/jxr, */*',
  'referer' => 'http://39.104.67.26:8901/',
  'accept-language' => 'zh-CN',
  'user-agent' => 'Mozilla/5.0 (Windows NT 10.0; WOW64; Trident/7.0; rv:11.0) like Gecko',
  'accept-encoding' => 'gzip, deflate',
  'host' => '39.104.67.26:8901',
  'connection' => 'Keep-Alive',
  'cookie' => 'UM_distinctid=1634528325b12c-0d54fa1b61214c8-677b7726-1fa400-1634528325cc13; CNZZDATA155540=cnzz_eid%3D234670753-1525872362-http%253A%252F%252F39.104.67.26%253A8901%252F%26ntime%3D1526027099; PHPSESSID=vqv44pqo6gdr0ntjmr73jqu014',
)
[ info ] [ PARAM ] array (
)
[ info ] [ RUN ] app\platform\controller\User->index[ C:\thinkphp\application\platform\controller\User.php ]
[ info ] [ VIEW ] C:\thinkphp/application/platform\view\user\login.html [ array (
) ]
[ info ] [ SESSION ] INIT array (
  'id' => '',
  'var_session_id' => '',
  'prefix' => 'think',
  'type' => '',
  'auto_start' => true,
)
[ info ] [ LOG ] INIT File
---------------------------------------------------------------
[ 2018-05-13T21:31:38+08:00 ] 172.24.189.12 114.242.248.171 GET /platform/index/index.html
[ info ] 39.104.67.26:8901/platform/index/index.html [运行时间：0.046875s][吞吐率：21.33req/s] [内存消耗：2,097.39kb] [文件加载：42]
[ info ] [ LANG ] C:\thinkphp\thinkphp\lang\zh-cn.php
[ info ] [ ROUTE ] array (
  'type' => 'module',
  'module' => 
  array (
    0 => 'platform',
    1 => 'index',
    2 => 'index',
  ),
)
[ info ] [ HEADER ] array (
  'accept' => 'text/html, application/xhtml+xml, image/jxr, */*',
  'referer' => 'http://39.104.67.26:8901/platform/user/index.html',
  'accept-language' => 'zh-CN',
  'user-agent' => 'Mozilla/5.0 (Windows NT 10.0; WOW64; Trident/7.0; rv:11.0) like Gecko',
  'accept-encoding' => 'gzip, deflate',
  'host' => '39.104.67.26:8901',
  'connection' => 'Keep-Alive',
  'cookie' => 'UM_distinctid=1634528325b12c-0d54fa1b61214c8-677b7726-1fa400-1634528325cc13; CNZZDATA155540=cnzz_eid%3D234670753-1525872362-http%253A%252F%252F39.104.67.26%253A8901%252F%26ntime%3D1526027099; PHPSESSID=vqv44pqo6gdr0ntjmr73jqu014',
)
[ info ] [ PARAM ] array (
)
[ info ] [ SESSION ] INIT array (
  'id' => '',
  'var_session_id' => '',
  'prefix' => 'think',
  'type' => '',
  'auto_start' => true,
)
[ info ] [ DB ] INIT mysql
[ info ] [ RUN ] app\platform\controller\Index->index[ C:\thinkphp\application\platform\controller\Index.php ]
[ info ] [ VIEW ] C:\thinkphp/application/platform\view\index\index.html [ array (
  0 => 'menu',
) ]
[ info ] [ LOG ] INIT File
[ sql ] [ DB ] CONNECT:[ UseTime:0.000000s ] mysql:dbname=tp5;host=127.0.0.1;charset=utf8
[ sql ] [ SQL ] SHOW COLUMNS FROM `qs_experiment_application` [ RunTime:0.000000s ]
[ sql ] [ SQL ] SELECT * FROM `qs_experiment_application` WHERE  `uid` = 1 ORDER BY `id`  ASC [ RunTime:0.000000s ]
[ sql ] [ SQL ] SHOW COLUMNS FROM `qs_experiment_device` [ RunTime:0.000000s ]
[ sql ] [ SQL ] SELECT * FROM `qs_experiment_device` WHERE  `aid` = 4 ORDER BY `id`  ASC [ RunTime:0.000000s ]
[ sql ] [ SQL ] SELECT * FROM `qs_experiment_device` WHERE  `aid` = 10 ORDER BY `id`  ASC [ RunTime:0.000000s ]
---------------------------------------------------------------
[ 2018-05-13T21:31:39+08:00 ] 172.24.189.12 114.242.248.171 GET /platform/index/welcome.html
[ info ] 39.104.67.26:8901/platform/index/welcome.html [运行时间：0.046875s][吞吐率：21.33req/s] [内存消耗：2,035.67kb] [文件加载：41]
[ info ] [ LANG ] C:\thinkphp\thinkphp\lang\zh-cn.php
[ info ] [ ROUTE ] array (
  'type' => 'module',
  'module' => 
  array (
    0 => 'platform',
    1 => 'index',
    2 => 'welcome',
  ),
)
[ info ] [ HEADER ] array (
  'accept' => 'text/html, application/xhtml+xml, image/jxr, */*',
  'referer' => 'http://39.104.67.26:8901/platform/index/index.html',
  'accept-language' => 'zh-CN',
  'user-agent' => 'Mozilla/5.0 (Windows NT 10.0; WOW64; Trident/7.0; rv:11.0) like Gecko',
  'accept-encoding' => 'gzip, deflate',
  'host' => '39.104.67.26:8901',
  'connection' => 'Keep-Alive',
  'cookie' => 'UM_distinctid=1634528325b12c-0d54fa1b61214c8-677b7726-1fa400-1634528325cc13; CNZZDATA155540=cnzz_eid%3D234670753-1525872362-http%253A%252F%252F39.104.67.26%253A8901%252F%26ntime%3D1526027099; PHPSESSID=vqv44pqo6gdr0ntjmr73jqu014',
)
[ info ] [ PARAM ] array (
)
[ info ] [ SESSION ] INIT array (
  'id' => '',
  'var_session_id' => '',
  'prefix' => 'think',
  'type' => '',
  'auto_start' => true,
)
[ info ] [ DB ] INIT mysql
[ info ] [ RUN ] app\platform\controller\Index->welcome[ C:\thinkphp\application\platform\controller\Index.php ]
[ info ] [ VIEW ] C:\thinkphp/application/platform\view\index\welcome.html [ array (
  0 => 'menu',
) ]
[ info ] [ LOG ] INIT File
[ sql ] [ DB ] CONNECT:[ UseTime:0.000000s ] mysql:dbname=tp5;host=127.0.0.1;charset=utf8
[ sql ] [ SQL ] SHOW COLUMNS FROM `qs_experiment_application` [ RunTime:0.000000s ]
[ sql ] [ SQL ] SELECT * FROM `qs_experiment_application` WHERE  `uid` = 1 ORDER BY `id`  ASC [ RunTime:0.000000s ]
[ sql ] [ SQL ] SHOW COLUMNS FROM `qs_experiment_device` [ RunTime:0.000000s ]
[ sql ] [ SQL ] SELECT * FROM `qs_experiment_device` WHERE  `aid` = 4 ORDER BY `id`  ASC [ RunTime:0.000000s ]
[ sql ] [ SQL ] SELECT * FROM `qs_experiment_device` WHERE  `aid` = 10 ORDER BY `id`  ASC [ RunTime:0.000000s ]
---------------------------------------------------------------
[ 2018-05-13T21:31:41+08:00 ] 172.24.189.12 114.242.248.171 GET /platform/application/applicationshow.html
[ info ] 39.104.67.26:8901/platform/application/applicationshow.html [运行时间：0.078125s][吞吐率：12.80req/s] [内存消耗：2,238.86kb] [文件加载：46]
[ info ] [ LANG ] C:\thinkphp\thinkphp\lang\zh-cn.php
[ info ] [ ROUTE ] array (
  'type' => 'module',
  'module' => 
  array (
    0 => 'platform',
    1 => 'application',
    2 => 'applicationshow',
  ),
)
[ info ] [ HEADER ] array (
  'accept' => 'text/html, application/xhtml+xml, image/jxr, */*',
  'referer' => 'http://39.104.67.26:8901/platform/index/index.html',
  'accept-language' => 'zh-CN',
  'user-agent' => 'Mozilla/5.0 (Windows NT 10.0; WOW64; Trident/7.0; rv:11.0) like Gecko',
  'accept-encoding' => 'gzip, deflate',
  'host' => '39.104.67.26:8901',
  'connection' => 'Keep-Alive',
  'cookie' => 'UM_distinctid=1634528325b12c-0d54fa1b61214c8-677b7726-1fa400-1634528325cc13; CNZZDATA155540=cnzz_eid%3D234670753-1525872362-http%253A%252F%252F39.104.67.26%253A8901%252F%26ntime%3D1526027099; PHPSESSID=vqv44pqo6gdr0ntjmr73jqu014',
)
[ info ] [ PARAM ] array (
)
[ info ] [ RUN ] app\platform\controller\Application->applicationshow[ C:\thinkphp\application\platform\controller\Application.php ]
[ info ] [ SESSION ] INIT array (
  'id' => '',
  'var_session_id' => '',
  'prefix' => 'think',
  'type' => '',
  'auto_start' => true,
)
[ info ] [ DB ] INIT mysql
[ info ] [ VIEW ] C:\thinkphp/application/platform\view\application\applicationshow.html [ array (
  0 => 'appdevice',
  1 => 'appindustry',
  2 => 'applist',
  3 => 'connect',
) ]
[ info ] [ LOG ] INIT File
[ sql ] [ DB ] CONNECT:[ UseTime:0.000000s ] mysql:dbname=tp5;host=127.0.0.1;charset=utf8
[ sql ] [ SQL ] SHOW COLUMNS FROM `qs_experiment_application` [ RunTime:0.015625s ]
[ sql ] [ SQL ] SELECT COUNT(*) AS tp_count FROM `qs_experiment_application` WHERE  `uid` = 1 LIMIT 1 [ RunTime:0.000000s ]
[ sql ] [ SQL ] SELECT * FROM `qs_experiment_application` WHERE  `uid` = 1 ORDER BY id asc LIMIT 0,10 [ RunTime:0.000000s ]
[ sql ] [ SQL ] SHOW COLUMNS FROM `qs_experiment_device` [ RunTime:0.000000s ]
[ sql ] [ SQL ] SELECT * FROM `qs_experiment_device` WHERE  `aid` = 4 [ RunTime:0.000000s ]
[ sql ] [ SQL ] SHOW COLUMNS FROM `qs_experiment_industry` [ RunTime:0.000000s ]
[ sql ] [ SQL ] SELECT * FROM `qs_experiment_industry` WHERE  `id` = 4 LIMIT 1 [ RunTime:0.000000s ]
[ sql ] [ SQL ] SHOW COLUMNS FROM `qs_connect_type` [ RunTime:0.031250s ]
[ sql ] [ SQL ] SELECT * FROM `qs_connect_type` WHERE  `id` = 3 LIMIT 1 [ RunTime:0.000000s ]
[ sql ] [ SQL ] SELECT * FROM `qs_experiment_device` WHERE  `aid` = 10 [ RunTime:0.000000s ]
[ sql ] [ SQL ] SELECT * FROM `qs_experiment_industry` WHERE  `id` = 1 LIMIT 1 [ RunTime:0.000000s ]
[ sql ] [ SQL ] SELECT * FROM `qs_connect_type` WHERE  `id` = 2 LIMIT 1 [ RunTime:0.000000s ]
---------------------------------------------------------------
[ 2018-05-13T21:40:02+08:00 ] 172.24.189.12 114.242.248.171 GET /platform/index/index.html
[ info ] 39.104.67.26:8901/platform/index/index.html [运行时间：0.062500s][吞吐率：16.00req/s] [内存消耗：2,097.39kb] [文件加载：42]
[ info ] [ LANG ] C:\thinkphp\thinkphp\lang\zh-cn.php
[ info ] [ ROUTE ] array (
  'type' => 'module',
  'module' => 
  array (
    0 => 'platform',
    1 => 'index',
    2 => 'index',
  ),
)
[ info ] [ HEADER ] array (
  'accept' => 'text/html, application/xhtml+xml, image/jxr, */*',
  'referer' => 'http://39.104.67.26:8901/platform/user/index.html',
  'accept-language' => 'zh-CN',
  'user-agent' => 'Mozilla/5.0 (Windows NT 10.0; WOW64; Trident/7.0; rv:11.0) like Gecko',
  'accept-encoding' => 'gzip, deflate',
  'host' => '39.104.67.26:8901',
  'connection' => 'Keep-Alive',
  'cookie' => 'UM_distinctid=1634528325b12c-0d54fa1b61214c8-677b7726-1fa400-1634528325cc13; CNZZDATA155540=cnzz_eid%3D234670753-1525872362-http%253A%252F%252F39.104.67.26%253A8901%252F%26ntime%3D1526027099; PHPSESSID=vqv44pqo6gdr0ntjmr73jqu014',
)
[ info ] [ PARAM ] array (
)
[ info ] [ SESSION ] INIT array (
  'id' => '',
  'var_session_id' => '',
  'prefix' => 'think',
  'type' => '',
  'auto_start' => true,
)
[ info ] [ DB ] INIT mysql
[ info ] [ RUN ] app\platform\controller\Index->index[ C:\thinkphp\application\platform\controller\Index.php ]
[ info ] [ VIEW ] C:\thinkphp/application/platform\view\index\index.html [ array (
  0 => 'menu',
) ]
[ info ] [ LOG ] INIT File
[ sql ] [ DB ] CONNECT:[ UseTime:0.000000s ] mysql:dbname=tp5;host=127.0.0.1;charset=utf8
[ sql ] [ SQL ] SHOW COLUMNS FROM `qs_experiment_application` [ RunTime:0.000000s ]
[ sql ] [ SQL ] SELECT * FROM `qs_experiment_application` WHERE  `uid` = 1 ORDER BY `id`  ASC [ RunTime:0.000000s ]
[ sql ] [ SQL ] SHOW COLUMNS FROM `qs_experiment_device` [ RunTime:0.000000s ]
[ sql ] [ SQL ] SELECT * FROM `qs_experiment_device` WHERE  `aid` = 4 ORDER BY `id`  ASC [ RunTime:0.000000s ]
[ sql ] [ SQL ] SELECT * FROM `qs_experiment_device` WHERE  `aid` = 10 ORDER BY `id`  ASC [ RunTime:0.000000s ]
---------------------------------------------------------------
[ 2018-05-13T21:40:03+08:00 ] 172.24.189.12 114.242.248.171 GET /platform/index/welcome.html
[ info ] 39.104.67.26:8901/platform/index/welcome.html [运行时间：0.046875s][吞吐率：21.33req/s] [内存消耗：2,035.67kb] [文件加载：41]
[ info ] [ LANG ] C:\thinkphp\thinkphp\lang\zh-cn.php
[ info ] [ ROUTE ] array (
  'type' => 'module',
  'module' => 
  array (
    0 => 'platform',
    1 => 'index',
    2 => 'welcome',
  ),
)
[ info ] [ HEADER ] array (
  'accept' => 'text/html, application/xhtml+xml, image/jxr, */*',
  'referer' => 'http://39.104.67.26:8901/platform/index/index.html',
  'accept-language' => 'zh-CN',
  'user-agent' => 'Mozilla/5.0 (Windows NT 10.0; WOW64; Trident/7.0; rv:11.0) like Gecko',
  'accept-encoding' => 'gzip, deflate',
  'host' => '39.104.67.26:8901',
  'connection' => 'Keep-Alive',
  'cookie' => 'UM_distinctid=1634528325b12c-0d54fa1b61214c8-677b7726-1fa400-1634528325cc13; CNZZDATA155540=cnzz_eid%3D234670753-1525872362-http%253A%252F%252F39.104.67.26%253A8901%252F%26ntime%3D1526027099; PHPSESSID=vqv44pqo6gdr0ntjmr73jqu014',
)
[ info ] [ PARAM ] array (
)
[ info ] [ SESSION ] INIT array (
  'id' => '',
  'var_session_id' => '',
  'prefix' => 'think',
  'type' => '',
  'auto_start' => true,
)
[ info ] [ DB ] INIT mysql
[ info ] [ RUN ] app\platform\controller\Index->welcome[ C:\thinkphp\application\platform\controller\Index.php ]
[ info ] [ VIEW ] C:\thinkphp/application/platform\view\index\welcome.html [ array (
  0 => 'menu',
) ]
[ info ] [ LOG ] INIT File
[ sql ] [ DB ] CONNECT:[ UseTime:0.000000s ] mysql:dbname=tp5;host=127.0.0.1;charset=utf8
[ sql ] [ SQL ] SHOW COLUMNS FROM `qs_experiment_application` [ RunTime:0.000000s ]
[ sql ] [ SQL ] SELECT * FROM `qs_experiment_application` WHERE  `uid` = 1 ORDER BY `id`  ASC [ RunTime:0.000000s ]
[ sql ] [ SQL ] SHOW COLUMNS FROM `qs_experiment_device` [ RunTime:0.015625s ]
[ sql ] [ SQL ] SELECT * FROM `qs_experiment_device` WHERE  `aid` = 4 ORDER BY `id`  ASC [ RunTime:0.000000s ]
[ sql ] [ SQL ] SELECT * FROM `qs_experiment_device` WHERE  `aid` = 10 ORDER BY `id`  ASC [ RunTime:0.000000s ]
---------------------------------------------------------------
[ 2018-05-13T21:40:04+08:00 ] 172.24.189.12 114.242.248.171 GET /platform/application/applicationshow.html
[ info ] 39.104.67.26:8901/platform/application/applicationshow.html [运行时间：0.046875s][吞吐率：21.33req/s] [内存消耗：2,187.63kb] [文件加载：47]
[ info ] [ LANG ] C:\thinkphp\thinkphp\lang\zh-cn.php
[ info ] [ ROUTE ] array (
  'type' => 'module',
  'module' => 
  array (
    0 => 'platform',
    1 => 'application',
    2 => 'applicationshow',
  ),
)
[ info ] [ HEADER ] array (
  'accept' => 'text/html, application/xhtml+xml, image/jxr, */*',
  'referer' => 'http://39.104.67.26:8901/platform/index/index.html',
  'accept-language' => 'zh-CN',
  'user-agent' => 'Mozilla/5.0 (Windows NT 10.0; WOW64; Trident/7.0; rv:11.0) like Gecko',
  'accept-encoding' => 'gzip, deflate',
  'host' => '39.104.67.26:8901',
  'connection' => 'Keep-Alive',
  'cookie' => 'UM_distinctid=1634528325b12c-0d54fa1b61214c8-677b7726-1fa400-1634528325cc13; CNZZDATA155540=cnzz_eid%3D234670753-1525872362-http%253A%252F%252F39.104.67.26%253A8901%252F%26ntime%3D1526027099; PHPSESSID=vqv44pqo6gdr0ntjmr73jqu014',
)
[ info ] [ PARAM ] array (
)
[ info ] [ RUN ] app\platform\controller\Application->applicationshow[ C:\thinkphp\application\platform\controller\Application.php ]
[ info ] [ SESSION ] INIT array (
  'id' => '',
  'var_session_id' => '',
  'prefix' => 'think',
  'type' => '',
  'auto_start' => true,
)
[ info ] [ DB ] INIT mysql
[ info ] [ LOG ] INIT File
[ sql ] [ DB ] CONNECT:[ UseTime:0.015625s ] mysql:dbname=tp5;host=127.0.0.1;charset=utf8
[ sql ] [ SQL ] SHOW COLUMNS FROM `qs_experiment_application` [ RunTime:0.000000s ]
[ sql ] [ SQL ] SELECT COUNT(*) AS tp_count FROM `qs_experiment_application` WHERE  `uid` = 1 LIMIT 1 [ RunTime:0.000000s ]
[ sql ] [ SQL ] SELECT * FROM `qs_experiment_application` WHERE  `uid` = 1 ORDER BY id asc LIMIT 0,10 [ RunTime:0.000000s ]
[ error ] [1]Class 'GatewayWorker\Lib\Gateway' not found[C:\NB\GatewayWorker\Applications\YourApp\pqs.php:12]
---------------------------------------------------------------
[ 2018-05-13T21:48:47+08:00 ] 172.24.189.12 114.242.248.171 GET /platform/application/applicationshow.html
[ info ] 39.104.67.26:8901/platform/application/applicationshow.html [运行时间：0.062500s][吞吐率：16.00req/s] [内存消耗：2,226.76kb] [文件加载：44]
[ info ] [ LANG ] C:\thinkphp\thinkphp\lang\zh-cn.php
[ info ] [ ROUTE ] array (
  'type' => 'module',
  'module' => 
  array (
    0 => 'platform',
    1 => 'application',
    2 => 'applicationshow',
  ),
)
[ info ] [ HEADER ] array (
  'accept' => 'text/html, application/xhtml+xml, image/jxr, */*',
  'referer' => 'http://39.104.67.26:8901/platform/index/index.html',
  'accept-language' => 'zh-CN',
  'user-agent' => 'Mozilla/5.0 (Windows NT 10.0; WOW64; Trident/7.0; rv:11.0) like Gecko',
  'accept-encoding' => 'gzip, deflate',
  'host' => '39.104.67.26:8901',
  'connection' => 'Keep-Alive',
  'cookie' => 'UM_distinctid=1634528325b12c-0d54fa1b61214c8-677b7726-1fa400-1634528325cc13; CNZZDATA155540=cnzz_eid%3D234670753-1525872362-http%253A%252F%252F39.104.67.26%253A8901%252F%26ntime%3D1526027099; PHPSESSID=vqv44pqo6gdr0ntjmr73jqu014',
)
[ info ] [ PARAM ] array (
)
[ info ] [ RUN ] app\platform\controller\Application->applicationshow[ C:\thinkphp\application\platform\controller\Application.php ]
[ info ] [ SESSION ] INIT array (
  'id' => '',
  'var_session_id' => '',
  'prefix' => 'think',
  'type' => '',
  'auto_start' => true,
)
[ info ] [ DB ] INIT mysql
[ info ] [ VIEW ] C:\thinkphp/application/platform\view\application\applicationshow.html [ array (
  0 => 'appdevice',
  1 => 'appindustry',
  2 => 'applist',
  3 => 'connect',
) ]
[ info ] [ LOG ] INIT File
[ sql ] [ DB ] CONNECT:[ UseTime:0.000000s ] mysql:dbname=tp5;host=127.0.0.1;charset=utf8
[ sql ] [ SQL ] SHOW COLUMNS FROM `qs_experiment_application` [ RunTime:0.000000s ]
[ sql ] [ SQL ] SELECT COUNT(*) AS tp_count FROM `qs_experiment_application` WHERE  `uid` = 1 LIMIT 1 [ RunTime:0.000000s ]
[ sql ] [ SQL ] SELECT * FROM `qs_experiment_application` WHERE  `uid` = 1 ORDER BY id asc LIMIT 0,10 [ RunTime:0.000000s ]
[ sql ] [ SQL ] SHOW COLUMNS FROM `qs_experiment_device` [ RunTime:0.000000s ]
[ sql ] [ SQL ] SELECT * FROM `qs_experiment_device` WHERE  `aid` = 4 [ RunTime:0.000000s ]
[ sql ] [ SQL ] SHOW COLUMNS FROM `qs_experiment_industry` [ RunTime:0.000000s ]
[ sql ] [ SQL ] SELECT * FROM `qs_experiment_industry` WHERE  `id` = 4 LIMIT 1 [ RunTime:0.000000s ]
[ sql ] [ SQL ] SHOW COLUMNS FROM `qs_connect_type` [ RunTime:0.000000s ]
[ sql ] [ SQL ] SELECT * FROM `qs_connect_type` WHERE  `id` = 3 LIMIT 1 [ RunTime:0.000000s ]
[ sql ] [ SQL ] SELECT * FROM `qs_experiment_device` WHERE  `aid` = 10 [ RunTime:0.000000s ]
[ sql ] [ SQL ] SELECT * FROM `qs_experiment_industry` WHERE  `id` = 1 LIMIT 1 [ RunTime:0.000000s ]
[ sql ] [ SQL ] SELECT * FROM `qs_connect_type` WHERE  `id` = 2 LIMIT 1 [ RunTime:0.000000s ]
---------------------------------------------------------------
[ 2018-05-13T21:48:49+08:00 ] 172.24.189.12 114.242.248.171 GET /platform/application/addapplication.html
[ info ] 39.104.67.26:8901/platform/application/addapplication.html [运行时间：0.046875s][吞吐率：21.33req/s] [内存消耗：2,091.74kb] [文件加载：41]
[ info ] [ LANG ] C:\thinkphp\thinkphp\lang\zh-cn.php
[ info ] [ ROUTE ] array (
  'type' => 'module',
  'module' => 
  array (
    0 => 'platform',
    1 => 'application',
    2 => 'addapplication',
  ),
)
[ info ] [ HEADER ] array (
  'accept' => 'text/html, application/xhtml+xml, image/jxr, */*',
  'referer' => 'http://39.104.67.26:8901/platform/application/applicationshow.html',
  'accept-language' => 'zh-CN',
  'user-agent' => 'Mozilla/5.0 (Windows NT 10.0; WOW64; Trident/7.0; rv:11.0) like Gecko',
  'accept-encoding' => 'gzip, deflate',
  'host' => '39.104.67.26:8901',
  'connection' => 'Keep-Alive',
  'cookie' => 'UM_distinctid=1634528325b12c-0d54fa1b61214c8-677b7726-1fa400-1634528325cc13; CNZZDATA155540=cnzz_eid%3D234670753-1525872362-http%253A%252F%252F39.104.67.26%253A8901%252F%26ntime%3D1526027099; PHPSESSID=vqv44pqo6gdr0ntjmr73jqu014',
)
[ info ] [ PARAM ] array (
)
[ info ] [ RUN ] app\platform\controller\Application->addapplication[ C:\thinkphp\application\platform\controller\Application.php ]
[ info ] [ DB ] INIT mysql
[ info ] [ VIEW ] C:\thinkphp/application/platform\view\application\addapplication.html [ array (
  0 => 'industry',
  1 => 'connect',
) ]
[ info ] [ LOG ] INIT File
[ sql ] [ DB ] CONNECT:[ UseTime:0.000000s ] mysql:dbname=tp5;host=127.0.0.1;charset=utf8
[ sql ] [ SQL ] SHOW COLUMNS FROM `qs_experiment_industry` [ RunTime:0.000000s ]
[ sql ] [ SQL ] SELECT * FROM `qs_experiment_industry` ORDER BY id asc [ RunTime:0.015625s ]
[ sql ] [ SQL ] SHOW COLUMNS FROM `qs_connect_type` [ RunTime:0.000000s ]
[ sql ] [ SQL ] SELECT * FROM `qs_connect_type` ORDER BY id asc [ RunTime:0.000000s ]
---------------------------------------------------------------
[ 2018-05-13T22:45:01+08:00 ] 172.24.189.12 114.242.248.171 GET /
[ info ] 39.104.67.26:8901/ [运行时间：0.046875s][吞吐率：21.33req/s] [内存消耗：2,093.59kb] [文件加载：41]
[ info ] [ LANG ] C:\thinkphp\thinkphp\lang\zh-cn.php
[ info ] [ ROUTE ] array (
  'type' => 'module',
  'module' => 
  array (
    0 => '',
    1 => NULL,
    2 => NULL,
  ),
)
[ info ] [ HEADER ] array (
  'accept' => 'text/html, application/xhtml+xml, image/jxr, */*',
  'accept-language' => 'zh-CN',
  'user-agent' => 'Mozilla/5.0 (Windows NT 10.0; WOW64; Trident/7.0; rv:11.0) like Gecko',
  'accept-encoding' => 'gzip, deflate',
  'host' => '39.104.67.26:8901',
  'connection' => 'Keep-Alive',
  'cookie' => 'UM_distinctid=1634528325b12c-0d54fa1b61214c8-677b7726-1fa400-1634528325cc13; CNZZDATA155540=cnzz_eid%3D234670753-1525872362-http%253A%252F%252F39.104.67.26%253A8901%252F%26ntime%3D1526027099; PHPSESSID=vqv44pqo6gdr0ntjmr73jqu014',
)
[ info ] [ PARAM ] array (
)
[ info ] [ RUN ] app\index\controller\Index->index[ C:\thinkphp\application\index\controller\Index.php ]
[ info ] [ DB ] INIT mysql
[ info ] [ VIEW ] C:\thinkphp/application/index\view\index\index.html [ array (
  0 => 'event',
) ]
[ info ] [ LOG ] INIT File
[ sql ] [ DB ] CONNECT:[ UseTime:0.000000s ] mysql:dbname=tp5;host=127.0.0.1;charset=utf8
[ sql ] [ SQL ] SHOW COLUMNS FROM `qs_event` [ RunTime:0.000000s ]
[ sql ] [ SQL ] SELECT * FROM `qs_event` ORDER BY id asc [ RunTime:0.000000s ]
---------------------------------------------------------------
[ 2018-05-13T22:45:04+08:00 ] 172.24.189.12 114.242.248.171 GET /platform/user/index.html
[ info ] 39.104.67.26:8901/platform/user/index.html [运行时间：0.031250s][吞吐率：32.00req/s] [内存消耗：1,366.76kb] [文件加载：34]
[ info ] [ LANG ] C:\thinkphp\thinkphp\lang\zh-cn.php
[ info ] [ ROUTE ] array (
  'type' => 'module',
  'module' => 
  array (
    0 => 'platform',
    1 => 'user',
    2 => 'index',
  ),
)
[ info ] [ HEADER ] array (
  'accept' => 'text/html, application/xhtml+xml, image/jxr, */*',
  'referer' => 'http://39.104.67.26:8901/',
  'accept-language' => 'zh-CN',
  'user-agent' => 'Mozilla/5.0 (Windows NT 10.0; WOW64; Trident/7.0; rv:11.0) like Gecko',
  'accept-encoding' => 'gzip, deflate',
  'host' => '39.104.67.26:8901',
  'connection' => 'Keep-Alive',
  'cookie' => 'UM_distinctid=1634528325b12c-0d54fa1b61214c8-677b7726-1fa400-1634528325cc13; CNZZDATA155540=cnzz_eid%3D234670753-1525872362-http%253A%252F%252F39.104.67.26%253A8901%252F%26ntime%3D1526027099; PHPSESSID=vqv44pqo6gdr0ntjmr73jqu014',
)
[ info ] [ PARAM ] array (
)
[ info ] [ RUN ] app\platform\controller\User->index[ C:\thinkphp\application\platform\controller\User.php ]
[ info ] [ VIEW ] C:\thinkphp/application/platform\view\user\login.html [ array (
) ]
[ info ] [ SESSION ] INIT array (
  'id' => '',
  'var_session_id' => '',
  'prefix' => 'think',
  'type' => '',
  'auto_start' => true,
)
[ info ] [ LOG ] INIT File
---------------------------------------------------------------
[ 2018-05-13T22:45:04+08:00 ] 172.24.189.12 114.242.248.171 GET /platform/index/index.html
[ info ] 39.104.67.26:8901/platform/index/index.html [运行时间：0.046875s][吞吐率：21.33req/s] [内存消耗：2,097.39kb] [文件加载：42]
[ info ] [ LANG ] C:\thinkphp\thinkphp\lang\zh-cn.php
[ info ] [ ROUTE ] array (
  'type' => 'module',
  'module' => 
  array (
    0 => 'platform',
    1 => 'index',
    2 => 'index',
  ),
)
[ info ] [ HEADER ] array (
  'accept' => 'text/html, application/xhtml+xml, image/jxr, */*',
  'referer' => 'http://39.104.67.26:8901/platform/user/index.html',
  'accept-language' => 'zh-CN',
  'user-agent' => 'Mozilla/5.0 (Windows NT 10.0; WOW64; Trident/7.0; rv:11.0) like Gecko',
  'accept-encoding' => 'gzip, deflate',
  'host' => '39.104.67.26:8901',
  'connection' => 'Keep-Alive',
  'cookie' => 'UM_distinctid=1634528325b12c-0d54fa1b61214c8-677b7726-1fa400-1634528325cc13; CNZZDATA155540=cnzz_eid%3D234670753-1525872362-http%253A%252F%252F39.104.67.26%253A8901%252F%26ntime%3D1526027099; PHPSESSID=vqv44pqo6gdr0ntjmr73jqu014',
)
[ info ] [ PARAM ] array (
)
[ info ] [ SESSION ] INIT array (
  'id' => '',
  'var_session_id' => '',
  'prefix' => 'think',
  'type' => '',
  'auto_start' => true,
)
[ info ] [ DB ] INIT mysql
[ info ] [ RUN ] app\platform\controller\Index->index[ C:\thinkphp\application\platform\controller\Index.php ]
[ info ] [ VIEW ] C:\thinkphp/application/platform\view\index\index.html [ array (
  0 => 'menu',
) ]
[ info ] [ LOG ] INIT File
[ sql ] [ DB ] CONNECT:[ UseTime:0.000000s ] mysql:dbname=tp5;host=127.0.0.1;charset=utf8
[ sql ] [ SQL ] SHOW COLUMNS FROM `qs_experiment_application` [ RunTime:0.015625s ]
[ sql ] [ SQL ] SELECT * FROM `qs_experiment_application` WHERE  `uid` = 1 ORDER BY `id`  ASC [ RunTime:0.000000s ]
[ sql ] [ SQL ] SHOW COLUMNS FROM `qs_experiment_device` [ RunTime:0.000000s ]
[ sql ] [ SQL ] SELECT * FROM `qs_experiment_device` WHERE  `aid` = 4 ORDER BY `id`  ASC [ RunTime:0.000000s ]
[ sql ] [ SQL ] SELECT * FROM `qs_experiment_device` WHERE  `aid` = 10 ORDER BY `id`  ASC [ RunTime:0.000000s ]
---------------------------------------------------------------
[ 2018-05-13T22:45:04+08:00 ] 172.24.189.12 114.242.248.171 GET /platform/index/welcome.html
[ info ] 39.104.67.26:8901/platform/index/welcome.html [运行时间：0.062500s][吞吐率：16.00req/s] [内存消耗：2,035.67kb] [文件加载：41]
[ info ] [ LANG ] C:\thinkphp\thinkphp\lang\zh-cn.php
[ info ] [ ROUTE ] array (
  'type' => 'module',
  'module' => 
  array (
    0 => 'platform',
    1 => 'index',
    2 => 'welcome',
  ),
)
[ info ] [ HEADER ] array (
  'accept' => 'text/html, application/xhtml+xml, image/jxr, */*',
  'referer' => 'http://39.104.67.26:8901/platform/index/index.html',
  'accept-language' => 'zh-CN',
  'user-agent' => 'Mozilla/5.0 (Windows NT 10.0; WOW64; Trident/7.0; rv:11.0) like Gecko',
  'accept-encoding' => 'gzip, deflate',
  'host' => '39.104.67.26:8901',
  'connection' => 'Keep-Alive',
  'cookie' => 'UM_distinctid=1634528325b12c-0d54fa1b61214c8-677b7726-1fa400-1634528325cc13; CNZZDATA155540=cnzz_eid%3D234670753-1525872362-http%253A%252F%252F39.104.67.26%253A8901%252F%26ntime%3D1526027099; PHPSESSID=vqv44pqo6gdr0ntjmr73jqu014',
)
[ info ] [ PARAM ] array (
)
[ info ] [ SESSION ] INIT array (
  'id' => '',
  'var_session_id' => '',
  'prefix' => 'think',
  'type' => '',
  'auto_start' => true,
)
[ info ] [ DB ] INIT mysql
[ info ] [ RUN ] app\platform\controller\Index->welcome[ C:\thinkphp\application\platform\controller\Index.php ]
[ info ] [ VIEW ] C:\thinkphp/application/platform\view\index\welcome.html [ array (
  0 => 'menu',
) ]
[ info ] [ LOG ] INIT File
[ sql ] [ DB ] CONNECT:[ UseTime:0.000000s ] mysql:dbname=tp5;host=127.0.0.1;charset=utf8
[ sql ] [ SQL ] SHOW COLUMNS FROM `qs_experiment_application` [ RunTime:0.000000s ]
[ sql ] [ SQL ] SELECT * FROM `qs_experiment_application` WHERE  `uid` = 1 ORDER BY `id`  ASC [ RunTime:0.000000s ]
[ sql ] [ SQL ] SHOW COLUMNS FROM `qs_experiment_device` [ RunTime:0.015625s ]
[ sql ] [ SQL ] SELECT * FROM `qs_experiment_device` WHERE  `aid` = 4 ORDER BY `id`  ASC [ RunTime:0.000000s ]
[ sql ] [ SQL ] SELECT * FROM `qs_experiment_device` WHERE  `aid` = 10 ORDER BY `id`  ASC [ RunTime:0.000000s ]
---------------------------------------------------------------
[ 2018-05-13T22:45:07+08:00 ] 172.24.189.12 114.242.248.171 GET /platform/show/deviceshow/aid/4.html
[ info ] 39.104.67.26:8901/platform/show/deviceshow/aid/4.html [运行时间：0.062500s][吞吐率：16.00req/s] [内存消耗：2,194.83kb] [文件加载：44]
[ info ] [ LANG ] C:\thinkphp\thinkphp\lang\zh-cn.php
[ info ] [ ROUTE ] array (
  'type' => 'module',
  'module' => 
  array (
    0 => 'platform',
    1 => 'show',
    2 => 'deviceshow',
  ),
)
[ info ] [ HEADER ] array (
  'accept' => 'text/html, application/xhtml+xml, image/jxr, */*',
  'referer' => 'http://39.104.67.26:8901/platform/index/index.html',
  'accept-language' => 'zh-CN',
  'user-agent' => 'Mozilla/5.0 (Windows NT 10.0; WOW64; Trident/7.0; rv:11.0) like Gecko',
  'accept-encoding' => 'gzip, deflate',
  'host' => '39.104.67.26:8901',
  'connection' => 'Keep-Alive',
  'cookie' => 'UM_distinctid=1634528325b12c-0d54fa1b61214c8-677b7726-1fa400-1634528325cc13; CNZZDATA155540=cnzz_eid%3D234670753-1525872362-http%253A%252F%252F39.104.67.26%253A8901%252F%26ntime%3D1526027099; PHPSESSID=vqv44pqo6gdr0ntjmr73jqu014',
)
[ info ] [ PARAM ] array (
  'aid' => '4',
)
[ info ] [ RUN ] app\platform\controller\Show->deviceshow[ C:\thinkphp\application\platform\controller\Show.php ]
[ info ] [ DB ] INIT mysql
[ info ] [ VIEW ] C:\thinkphp/application/platform\view\show\deviceshow.html [ array (
  0 => 'aid',
  1 => 'devicelist',
  2 => 'type',
) ]
[ info ] [ LOG ] INIT File
[ sql ] [ DB ] CONNECT:[ UseTime:0.000000s ] mysql:dbname=tp5;host=127.0.0.1;charset=utf8
[ sql ] [ SQL ] SHOW COLUMNS FROM `qs_experiment_device` [ RunTime:0.000000s ]
[ sql ] [ SQL ] SELECT COUNT(*) AS tp_count FROM `qs_experiment_device` WHERE  `aid` = 4 LIMIT 1 [ RunTime:0.000000s ]
[ sql ] [ SQL ] SELECT * FROM `qs_experiment_device` WHERE  `aid` = 4 ORDER BY `tid`  asc,`id`  desc LIMIT 0,10 [ RunTime:0.000000s ]
[ sql ] [ SQL ] SHOW COLUMNS FROM `qs_experiment_type_store` [ RunTime:0.015625s ]
[ sql ] [ SQL ] SELECT * FROM `qs_experiment_type_store` [ RunTime:0.000000s ]
---------------------------------------------------------------
[ 2018-05-13T22:45:09+08:00 ] 172.24.189.12 114.242.248.171 GET /platform/device/addshow/aid/4.html
[ info ] 39.104.67.26:8901/platform/device/addshow/aid/4.html [运行时间：0.046875s][吞吐率：21.33req/s] [内存消耗：2,095.49kb] [文件加载：41]
[ info ] [ LANG ] C:\thinkphp\thinkphp\lang\zh-cn.php
[ info ] [ ROUTE ] array (
  'type' => 'module',
  'module' => 
  array (
    0 => 'platform',
    1 => 'device',
    2 => 'addshow',
  ),
)
[ info ] [ HEADER ] array (
  'accept' => 'text/html, application/xhtml+xml, image/jxr, */*',
  'referer' => 'http://39.104.67.26:8901/platform/show/deviceshow/aid/4.html',
  'accept-language' => 'zh-CN',
  'user-agent' => 'Mozilla/5.0 (Windows NT 10.0; WOW64; Trident/7.0; rv:11.0) like Gecko',
  'accept-encoding' => 'gzip, deflate',
  'host' => '39.104.67.26:8901',
  'connection' => 'Keep-Alive',
  'cookie' => 'UM_distinctid=1634528325b12c-0d54fa1b61214c8-677b7726-1fa400-1634528325cc13; CNZZDATA155540=cnzz_eid%3D234670753-1525872362-http%253A%252F%252F39.104.67.26%253A8901%252F%26ntime%3D1526027099; PHPSESSID=vqv44pqo6gdr0ntjmr73jqu014',
)
[ info ] [ PARAM ] array (
  'aid' => '4',
)
[ info ] [ RUN ] app\platform\controller\Device->addshow[ C:\thinkphp\application\platform\controller\Device.php ]
[ info ] [ DB ] INIT mysql
[ info ] [ VIEW ] C:\thinkphp/application/platform\view\device\addshow.html [ array (
  0 => 'devicetype',
  1 => 'serial',
  2 => 'aid',
) ]
[ info ] [ LOG ] INIT File
[ sql ] [ DB ] CONNECT:[ UseTime:0.000000s ] mysql:dbname=tp5;host=127.0.0.1;charset=utf8
[ sql ] [ SQL ] SHOW COLUMNS FROM `qs_experiment_type_store` [ RunTime:0.000000s ]
[ sql ] [ SQL ] SELECT * FROM `qs_experiment_type_store` ORDER BY id asc [ RunTime:0.000000s ]
[ sql ] [ SQL ] SHOW COLUMNS FROM `qs_experiment_device` [ RunTime:0.000000s ]
[ sql ] [ SQL ] SELECT * FROM `qs_experiment_device` WHERE  `dserial` = '7hAYD0Va' LIMIT 1 [ RunTime:0.000000s ]
---------------------------------------------------------------
[ 2018-05-13T22:46:38+08:00 ] 172.24.189.12 114.242.248.171 GET /platform/device/addshow/aid/4.html
[ info ] 39.104.67.26:8901/platform/device/addshow/aid/4.html [运行时间：0.046875s][吞吐率：21.33req/s] [内存消耗：2,245.27kb] [文件加载：43]
[ info ] [ LANG ] C:\thinkphp\thinkphp\lang\zh-cn.php
[ info ] [ ROUTE ] array (
  'type' => 'module',
  'module' => 
  array (
    0 => 'platform',
    1 => 'device',
    2 => 'addshow',
  ),
)
[ info ] [ HEADER ] array (
  'accept' => 'text/html, application/xhtml+xml, image/jxr, */*',
  'referer' => 'http://39.104.67.26:8901/platform/show/deviceshow/aid/4.html',
  'accept-language' => 'zh-CN',
  'user-agent' => 'Mozilla/5.0 (Windows NT 10.0; WOW64; Trident/7.0; rv:11.0) like Gecko',
  'accept-encoding' => 'gzip, deflate',
  'host' => '39.104.67.26:8901',
  'connection' => 'Keep-Alive',
  'cookie' => 'UM_distinctid=1634528325b12c-0d54fa1b61214c8-677b7726-1fa400-1634528325cc13; CNZZDATA155540=cnzz_eid%3D234670753-1525872362-http%253A%252F%252F39.104.67.26%253A8901%252F%26ntime%3D1526027099; PHPSESSID=vqv44pqo6gdr0ntjmr73jqu014',
)
[ info ] [ PARAM ] array (
  'aid' => '4',
)
[ info ] [ RUN ] app\platform\controller\Device->addshow[ C:\thinkphp\application\platform\controller\Device.php ]
[ info ] [ DB ] INIT mysql
[ info ] [ VIEW ] C:\thinkphp/application/platform\view\device\addshow.html [ array (
  0 => 'devicetype',
  1 => 'serial',
  2 => 'aid',
) ]
[ info ] [ LOG ] INIT File
[ sql ] [ DB ] CONNECT:[ UseTime:0.000000s ] mysql:dbname=tp5;host=127.0.0.1;charset=utf8
[ sql ] [ SQL ] SHOW COLUMNS FROM `qs_experiment_type_store` [ RunTime:0.000000s ]
[ sql ] [ SQL ] SELECT * FROM `qs_experiment_type_store` ORDER BY id asc [ RunTime:0.000000s ]
[ sql ] [ SQL ] SHOW COLUMNS FROM `qs_experiment_device` [ RunTime:0.000000s ]
[ sql ] [ SQL ] SELECT * FROM `qs_experiment_device` WHERE  `dserial` = '5KwQHuhV' LIMIT 1 [ RunTime:0.015625s ]
---------------------------------------------------------------
[ 2018-05-13T22:47:41+08:00 ] 172.24.189.12 114.242.248.171 GET /platform/device/addshow/aid/4.html
[ info ] 39.104.67.26:8901/platform/device/addshow/aid/4.html [运行时间：0.031250s][吞吐率：32.00req/s] [内存消耗：2,095.50kb] [文件加载：41]
[ info ] [ LANG ] C:\thinkphp\thinkphp\lang\zh-cn.php
[ info ] [ ROUTE ] array (
  'type' => 'module',
  'module' => 
  array (
    0 => 'platform',
    1 => 'device',
    2 => 'addshow',
  ),
)
[ info ] [ HEADER ] array (
  'accept' => 'text/html, application/xhtml+xml, image/jxr, */*',
  'referer' => 'http://39.104.67.26:8901/platform/show/deviceshow/aid/4.html',
  'accept-language' => 'zh-CN',
  'user-agent' => 'Mozilla/5.0 (Windows NT 10.0; WOW64; Trident/7.0; rv:11.0) like Gecko',
  'accept-encoding' => 'gzip, deflate',
  'host' => '39.104.67.26:8901',
  'connection' => 'Keep-Alive',
  'cookie' => 'UM_distinctid=1634528325b12c-0d54fa1b61214c8-677b7726-1fa400-1634528325cc13; CNZZDATA155540=cnzz_eid%3D234670753-1525872362-http%253A%252F%252F39.104.67.26%253A8901%252F%26ntime%3D1526027099; PHPSESSID=vqv44pqo6gdr0ntjmr73jqu014',
)
[ info ] [ PARAM ] array (
  'aid' => '4',
)
[ info ] [ RUN ] app\platform\controller\Device->addshow[ C:\thinkphp\application\platform\controller\Device.php ]
[ info ] [ DB ] INIT mysql
[ info ] [ VIEW ] C:\thinkphp/application/platform\view\device\addshow.html [ array (
  0 => 'devicetype',
  1 => 'serial',
  2 => 'aid',
) ]
[ info ] [ LOG ] INIT File
[ sql ] [ DB ] CONNECT:[ UseTime:0.000000s ] mysql:dbname=tp5;host=127.0.0.1;charset=utf8
[ sql ] [ SQL ] SHOW COLUMNS FROM `qs_experiment_type_store` [ RunTime:0.000000s ]
[ sql ] [ SQL ] SELECT * FROM `qs_experiment_type_store` ORDER BY id asc [ RunTime:0.000000s ]
[ sql ] [ SQL ] SHOW COLUMNS FROM `qs_experiment_device` [ RunTime:0.000000s ]
[ sql ] [ SQL ] SELECT * FROM `qs_experiment_device` WHERE  `dserial` = 'TuWglIbo' LIMIT 1 [ RunTime:0.000000s ]
---------------------------------------------------------------
[ 2018-05-13T22:48:37+08:00 ] 172.24.189.12 114.242.248.171 GET /platform/device/addshow/aid/4.html
[ info ] 39.104.67.26:8901/platform/device/addshow/aid/4.html [运行时间：0.046875s][吞吐率：21.33req/s] [内存消耗：2,245.27kb] [文件加载：43]
[ info ] [ LANG ] C:\thinkphp\thinkphp\lang\zh-cn.php
[ info ] [ ROUTE ] array (
  'type' => 'module',
  'module' => 
  array (
    0 => 'platform',
    1 => 'device',
    2 => 'addshow',
  ),
)
[ info ] [ HEADER ] array (
  'accept' => 'text/html, application/xhtml+xml, image/jxr, */*',
  'referer' => 'http://39.104.67.26:8901/platform/show/deviceshow/aid/4.html',
  'accept-language' => 'zh-CN',
  'user-agent' => 'Mozilla/5.0 (Windows NT 10.0; WOW64; Trident/7.0; rv:11.0) like Gecko',
  'accept-encoding' => 'gzip, deflate',
  'host' => '39.104.67.26:8901',
  'connection' => 'Keep-Alive',
  'cookie' => 'UM_distinctid=1634528325b12c-0d54fa1b61214c8-677b7726-1fa400-1634528325cc13; CNZZDATA155540=cnzz_eid%3D234670753-1525872362-http%253A%252F%252F39.104.67.26%253A8901%252F%26ntime%3D1526027099; PHPSESSID=vqv44pqo6gdr0ntjmr73jqu014',
)
[ info ] [ PARAM ] array (
  'aid' => '4',
)
[ info ] [ RUN ] app\platform\controller\Device->addshow[ C:\thinkphp\application\platform\controller\Device.php ]
[ info ] [ DB ] INIT mysql
[ info ] [ VIEW ] C:\thinkphp/application/platform\view\device\addshow.html [ array (
  0 => 'devicetype',
  1 => 'serial',
  2 => 'aid',
) ]
[ info ] [ LOG ] INIT File
[ sql ] [ DB ] CONNECT:[ UseTime:0.000000s ] mysql:dbname=tp5;host=127.0.0.1;charset=utf8
[ sql ] [ SQL ] SHOW COLUMNS FROM `qs_experiment_type_store` [ RunTime:0.000000s ]
[ sql ] [ SQL ] SELECT * FROM `qs_experiment_type_store` ORDER BY id asc [ RunTime:0.000000s ]
[ sql ] [ SQL ] SHOW COLUMNS FROM `qs_experiment_device` [ RunTime:0.000000s ]
[ sql ] [ SQL ] SELECT * FROM `qs_experiment_device` WHERE  `dserial` = 'YLmLFfcx' LIMIT 1 [ RunTime:0.000000s ]
---------------------------------------------------------------
[ 2018-05-13T22:49:19+08:00 ] 172.24.189.12 114.242.248.171 GET /platform/device/addshow/aid/4.html
[ info ] 39.104.67.26:8901/platform/device/addshow/aid/4.html [运行时间：0.078125s][吞吐率：12.80req/s] [内存消耗：2,245.01kb] [文件加载：43]
[ info ] [ LANG ] C:\thinkphp\thinkphp\lang\zh-cn.php
[ info ] [ ROUTE ] array (
  'type' => 'module',
  'module' => 
  array (
    0 => 'platform',
    1 => 'device',
    2 => 'addshow',
  ),
)
[ info ] [ HEADER ] array (
  'accept' => 'text/html, application/xhtml+xml, image/jxr, */*',
  'referer' => 'http://39.104.67.26:8901/platform/show/deviceshow/aid/4.html',
  'accept-language' => 'zh-CN',
  'user-agent' => 'Mozilla/5.0 (Windows NT 10.0; WOW64; Trident/7.0; rv:11.0) like Gecko',
  'accept-encoding' => 'gzip, deflate',
  'host' => '39.104.67.26:8901',
  'connection' => 'Keep-Alive',
  'cookie' => 'UM_distinctid=1634528325b12c-0d54fa1b61214c8-677b7726-1fa400-1634528325cc13; CNZZDATA155540=cnzz_eid%3D234670753-1525872362-http%253A%252F%252F39.104.67.26%253A8901%252F%26ntime%3D1526027099; PHPSESSID=vqv44pqo6gdr0ntjmr73jqu014',
)
[ info ] [ PARAM ] array (
  'aid' => '4',
)
[ info ] [ RUN ] app\platform\controller\Device->addshow[ C:\thinkphp\application\platform\controller\Device.php ]
[ info ] [ DB ] INIT mysql
[ info ] [ VIEW ] C:\thinkphp/application/platform\view\device\addshow.html [ array (
  0 => 'devicetype',
  1 => 'serial',
  2 => 'aid',
) ]
[ info ] [ LOG ] INIT File
[ sql ] [ DB ] CONNECT:[ UseTime:0.000000s ] mysql:dbname=tp5;host=127.0.0.1;charset=utf8
[ sql ] [ SQL ] SHOW COLUMNS FROM `qs_experiment_type_store` [ RunTime:0.015625s ]
[ sql ] [ SQL ] SELECT * FROM `qs_experiment_type_store` ORDER BY id asc [ RunTime:0.000000s ]
[ sql ] [ SQL ] SHOW COLUMNS FROM `qs_experiment_device` [ RunTime:0.000000s ]
[ sql ] [ SQL ] SELECT * FROM `qs_experiment_device` WHERE  `dserial` = 'KHrp95D8' LIMIT 1 [ RunTime:0.000000s ]
