---------------------------------------------------------------
[ 2018-06-15T09:23:30+08:00 ] 172.24.189.12 123.124.147.107 GET /
[ info ] 39.104.67.26:8901/ [运行时间：0.031250s][吞吐率：32.00req/s] [内存消耗：2,105.48kb] [文件加载：41]
[ info ] [ LANG ] C:\thinkphp\thinkphp\lang\zh-cn.php
[ info ] [ ROUTE ] array (
  'type' => 'module',
  'module' => 
  array (
    0 => '',
    1 => NULL,
    2 => NULL,
  ),
)
[ info ] [ HEADER ] array (
  'accept' => 'text/html, application/xhtml+xml, image/jxr, */*',
  'accept-language' => 'zh-CN',
  'user-agent' => 'Mozilla/5.0 (Windows NT 10.0; Win64; x64) AppleWebKit/537.36 (KHTML, like Gecko) Chrome/58.0.3029.110 Safari/537.36 Edge/16.16299',
  'accept-encoding' => 'gzip, deflate',
  'host' => '39.104.67.26:8901',
  'connection' => 'Keep-Alive',
)
[ info ] [ PARAM ] array (
)
[ info ] [ RUN ] app\index\controller\Index->index[ C:\thinkphp\application\index\controller\Index.php ]
[ info ] [ SESSION ] INIT array (
  'id' => '',
  'var_session_id' => '',
  'prefix' => 'think',
  'type' => '',
  'auto_start' => true,
)
[ info ] [ DB ] INIT mysql
[ info ] [ VIEW ] C:\thinkphp/application/index\view\index\index.html [ array (
  0 => 'event',
) ]
[ info ] [ LOG ] INIT File
[ sql ] [ DB ] CONNECT:[ UseTime:0.000000s ] mysql:dbname=tp5;host=127.0.0.1;charset=utf8
[ sql ] [ SQL ] SHOW COLUMNS FROM `qs_event` [ RunTime:0.000000s ]
[ sql ] [ SQL ] SELECT * FROM `qs_event` ORDER BY id asc [ RunTime:0.000000s ]
---------------------------------------------------------------
[ 2018-06-15T09:23:36+08:00 ] 172.24.189.12 123.124.147.107 GET /platform/user/index.html
[ info ] 39.104.67.26:8901/platform/user/index.html [运行时间：0.015625s][吞吐率：64.00req/s] [内存消耗：1,304.22kb] [文件加载：33]
[ info ] [ LANG ] C:\thinkphp\thinkphp\lang\zh-cn.php
[ info ] [ ROUTE ] array (
  'type' => 'module',
  'module' => 
  array (
    0 => 'platform',
    1 => 'user',
    2 => 'index',
  ),
)
[ info ] [ HEADER ] array (
  'accept' => 'text/html, application/xhtml+xml, image/jxr, */*',
  'referer' => 'http://39.104.67.26:8901/',
  'accept-language' => 'zh-CN',
  'user-agent' => 'Mozilla/5.0 (Windows NT 10.0; Win64; x64) AppleWebKit/537.36 (KHTML, like Gecko) Chrome/58.0.3029.110 Safari/537.36 Edge/16.16299',
  'accept-encoding' => 'gzip, deflate',
  'host' => '39.104.67.26:8901',
  'connection' => 'Keep-Alive',
  'cookie' => 'PHPSESSID=n2od6673o6tojulqqstqkhkeg2',
)
[ info ] [ PARAM ] array (
)
[ info ] [ RUN ] app\platform\controller\User->index[ C:\thinkphp\application\platform\controller\User.php ]
[ info ] [ VIEW ] C:\thinkphp/application/platform\view\user\login.html [ array (
) ]
[ info ] [ SESSION ] INIT array (
  'id' => '',
  'var_session_id' => '',
  'prefix' => 'think',
  'type' => '',
  'auto_start' => true,
)
[ info ] [ LOG ] INIT File
---------------------------------------------------------------
[ 2018-06-15T09:29:10+08:00 ] 172.24.189.12 123.124.147.107 POST /platform/user/login
[ info ] 39.104.67.26:8901/platform/user/login [运行时间：0.046875s][吞吐率：21.33req/s] [内存消耗：2,224.07kb] [文件加载：43]
[ info ] [ LANG ] C:\thinkphp\thinkphp\lang\zh-cn.php
[ info ] [ ROUTE ] array (
  'type' => 'module',
  'module' => 
  array (
    0 => 'platform',
    1 => 'user',
    2 => 'login',
  ),
)
[ info ] [ HEADER ] array (
  'origin' => 'http://39.104.67.26:8901',
  'referer' => 'http://39.104.67.26:8901/platform/user/index.html',
  'accept-language' => 'zh-CN',
  'user-agent' => 'Mozilla/5.0 (Windows NT 10.0; Win64; x64) AppleWebKit/537.36 (KHTML, like Gecko) Chrome/58.0.3029.110 Safari/537.36 Edge/16.16299',
  'content-type' => 'application/x-www-form-urlencoded; charset=UTF-8',
  'accept' => 'application/json, text/javascript, */*; q=0.01',
  'x-requested-with' => 'XMLHttpRequest',
  'accept-encoding' => 'gzip, deflate',
  'host' => '39.104.67.26:8901',
  'content-length' => '31',
  'connection' => 'Keep-Alive',
  'cache-control' => 'no-cache',
  'cookie' => 'PHPSESSID=n2od6673o6tojulqqstqkhkeg2',
)
[ info ] [ PARAM ] array (
  'username' => 'USTB',
  'password' => 'iot10234',
)
[ info ] [ RUN ] app\platform\controller\User->login[ C:\thinkphp\application\platform\controller\User.php ]
[ info ] [ DB ] INIT mysql
[ info ] [ LOG ] INIT File
[ sql ] [ DB ] CONNECT:[ UseTime:0.000000s ] mysql:dbname=tp5;host=127.0.0.1;charset=utf8
[ sql ] [ SQL ] SHOW COLUMNS FROM `qs_user` [ RunTime:0.000000s ]
[ sql ] [ SQL ] SELECT `id` FROM `qs_user` WHERE  `username` = 'USTB' LIMIT 1 [ RunTime:0.000000s ]
[ sql ] [ SQL ] SELECT `password` FROM `qs_user` WHERE  `username` = 'USTB' LIMIT 1 [ RunTime:0.000000s ]
---------------------------------------------------------------
[ 2018-06-15T09:29:16+08:00 ] 172.24.189.12 123.124.147.107 POST /platform/user/login
[ info ] 39.104.67.26:8901/platform/user/login [运行时间：0.031250s][吞吐率：32.00req/s] [内存消耗：2,291.34kb] [文件加载：44]
[ info ] [ LANG ] C:\thinkphp\thinkphp\lang\zh-cn.php
[ info ] [ ROUTE ] array (
  'type' => 'module',
  'module' => 
  array (
    0 => 'platform',
    1 => 'user',
    2 => 'login',
  ),
)
[ info ] [ HEADER ] array (
  'origin' => 'http://39.104.67.26:8901',
  'referer' => 'http://39.104.67.26:8901/platform/user/index.html',
  'accept-language' => 'zh-CN',
  'user-agent' => 'Mozilla/5.0 (Windows NT 10.0; Win64; x64) AppleWebKit/537.36 (KHTML, like Gecko) Chrome/58.0.3029.110 Safari/537.36 Edge/16.16299',
  'content-type' => 'application/x-www-form-urlencoded; charset=UTF-8',
  'accept' => 'application/json, text/javascript, */*; q=0.01',
  'x-requested-with' => 'XMLHttpRequest',
  'accept-encoding' => 'gzip, deflate',
  'host' => '39.104.67.26:8901',
  'content-length' => '30',
  'connection' => 'Keep-Alive',
  'cache-control' => 'no-cache',
  'cookie' => 'PHPSESSID=n2od6673o6tojulqqstqkhkeg2',
)
[ info ] [ PARAM ] array (
  'username' => 'USTB',
  'password' => 'iot1024',
)
[ info ] [ RUN ] app\platform\controller\User->login[ C:\thinkphp\application\platform\controller\User.php ]
[ info ] [ DB ] INIT mysql
[ info ] [ SESSION ] INIT array (
  'id' => '',
  'var_session_id' => '',
  'prefix' => 'think',
  'type' => '',
  'auto_start' => true,
)
[ info ] [ LOG ] INIT File
[ sql ] [ DB ] CONNECT:[ UseTime:0.000000s ] mysql:dbname=tp5;host=127.0.0.1;charset=utf8
[ sql ] [ SQL ] SHOW COLUMNS FROM `qs_user` [ RunTime:0.000000s ]
[ sql ] [ SQL ] SELECT `id` FROM `qs_user` WHERE  `username` = 'USTB' LIMIT 1 [ RunTime:0.000000s ]
[ sql ] [ SQL ] SELECT `password` FROM `qs_user` WHERE  `username` = 'USTB' LIMIT 1 [ RunTime:0.000000s ]
[ sql ] [ SQL ] UPDATE `qs_user`  SET `last_login_ip`='123.124.147.107',`last_login_time`='2018-06-15 09:29:16'  WHERE  `username` = 'USTB' [ RunTime:0.000000s ]
---------------------------------------------------------------
[ 2018-06-15T09:29:19+08:00 ] 172.24.189.12 123.124.147.107 GET /platform/user/index/index
[ info ] 39.104.67.26:8901/platform/user/index/index [运行时间：0.015625s][吞吐率：64.00req/s] [内存消耗：1,366.37kb] [文件加载：34]
[ info ] [ LANG ] C:\thinkphp\thinkphp\lang\zh-cn.php
[ info ] [ ROUTE ] array (
  'type' => 'module',
  'module' => 
  array (
    0 => 'platform',
    1 => 'user',
    2 => 'index',
  ),
)
[ info ] [ HEADER ] array (
  'accept' => 'text/html, application/xhtml+xml, image/jxr, */*',
  'referer' => 'http://39.104.67.26:8901/platform/user/index.html',
  'accept-language' => 'zh-CN',
  'user-agent' => 'Mozilla/5.0 (Windows NT 10.0; Win64; x64) AppleWebKit/537.36 (KHTML, like Gecko) Chrome/58.0.3029.110 Safari/537.36 Edge/16.16299',
  'accept-encoding' => 'gzip, deflate',
  'host' => '39.104.67.26:8901',
  'connection' => 'Keep-Alive',
  'cookie' => 'PHPSESSID=n2od6673o6tojulqqstqkhkeg2',
)
[ info ] [ PARAM ] array (
)
[ info ] [ RUN ] app\platform\controller\User->index[ C:\thinkphp\application\platform\controller\User.php ]
[ info ] [ VIEW ] C:\thinkphp/application/platform\view\user\login.html [ array (
) ]
[ info ] [ SESSION ] INIT array (
  'id' => '',
  'var_session_id' => '',
  'prefix' => 'think',
  'type' => '',
  'auto_start' => true,
)
[ info ] [ LOG ] INIT File
---------------------------------------------------------------
[ 2018-06-15T09:29:19+08:00 ] 172.24.189.12 123.124.147.107 GET /platform/index/index.html
[ info ] 39.104.67.26:8901/platform/index/index.html [运行时间：0.031250s][吞吐率：32.00req/s] [内存消耗：2,104.88kb] [文件加载：42]
[ info ] [ LANG ] C:\thinkphp\thinkphp\lang\zh-cn.php
[ info ] [ ROUTE ] array (
  'type' => 'module',
  'module' => 
  array (
    0 => 'platform',
    1 => 'index',
    2 => 'index',
  ),
)
[ info ] [ HEADER ] array (
  'accept' => 'text/html, application/xhtml+xml, image/jxr, */*',
  'referer' => 'http://39.104.67.26:8901/platform/user/index/index',
  'accept-language' => 'zh-CN',
  'user-agent' => 'Mozilla/5.0 (Windows NT 10.0; Win64; x64) AppleWebKit/537.36 (KHTML, like Gecko) Chrome/58.0.3029.110 Safari/537.36 Edge/16.16299',
  'accept-encoding' => 'gzip, deflate',
  'host' => '39.104.67.26:8901',
  'connection' => 'Keep-Alive',
  'cookie' => 'PHPSESSID=n2od6673o6tojulqqstqkhkeg2',
)
[ info ] [ PARAM ] array (
)
[ info ] [ SESSION ] INIT array (
  'id' => '',
  'var_session_id' => '',
  'prefix' => 'think',
  'type' => '',
  'auto_start' => true,
)
[ info ] [ DB ] INIT mysql
[ info ] [ RUN ] app\platform\controller\Index->index[ C:\thinkphp\application\platform\controller\Index.php ]
[ info ] [ VIEW ] C:\thinkphp/application/platform\view\index\index.html [ array (
  0 => 'menu',
) ]
[ info ] [ LOG ] INIT File
[ sql ] [ DB ] CONNECT:[ UseTime:0.000000s ] mysql:dbname=tp5;host=127.0.0.1;charset=utf8
[ sql ] [ SQL ] SHOW COLUMNS FROM `qs_experiment_application` [ RunTime:0.000000s ]
[ sql ] [ SQL ] SELECT * FROM `qs_experiment_application` WHERE  `uid` = 1 ORDER BY `id`  ASC [ RunTime:0.000000s ]
[ sql ] [ SQL ] SHOW COLUMNS FROM `qs_experiment_device` [ RunTime:0.000000s ]
[ sql ] [ SQL ] SELECT * FROM `qs_experiment_device` WHERE  `aid` = 4 ORDER BY `id`  ASC [ RunTime:0.000000s ]
[ sql ] [ SQL ] SELECT * FROM `qs_experiment_device` WHERE  `aid` = 10 ORDER BY `id`  ASC [ RunTime:0.000000s ]
[ sql ] [ SQL ] SELECT * FROM `qs_experiment_device` WHERE  `aid` = 26 ORDER BY `id`  ASC [ RunTime:0.000000s ]
---------------------------------------------------------------
[ 2018-06-15T09:29:20+08:00 ] 172.24.189.12 123.124.147.107 GET /platform/index/welcome.html
[ info ] 39.104.67.26:8901/platform/index/welcome.html [运行时间：0.046875s][吞吐率：21.33req/s] [内存消耗：2,043.11kb] [文件加载：41]
[ info ] [ LANG ] C:\thinkphp\thinkphp\lang\zh-cn.php
[ info ] [ ROUTE ] array (
  'type' => 'module',
  'module' => 
  array (
    0 => 'platform',
    1 => 'index',
    2 => 'welcome',
  ),
)
[ info ] [ HEADER ] array (
  'accept' => 'text/html, application/xhtml+xml, image/jxr, */*',
  'referer' => 'http://39.104.67.26:8901/platform/index/index.html',
  'accept-language' => 'zh-CN',
  'user-agent' => 'Mozilla/5.0 (Windows NT 10.0; Win64; x64) AppleWebKit/537.36 (KHTML, like Gecko) Chrome/58.0.3029.110 Safari/537.36 Edge/16.16299',
  'accept-encoding' => 'gzip, deflate',
  'host' => '39.104.67.26:8901',
  'connection' => 'Keep-Alive',
  'cookie' => 'PHPSESSID=n2od6673o6tojulqqstqkhkeg2',
)
[ info ] [ PARAM ] array (
)
[ info ] [ SESSION ] INIT array (
  'id' => '',
  'var_session_id' => '',
  'prefix' => 'think',
  'type' => '',
  'auto_start' => true,
)
[ info ] [ DB ] INIT mysql
[ info ] [ RUN ] app\platform\controller\Index->welcome[ C:\thinkphp\application\platform\controller\Index.php ]
[ info ] [ VIEW ] C:\thinkphp/application/platform\view\index\welcome.html [ array (
  0 => 'menu',
) ]
[ info ] [ LOG ] INIT File
[ sql ] [ DB ] CONNECT:[ UseTime:0.000000s ] mysql:dbname=tp5;host=127.0.0.1;charset=utf8
[ sql ] [ SQL ] SHOW COLUMNS FROM `qs_experiment_application` [ RunTime:0.015625s ]
[ sql ] [ SQL ] SELECT * FROM `qs_experiment_application` WHERE  `uid` = 1 ORDER BY `id`  ASC [ RunTime:0.000000s ]
[ sql ] [ SQL ] SHOW COLUMNS FROM `qs_experiment_device` [ RunTime:0.000000s ]
[ sql ] [ SQL ] SELECT * FROM `qs_experiment_device` WHERE  `aid` = 4 ORDER BY `id`  ASC [ RunTime:0.000000s ]
[ sql ] [ SQL ] SELECT * FROM `qs_experiment_device` WHERE  `aid` = 10 ORDER BY `id`  ASC [ RunTime:0.000000s ]
[ sql ] [ SQL ] SELECT * FROM `qs_experiment_device` WHERE  `aid` = 26 ORDER BY `id`  ASC [ RunTime:0.000000s ]
---------------------------------------------------------------
[ 2018-06-15T09:29:23+08:00 ] 172.24.189.12 123.124.147.107 GET /platform/show/deviceshow/aid/4.html
[ info ] 39.104.67.26:8901/platform/show/deviceshow/aid/4.html [运行时间：0.046876s][吞吐率：21.33req/s] [内存消耗：2,243.76kb] [文件加载：44]
[ info ] [ LANG ] C:\thinkphp\thinkphp\lang\zh-cn.php
[ info ] [ ROUTE ] array (
  'type' => 'module',
  'module' => 
  array (
    0 => 'platform',
    1 => 'show',
    2 => 'deviceshow',
  ),
)
[ info ] [ HEADER ] array (
  'accept' => 'text/html, application/xhtml+xml, image/jxr, */*',
  'referer' => 'http://39.104.67.26:8901/platform/index/index.html',
  'accept-language' => 'zh-CN',
  'user-agent' => 'Mozilla/5.0 (Windows NT 10.0; Win64; x64) AppleWebKit/537.36 (KHTML, like Gecko) Chrome/58.0.3029.110 Safari/537.36 Edge/16.16299',
  'accept-encoding' => 'gzip, deflate',
  'host' => '39.104.67.26:8901',
  'connection' => 'Keep-Alive',
  'cookie' => 'PHPSESSID=n2od6673o6tojulqqstqkhkeg2',
)
[ info ] [ PARAM ] array (
  'aid' => '4',
)
[ info ] [ RUN ] app\platform\controller\Show->deviceshow[ C:\thinkphp\application\platform\controller\Show.php ]
[ info ] [ DB ] INIT mysql
[ info ] [ VIEW ] C:\thinkphp/application/platform\view\show\deviceshow.html [ array (
  0 => 'aid',
  1 => 'devicelist',
  2 => 'type',
) ]
[ info ] [ LOG ] INIT File
[ sql ] [ DB ] CONNECT:[ UseTime:0.000000s ] mysql:dbname=tp5;host=127.0.0.1;charset=utf8
[ sql ] [ SQL ] SHOW COLUMNS FROM `qs_experiment_device` [ RunTime:0.000000s ]
[ sql ] [ SQL ] SELECT COUNT(*) AS tp_count FROM `qs_experiment_device` WHERE  `aid` = 4 LIMIT 1 [ RunTime:0.000000s ]
[ sql ] [ SQL ] SELECT * FROM `qs_experiment_device` WHERE  `aid` = 4 ORDER BY `tid`  asc,`id`  desc LIMIT 0,10 [ RunTime:0.000000s ]
[ sql ] [ SQL ] SHOW COLUMNS FROM `qs_experiment_type_store` [ RunTime:0.000000s ]
[ sql ] [ SQL ] SELECT * FROM `qs_experiment_type_store` [ RunTime:0.015625s ]
---------------------------------------------------------------
[ 2018-06-15T09:29:27+08:00 ] 172.24.189.12 123.124.147.107 GET /admin/user/index.html
[ info ] 39.104.67.26:8901/admin/user/index.html [运行时间：0.031251s][吞吐率：32.00req/s] [内存消耗：1,384.77kb] [文件加载：34]
[ info ] [ LANG ] C:\thinkphp\thinkphp\lang\zh-cn.php
[ info ] [ ROUTE ] array (
  'type' => 'module',
  'module' => 
  array (
    0 => 'admin',
    1 => 'user',
    2 => 'index',
  ),
)
[ info ] [ HEADER ] array (
  'accept' => 'text/html, application/xhtml+xml, image/jxr, */*',
  'referer' => 'http://39.104.67.26:8901/platform/index/index.html',
  'accept-language' => 'zh-CN',
  'user-agent' => 'Mozilla/5.0 (Windows NT 10.0; Win64; x64) AppleWebKit/537.36 (KHTML, like Gecko) Chrome/58.0.3029.110 Safari/537.36 Edge/16.16299',
  'accept-encoding' => 'gzip, deflate',
  'host' => '39.104.67.26:8901',
  'connection' => 'Keep-Alive',
  'cookie' => 'PHPSESSID=n2od6673o6tojulqqstqkhkeg2',
)
[ info ] [ PARAM ] array (
)
[ info ] [ RUN ] app\admin\controller\User->index[ C:\thinkphp\application\admin\controller\User.php ]
[ info ] [ VIEW ] C:\thinkphp/application/admin\view\user\login.html [ array (
) ]
[ info ] [ SESSION ] INIT array (
  'id' => '',
  'var_session_id' => '',
  'prefix' => 'think',
  'type' => '',
  'auto_start' => true,
)
[ info ] [ LOG ] INIT File
---------------------------------------------------------------
[ 2018-06-15T09:29:27+08:00 ] 172.24.189.12 123.124.147.107 GET /admin/index/index.html
[ info ] 39.104.67.26:8901/admin/index/index.html [运行时间：0.031251s][吞吐率：32.00req/s] [内存消耗：2,146.35kb] [文件加载：43]
[ info ] [ LANG ] C:\thinkphp\thinkphp\lang\zh-cn.php
[ info ] [ ROUTE ] array (
  'type' => 'module',
  'module' => 
  array (
    0 => 'admin',
    1 => 'index',
    2 => 'index',
  ),
)
[ info ] [ HEADER ] array (
  'accept' => 'text/html, application/xhtml+xml, image/jxr, */*',
  'referer' => 'http://39.104.67.26:8901/admin/user/index.html',
  'accept-language' => 'zh-CN',
  'user-agent' => 'Mozilla/5.0 (Windows NT 10.0; Win64; x64) AppleWebKit/537.36 (KHTML, like Gecko) Chrome/58.0.3029.110 Safari/537.36 Edge/16.16299',
  'accept-encoding' => 'gzip, deflate',
  'host' => '39.104.67.26:8901',
  'connection' => 'Keep-Alive',
  'cookie' => 'PHPSESSID=n2od6673o6tojulqqstqkhkeg2',
)
[ info ] [ PARAM ] array (
)
[ info ] [ SESSION ] INIT array (
  'id' => '',
  'var_session_id' => '',
  'prefix' => 'think',
  'type' => '',
  'auto_start' => true,
)
[ info ] [ DB ] INIT mysql
[ info ] [ RUN ] app\admin\controller\Index->index[ C:\thinkphp\application\admin\controller\Index.php ]
[ info ] [ VIEW ] C:\thinkphp/application/admin\view\index\index.html [ array (
  0 => 'menu',
) ]
[ info ] [ LOG ] INIT File
[ sql ] [ DB ] CONNECT:[ UseTime:0.000000s ] mysql:dbname=tp5;host=127.0.0.1;charset=utf8
[ sql ] [ SQL ] SHOW COLUMNS FROM `qs_auth_rule` [ RunTime:0.000000s ]
[ sql ] [ SQL ] SELECT * FROM `qs_auth_rule` WHERE  `status` = 1 ORDER BY `sort`  DESC,`id`  ASC [ RunTime:0.000000s ]
[ sql ] [ SQL ] SHOW COLUMNS FROM `qs_auth_group_access` [ RunTime:0.000000s ]
[ sql ] [ SQL ] SELECT `AuthGroupAccess`.`uid`,`AuthGroupAccess`.`group_id`,`AuthGroup`.`title`,`AuthGroup`.`rules` FROM `qs_auth_group_access` `AuthGroupAccess` LEFT JOIN `qs_auth_group` `AuthGroup` ON `AuthGroupAccess`.`group_id`=`AuthGroup`.`id` WHERE  (  AuthGroupAccess.uid='1' and AuthGroup.status='1' ) [ RunTime:0.000000s ]
[ sql ] [ SQL ] SELECT `condition`,`name` FROM `qs_auth_rule` WHERE  `id` IN (1,3,5,6,7,101,102,103,301,302,501,601,602)  AND `type` = 1 [ RunTime:0.000000s ]
---------------------------------------------------------------
[ 2018-06-15T09:29:27+08:00 ] 172.24.189.12 123.124.147.107 GET /admin/index/welcome.html
[ info ] 39.104.67.26:8901/admin/index/welcome.html [运行时间：0.046876s][吞吐率：21.33req/s] [内存消耗：2,084.65kb] [文件加载：42]
[ info ] [ LANG ] C:\thinkphp\thinkphp\lang\zh-cn.php
[ info ] [ ROUTE ] array (
  'type' => 'module',
  'module' => 
  array (
    0 => 'admin',
    1 => 'index',
    2 => 'welcome',
  ),
)
[ info ] [ HEADER ] array (
  'accept' => 'text/html, application/xhtml+xml, image/jxr, */*',
  'referer' => 'http://39.104.67.26:8901/admin/index/index.html',
  'accept-language' => 'zh-CN',
  'user-agent' => 'Mozilla/5.0 (Windows NT 10.0; Win64; x64) AppleWebKit/537.36 (KHTML, like Gecko) Chrome/58.0.3029.110 Safari/537.36 Edge/16.16299',
  'accept-encoding' => 'gzip, deflate',
  'host' => '39.104.67.26:8901',
  'connection' => 'Keep-Alive',
  'cookie' => 'PHPSESSID=n2od6673o6tojulqqstqkhkeg2',
)
[ info ] [ PARAM ] array (
)
[ info ] [ SESSION ] INIT array (
  'id' => '',
  'var_session_id' => '',
  'prefix' => 'think',
  'type' => '',
  'auto_start' => true,
)
[ info ] [ DB ] INIT mysql
[ info ] [ RUN ] app\admin\controller\Index->welcome[ C:\thinkphp\application\admin\controller\Index.php ]
[ info ] [ VIEW ] C:\thinkphp/application/admin\view\index\welcome.html [ array (
  0 => 'menu',
) ]
[ info ] [ LOG ] INIT File
[ sql ] [ DB ] CONNECT:[ UseTime:0.000000s ] mysql:dbname=tp5;host=127.0.0.1;charset=utf8
[ sql ] [ SQL ] SHOW COLUMNS FROM `qs_auth_rule` [ RunTime:0.000000s ]
[ sql ] [ SQL ] SELECT * FROM `qs_auth_rule` WHERE  `status` = 1 ORDER BY `sort`  DESC,`id`  ASC [ RunTime:0.000000s ]
[ sql ] [ SQL ] SHOW COLUMNS FROM `qs_auth_group_access` [ RunTime:0.015626s ]
[ sql ] [ SQL ] SELECT `AuthGroupAccess`.`uid`,`AuthGroupAccess`.`group_id`,`AuthGroup`.`title`,`AuthGroup`.`rules` FROM `qs_auth_group_access` `AuthGroupAccess` LEFT JOIN `qs_auth_group` `AuthGroup` ON `AuthGroupAccess`.`group_id`=`AuthGroup`.`id` WHERE  (  AuthGroupAccess.uid='1' and AuthGroup.status='1' ) [ RunTime:0.000000s ]
[ sql ] [ SQL ] SELECT `condition`,`name` FROM `qs_auth_rule` WHERE  `id` IN (1,3,5,6,7,101,102,103,301,302,501,601,602)  AND `type` = 1 [ RunTime:0.000000s ]
---------------------------------------------------------------
[ 2018-06-15T09:29:29+08:00 ] 172.24.189.12 123.124.147.107 GET /admin/user/userlist.html
[ info ] 39.104.67.26:8901/admin/user/userlist.html [运行时间：0.031250s][吞吐率：32.00req/s] [内存消耗：2,235.44kb] [文件加载：44]
[ info ] [ LANG ] C:\thinkphp\thinkphp\lang\zh-cn.php
[ info ] [ ROUTE ] array (
  'type' => 'module',
  'module' => 
  array (
    0 => 'admin',
    1 => 'user',
    2 => 'userlist',
  ),
)
[ info ] [ HEADER ] array (
  'accept' => 'text/html, application/xhtml+xml, image/jxr, */*',
  'referer' => 'http://39.104.67.26:8901/admin/index/index.html',
  'accept-language' => 'zh-CN',
  'user-agent' => 'Mozilla/5.0 (Windows NT 10.0; Win64; x64) AppleWebKit/537.36 (KHTML, like Gecko) Chrome/58.0.3029.110 Safari/537.36 Edge/16.16299',
  'accept-encoding' => 'gzip, deflate',
  'host' => '39.104.67.26:8901',
  'connection' => 'Keep-Alive',
  'cookie' => 'PHPSESSID=n2od6673o6tojulqqstqkhkeg2',
)
[ info ] [ PARAM ] array (
)
[ info ] [ RUN ] app\admin\controller\User->userlist[ C:\thinkphp\application\admin\controller\User.php ]
[ info ] [ DB ] INIT mysql
[ info ] [ VIEW ] C:\thinkphp/application/admin\view\user\userlist.html [ array (
  0 => 'users',
) ]
[ info ] [ LOG ] INIT File
[ sql ] [ DB ] CONNECT:[ UseTime:0.000000s ] mysql:dbname=tp5;host=127.0.0.1;charset=utf8
[ sql ] [ SQL ] SHOW COLUMNS FROM `qs_user` [ RunTime:0.000000s ]
[ sql ] [ SQL ] SELECT COUNT(*) AS tp_count FROM `qs_user` LIMIT 1 [ RunTime:0.000000s ]
[ sql ] [ SQL ] SELECT * FROM `qs_user` ORDER BY id asc LIMIT 0,12 [ RunTime:0.000000s ]
---------------------------------------------------------------
[ 2018-06-15T09:29:43+08:00 ] 172.24.189.12 123.124.147.107 GET /platform/user/index.html
[ info ] 39.104.67.26:8901/platform/user/index.html [运行时间：0.031250s][吞吐率：32.00req/s] [内存消耗：1,366.35kb] [文件加载：34]
[ info ] [ LANG ] C:\thinkphp\thinkphp\lang\zh-cn.php
[ info ] [ ROUTE ] array (
  'type' => 'module',
  'module' => 
  array (
    0 => 'platform',
    1 => 'user',
    2 => 'index',
  ),
)
[ info ] [ HEADER ] array (
  'accept' => 'text/html, application/xhtml+xml, image/jxr, */*',
  'referer' => 'http://39.104.67.26:8901/admin/index/index.html',
  'accept-language' => 'zh-CN',
  'user-agent' => 'Mozilla/5.0 (Windows NT 10.0; Win64; x64) AppleWebKit/537.36 (KHTML, like Gecko) Chrome/58.0.3029.110 Safari/537.36 Edge/16.16299',
  'accept-encoding' => 'gzip, deflate',
  'host' => '39.104.67.26:8901',
  'connection' => 'Keep-Alive',
  'cookie' => 'PHPSESSID=n2od6673o6tojulqqstqkhkeg2',
)
[ info ] [ PARAM ] array (
)
[ info ] [ RUN ] app\platform\controller\User->index[ C:\thinkphp\application\platform\controller\User.php ]
[ info ] [ VIEW ] C:\thinkphp/application/platform\view\user\login.html [ array (
) ]
[ info ] [ SESSION ] INIT array (
  'id' => '',
  'var_session_id' => '',
  'prefix' => 'think',
  'type' => '',
  'auto_start' => true,
)
[ info ] [ LOG ] INIT File
---------------------------------------------------------------
[ 2018-06-15T09:29:43+08:00 ] 172.24.189.12 123.124.147.107 GET /platform/index/index.html
[ info ] 39.104.67.26:8901/platform/index/index.html [运行时间：0.046875s][吞吐率：21.33req/s] [内存消耗：2,104.89kb] [文件加载：42]
[ info ] [ LANG ] C:\thinkphp\thinkphp\lang\zh-cn.php
[ info ] [ ROUTE ] array (
  'type' => 'module',
  'module' => 
  array (
    0 => 'platform',
    1 => 'index',
    2 => 'index',
  ),
)
[ info ] [ HEADER ] array (
  'accept' => 'text/html, application/xhtml+xml, image/jxr, */*',
  'referer' => 'http://39.104.67.26:8901/platform/user/index.html',
  'accept-language' => 'zh-CN',
  'user-agent' => 'Mozilla/5.0 (Windows NT 10.0; Win64; x64) AppleWebKit/537.36 (KHTML, like Gecko) Chrome/58.0.3029.110 Safari/537.36 Edge/16.16299',
  'accept-encoding' => 'gzip, deflate',
  'host' => '39.104.67.26:8901',
  'connection' => 'Keep-Alive',
  'cookie' => 'PHPSESSID=n2od6673o6tojulqqstqkhkeg2',
)
[ info ] [ PARAM ] array (
)
[ info ] [ SESSION ] INIT array (
  'id' => '',
  'var_session_id' => '',
  'prefix' => 'think',
  'type' => '',
  'auto_start' => true,
)
[ info ] [ DB ] INIT mysql
[ info ] [ RUN ] app\platform\controller\Index->index[ C:\thinkphp\application\platform\controller\Index.php ]
[ info ] [ VIEW ] C:\thinkphp/application/platform\view\index\index.html [ array (
  0 => 'menu',
) ]
[ info ] [ LOG ] INIT File
[ sql ] [ DB ] CONNECT:[ UseTime:0.000000s ] mysql:dbname=tp5;host=127.0.0.1;charset=utf8
[ sql ] [ SQL ] SHOW COLUMNS FROM `qs_experiment_application` [ RunTime:0.000000s ]
[ sql ] [ SQL ] SELECT * FROM `qs_experiment_application` WHERE  `uid` = 1 ORDER BY `id`  ASC [ RunTime:0.000000s ]
[ sql ] [ SQL ] SHOW COLUMNS FROM `qs_experiment_device` [ RunTime:0.000000s ]
[ sql ] [ SQL ] SELECT * FROM `qs_experiment_device` WHERE  `aid` = 4 ORDER BY `id`  ASC [ RunTime:0.000000s ]
[ sql ] [ SQL ] SELECT * FROM `qs_experiment_device` WHERE  `aid` = 10 ORDER BY `id`  ASC [ RunTime:0.000000s ]
[ sql ] [ SQL ] SELECT * FROM `qs_experiment_device` WHERE  `aid` = 26 ORDER BY `id`  ASC [ RunTime:0.000000s ]
---------------------------------------------------------------
[ 2018-06-15T09:29:43+08:00 ] 172.24.189.12 123.124.147.107 GET /platform/index/welcome.html
[ info ] 39.104.67.26:8901/platform/index/welcome.html [运行时间：0.046875s][吞吐率：21.33req/s] [内存消耗：2,043.11kb] [文件加载：41]
[ info ] [ LANG ] C:\thinkphp\thinkphp\lang\zh-cn.php
[ info ] [ ROUTE ] array (
  'type' => 'module',
  'module' => 
  array (
    0 => 'platform',
    1 => 'index',
    2 => 'welcome',
  ),
)
[ info ] [ HEADER ] array (
  'accept' => 'text/html, application/xhtml+xml, image/jxr, */*',
  'referer' => 'http://39.104.67.26:8901/platform/index/index.html',
  'accept-language' => 'zh-CN',
  'user-agent' => 'Mozilla/5.0 (Windows NT 10.0; Win64; x64) AppleWebKit/537.36 (KHTML, like Gecko) Chrome/58.0.3029.110 Safari/537.36 Edge/16.16299',
  'accept-encoding' => 'gzip, deflate',
  'host' => '39.104.67.26:8901',
  'connection' => 'Keep-Alive',
  'cookie' => 'PHPSESSID=n2od6673o6tojulqqstqkhkeg2',
)
[ info ] [ PARAM ] array (
)
[ info ] [ SESSION ] INIT array (
  'id' => '',
  'var_session_id' => '',
  'prefix' => 'think',
  'type' => '',
  'auto_start' => true,
)
[ info ] [ DB ] INIT mysql
[ info ] [ RUN ] app\platform\controller\Index->welcome[ C:\thinkphp\application\platform\controller\Index.php ]
[ info ] [ VIEW ] C:\thinkphp/application/platform\view\index\welcome.html [ array (
  0 => 'menu',
) ]
[ info ] [ LOG ] INIT File
[ sql ] [ DB ] CONNECT:[ UseTime:0.000000s ] mysql:dbname=tp5;host=127.0.0.1;charset=utf8
[ sql ] [ SQL ] SHOW COLUMNS FROM `qs_experiment_application` [ RunTime:0.000000s ]
[ sql ] [ SQL ] SELECT * FROM `qs_experiment_application` WHERE  `uid` = 1 ORDER BY `id`  ASC [ RunTime:0.000000s ]
[ sql ] [ SQL ] SHOW COLUMNS FROM `qs_experiment_device` [ RunTime:0.000000s ]
[ sql ] [ SQL ] SELECT * FROM `qs_experiment_device` WHERE  `aid` = 4 ORDER BY `id`  ASC [ RunTime:0.000000s ]
[ sql ] [ SQL ] SELECT * FROM `qs_experiment_device` WHERE  `aid` = 10 ORDER BY `id`  ASC [ RunTime:0.000000s ]
[ sql ] [ SQL ] SELECT * FROM `qs_experiment_device` WHERE  `aid` = 26 ORDER BY `id`  ASC [ RunTime:0.000000s ]
---------------------------------------------------------------
[ 2018-06-15T09:29:46+08:00 ] 172.24.189.12 123.124.147.107 GET /platform/user/logout.html
[ info ] 39.104.67.26:8901/platform/user/logout.html [运行时间：0.015625s][吞吐率：64.00req/s] [内存消耗：1,383.82kb] [文件加载：35]
[ info ] [ LANG ] C:\thinkphp\thinkphp\lang\zh-cn.php
[ info ] [ ROUTE ] array (
  'type' => 'module',
  'module' => 
  array (
    0 => 'platform',
    1 => 'user',
    2 => 'logout',
  ),
)
[ info ] [ HEADER ] array (
  'accept' => 'text/html, application/xhtml+xml, image/jxr, */*',
  'referer' => 'http://39.104.67.26:8901/platform/index/index.html',
  'accept-language' => 'zh-CN',
  'user-agent' => 'Mozilla/5.0 (Windows NT 10.0; Win64; x64) AppleWebKit/537.36 (KHTML, like Gecko) Chrome/58.0.3029.110 Safari/537.36 Edge/16.16299',
  'accept-encoding' => 'gzip, deflate',
  'host' => '39.104.67.26:8901',
  'connection' => 'Keep-Alive',
  'cookie' => 'PHPSESSID=n2od6673o6tojulqqstqkhkeg2',
)
[ info ] [ PARAM ] array (
)
[ info ] [ RUN ] app\platform\controller\User->logout[ C:\thinkphp\application\platform\controller\User.php ]
[ info ] [ SESSION ] INIT array (
  'id' => '',
  'var_session_id' => '',
  'prefix' => 'think',
  'type' => '',
  'auto_start' => true,
)
[ info ] [ LOG ] INIT File
---------------------------------------------------------------
[ 2018-06-15T09:29:46+08:00 ] 172.24.189.12 123.124.147.107 GET /platform/user/index.html
[ info ] 39.104.67.26:8901/platform/user/index.html [运行时间：0.015625s][吞吐率：64.00req/s] [内存消耗：1,304.60kb] [文件加载：33]
[ info ] [ LANG ] C:\thinkphp\thinkphp\lang\zh-cn.php
[ info ] [ ROUTE ] array (
  'type' => 'module',
  'module' => 
  array (
    0 => 'platform',
    1 => 'user',
    2 => 'index',
  ),
)
[ info ] [ HEADER ] array (
  'accept' => 'text/html, application/xhtml+xml, image/jxr, */*',
  'referer' => 'http://39.104.67.26:8901/platform/index/index.html',
  'accept-language' => 'zh-CN',
  'user-agent' => 'Mozilla/5.0 (Windows NT 10.0; Win64; x64) AppleWebKit/537.36 (KHTML, like Gecko) Chrome/58.0.3029.110 Safari/537.36 Edge/16.16299',
  'accept-encoding' => 'gzip, deflate',
  'host' => '39.104.67.26:8901',
  'connection' => 'Keep-Alive',
  'cookie' => 'PHPSESSID=n2od6673o6tojulqqstqkhkeg2',
)
[ info ] [ PARAM ] array (
)
[ info ] [ RUN ] app\platform\controller\User->index[ C:\thinkphp\application\platform\controller\User.php ]
[ info ] [ VIEW ] C:\thinkphp/application/platform\view\user\login.html [ array (
) ]
[ info ] [ SESSION ] INIT array (
  'id' => '',
  'var_session_id' => '',
  'prefix' => 'think',
  'type' => '',
  'auto_start' => true,
)
[ info ] [ LOG ] INIT File
---------------------------------------------------------------
[ 2018-06-15T09:40:01+08:00 ] 172.24.189.12 123.124.147.107 POST /platform/user/login
[ info ] 39.104.67.26:8901/platform/user/login [运行时间：0.046876s][吞吐率：21.33req/s] [内存消耗：2,291.34kb] [文件加载：44]
[ info ] [ LANG ] C:\thinkphp\thinkphp\lang\zh-cn.php
[ info ] [ ROUTE ] array (
  'type' => 'module',
  'module' => 
  array (
    0 => 'platform',
    1 => 'user',
    2 => 'login',
  ),
)
[ info ] [ HEADER ] array (
  'origin' => 'http://39.104.67.26:8901',
  'referer' => 'http://39.104.67.26:8901/platform/user/index.html',
  'accept-language' => 'zh-CN',
  'user-agent' => 'Mozilla/5.0 (Windows NT 10.0; Win64; x64) AppleWebKit/537.36 (KHTML, like Gecko) Chrome/58.0.3029.110 Safari/537.36 Edge/16.16299',
  'content-type' => 'application/x-www-form-urlencoded; charset=UTF-8',
  'accept' => 'application/json, text/javascript, */*; q=0.01',
  'x-requested-with' => 'XMLHttpRequest',
  'accept-encoding' => 'gzip, deflate',
  'host' => '39.104.67.26:8901',
  'content-length' => '30',
  'connection' => 'Keep-Alive',
  'cache-control' => 'no-cache',
  'cookie' => 'PHPSESSID=n2od6673o6tojulqqstqkhkeg2',
)
[ info ] [ PARAM ] array (
  'username' => 'USTB',
  'password' => 'iot1024',
)
[ info ] [ RUN ] app\platform\controller\User->login[ C:\thinkphp\application\platform\controller\User.php ]
[ info ] [ DB ] INIT mysql
[ info ] [ SESSION ] INIT array (
  'id' => '',
  'var_session_id' => '',
  'prefix' => 'think',
  'type' => '',
  'auto_start' => true,
)
[ info ] [ LOG ] INIT File
[ sql ] [ DB ] CONNECT:[ UseTime:0.000000s ] mysql:dbname=tp5;host=127.0.0.1;charset=utf8
[ sql ] [ SQL ] SHOW COLUMNS FROM `qs_user` [ RunTime:0.015625s ]
[ sql ] [ SQL ] SELECT `id` FROM `qs_user` WHERE  `username` = 'USTB' LIMIT 1 [ RunTime:0.000000s ]
[ sql ] [ SQL ] SELECT `password` FROM `qs_user` WHERE  `username` = 'USTB' LIMIT 1 [ RunTime:0.000000s ]
[ sql ] [ SQL ] UPDATE `qs_user`  SET `last_login_ip`='123.124.147.107',`last_login_time`='2018-06-15 09:40:01'  WHERE  `username` = 'USTB' [ RunTime:0.000000s ]
---------------------------------------------------------------
[ 2018-06-15T09:40:04+08:00 ] 172.24.189.12 123.124.147.107 GET /platform/user/index/index
[ info ] 39.104.67.26:8901/platform/user/index/index [运行时间：0.015625s][吞吐率：64.00req/s] [内存消耗：1,366.37kb] [文件加载：34]
[ info ] [ LANG ] C:\thinkphp\thinkphp\lang\zh-cn.php
[ info ] [ ROUTE ] array (
  'type' => 'module',
  'module' => 
  array (
    0 => 'platform',
    1 => 'user',
    2 => 'index',
  ),
)
[ info ] [ HEADER ] array (
  'accept' => 'text/html, application/xhtml+xml, image/jxr, */*',
  'referer' => 'http://39.104.67.26:8901/platform/user/index.html',
  'accept-language' => 'zh-CN',
  'user-agent' => 'Mozilla/5.0 (Windows NT 10.0; Win64; x64) AppleWebKit/537.36 (KHTML, like Gecko) Chrome/58.0.3029.110 Safari/537.36 Edge/16.16299',
  'accept-encoding' => 'gzip, deflate',
  'host' => '39.104.67.26:8901',
  'connection' => 'Keep-Alive',
  'cookie' => 'PHPSESSID=n2od6673o6tojulqqstqkhkeg2',
)
[ info ] [ PARAM ] array (
)
[ info ] [ RUN ] app\platform\controller\User->index[ C:\thinkphp\application\platform\controller\User.php ]
[ info ] [ VIEW ] C:\thinkphp/application/platform\view\user\login.html [ array (
) ]
[ info ] [ SESSION ] INIT array (
  'id' => '',
  'var_session_id' => '',
  'prefix' => 'think',
  'type' => '',
  'auto_start' => true,
)
[ info ] [ LOG ] INIT File
---------------------------------------------------------------
[ 2018-06-15T09:40:04+08:00 ] 172.24.189.12 123.124.147.107 GET /platform/index/index.html
[ info ] 39.104.67.26:8901/platform/index/index.html [运行时间：0.046875s][吞吐率：21.33req/s] [内存消耗：2,104.88kb] [文件加载：42]
[ info ] [ LANG ] C:\thinkphp\thinkphp\lang\zh-cn.php
[ info ] [ ROUTE ] array (
  'type' => 'module',
  'module' => 
  array (
    0 => 'platform',
    1 => 'index',
    2 => 'index',
  ),
)
[ info ] [ HEADER ] array (
  'accept' => 'text/html, application/xhtml+xml, image/jxr, */*',
  'referer' => 'http://39.104.67.26:8901/platform/user/index/index',
  'accept-language' => 'zh-CN',
  'user-agent' => 'Mozilla/5.0 (Windows NT 10.0; Win64; x64) AppleWebKit/537.36 (KHTML, like Gecko) Chrome/58.0.3029.110 Safari/537.36 Edge/16.16299',
  'accept-encoding' => 'gzip, deflate',
  'host' => '39.104.67.26:8901',
  'connection' => 'Keep-Alive',
  'cookie' => 'PHPSESSID=n2od6673o6tojulqqstqkhkeg2',
)
[ info ] [ PARAM ] array (
)
[ info ] [ SESSION ] INIT array (
  'id' => '',
  'var_session_id' => '',
  'prefix' => 'think',
  'type' => '',
  'auto_start' => true,
)
[ info ] [ DB ] INIT mysql
[ info ] [ RUN ] app\platform\controller\Index->index[ C:\thinkphp\application\platform\controller\Index.php ]
[ info ] [ VIEW ] C:\thinkphp/application/platform\view\index\index.html [ array (
  0 => 'menu',
) ]
[ info ] [ LOG ] INIT File
[ sql ] [ DB ] CONNECT:[ UseTime:0.000000s ] mysql:dbname=tp5;host=127.0.0.1;charset=utf8
[ sql ] [ SQL ] SHOW COLUMNS FROM `qs_experiment_application` [ RunTime:0.015625s ]
[ sql ] [ SQL ] SELECT * FROM `qs_experiment_application` WHERE  `uid` = 1 ORDER BY `id`  ASC [ RunTime:0.000000s ]
[ sql ] [ SQL ] SHOW COLUMNS FROM `qs_experiment_device` [ RunTime:0.000000s ]
[ sql ] [ SQL ] SELECT * FROM `qs_experiment_device` WHERE  `aid` = 4 ORDER BY `id`  ASC [ RunTime:0.000000s ]
[ sql ] [ SQL ] SELECT * FROM `qs_experiment_device` WHERE  `aid` = 10 ORDER BY `id`  ASC [ RunTime:0.000000s ]
[ sql ] [ SQL ] SELECT * FROM `qs_experiment_device` WHERE  `aid` = 26 ORDER BY `id`  ASC [ RunTime:0.000000s ]
---------------------------------------------------------------
[ 2018-06-15T09:40:04+08:00 ] 172.24.189.12 123.124.147.107 GET /platform/index/welcome.html
[ info ] 39.104.67.26:8901/platform/index/welcome.html [运行时间：0.046875s][吞吐率：21.33req/s] [内存消耗：2,043.11kb] [文件加载：41]
[ info ] [ LANG ] C:\thinkphp\thinkphp\lang\zh-cn.php
[ info ] [ ROUTE ] array (
  'type' => 'module',
  'module' => 
  array (
    0 => 'platform',
    1 => 'index',
    2 => 'welcome',
  ),
)
[ info ] [ HEADER ] array (
  'accept' => 'text/html, application/xhtml+xml, image/jxr, */*',
  'referer' => 'http://39.104.67.26:8901/platform/index/index.html',
  'accept-language' => 'zh-CN',
  'user-agent' => 'Mozilla/5.0 (Windows NT 10.0; Win64; x64) AppleWebKit/537.36 (KHTML, like Gecko) Chrome/58.0.3029.110 Safari/537.36 Edge/16.16299',
  'accept-encoding' => 'gzip, deflate',
  'host' => '39.104.67.26:8901',
  'connection' => 'Keep-Alive',
  'cookie' => 'PHPSESSID=n2od6673o6tojulqqstqkhkeg2',
)
[ info ] [ PARAM ] array (
)
[ info ] [ SESSION ] INIT array (
  'id' => '',
  'var_session_id' => '',
  'prefix' => 'think',
  'type' => '',
  'auto_start' => true,
)
[ info ] [ DB ] INIT mysql
[ info ] [ RUN ] app\platform\controller\Index->welcome[ C:\thinkphp\application\platform\controller\Index.php ]
[ info ] [ VIEW ] C:\thinkphp/application/platform\view\index\welcome.html [ array (
  0 => 'menu',
) ]
[ info ] [ LOG ] INIT File
[ sql ] [ DB ] CONNECT:[ UseTime:0.000000s ] mysql:dbname=tp5;host=127.0.0.1;charset=utf8
[ sql ] [ SQL ] SHOW COLUMNS FROM `qs_experiment_application` [ RunTime:0.000000s ]
[ sql ] [ SQL ] SELECT * FROM `qs_experiment_application` WHERE  `uid` = 1 ORDER BY `id`  ASC [ RunTime:0.000000s ]
[ sql ] [ SQL ] SHOW COLUMNS FROM `qs_experiment_device` [ RunTime:0.000000s ]
[ sql ] [ SQL ] SELECT * FROM `qs_experiment_device` WHERE  `aid` = 4 ORDER BY `id`  ASC [ RunTime:0.000000s ]
[ sql ] [ SQL ] SELECT * FROM `qs_experiment_device` WHERE  `aid` = 10 ORDER BY `id`  ASC [ RunTime:0.000000s ]
[ sql ] [ SQL ] SELECT * FROM `qs_experiment_device` WHERE  `aid` = 26 ORDER BY `id`  ASC [ RunTime:0.000000s ]
---------------------------------------------------------------
[ 2018-06-15T09:40:10+08:00 ] 172.24.189.12 123.124.147.107 GET /admin/user/index.html
[ info ] 39.104.67.26:8901/admin/user/index.html [运行时间：0.031250s][吞吐率：32.00req/s] [内存消耗：1,384.77kb] [文件加载：34]
[ info ] [ LANG ] C:\thinkphp\thinkphp\lang\zh-cn.php
[ info ] [ ROUTE ] array (
  'type' => 'module',
  'module' => 
  array (
    0 => 'admin',
    1 => 'user',
    2 => 'index',
  ),
)
[ info ] [ HEADER ] array (
  'accept' => 'text/html, application/xhtml+xml, image/jxr, */*',
  'referer' => 'http://39.104.67.26:8901/platform/index/index.html',
  'accept-language' => 'zh-CN',
  'user-agent' => 'Mozilla/5.0 (Windows NT 10.0; Win64; x64) AppleWebKit/537.36 (KHTML, like Gecko) Chrome/58.0.3029.110 Safari/537.36 Edge/16.16299',
  'accept-encoding' => 'gzip, deflate',
  'host' => '39.104.67.26:8901',
  'connection' => 'Keep-Alive',
  'cookie' => 'PHPSESSID=n2od6673o6tojulqqstqkhkeg2',
)
[ info ] [ PARAM ] array (
)
[ info ] [ RUN ] app\admin\controller\User->index[ C:\thinkphp\application\admin\controller\User.php ]
[ info ] [ VIEW ] C:\thinkphp/application/admin\view\user\login.html [ array (
) ]
[ info ] [ SESSION ] INIT array (
  'id' => '',
  'var_session_id' => '',
  'prefix' => 'think',
  'type' => '',
  'auto_start' => true,
)
[ info ] [ LOG ] INIT File
---------------------------------------------------------------
[ 2018-06-15T09:40:11+08:00 ] 172.24.189.12 123.124.147.107 GET /admin/index/index.html
[ info ] 39.104.67.26:8901/admin/index/index.html [运行时间：0.046875s][吞吐率：21.33req/s] [内存消耗：2,146.35kb] [文件加载：43]
[ info ] [ LANG ] C:\thinkphp\thinkphp\lang\zh-cn.php
[ info ] [ ROUTE ] array (
  'type' => 'module',
  'module' => 
  array (
    0 => 'admin',
    1 => 'index',
    2 => 'index',
  ),
)
[ info ] [ HEADER ] array (
  'accept' => 'text/html, application/xhtml+xml, image/jxr, */*',
  'referer' => 'http://39.104.67.26:8901/admin/user/index.html',
  'accept-language' => 'zh-CN',
  'user-agent' => 'Mozilla/5.0 (Windows NT 10.0; Win64; x64) AppleWebKit/537.36 (KHTML, like Gecko) Chrome/58.0.3029.110 Safari/537.36 Edge/16.16299',
  'accept-encoding' => 'gzip, deflate',
  'host' => '39.104.67.26:8901',
  'connection' => 'Keep-Alive',
  'cookie' => 'PHPSESSID=n2od6673o6tojulqqstqkhkeg2',
)
[ info ] [ PARAM ] array (
)
[ info ] [ SESSION ] INIT array (
  'id' => '',
  'var_session_id' => '',
  'prefix' => 'think',
  'type' => '',
  'auto_start' => true,
)
[ info ] [ DB ] INIT mysql
[ info ] [ RUN ] app\admin\controller\Index->index[ C:\thinkphp\application\admin\controller\Index.php ]
[ info ] [ VIEW ] C:\thinkphp/application/admin\view\index\index.html [ array (
  0 => 'menu',
) ]
[ info ] [ LOG ] INIT File
[ sql ] [ DB ] CONNECT:[ UseTime:0.000000s ] mysql:dbname=tp5;host=127.0.0.1;charset=utf8
[ sql ] [ SQL ] SHOW COLUMNS FROM `qs_auth_rule` [ RunTime:0.015625s ]
[ sql ] [ SQL ] SELECT * FROM `qs_auth_rule` WHERE  `status` = 1 ORDER BY `sort`  DESC,`id`  ASC [ RunTime:0.000000s ]
[ sql ] [ SQL ] SHOW COLUMNS FROM `qs_auth_group_access` [ RunTime:0.000000s ]
[ sql ] [ SQL ] SELECT `AuthGroupAccess`.`uid`,`AuthGroupAccess`.`group_id`,`AuthGroup`.`title`,`AuthGroup`.`rules` FROM `qs_auth_group_access` `AuthGroupAccess` LEFT JOIN `qs_auth_group` `AuthGroup` ON `AuthGroupAccess`.`group_id`=`AuthGroup`.`id` WHERE  (  AuthGroupAccess.uid='1' and AuthGroup.status='1' ) [ RunTime:0.000000s ]
[ sql ] [ SQL ] SELECT `condition`,`name` FROM `qs_auth_rule` WHERE  `id` IN (1,3,5,6,7,101,102,103,301,302,501,601,602)  AND `type` = 1 [ RunTime:0.000000s ]
---------------------------------------------------------------
[ 2018-06-15T09:40:11+08:00 ] 172.24.189.12 123.124.147.107 GET /admin/index/welcome.html
[ info ] 39.104.67.26:8901/admin/index/welcome.html [运行时间：0.046875s][吞吐率：21.33req/s] [内存消耗：2,084.65kb] [文件加载：42]
[ info ] [ LANG ] C:\thinkphp\thinkphp\lang\zh-cn.php
[ info ] [ ROUTE ] array (
  'type' => 'module',
  'module' => 
  array (
    0 => 'admin',
    1 => 'index',
    2 => 'welcome',
  ),
)
[ info ] [ HEADER ] array (
  'accept' => 'text/html, application/xhtml+xml, image/jxr, */*',
  'referer' => 'http://39.104.67.26:8901/admin/index/index.html',
  'accept-language' => 'zh-CN',
  'user-agent' => 'Mozilla/5.0 (Windows NT 10.0; Win64; x64) AppleWebKit/537.36 (KHTML, like Gecko) Chrome/58.0.3029.110 Safari/537.36 Edge/16.16299',
  'accept-encoding' => 'gzip, deflate',
  'host' => '39.104.67.26:8901',
  'connection' => 'Keep-Alive',
  'cookie' => 'PHPSESSID=n2od6673o6tojulqqstqkhkeg2',
)
[ info ] [ PARAM ] array (
)
[ info ] [ SESSION ] INIT array (
  'id' => '',
  'var_session_id' => '',
  'prefix' => 'think',
  'type' => '',
  'auto_start' => true,
)
[ info ] [ DB ] INIT mysql
[ info ] [ RUN ] app\admin\controller\Index->welcome[ C:\thinkphp\application\admin\controller\Index.php ]
[ info ] [ VIEW ] C:\thinkphp/application/admin\view\index\welcome.html [ array (
  0 => 'menu',
) ]
[ info ] [ LOG ] INIT File
[ sql ] [ DB ] CONNECT:[ UseTime:0.000000s ] mysql:dbname=tp5;host=127.0.0.1;charset=utf8
[ sql ] [ SQL ] SHOW COLUMNS FROM `qs_auth_rule` [ RunTime:0.000000s ]
[ sql ] [ SQL ] SELECT * FROM `qs_auth_rule` WHERE  `status` = 1 ORDER BY `sort`  DESC,`id`  ASC [ RunTime:0.000000s ]
[ sql ] [ SQL ] SHOW COLUMNS FROM `qs_auth_group_access` [ RunTime:0.000000s ]
[ sql ] [ SQL ] SELECT `AuthGroupAccess`.`uid`,`AuthGroupAccess`.`group_id`,`AuthGroup`.`title`,`AuthGroup`.`rules` FROM `qs_auth_group_access` `AuthGroupAccess` LEFT JOIN `qs_auth_group` `AuthGroup` ON `AuthGroupAccess`.`group_id`=`AuthGroup`.`id` WHERE  (  AuthGroupAccess.uid='1' and AuthGroup.status='1' ) [ RunTime:0.000000s ]
[ sql ] [ SQL ] SELECT `condition`,`name` FROM `qs_auth_rule` WHERE  `id` IN (1,3,5,6,7,101,102,103,301,302,501,601,602)  AND `type` = 1 [ RunTime:0.000000s ]
---------------------------------------------------------------
[ 2018-06-15T09:40:16+08:00 ] 172.24.189.12 123.124.147.107 GET /admin/user/userlist.html
[ info ] 39.104.67.26:8901/admin/user/userlist.html [运行时间：0.046875s][吞吐率：21.33req/s] [内存消耗：2,235.44kb] [文件加载：44]
[ info ] [ LANG ] C:\thinkphp\thinkphp\lang\zh-cn.php
[ info ] [ ROUTE ] array (
  'type' => 'module',
  'module' => 
  array (
    0 => 'admin',
    1 => 'user',
    2 => 'userlist',
  ),
)
[ info ] [ HEADER ] array (
  'accept' => 'text/html, application/xhtml+xml, image/jxr, */*',
  'referer' => 'http://39.104.67.26:8901/admin/index/index.html',
  'accept-language' => 'zh-CN',
  'user-agent' => 'Mozilla/5.0 (Windows NT 10.0; Win64; x64) AppleWebKit/537.36 (KHTML, like Gecko) Chrome/58.0.3029.110 Safari/537.36 Edge/16.16299',
  'accept-encoding' => 'gzip, deflate',
  'host' => '39.104.67.26:8901',
  'connection' => 'Keep-Alive',
  'cookie' => 'PHPSESSID=n2od6673o6tojulqqstqkhkeg2',
)
[ info ] [ PARAM ] array (
)
[ info ] [ RUN ] app\admin\controller\User->userlist[ C:\thinkphp\application\admin\controller\User.php ]
[ info ] [ DB ] INIT mysql
[ info ] [ VIEW ] C:\thinkphp/application/admin\view\user\userlist.html [ array (
  0 => 'users',
) ]
[ info ] [ LOG ] INIT File
[ sql ] [ DB ] CONNECT:[ UseTime:0.000000s ] mysql:dbname=tp5;host=127.0.0.1;charset=utf8
[ sql ] [ SQL ] SHOW COLUMNS FROM `qs_user` [ RunTime:0.000000s ]
[ sql ] [ SQL ] SELECT COUNT(*) AS tp_count FROM `qs_user` LIMIT 1 [ RunTime:0.000000s ]
[ sql ] [ SQL ] SELECT * FROM `qs_user` ORDER BY id asc LIMIT 0,12 [ RunTime:0.000000s ]
---------------------------------------------------------------
[ 2018-06-15T09:40:27+08:00 ] 172.24.189.12 123.124.147.107 GET /admin/user/showAdd.html
[ info ] 39.104.67.26:8901/admin/user/showAdd.html [运行时间：0.031250s][吞吐率：32.00req/s] [内存消耗：2,049.00kb] [文件加载：40]
[ info ] [ LANG ] C:\thinkphp\thinkphp\lang\zh-cn.php
[ info ] [ ROUTE ] array (
  'type' => 'module',
  'module' => 
  array (
    0 => 'admin',
    1 => 'user',
    2 => 'showAdd',
  ),
)
[ info ] [ HEADER ] array (
  'accept' => 'text/html, application/xhtml+xml, image/jxr, */*',
  'referer' => 'http://39.104.67.26:8901/admin/user/userlist.html',
  'accept-language' => 'zh-CN',
  'user-agent' => 'Mozilla/5.0 (Windows NT 10.0; Win64; x64) AppleWebKit/537.36 (KHTML, like Gecko) Chrome/58.0.3029.110 Safari/537.36 Edge/16.16299',
  'accept-encoding' => 'gzip, deflate',
  'host' => '39.104.67.26:8901',
  'connection' => 'Keep-Alive',
  'cookie' => 'PHPSESSID=n2od6673o6tojulqqstqkhkeg2',
)
[ info ] [ PARAM ] array (
)
[ info ] [ RUN ] app\admin\controller\User->showAdd[ C:\thinkphp\application\admin\controller\User.php ]
[ info ] [ DB ] INIT mysql
[ info ] [ VIEW ] C:\thinkphp/application/admin\view\user\add.html [ array (
  0 => 'auth_group',
) ]
[ info ] [ LOG ] INIT File
[ sql ] [ DB ] CONNECT:[ UseTime:0.000000s ] mysql:dbname=tp5;host=127.0.0.1;charset=utf8
[ sql ] [ SQL ] SHOW COLUMNS FROM `qs_auth_group` [ RunTime:0.000000s ]
[ sql ] [ SQL ] SELECT `id`,`title` FROM `qs_auth_group` ORDER BY id desc [ RunTime:0.000000s ]
---------------------------------------------------------------
[ 2018-06-15T09:40:32+08:00 ] 172.24.189.12 123.124.147.107 GET /admin/user/logout.html
[ info ] 39.104.67.26:8901/admin/user/logout.html [运行时间：0.031250s][吞吐率：32.00req/s] [内存消耗：1,402.06kb] [文件加载：35]
[ info ] [ LANG ] C:\thinkphp\thinkphp\lang\zh-cn.php
[ info ] [ ROUTE ] array (
  'type' => 'module',
  'module' => 
  array (
    0 => 'admin',
    1 => 'user',
    2 => 'logout',
  ),
)
[ info ] [ HEADER ] array (
  'accept' => 'text/html, application/xhtml+xml, image/jxr, */*',
  'referer' => 'http://39.104.67.26:8901/admin/index/index.html',
  'accept-language' => 'zh-CN',
  'user-agent' => 'Mozilla/5.0 (Windows NT 10.0; Win64; x64) AppleWebKit/537.36 (KHTML, like Gecko) Chrome/58.0.3029.110 Safari/537.36 Edge/16.16299',
  'accept-encoding' => 'gzip, deflate',
  'host' => '39.104.67.26:8901',
  'connection' => 'Keep-Alive',
  'cookie' => 'PHPSESSID=n2od6673o6tojulqqstqkhkeg2',
)
[ info ] [ PARAM ] array (
)
[ info ] [ RUN ] app\admin\controller\User->logout[ C:\thinkphp\application\admin\controller\User.php ]
[ info ] [ SESSION ] INIT array (
  'id' => '',
  'var_session_id' => '',
  'prefix' => 'think',
  'type' => '',
  'auto_start' => true,
)
[ info ] [ LOG ] INIT File
---------------------------------------------------------------
[ 2018-06-15T09:40:32+08:00 ] 172.24.189.12 123.124.147.107 GET /admin/user/index.html
[ info ] 39.104.67.26:8901/admin/user/index.html [运行时间：0.031250s][吞吐率：32.00req/s] [内存消耗：1,322.87kb] [文件加载：33]
[ info ] [ LANG ] C:\thinkphp\thinkphp\lang\zh-cn.php
[ info ] [ ROUTE ] array (
  'type' => 'module',
  'module' => 
  array (
    0 => 'admin',
    1 => 'user',
    2 => 'index',
  ),
)
[ info ] [ HEADER ] array (
  'accept' => 'text/html, application/xhtml+xml, image/jxr, */*',
  'referer' => 'http://39.104.67.26:8901/admin/index/index.html',
  'accept-language' => 'zh-CN',
  'user-agent' => 'Mozilla/5.0 (Windows NT 10.0; Win64; x64) AppleWebKit/537.36 (KHTML, like Gecko) Chrome/58.0.3029.110 Safari/537.36 Edge/16.16299',
  'accept-encoding' => 'gzip, deflate',
  'host' => '39.104.67.26:8901',
  'connection' => 'Keep-Alive',
  'cookie' => 'PHPSESSID=n2od6673o6tojulqqstqkhkeg2',
)
[ info ] [ PARAM ] array (
)
[ info ] [ RUN ] app\admin\controller\User->index[ C:\thinkphp\application\admin\controller\User.php ]
[ info ] [ VIEW ] C:\thinkphp/application/admin\view\user\login.html [ array (
) ]
[ info ] [ SESSION ] INIT array (
  'id' => '',
  'var_session_id' => '',
  'prefix' => 'think',
  'type' => '',
  'auto_start' => true,
)
[ info ] [ LOG ] INIT File
---------------------------------------------------------------
[ 2018-06-15T09:40:40+08:00 ] 172.24.189.12 123.124.147.107 POST /admin/user/login
[ info ] 39.104.67.26:8901/admin/user/login [运行时间：0.031250s][吞吐率：32.00req/s] [内存消耗：2,309.70kb] [文件加载：44]
[ info ] [ LANG ] C:\thinkphp\thinkphp\lang\zh-cn.php
[ info ] [ ROUTE ] array (
  'type' => 'module',
  'module' => 
  array (
    0 => 'admin',
    1 => 'user',
    2 => 'login',
  ),
)
[ info ] [ HEADER ] array (
  'origin' => 'http://39.104.67.26:8901',
  'referer' => 'http://39.104.67.26:8901/admin/user/index.html',
  'accept-language' => 'zh-CN',
  'user-agent' => 'Mozilla/5.0 (Windows NT 10.0; Win64; x64) AppleWebKit/537.36 (KHTML, like Gecko) Chrome/58.0.3029.110 Safari/537.36 Edge/16.16299',
  'content-type' => 'application/x-www-form-urlencoded; charset=UTF-8',
  'accept' => 'application/json, text/javascript, */*; q=0.01',
  'x-requested-with' => 'XMLHttpRequest',
  'accept-encoding' => 'gzip, deflate',
  'host' => '39.104.67.26:8901',
  'content-length' => '33',
  'connection' => 'Keep-Alive',
  'cache-control' => 'no-cache',
  'cookie' => 'PHPSESSID=n2od6673o6tojulqqstqkhkeg2',
)
[ info ] [ PARAM ] array (
  'username' => 'user0614',
  'password' => '123456',
)
[ info ] [ RUN ] app\admin\controller\User->login[ C:\thinkphp\application\admin\controller\User.php ]
[ info ] [ DB ] INIT mysql
[ info ] [ SESSION ] INIT array (
  'id' => '',
  'var_session_id' => '',
  'prefix' => 'think',
  'type' => '',
  'auto_start' => true,
)
[ info ] [ LOG ] INIT File
[ sql ] [ DB ] CONNECT:[ UseTime:0.000000s ] mysql:dbname=tp5;host=127.0.0.1;charset=utf8
[ sql ] [ SQL ] SHOW COLUMNS FROM `qs_user` [ RunTime:0.000000s ]
[ sql ] [ SQL ] SELECT `id` FROM `qs_user` WHERE  `username` = 'user0614' LIMIT 1 [ RunTime:0.000000s ]
[ sql ] [ SQL ] SELECT `password` FROM `qs_user` WHERE  `username` = 'user0614' LIMIT 1 [ RunTime:0.000000s ]
[ sql ] [ SQL ] UPDATE `qs_user`  SET `last_login_ip`='123.124.147.107',`last_login_time`='2018-06-15 09:40:40'  WHERE  `username` = 'user0614' [ RunTime:0.000000s ]
---------------------------------------------------------------
[ 2018-06-15T09:40:44+08:00 ] 172.24.189.12 123.124.147.107 GET /admin/user/index/index
[ info ] 39.104.67.26:8901/admin/user/index/index [运行时间：0.031250s][吞吐率：32.00req/s] [内存消耗：1,384.71kb] [文件加载：34]
[ info ] [ LANG ] C:\thinkphp\thinkphp\lang\zh-cn.php
[ info ] [ ROUTE ] array (
  'type' => 'module',
  'module' => 
  array (
    0 => 'admin',
    1 => 'user',
    2 => 'index',
  ),
)
[ info ] [ HEADER ] array (
  'accept' => 'text/html, application/xhtml+xml, image/jxr, */*',
  'referer' => 'http://39.104.67.26:8901/admin/user/index.html',
  'accept-language' => 'zh-CN',
  'user-agent' => 'Mozilla/5.0 (Windows NT 10.0; Win64; x64) AppleWebKit/537.36 (KHTML, like Gecko) Chrome/58.0.3029.110 Safari/537.36 Edge/16.16299',
  'accept-encoding' => 'gzip, deflate',
  'host' => '39.104.67.26:8901',
  'connection' => 'Keep-Alive',
  'cookie' => 'PHPSESSID=n2od6673o6tojulqqstqkhkeg2',
)
[ info ] [ PARAM ] array (
)
[ info ] [ RUN ] app\admin\controller\User->index[ C:\thinkphp\application\admin\controller\User.php ]
[ info ] [ VIEW ] C:\thinkphp/application/admin\view\user\login.html [ array (
) ]
[ info ] [ SESSION ] INIT array (
  'id' => '',
  'var_session_id' => '',
  'prefix' => 'think',
  'type' => '',
  'auto_start' => true,
)
[ info ] [ LOG ] INIT File
---------------------------------------------------------------
[ 2018-06-15T09:40:44+08:00 ] 172.24.189.12 123.124.147.107 GET /admin/index/index.html
[ info ] 39.104.67.26:8901/admin/index/index.html [运行时间：0.031250s][吞吐率：32.00req/s] [内存消耗：2,129.85kb] [文件加载：43]
[ info ] [ LANG ] C:\thinkphp\thinkphp\lang\zh-cn.php
[ info ] [ ROUTE ] array (
  'type' => 'module',
  'module' => 
  array (
    0 => 'admin',
    1 => 'index',
    2 => 'index',
  ),
)
[ info ] [ HEADER ] array (
  'accept' => 'text/html, application/xhtml+xml, image/jxr, */*',
  'referer' => 'http://39.104.67.26:8901/admin/user/index/index',
  'accept-language' => 'zh-CN',
  'user-agent' => 'Mozilla/5.0 (Windows NT 10.0; Win64; x64) AppleWebKit/537.36 (KHTML, like Gecko) Chrome/58.0.3029.110 Safari/537.36 Edge/16.16299',
  'accept-encoding' => 'gzip, deflate',
  'host' => '39.104.67.26:8901',
  'connection' => 'Keep-Alive',
  'cookie' => 'PHPSESSID=n2od6673o6tojulqqstqkhkeg2',
)
[ info ] [ PARAM ] array (
)
[ info ] [ SESSION ] INIT array (
  'id' => '',
  'var_session_id' => '',
  'prefix' => 'think',
  'type' => '',
  'auto_start' => true,
)
[ info ] [ DB ] INIT mysql
[ info ] [ RUN ] app\admin\controller\Index->index[ C:\thinkphp\application\admin\controller\Index.php ]
[ info ] [ VIEW ] C:\thinkphp/application/admin\view\index\index.html [ array (
  0 => 'menu',
) ]
[ info ] [ LOG ] INIT File
[ sql ] [ DB ] CONNECT:[ UseTime:0.000000s ] mysql:dbname=tp5;host=127.0.0.1;charset=utf8
[ sql ] [ SQL ] SHOW COLUMNS FROM `qs_auth_rule` [ RunTime:0.015625s ]
[ sql ] [ SQL ] SELECT * FROM `qs_auth_rule` WHERE  `status` = 1 ORDER BY `sort`  DESC,`id`  ASC [ RunTime:0.000000s ]
[ sql ] [ SQL ] SHOW COLUMNS FROM `qs_auth_group_access` [ RunTime:0.000000s ]
[ sql ] [ SQL ] SELECT `AuthGroupAccess`.`uid`,`AuthGroupAccess`.`group_id`,`AuthGroup`.`title`,`AuthGroup`.`rules` FROM `qs_auth_group_access` `AuthGroupAccess` LEFT JOIN `qs_auth_group` `AuthGroup` ON `AuthGroupAccess`.`group_id`=`AuthGroup`.`id` WHERE  (  AuthGroupAccess.uid='117' and AuthGroup.status='1' ) [ RunTime:0.000000s ]
[ sql ] [ SQL ] SELECT `condition`,`name` FROM `qs_auth_rule` WHERE  `id` IN (6,601,602,7,701,702)  AND `type` = 1 [ RunTime:0.000000s ]
---------------------------------------------------------------
[ 2018-06-15T09:40:44+08:00 ] 172.24.189.12 123.124.147.107 GET /admin/index/welcome.html
[ info ] 39.104.67.26:8901/admin/index/welcome.html [运行时间：0.031250s][吞吐率：32.00req/s] [内存消耗：2,068.10kb] [文件加载：42]
[ info ] [ LANG ] C:\thinkphp\thinkphp\lang\zh-cn.php
[ info ] [ ROUTE ] array (
  'type' => 'module',
  'module' => 
  array (
    0 => 'admin',
    1 => 'index',
    2 => 'welcome',
  ),
)
[ info ] [ HEADER ] array (
  'accept' => 'text/html, application/xhtml+xml, image/jxr, */*',
  'referer' => 'http://39.104.67.26:8901/admin/index/index.html',
  'accept-language' => 'zh-CN',
  'user-agent' => 'Mozilla/5.0 (Windows NT 10.0; Win64; x64) AppleWebKit/537.36 (KHTML, like Gecko) Chrome/58.0.3029.110 Safari/537.36 Edge/16.16299',
  'accept-encoding' => 'gzip, deflate',
  'host' => '39.104.67.26:8901',
  'connection' => 'Keep-Alive',
  'cookie' => 'PHPSESSID=n2od6673o6tojulqqstqkhkeg2',
)
[ info ] [ PARAM ] array (
)
[ info ] [ SESSION ] INIT array (
  'id' => '',
  'var_session_id' => '',
  'prefix' => 'think',
  'type' => '',
  'auto_start' => true,
)
[ info ] [ DB ] INIT mysql
[ info ] [ RUN ] app\admin\controller\Index->welcome[ C:\thinkphp\application\admin\controller\Index.php ]
[ info ] [ VIEW ] C:\thinkphp/application/admin\view\index\welcome.html [ array (
  0 => 'menu',
) ]
[ info ] [ LOG ] INIT File
[ sql ] [ DB ] CONNECT:[ UseTime:0.000000s ] mysql:dbname=tp5;host=127.0.0.1;charset=utf8
[ sql ] [ SQL ] SHOW COLUMNS FROM `qs_auth_rule` [ RunTime:0.000000s ]
[ sql ] [ SQL ] SELECT * FROM `qs_auth_rule` WHERE  `status` = 1 ORDER BY `sort`  DESC,`id`  ASC [ RunTime:0.000000s ]
[ sql ] [ SQL ] SHOW COLUMNS FROM `qs_auth_group_access` [ RunTime:0.000000s ]
[ sql ] [ SQL ] SELECT `AuthGroupAccess`.`uid`,`AuthGroupAccess`.`group_id`,`AuthGroup`.`title`,`AuthGroup`.`rules` FROM `qs_auth_group_access` `AuthGroupAccess` LEFT JOIN `qs_auth_group` `AuthGroup` ON `AuthGroupAccess`.`group_id`=`AuthGroup`.`id` WHERE  (  AuthGroupAccess.uid='117' and AuthGroup.status='1' ) [ RunTime:0.000000s ]
[ sql ] [ SQL ] SELECT `condition`,`name` FROM `qs_auth_rule` WHERE  `id` IN (6,601,602,7,701,702)  AND `type` = 1 [ RunTime:0.000000s ]
---------------------------------------------------------------
[ 2018-06-15T09:40:52+08:00 ] 172.24.189.12 123.124.147.107 GET /platform/user/index.html
[ info ] 39.104.67.26:8901/platform/user/index.html [运行时间：0.015625s][吞吐率：64.00req/s] [内存消耗：1,366.38kb] [文件加载：34]
[ info ] [ LANG ] C:\thinkphp\thinkphp\lang\zh-cn.php
[ info ] [ ROUTE ] array (
  'type' => 'module',
  'module' => 
  array (
    0 => 'platform',
    1 => 'user',
    2 => 'index',
  ),
)
[ info ] [ HEADER ] array (
  'accept' => 'text/html, application/xhtml+xml, image/jxr, */*',
  'referer' => 'http://39.104.67.26:8901/admin/index/index.html',
  'accept-language' => 'zh-CN',
  'user-agent' => 'Mozilla/5.0 (Windows NT 10.0; Win64; x64) AppleWebKit/537.36 (KHTML, like Gecko) Chrome/58.0.3029.110 Safari/537.36 Edge/16.16299',
  'accept-encoding' => 'gzip, deflate',
  'host' => '39.104.67.26:8901',
  'connection' => 'Keep-Alive',
  'cookie' => 'PHPSESSID=n2od6673o6tojulqqstqkhkeg2',
)
[ info ] [ PARAM ] array (
)
[ info ] [ RUN ] app\platform\controller\User->index[ C:\thinkphp\application\platform\controller\User.php ]
[ info ] [ VIEW ] C:\thinkphp/application/platform\view\user\login.html [ array (
) ]
[ info ] [ SESSION ] INIT array (
  'id' => '',
  'var_session_id' => '',
  'prefix' => 'think',
  'type' => '',
  'auto_start' => true,
)
[ info ] [ LOG ] INIT File
---------------------------------------------------------------
[ 2018-06-15T09:40:52+08:00 ] 172.24.189.12 123.124.147.107 GET /platform/index/index.html
[ info ] 39.104.67.26:8901/platform/index/index.html [运行时间：0.031250s][吞吐率：32.00req/s] [内存消耗：2,089.80kb] [文件加载：42]
[ info ] [ LANG ] C:\thinkphp\thinkphp\lang\zh-cn.php
[ info ] [ ROUTE ] array (
  'type' => 'module',
  'module' => 
  array (
    0 => 'platform',
    1 => 'index',
    2 => 'index',
  ),
)
[ info ] [ HEADER ] array (
  'accept' => 'text/html, application/xhtml+xml, image/jxr, */*',
  'referer' => 'http://39.104.67.26:8901/platform/user/index.html',
  'accept-language' => 'zh-CN',
  'user-agent' => 'Mozilla/5.0 (Windows NT 10.0; Win64; x64) AppleWebKit/537.36 (KHTML, like Gecko) Chrome/58.0.3029.110 Safari/537.36 Edge/16.16299',
  'accept-encoding' => 'gzip, deflate',
  'host' => '39.104.67.26:8901',
  'connection' => 'Keep-Alive',
  'cookie' => 'PHPSESSID=n2od6673o6tojulqqstqkhkeg2',
)
[ info ] [ PARAM ] array (
)
[ info ] [ SESSION ] INIT array (
  'id' => '',
  'var_session_id' => '',
  'prefix' => 'think',
  'type' => '',
  'auto_start' => true,
)
[ info ] [ DB ] INIT mysql
[ info ] [ RUN ] app\platform\controller\Index->index[ C:\thinkphp\application\platform\controller\Index.php ]
[ info ] [ VIEW ] C:\thinkphp/application/platform\view\index\index.html [ array (
  0 => 'menu',
) ]
[ info ] [ LOG ] INIT File
[ sql ] [ DB ] CONNECT:[ UseTime:0.000000s ] mysql:dbname=tp5;host=127.0.0.1;charset=utf8
[ sql ] [ SQL ] SHOW COLUMNS FROM `qs_experiment_application` [ RunTime:0.015625s ]
[ sql ] [ SQL ] SELECT * FROM `qs_experiment_application` WHERE  `uid` = 117 ORDER BY `id`  ASC [ RunTime:0.000000s ]
[ sql ] [ SQL ] SHOW COLUMNS FROM `qs_experiment_device` [ RunTime:0.000000s ]
[ sql ] [ SQL ] SELECT * FROM `qs_experiment_device` WHERE  `aid` = 30 ORDER BY `id`  ASC [ RunTime:0.000000s ]
---------------------------------------------------------------
[ 2018-06-15T09:40:53+08:00 ] 172.24.189.12 123.124.147.107 GET /platform/index/welcome.html
[ info ] 39.104.67.26:8901/platform/index/welcome.html [运行时间：0.031250s][吞吐率：32.00req/s] [内存消耗：2,028.02kb] [文件加载：41]
[ info ] [ LANG ] C:\thinkphp\thinkphp\lang\zh-cn.php
[ info ] [ ROUTE ] array (
  'type' => 'module',
  'module' => 
  array (
    0 => 'platform',
    1 => 'index',
    2 => 'welcome',
  ),
)
[ info ] [ HEADER ] array (
  'accept' => 'text/html, application/xhtml+xml, image/jxr, */*',
  'referer' => 'http://39.104.67.26:8901/platform/index/index.html',
  'accept-language' => 'zh-CN',
  'user-agent' => 'Mozilla/5.0 (Windows NT 10.0; Win64; x64) AppleWebKit/537.36 (KHTML, like Gecko) Chrome/58.0.3029.110 Safari/537.36 Edge/16.16299',
  'accept-encoding' => 'gzip, deflate',
  'host' => '39.104.67.26:8901',
  'connection' => 'Keep-Alive',
  'cookie' => 'PHPSESSID=n2od6673o6tojulqqstqkhkeg2',
)
[ info ] [ PARAM ] array (
)
[ info ] [ SESSION ] INIT array (
  'id' => '',
  'var_session_id' => '',
  'prefix' => 'think',
  'type' => '',
  'auto_start' => true,
)
[ info ] [ DB ] INIT mysql
[ info ] [ RUN ] app\platform\controller\Index->welcome[ C:\thinkphp\application\platform\controller\Index.php ]
[ info ] [ VIEW ] C:\thinkphp/application/platform\view\index\welcome.html [ array (
  0 => 'menu',
) ]
[ info ] [ LOG ] INIT File
[ sql ] [ DB ] CONNECT:[ UseTime:0.000000s ] mysql:dbname=tp5;host=127.0.0.1;charset=utf8
[ sql ] [ SQL ] SHOW COLUMNS FROM `qs_experiment_application` [ RunTime:0.000000s ]
[ sql ] [ SQL ] SELECT * FROM `qs_experiment_application` WHERE  `uid` = 117 ORDER BY `id`  ASC [ RunTime:0.000000s ]
[ sql ] [ SQL ] SHOW COLUMNS FROM `qs_experiment_device` [ RunTime:0.000000s ]
[ sql ] [ SQL ] SELECT * FROM `qs_experiment_device` WHERE  `aid` = 30 ORDER BY `id`  ASC [ RunTime:0.000000s ]
---------------------------------------------------------------
[ 2018-06-15T09:40:56+08:00 ] 172.24.189.12 123.124.147.107 GET /platform/application/applicationshow.html
[ info ] 39.104.67.26:8901/platform/application/applicationshow.html [运行时间：0.046875s][吞吐率：21.33req/s] [内存消耗：2,219.69kb] [文件加载：44]
[ info ] [ LANG ] C:\thinkphp\thinkphp\lang\zh-cn.php
[ info ] [ ROUTE ] array (
  'type' => 'module',
  'module' => 
  array (
    0 => 'platform',
    1 => 'application',
    2 => 'applicationshow',
  ),
)
[ info ] [ HEADER ] array (
  'accept' => 'text/html, application/xhtml+xml, image/jxr, */*',
  'referer' => 'http://39.104.67.26:8901/platform/index/index.html',
  'accept-language' => 'zh-CN',
  'user-agent' => 'Mozilla/5.0 (Windows NT 10.0; Win64; x64) AppleWebKit/537.36 (KHTML, like Gecko) Chrome/58.0.3029.110 Safari/537.36 Edge/16.16299',
  'accept-encoding' => 'gzip, deflate',
  'host' => '39.104.67.26:8901',
  'connection' => 'Keep-Alive',
  'cookie' => 'PHPSESSID=n2od6673o6tojulqqstqkhkeg2',
)
[ info ] [ PARAM ] array (
)
[ info ] [ RUN ] app\platform\controller\Application->applicationshow[ C:\thinkphp\application\platform\controller\Application.php ]
[ info ] [ SESSION ] INIT array (
  'id' => '',
  'var_session_id' => '',
  'prefix' => 'think',
  'type' => '',
  'auto_start' => true,
)
[ info ] [ DB ] INIT mysql
[ info ] [ VIEW ] C:\thinkphp/application/platform\view\application\applicationshow.html [ array (
  0 => 'appdevice',
  1 => 'appindustry',
  2 => 'applist',
  3 => 'connect',
) ]
[ info ] [ LOG ] INIT File
[ sql ] [ DB ] CONNECT:[ UseTime:0.000000s ] mysql:dbname=tp5;host=127.0.0.1;charset=utf8
[ sql ] [ SQL ] SHOW COLUMNS FROM `qs_experiment_application` [ RunTime:0.000000s ]
[ sql ] [ SQL ] SELECT COUNT(*) AS tp_count FROM `qs_experiment_application` WHERE  `uid` = 117 LIMIT 1 [ RunTime:0.000000s ]
[ sql ] [ SQL ] SELECT * FROM `qs_experiment_application` WHERE  `uid` = 117 ORDER BY id asc LIMIT 0,10 [ RunTime:0.000000s ]
[ sql ] [ SQL ] SHOW COLUMNS FROM `qs_experiment_device` [ RunTime:0.000000s ]
[ sql ] [ SQL ] SELECT * FROM `qs_experiment_device` WHERE  `aid` = 30 [ RunTime:0.000000s ]
[ sql ] [ SQL ] SHOW COLUMNS FROM `qs_experiment_industry` [ RunTime:0.015625s ]
[ sql ] [ SQL ] SELECT * FROM `qs_experiment_industry` WHERE  `id` = 1 LIMIT 1 [ RunTime:0.000000s ]
[ sql ] [ SQL ] SHOW COLUMNS FROM `qs_connect_type` [ RunTime:0.000000s ]
[ sql ] [ SQL ] SELECT * FROM `qs_connect_type` WHERE  `id` = 2 LIMIT 1 [ RunTime:0.000000s ]
---------------------------------------------------------------
[ 2018-06-15T09:40:58+08:00 ] 172.24.189.12 123.124.147.107 GET /platform/application/addapplication.html
[ info ] 39.104.67.26:8901/platform/application/addapplication.html [运行时间：0.046875s][吞吐率：21.33req/s] [内存消耗：2,095.93kb] [文件加载：41]
[ info ] [ LANG ] C:\thinkphp\thinkphp\lang\zh-cn.php
[ info ] [ ROUTE ] array (
  'type' => 'module',
  'module' => 
  array (
    0 => 'platform',
    1 => 'application',
    2 => 'addapplication',
  ),
)
[ info ] [ HEADER ] array (
  'accept' => 'text/html, application/xhtml+xml, image/jxr, */*',
  'referer' => 'http://39.104.67.26:8901/platform/application/applicationshow.html',
  'accept-language' => 'zh-CN',
  'user-agent' => 'Mozilla/5.0 (Windows NT 10.0; Win64; x64) AppleWebKit/537.36 (KHTML, like Gecko) Chrome/58.0.3029.110 Safari/537.36 Edge/16.16299',
  'accept-encoding' => 'gzip, deflate',
  'host' => '39.104.67.26:8901',
  'connection' => 'Keep-Alive',
  'cookie' => 'PHPSESSID=n2od6673o6tojulqqstqkhkeg2',
)
[ info ] [ PARAM ] array (
)
[ info ] [ RUN ] app\platform\controller\Application->addapplication[ C:\thinkphp\application\platform\controller\Application.php ]
[ info ] [ DB ] INIT mysql
[ info ] [ VIEW ] C:\thinkphp/application/platform\view\application\addapplication.html [ array (
  0 => 'industry',
  1 => 'connect',
) ]
[ info ] [ LOG ] INIT File
[ sql ] [ DB ] CONNECT:[ UseTime:0.000000s ] mysql:dbname=tp5;host=127.0.0.1;charset=utf8
[ sql ] [ SQL ] SHOW COLUMNS FROM `qs_experiment_industry` [ RunTime:0.000000s ]
[ sql ] [ SQL ] SELECT * FROM `qs_experiment_industry` ORDER BY id asc [ RunTime:0.000000s ]
[ sql ] [ SQL ] SHOW COLUMNS FROM `qs_connect_type` [ RunTime:0.000000s ]
[ sql ] [ SQL ] SELECT * FROM `qs_connect_type` ORDER BY id asc [ RunTime:0.000000s ]
---------------------------------------------------------------
[ 2018-06-15T09:41:05+08:00 ] 172.24.189.12 123.124.147.107 GET /platform/show/deviceshow/aid/30.html
[ info ] 39.104.67.26:8901/platform/show/deviceshow/aid/30.html [运行时间：0.046875s][吞吐率：21.33req/s] [内存消耗：2,242.24kb] [文件加载：44]
[ info ] [ LANG ] C:\thinkphp\thinkphp\lang\zh-cn.php
[ info ] [ ROUTE ] array (
  'type' => 'module',
  'module' => 
  array (
    0 => 'platform',
    1 => 'show',
    2 => 'deviceshow',
  ),
)
[ info ] [ HEADER ] array (
  'accept' => 'text/html, application/xhtml+xml, image/jxr, */*',
  'referer' => 'http://39.104.67.26:8901/platform/index/index.html',
  'accept-language' => 'zh-CN',
  'user-agent' => 'Mozilla/5.0 (Windows NT 10.0; Win64; x64) AppleWebKit/537.36 (KHTML, like Gecko) Chrome/58.0.3029.110 Safari/537.36 Edge/16.16299',
  'accept-encoding' => 'gzip, deflate',
  'host' => '39.104.67.26:8901',
  'connection' => 'Keep-Alive',
  'cookie' => 'PHPSESSID=n2od6673o6tojulqqstqkhkeg2',
)
[ info ] [ PARAM ] array (
  'aid' => '30',
)
[ info ] [ RUN ] app\platform\controller\Show->deviceshow[ C:\thinkphp\application\platform\controller\Show.php ]
[ info ] [ DB ] INIT mysql
[ info ] [ VIEW ] C:\thinkphp/application/platform\view\show\deviceshow.html [ array (
  0 => 'aid',
  1 => 'devicelist',
  2 => 'type',
) ]
[ info ] [ LOG ] INIT File
[ sql ] [ DB ] CONNECT:[ UseTime:0.000000s ] mysql:dbname=tp5;host=127.0.0.1;charset=utf8
[ sql ] [ SQL ] SHOW COLUMNS FROM `qs_experiment_device` [ RunTime:0.000000s ]
[ sql ] [ SQL ] SELECT COUNT(*) AS tp_count FROM `qs_experiment_device` WHERE  `aid` = 30 LIMIT 1 [ RunTime:0.000000s ]
[ sql ] [ SQL ] SELECT * FROM `qs_experiment_device` WHERE  `aid` = 30 ORDER BY `tid`  asc,`id`  desc LIMIT 0,10 [ RunTime:0.000000s ]
[ sql ] [ SQL ] SHOW COLUMNS FROM `qs_experiment_type_store` [ RunTime:0.000000s ]
[ sql ] [ SQL ] SELECT * FROM `qs_experiment_type_store` [ RunTime:0.000000s ]
---------------------------------------------------------------
[ 2018-06-15T09:41:19+08:00 ] 172.24.189.12 123.124.147.107 GET /platform/show/select/serial/bjkjioq/devicetype/2.html
[ info ] 39.104.67.26:8901/platform/show/select/serial/bjkjioq/devicetype/2.html [运行时间：0.031250s][吞吐率：32.00req/s] [内存消耗：2,221.23kb] [文件加载：44]
[ info ] [ LANG ] C:\thinkphp\thinkphp\lang\zh-cn.php
[ info ] [ ROUTE ] array (
  'type' => 'module',
  'module' => 
  array (
    0 => 'platform',
    1 => 'show',
    2 => 'select',
  ),
)
[ info ] [ HEADER ] array (
  'accept' => 'text/html, application/xhtml+xml, image/jxr, */*',
  'referer' => 'http://39.104.67.26:8901/platform/index/index.html',
  'accept-language' => 'zh-CN',
  'user-agent' => 'Mozilla/5.0 (Windows NT 10.0; Win64; x64) AppleWebKit/537.36 (KHTML, like Gecko) Chrome/58.0.3029.110 Safari/537.36 Edge/16.16299',
  'accept-encoding' => 'gzip, deflate',
  'host' => '39.104.67.26:8901',
  'connection' => 'Keep-Alive',
  'cookie' => 'PHPSESSID=n2od6673o6tojulqqstqkhkeg2',
)
[ info ] [ PARAM ] array (
  'serial' => 'bjkjioq',
  'devicetype' => '2',
)
[ info ] [ RUN ] app\platform\controller\Show->select[ C:\thinkphp\application\platform\controller\Show.php ]
[ info ] [ DB ] INIT mysql
[ info ] [ VIEW ] C:\thinkphp/application/platform\view\show\show2.html [ array (
  0 => 'datas',
  1 => 'type',
  2 => 'serial',
) ]
[ info ] [ LOG ] INIT File
[ sql ] [ DB ] CONNECT:[ UseTime:0.000000s ] mysql:dbname=tp5;host=127.0.0.1;charset=utf8
[ sql ] [ SQL ] SHOW COLUMNS FROM `qs_experiment_type_store` [ RunTime:0.000000s ]
[ sql ] [ SQL ] SELECT * FROM `qs_experiment_type_store` WHERE  `id` = 2 LIMIT 1 [ RunTime:0.000000s ]
[ sql ] [ SQL ] SHOW COLUMNS FROM `qs_nbbd` [ RunTime:0.000000s ]
[ sql ] [ SQL ] SELECT COUNT(*) AS tp_count FROM `qs_nbbd` WHERE  `device` = 'bjkjioq' LIMIT 1 [ RunTime:0.000000s ]
[ sql ] [ SQL ] SELECT * FROM `qs_nbbd` WHERE  `device` = 'bjkjioq' ORDER BY id desc LIMIT 0,10 [ RunTime:0.000000s ]
---------------------------------------------------------------
[ 2018-06-15T09:41:25+08:00 ] 172.24.189.12 123.124.147.107 GET /platform/show/map/latitude/39.594303/longitude/116.210144.html
[ info ] 39.104.67.26:8901/platform/show/map/latitude/39.594303/longitude/116.210144.html [运行时间：0.015625s][吞吐率：64.00req/s] [内存消耗：1,293.16kb] [文件加载：33]
[ info ] [ LANG ] C:\thinkphp\thinkphp\lang\zh-cn.php
[ info ] [ ROUTE ] array (
  'type' => 'module',
  'module' => 
  array (
    0 => 'platform',
    1 => 'show',
    2 => 'map',
  ),
)
[ info ] [ HEADER ] array (
  'accept' => 'text/html, application/xhtml+xml, image/jxr, */*',
  'referer' => 'http://39.104.67.26:8901/platform/show/select/serial/bjkjioq/devicetype/2.html',
  'accept-language' => 'zh-CN',
  'user-agent' => 'Mozilla/5.0 (Windows NT 10.0; Win64; x64) AppleWebKit/537.36 (KHTML, like Gecko) Chrome/58.0.3029.110 Safari/537.36 Edge/16.16299',
  'accept-encoding' => 'gzip, deflate',
  'host' => '39.104.67.26:8901',
  'connection' => 'Keep-Alive',
  'cookie' => 'PHPSESSID=n2od6673o6tojulqqstqkhkeg2',
)
[ info ] [ PARAM ] array (
  'latitude' => '39.594303',
  'longitude' => '116.210144',
)
[ info ] [ RUN ] app\platform\controller\Show->map[ C:\thinkphp\application\platform\controller\Show.php ]
[ info ] [ VIEW ] C:\thinkphp/application/platform\view\show\map.html [ array (
  0 => 'latitude',
  1 => 'longitude',
) ]
[ info ] [ LOG ] INIT File
---------------------------------------------------------------
[ 2018-06-15T14:04:17+08:00 ] 172.24.189.12 106.15.186.63 GET /
[ info ] 39.104.67.26:8901/ [运行时间：0.046875s][吞吐率：21.33req/s] [内存消耗：2,105.06kb] [文件加载：41]
[ info ] [ LANG ] C:\thinkphp\thinkphp\lang\zh-cn.php
[ info ] [ ROUTE ] array (
  'type' => 'module',
  'module' => 
  array (
    0 => '',
    1 => NULL,
    2 => NULL,
  ),
)
[ info ] [ HEADER ] array (
  'user-agent' => 'Mozilla/5.0 (X11; Ubuntu; Linux x86_64; rv:36.0) Gecko/20100101 Firefox/36.0',
  'host' => '39.104.67.26:8901',
  'accept' => 'text/html, image/gif, image/jpeg, *; q=.2, */*; q=.2',
  'connection' => 'keep-alive',
)
[ info ] [ PARAM ] array (
)
[ info ] [ RUN ] app\index\controller\Index->index[ C:\thinkphp\application\index\controller\Index.php ]
[ info ] [ SESSION ] INIT array (
  'id' => '',
  'var_session_id' => '',
  'prefix' => 'think',
  'type' => '',
  'auto_start' => true,
)
[ info ] [ DB ] INIT mysql
[ info ] [ VIEW ] C:\thinkphp/application/index\view\index\index.html [ array (
  0 => 'event',
) ]
[ info ] [ LOG ] INIT File
[ sql ] [ DB ] CONNECT:[ UseTime:0.000000s ] mysql:dbname=tp5;host=127.0.0.1;charset=utf8
[ sql ] [ SQL ] SHOW COLUMNS FROM `qs_event` [ RunTime:0.015625s ]
[ sql ] [ SQL ] SELECT * FROM `qs_event` ORDER BY id asc [ RunTime:0.000000s ]
